[ 2018-08-09T15:13:07+08:00 ] 127.0.0.1 /
INFO: [ app_init ] --START--
INFO: Run Behavior\BuildLiteBehavior [ RunTime:0.000014s ]
INFO: [ app_init ] --END-- [ RunTime:0.000831s ]
INFO: [ app_begin ] --START--
INFO: Run Behavior\ReadHtmlCacheBehavior [ RunTime:0.001110s ]
INFO: [ app_begin ] --END-- [ RunTime:0.001173s ]
INFO: [ view_parse ] --START--
INFO: [ template_filter ] --START--
INFO: Run Behavior\ContentReplaceBehavior [ RunTime:0.000224s ]
INFO: [ template_filter ] --END-- [ RunTime:0.000284s ]
NOTIC: [8] Undefined index: loginuser D:\myenv\apache\htdocs\pgyidc\Application\Runtime\Cache\Home\2a94b8bda04ff446dcedd42276fc99ee.php 第 368 行.
INFO: Run Behavior\ParseTemplateBehavior [ RunTime:0.057243s ]
INFO: [ view_parse ] --END-- [ RunTime:0.057343s ]
INFO: [ view_filter ] --START--
INFO: Run Behavior\WriteHtmlCacheBehavior [ RunTime:0.001142s ]
INFO: [ view_filter ] --END-- [ RunTime:0.001186s ]
INFO: [ app_end ] --START--
INFO: Run Behavior\ShowPageTraceBehavior [ RunTime:0.001374s ]
INFO: [ app_end ] --END-- [ RunTime:0.001432s ]

[ 2018-08-09T15:13:10+08:00 ] 127.0.0.1 /Hdcloud/jdcloud.html
INFO: [ app_init ] --START--
INFO: Run Behavior\BuildLiteBehavior [ RunTime:0.000012s ]
INFO: [ app_init ] --END-- [ RunTime:0.000495s ]
INFO: [ app_begin ] --START--
INFO: Run Behavior\ReadHtmlCacheBehavior [ RunTime:0.000769s ]
INFO: [ app_begin ] --END-- [ RunTime:0.000820s ]
INFO: [ view_parse ] --START--
INFO: [ template_filter ] --START--
INFO: Run Behavior\ContentReplaceBehavior [ RunTime:0.000204s ]
INFO: [ template_filter ] --END-- [ RunTime:0.000262s ]
NOTIC: [8] Undefined variable: current D:\myenv\apache\htdocs\pgyidc\Application\Runtime\Cache\Home\ef2cc74da925a8b504dc2016d8b2cb37.php 第 23 行.
NOTIC: [8] Undefined variable: current D:\myenv\apache\htdocs\pgyidc\Application\Runtime\Cache\Home\ef2cc74da925a8b504dc2016d8b2cb37.php 第 52 行.
NOTIC: [8] Undefined variable: current D:\myenv\apache\htdocs\pgyidc\Application\Runtime\Cache\Home\ef2cc74da925a8b504dc2016d8b2cb37.php 第 130 行.
NOTIC: [8] Undefined variable: current D:\myenv\apache\htdocs\pgyidc\Application\Runtime\Cache\Home\ef2cc74da925a8b504dc2016d8b2cb37.php 第 165 行.
NOTIC: [8] Undefined variable: current D:\myenv\apache\htdocs\pgyidc\Application\Runtime\Cache\Home\ef2cc74da925a8b504dc2016d8b2cb37.php 第 216 行.
NOTIC: [8] Undefined variable: current D:\myenv\apache\htdocs\pgyidc\Application\Runtime\Cache\Home\ef2cc74da925a8b504dc2016d8b2cb37.php 第 231 行.
NOTIC: [8] Undefined variable: current D:\myenv\apache\htdocs\pgyidc\Application\Runtime\Cache\Home\ef2cc74da925a8b504dc2016d8b2cb37.php 第 231 行.
NOTIC: [8] Undefined variable: current D:\myenv\apache\htdocs\pgyidc\Application\Runtime\Cache\Home\ef2cc74da925a8b504dc2016d8b2cb37.php 第 231 行.
NOTIC: [8] Undefined index: loginuser D:\myenv\apache\htdocs\pgyidc\Application\Runtime\Cache\Home\ef2cc74da925a8b504dc2016d8b2cb37.php 第 368 行.
NOTIC: [8] Undefined variable: current D:\myenv\apache\htdocs\pgyidc\Application\Runtime\Cache\Home\ef2cc74da925a8b504dc2016d8b2cb37.php 第 924 行.
INFO: Run Behavior\ParseTemplateBehavior [ RunTime:0.033182s ]
INFO: [ view_parse ] --END-- [ RunTime:0.033242s ]
INFO: [ view_filter ] --START--
INFO: Run Behavior\WriteHtmlCacheBehavior [ RunTime:0.000562s ]
INFO: [ view_filter ] --END-- [ RunTime:0.000605s ]
INFO: [ app_end ] --START--
INFO: Run Behavior\ShowPageTraceBehavior [ RunTime:0.000820s ]
INFO: [ app_end ] --END-- [ RunTime:0.000877s ]

[ 2018-08-09T15:13:11+08:00 ] 127.0.0.1 /Hdcloud/jdcloudbuy.html
INFO: [ app_init ] --START--
INFO: Run Behavior\BuildLiteBehavior [ RunTime:0.000011s ]
INFO: [ app_init ] --END-- [ RunTime:0.000427s ]
INFO: [ app_begin ] --START--
INFO: Run Behavior\ReadHtmlCacheBehavior [ RunTime:0.000786s ]
INFO: [ app_begin ] --END-- [ RunTime:0.000852s ]
INFO: [ view_parse ] --START--
INFO: [ template_filter ] --START--
INFO: Run Behavior\ContentReplaceBehavior [ RunTime:0.000325s ]
INFO: [ template_filter ] --END-- [ RunTime:0.000388s ]
NOTIC: [8] Undefined index: loginuser D:\myenv\apache\htdocs\pgyidc\Application\Runtime\Cache\Home\2c5c93f324edb5ef9fc2ce80317a80a0.php 第 368 行.
INFO: Run Behavior\ParseTemplateBehavior [ RunTime:0.036244s ]
INFO: [ view_parse ] --END-- [ RunTime:0.036299s ]
INFO: [ view_filter ] --START--
INFO: Run Behavior\WriteHtmlCacheBehavior [ RunTime:0.000537s ]
INFO: [ view_filter ] --END-- [ RunTime:0.000588s ]
INFO: [ app_end ] --START--
INFO: Run Behavior\ShowPageTraceBehavior [ RunTime:0.000869s ]
INFO: [ app_end ] --END-- [ RunTime:0.000941s ]

[ 2018-08-09T15:13:11+08:00 ] 127.0.0.1 /Hdcloud/getimage
INFO: [ app_init ] --START--
INFO: Run Behavior\BuildLiteBehavior [ RunTime:0.000014s ]
INFO: [ app_init ] --END-- [ RunTime:0.000464s ]
INFO: [ app_begin ] --START--
INFO: Run Behavior\ReadHtmlCacheBehavior [ RunTime:0.001156s ]
INFO: [ app_begin ] --END-- [ RunTime:0.001291s ]

[ 2018-08-09T15:13:12+08:00 ] 127.0.0.1 /Hdcloud/getstandard
INFO: [ app_init ] --START--
INFO: Run Behavior\BuildLiteBehavior [ RunTime:0.000025s ]
INFO: [ app_init ] --END-- [ RunTime:0.000965s ]
INFO: [ app_begin ] --START--
INFO: Run Behavior\ReadHtmlCacheBehavior [ RunTime:0.001617s ]
INFO: [ app_begin ] --END-- [ RunTime:0.001736s ]
NOTIC: [8] Use of undefined constant CURLOPT_GET - assumed 'CURLOPT_GET' D:\myenv\apache\htdocs\pgyidc\Application\Home\Controller\HdcloudController.class.php 第 61 行.
NOTIC: [2] curl_setopt() expects parameter 2 to be long, string given D:\myenv\apache\htdocs\pgyidc\Application\Home\Controller\HdcloudController.class.php 第 61 行.

[ 2018-08-09T15:13:13+08:00 ] 127.0.0.1 /Hdcloud/getprice
INFO: [ app_init ] --START--
INFO: Run Behavior\BuildLiteBehavior [ RunTime:0.000013s ]
INFO: [ app_init ] --END-- [ RunTime:0.000462s ]
INFO: [ app_begin ] --START--
INFO: Run Behavior\ReadHtmlCacheBehavior [ RunTime:0.000723s ]
INFO: [ app_begin ] --END-- [ RunTime:0.000776s ]
SQL: SHOW COLUMNS FROM `jdcstandard` [ RunTime:0.0630s ]
SQL: SHOW COLUMNS FROM `jdcprice` [ RunTime:0.0415s ]
SQL: SELECT `price` FROM `jdcstandard` WHERE ( standard='g.n2.medium' ) LIMIT 1   [ RunTime:0.0017s ]
SQL: SELECT `bgp` FROM `jdcprice` WHERE ( id=1 ) LIMIT 1   [ RunTime:0.0008s ]

[ 2018-08-09T15:13:31+08:00 ] 127.0.0.1 /Hdcloud/getprice
INFO: [ app_init ] --START--
INFO: Run Behavior\BuildLiteBehavior [ RunTime:0.000013s ]
INFO: [ app_init ] --END-- [ RunTime:0.000539s ]
INFO: [ app_begin ] --START--
INFO: Run Behavior\ReadHtmlCacheBehavior [ RunTime:0.000817s ]
INFO: [ app_begin ] --END-- [ RunTime:0.000869s ]
SQL: SHOW COLUMNS FROM `jdcstandard` [ RunTime:0.0122s ]
SQL: SHOW COLUMNS FROM `jdcprice` [ RunTime:0.0132s ]
SQL: SELECT `price` FROM `jdcstandard` WHERE ( standard='g.n2.large' ) LIMIT 1   [ RunTime:0.0024s ]
SQL: SELECT `bgp` FROM `jdcprice` WHERE ( id=1 ) LIMIT 1   [ RunTime:0.0015s ]

[ 2018-08-09T15:13:34+08:00 ] 127.0.0.1 /Hdcloud/getprice
INFO: [ app_init ] --START--
INFO: Run Behavior\BuildLiteBehavior [ RunTime:0.000013s ]
INFO: [ app_init ] --END-- [ RunTime:0.000461s ]
INFO: [ app_begin ] --START--
INFO: Run Behavior\ReadHtmlCacheBehavior [ RunTime:0.000798s ]
INFO: [ app_begin ] --END-- [ RunTime:0.000849s ]
SQL: SHOW COLUMNS FROM `jdcstandard` [ RunTime:0.0121s ]
SQL: SHOW COLUMNS FROM `jdcprice` [ RunTime:0.0107s ]
SQL: SELECT `price` FROM `jdcstandard` WHERE ( standard='g.n2.xlarge' ) LIMIT 1   [ RunTime:0.0015s ]
SQL: SELECT `bgp` FROM `jdcprice` WHERE ( id=1 ) LIMIT 1   [ RunTime:0.0006s ]

[ 2018-08-09T15:13:38+08:00 ] 127.0.0.1 /Hdcloud/getprice
INFO: [ app_init ] --START--
INFO: Run Behavior\BuildLiteBehavior [ RunTime:0.000013s ]
INFO: [ app_init ] --END-- [ RunTime:0.000507s ]
INFO: [ app_begin ] --START--
INFO: Run Behavior\ReadHtmlCacheBehavior [ RunTime:0.000796s ]
INFO: [ app_begin ] --END-- [ RunTime:0.000846s ]
SQL: SHOW COLUMNS FROM `jdcstandard` [ RunTime:0.0117s ]
SQL: SHOW COLUMNS FROM `jdcprice` [ RunTime:0.0127s ]
SQL: SELECT `price` FROM `jdcstandard` WHERE ( standard='g.n2.xlarge' ) LIMIT 1   [ RunTime:0.0022s ]
SQL: SELECT `bgp` FROM `jdcprice` WHERE ( id=1 ) LIMIT 1   [ RunTime:0.0014s ]

[ 2018-08-09T15:15:39+08:00 ] 127.0.0.1 /Hdcloud/jdcloudbuy.html
INFO: [ app_init ] --START--
INFO: Run Behavior\BuildLiteBehavior [ RunTime:0.000013s ]
INFO: [ app_init ] --END-- [ RunTime:0.000583s ]
INFO: [ app_begin ] --START--
INFO: Run Behavior\ReadHtmlCacheBehavior [ RunTime:0.001304s ]
INFO: [ app_begin ] --END-- [ RunTime:0.001358s ]
INFO: [ view_parse ] --START--
INFO: [ template_filter ] --START--
INFO: Run Behavior\ContentReplaceBehavior [ RunTime:0.000393s ]
INFO: [ template_filter ] --END-- [ RunTime:0.000479s ]
NOTIC: [8] Undefined index: loginuser D:\myenv\apache\htdocs\pgyidc\Application\Runtime\Cache\Home\2c5c93f324edb5ef9fc2ce80317a80a0.php 第 368 行.
INFO: Run Behavior\ParseTemplateBehavior [ RunTime:0.029757s ]
INFO: [ view_parse ] --END-- [ RunTime:0.029818s ]
INFO: [ view_filter ] --START--
INFO: Run Behavior\WriteHtmlCacheBehavior [ RunTime:0.001033s ]
INFO: [ view_filter ] --END-- [ RunTime:0.001081s ]
INFO: [ app_end ] --START--
INFO: Run Behavior\ShowPageTraceBehavior [ RunTime:0.001340s ]
INFO: [ app_end ] --END-- [ RunTime:0.001412s ]

[ 2018-08-09T15:15:40+08:00 ] 127.0.0.1 /Hdcloud/getimage
INFO: [ app_init ] --START--
INFO: Run Behavior\BuildLiteBehavior [ RunTime:0.000016s ]
INFO: [ app_init ] --END-- [ RunTime:0.000806s ]
INFO: [ app_begin ] --START--
INFO: Run Behavior\ReadHtmlCacheBehavior [ RunTime:0.001232s ]
INFO: [ app_begin ] --END-- [ RunTime:0.001308s ]

[ 2018-08-09T15:15:40+08:00 ] 127.0.0.1 /Hdcloud/getstandard
INFO: [ app_init ] --START--
INFO: Run Behavior\BuildLiteBehavior [ RunTime:0.000017s ]
INFO: [ app_init ] --END-- [ RunTime:0.000766s ]
INFO: [ app_begin ] --START--
INFO: Run Behavior\ReadHtmlCacheBehavior [ RunTime:0.001455s ]
INFO: [ app_begin ] --END-- [ RunTime:0.001517s ]
NOTIC: [8] Use of undefined constant CURLOPT_GET - assumed 'CURLOPT_GET' D:\myenv\apache\htdocs\pgyidc\Application\Home\Controller\HdcloudController.class.php 第 61 行.
NOTIC: [2] curl_setopt() expects parameter 2 to be long, string given D:\myenv\apache\htdocs\pgyidc\Application\Home\Controller\HdcloudController.class.php 第 61 行.

[ 2018-08-09T15:15:42+08:00 ] 127.0.0.1 /Hdcloud/getprice
INFO: [ app_init ] --START--
INFO: Run Behavior\BuildLiteBehavior [ RunTime:0.000015s ]
INFO: [ app_init ] --END-- [ RunTime:0.000585s ]
INFO: [ app_begin ] --START--
INFO: Run Behavior\ReadHtmlCacheBehavior [ RunTime:0.001195s ]
INFO: [ app_begin ] --END-- [ RunTime:0.001246s ]
SQL: SHOW COLUMNS FROM `jdcstandard` [ RunTime:0.0143s ]
SQL: SHOW COLUMNS FROM `jdcprice` [ RunTime:0.0158s ]
SQL: SELECT `price` FROM `jdcstandard` WHERE ( standard='g.n2.medium' ) LIMIT 1   [ RunTime:0.0020s ]
SQL: SELECT `bgp` FROM `jdcprice` WHERE ( id=1 ) LIMIT 1   [ RunTime:0.0005s ]

[ 2018-08-09T15:15:44+08:00 ] 127.0.0.1 /Hdcloud/getprice
INFO: [ app_init ] --START--
INFO: Run Behavior\BuildLiteBehavior [ RunTime:0.000012s ]
INFO: [ app_init ] --END-- [ RunTime:0.000597s ]
INFO: [ app_begin ] --START--
INFO: Run Behavior\ReadHtmlCacheBehavior [ RunTime:0.001343s ]
INFO: [ app_begin ] --END-- [ RunTime:0.001390s ]
SQL: SHOW COLUMNS FROM `jdcstandard` [ RunTime:0.0141s ]
SQL: SHOW COLUMNS FROM `jdcprice` [ RunTime:0.0155s ]
SQL: SELECT `price` FROM `jdcstandard` WHERE ( standard='g.n2.large' ) LIMIT 1   [ RunTime:0.0028s ]
SQL: SELECT `bgp` FROM `jdcprice` WHERE ( id=1 ) LIMIT 1   [ RunTime:0.0010s ]

[ 2018-08-09T15:15:45+08:00 ] 127.0.0.1 /Hdcloud/getprice
INFO: [ app_init ] --START--
INFO: Run Behavior\BuildLiteBehavior [ RunTime:0.000013s ]
INFO: [ app_init ] --END-- [ RunTime:0.000587s ]
INFO: [ app_begin ] --START--
INFO: Run Behavior\ReadHtmlCacheBehavior [ RunTime:0.001231s ]
INFO: [ app_begin ] --END-- [ RunTime:0.001284s ]
SQL: SHOW COLUMNS FROM `jdcstandard` [ RunTime:0.0072s ]
SQL: SHOW COLUMNS FROM `jdcprice` [ RunTime:0.0075s ]
SQL: SELECT `price` FROM `jdcstandard` WHERE ( standard='g.n2.xlarge' ) LIMIT 1   [ RunTime:0.0013s ]
SQL: SELECT `bgp` FROM `jdcprice` WHERE ( id=1 ) LIMIT 1   [ RunTime:0.0007s ]

[ 2018-08-09T15:15:49+08:00 ] 127.0.0.1 /Hdcloud/getprice
INFO: [ app_init ] --START--
INFO: Run Behavior\BuildLiteBehavior [ RunTime:0.000014s ]
INFO: [ app_init ] --END-- [ RunTime:0.000595s ]
INFO: [ app_begin ] --START--
INFO: Run Behavior\ReadHtmlCacheBehavior [ RunTime:0.001193s ]
INFO: [ app_begin ] --END-- [ RunTime:0.001248s ]
SQL: SHOW COLUMNS FROM `jdcstandard` [ RunTime:0.0140s ]
SQL: SHOW COLUMNS FROM `jdcprice` [ RunTime:0.0156s ]
SQL: SELECT `price` FROM `jdcstandard` WHERE ( standard='g.n2.xlarge' ) LIMIT 1   [ RunTime:0.0022s ]
SQL: SELECT `bgp` FROM `jdcprice` WHERE ( id=1 ) LIMIT 1   [ RunTime:0.0005s ]

[ 2018-08-09T15:15:55+08:00 ] 127.0.0.1 /Hdcloud/buynow
INFO: [ app_init ] --START--
INFO: Run Behavior\BuildLiteBehavior [ RunTime:0.000014s ]
INFO: [ app_init ] --END-- [ RunTime:0.000662s ]
INFO: [ app_begin ] --START--
INFO: Run Behavior\ReadHtmlCacheBehavior [ RunTime:0.001268s ]
INFO: [ app_begin ] --END-- [ RunTime:0.001332s ]

[ 2018-08-09T15:16:01+08:00 ] 127.0.0.1 /Hdcloud/buynow
INFO: [ app_init ] --START--
INFO: Run Behavior\BuildLiteBehavior [ RunTime:0.000013s ]
INFO: [ app_init ] --END-- [ RunTime:0.000594s ]
INFO: [ app_begin ] --START--
INFO: Run Behavior\ReadHtmlCacheBehavior [ RunTime:0.001218s ]
INFO: [ app_begin ] --END-- [ RunTime:0.001267s ]

[ 2018-08-09T15:16:03+08:00 ] 127.0.0.1 /Hdcloud/buynow
INFO: [ app_init ] --START--
INFO: Run Behavior\BuildLiteBehavior [ RunTime:0.000013s ]
INFO: [ app_init ] --END-- [ RunTime:0.000596s ]
INFO: [ app_begin ] --START--
INFO: Run Behavior\ReadHtmlCacheBehavior [ RunTime:0.001201s ]
INFO: [ app_begin ] --END-- [ RunTime:0.001255s ]

[ 2018-08-09T15:16:04+08:00 ] 127.0.0.1 /Hdcloud/buynow
INFO: [ app_init ] --START--
INFO: Run Behavior\BuildLiteBehavior [ RunTime:0.000014s ]
INFO: [ app_init ] --END-- [ RunTime:0.000588s ]
INFO: [ app_begin ] --START--
INFO: Run Behavior\ReadHtmlCacheBehavior [ RunTime:0.001192s ]
INFO: [ app_begin ] --END-- [ RunTime:0.001247s ]

[ 2018-08-09T15:16:06+08:00 ] 127.0.0.1 /Hdcloud/buynow
INFO: [ app_init ] --START--
INFO: Run Behavior\BuildLiteBehavior [ RunTime:0.000013s ]
INFO: [ app_init ] --END-- [ RunTime:0.000630s ]
INFO: [ app_begin ] --START--
INFO: Run Behavior\ReadHtmlCacheBehavior [ RunTime:0.001220s ]
INFO: [ app_begin ] --END-- [ RunTime:0.001269s ]

[ 2018-08-09T15:20:48+08:00 ] 127.0.0.1 /Hdcloud/jdcloudbuy.html
INFO: [ app_init ] --START--
INFO: Run Behavior\BuildLiteBehavior [ RunTime:0.000012s ]
INFO: [ app_init ] --END-- [ RunTime:0.000501s ]
INFO: [ app_begin ] --START--
INFO: Run Behavior\ReadHtmlCacheBehavior [ RunTime:0.000854s ]
INFO: [ app_begin ] --END-- [ RunTime:0.000910s ]
INFO: [ view_parse ] --START--
INFO: [ template_filter ] --START--
INFO: Run Behavior\ContentReplaceBehavior [ RunTime:0.000333s ]
INFO: [ template_filter ] --END-- [ RunTime:0.000399s ]
NOTIC: [8] Undefined index: loginuser D:\myenv\apache\htdocs\pgyidc\Application\Runtime\Cache\Home\2c5c93f324edb5ef9fc2ce80317a80a0.php 第 368 行.
INFO: Run Behavior\ParseTemplateBehavior [ RunTime:0.024606s ]
INFO: [ view_parse ] --END-- [ RunTime:0.024668s ]
INFO: [ view_filter ] --START--
INFO: Run Behavior\WriteHtmlCacheBehavior [ RunTime:0.000674s ]
INFO: [ view_filter ] --END-- [ RunTime:0.000716s ]
INFO: [ app_end ] --START--
INFO: Run Behavior\ShowPageTraceBehavior [ RunTime:0.000956s ]
INFO: [ app_end ] --END-- [ RunTime:0.001021s ]

[ 2018-08-09T15:20:49+08:00 ] 127.0.0.1 /Hdcloud/getimage
INFO: [ app_init ] --START--
INFO: Run Behavior\BuildLiteBehavior [ RunTime:0.000014s ]
INFO: [ app_init ] --END-- [ RunTime:0.000500s ]
INFO: [ app_begin ] --START--
INFO: Run Behavior\ReadHtmlCacheBehavior [ RunTime:0.000814s ]
INFO: [ app_begin ] --END-- [ RunTime:0.000874s ]

[ 2018-08-09T15:20:50+08:00 ] 127.0.0.1 /Hdcloud/getstandard
INFO: [ app_init ] --START--
INFO: Run Behavior\BuildLiteBehavior [ RunTime:0.000014s ]
INFO: [ app_init ] --END-- [ RunTime:0.000477s ]
INFO: [ app_begin ] --START--
INFO: Run Behavior\ReadHtmlCacheBehavior [ RunTime:0.000789s ]
INFO: [ app_begin ] --END-- [ RunTime:0.000839s ]
NOTIC: [8] Use of undefined constant CURLOPT_GET - assumed 'CURLOPT_GET' D:\myenv\apache\htdocs\pgyidc\Application\Home\Controller\HdcloudController.class.php 第 61 行.
NOTIC: [2] curl_setopt() expects parameter 2 to be long, string given D:\myenv\apache\htdocs\pgyidc\Application\Home\Controller\HdcloudController.class.php 第 61 行.

[ 2018-08-09T15:20:51+08:00 ] 127.0.0.1 /Hdcloud/getprice
INFO: [ app_init ] --START--
INFO: Run Behavior\BuildLiteBehavior [ RunTime:0.000014s ]
INFO: [ app_init ] --END-- [ RunTime:0.000605s ]
INFO: [ app_begin ] --START--
INFO: Run Behavior\ReadHtmlCacheBehavior [ RunTime:0.000815s ]
INFO: [ app_begin ] --END-- [ RunTime:0.000868s ]
SQL: SHOW COLUMNS FROM `jdcstandard` [ RunTime:0.0069s ]
SQL: SHOW COLUMNS FROM `jdcprice` [ RunTime:0.0073s ]
SQL: SELECT `price` FROM `jdcstandard` WHERE ( standard='g.n2.medium' ) LIMIT 1   [ RunTime:0.0013s ]
SQL: SELECT `bgp` FROM `jdcprice` WHERE ( id=1 ) LIMIT 1   [ RunTime:0.0007s ]

[ 2018-08-09T15:21:14+08:00 ] 127.0.0.1 /Hdcloud/buynow
INFO: [ app_init ] --START--
INFO: Run Behavior\BuildLiteBehavior [ RunTime:0.000015s ]
INFO: [ app_init ] --END-- [ RunTime:0.000525s ]
INFO: [ app_begin ] --START--
INFO: Run Behavior\ReadHtmlCacheBehavior [ RunTime:0.000654s ]
INFO: [ app_begin ] --END-- [ RunTime:0.000701s ]

[ 2018-08-09T15:21:18+08:00 ] 127.0.0.1 /Hdcloud/buynow
INFO: [ app_init ] --START--
INFO: Run Behavior\BuildLiteBehavior [ RunTime:0.000013s ]
INFO: [ app_init ] --END-- [ RunTime:0.000398s ]
INFO: [ app_begin ] --START--
INFO: Run Behavior\ReadHtmlCacheBehavior [ RunTime:0.000628s ]
INFO: [ app_begin ] --END-- [ RunTime:0.000697s ]

[ 2018-08-09T15:21:24+08:00 ] 127.0.0.1 /Hdcloud/buynow
INFO: [ app_init ] --START--
INFO: Run Behavior\BuildLiteBehavior [ RunTime:0.000013s ]
INFO: [ app_init ] --END-- [ RunTime:0.000465s ]
INFO: [ app_begin ] --START--
INFO: Run Behavior\ReadHtmlCacheBehavior [ RunTime:0.000653s ]
INFO: [ app_begin ] --END-- [ RunTime:0.000714s ]

[ 2018-08-09T15:22:04+08:00 ] 127.0.0.1 /Hdcloud/jdcloudbuy.html
INFO: [ app_init ] --START--
INFO: Run Behavior\BuildLiteBehavior [ RunTime:0.000013s ]
INFO: [ app_init ] --END-- [ RunTime:0.000425s ]
INFO: [ app_begin ] --START--
INFO: Run Behavior\ReadHtmlCacheBehavior [ RunTime:0.000601s ]
INFO: [ app_begin ] --END-- [ RunTime:0.000652s ]
INFO: [ view_parse ] --START--
INFO: [ template_filter ] --START--
INFO: Run Behavior\ContentReplaceBehavior [ RunTime:0.000326s ]
INFO: [ template_filter ] --END-- [ RunTime:0.000397s ]
NOTIC: [8] Undefined index: loginuser D:\myenv\apache\htdocs\pgyidc\Application\Runtime\Cache\Home\2c5c93f324edb5ef9fc2ce80317a80a0.php 第 368 行.
INFO: Run Behavior\ParseTemplateBehavior [ RunTime:0.027905s ]
INFO: [ view_parse ] --END-- [ RunTime:0.027957s ]
INFO: [ view_filter ] --START--
INFO: Run Behavior\WriteHtmlCacheBehavior [ RunTime:0.000552s ]
INFO: [ view_filter ] --END-- [ RunTime:0.000597s ]
INFO: [ app_end ] --START--
INFO: Run Behavior\ShowPageTraceBehavior [ RunTime:0.000802s ]
INFO: [ app_end ] --END-- [ RunTime:0.000866s ]

[ 2018-08-09T15:22:05+08:00 ] 127.0.0.1 /Hdcloud/getimage
INFO: [ app_init ] --START--
INFO: Run Behavior\BuildLiteBehavior [ RunTime:0.000015s ]
INFO: [ app_init ] --END-- [ RunTime:0.000477s ]
INFO: [ app_begin ] --START--
INFO: Run Behavior\ReadHtmlCacheBehavior [ RunTime:0.000630s ]
INFO: [ app_begin ] --END-- [ RunTime:0.000685s ]

[ 2018-08-09T15:22:06+08:00 ] 127.0.0.1 /Hdcloud/getstandard
INFO: [ app_init ] --START--
INFO: Run Behavior\BuildLiteBehavior [ RunTime:0.000014s ]
INFO: [ app_init ] --END-- [ RunTime:0.000423s ]
INFO: [ app_begin ] --START--
INFO: Run Behavior\ReadHtmlCacheBehavior [ RunTime:0.000598s ]
INFO: [ app_begin ] --END-- [ RunTime:0.000647s ]
NOTIC: [8] Use of undefined constant CURLOPT_GET - assumed 'CURLOPT_GET' D:\myenv\apache\htdocs\pgyidc\Application\Home\Controller\HdcloudController.class.php 第 61 行.
NOTIC: [2] curl_setopt() expects parameter 2 to be long, string given D:\myenv\apache\htdocs\pgyidc\Application\Home\Controller\HdcloudController.class.php 第 61 行.

[ 2018-08-09T15:22:07+08:00 ] 127.0.0.1 /Hdcloud/getprice
INFO: [ app_init ] --START--
INFO: Run Behavior\BuildLiteBehavior [ RunTime:0.000020s ]
INFO: [ app_init ] --END-- [ RunTime:0.000624s ]
INFO: [ app_begin ] --START--
INFO: Run Behavior\ReadHtmlCacheBehavior [ RunTime:0.000632s ]
INFO: [ app_begin ] --END-- [ RunTime:0.000684s ]
SQL: SHOW COLUMNS FROM `jdcstandard` [ RunTime:0.0146s ]
SQL: SHOW COLUMNS FROM `jdcprice` [ RunTime:0.0151s ]
SQL: SELECT `price` FROM `jdcstandard` WHERE ( standard='g.n2.medium' ) LIMIT 1   [ RunTime:0.0018s ]
SQL: SELECT `bgp` FROM `jdcprice` WHERE ( id=1 ) LIMIT 1   [ RunTime:0.0007s ]

[ 2018-08-09T15:22:14+08:00 ] 127.0.0.1 /Hdcloud/buynow
INFO: [ app_init ] --START--
INFO: Run Behavior\BuildLiteBehavior [ RunTime:0.000014s ]
INFO: [ app_init ] --END-- [ RunTime:0.000610s ]
INFO: [ app_begin ] --START--
INFO: Run Behavior\ReadHtmlCacheBehavior [ RunTime:0.000955s ]
INFO: [ app_begin ] --END-- [ RunTime:0.001021s ]

[ 2018-08-09T15:22:19+08:00 ] 127.0.0.1 /Hdcloud/jdcloudbuy.html
INFO: [ app_init ] --START--
INFO: Run Behavior\BuildLiteBehavior [ RunTime:0.000014s ]
INFO: [ app_init ] --END-- [ RunTime:0.000460s ]
INFO: [ app_begin ] --START--
INFO: Run Behavior\ReadHtmlCacheBehavior [ RunTime:0.000889s ]
INFO: [ app_begin ] --END-- [ RunTime:0.000946s ]
INFO: [ view_parse ] --START--
INFO: [ template_filter ] --START--
INFO: Run Behavior\ContentReplaceBehavior [ RunTime:0.000336s ]
INFO: [ template_filter ] --END-- [ RunTime:0.000400s ]
NOTIC: [8] Undefined index: loginuser D:\myenv\apache\htdocs\pgyidc\Application\Runtime\Cache\Home\2c5c93f324edb5ef9fc2ce80317a80a0.php 第 368 行.
INFO: Run Behavior\ParseTemplateBehavior [ RunTime:0.024329s ]
INFO: [ view_parse ] --END-- [ RunTime:0.024378s ]
INFO: [ view_filter ] --START--
INFO: Run Behavior\WriteHtmlCacheBehavior [ RunTime:0.000658s ]
INFO: [ view_filter ] --END-- [ RunTime:0.000701s ]
INFO: [ app_end ] --START--
INFO: Run Behavior\ShowPageTraceBehavior [ RunTime:0.001063s ]
INFO: [ app_end ] --END-- [ RunTime:0.001172s ]

[ 2018-08-09T15:22:20+08:00 ] 127.0.0.1 /Hdcloud/getimage
INFO: [ app_init ] --START--
INFO: Run Behavior\BuildLiteBehavior [ RunTime:0.000021s ]
INFO: [ app_init ] --END-- [ RunTime:0.000605s ]
INFO: [ app_begin ] --START--
INFO: Run Behavior\ReadHtmlCacheBehavior [ RunTime:0.000903s ]
INFO: [ app_begin ] --END-- [ RunTime:0.000959s ]

[ 2018-08-09T15:22:20+08:00 ] 127.0.0.1 /Hdcloud/getstandard
INFO: [ app_init ] --START--
INFO: Run Behavior\BuildLiteBehavior [ RunTime:0.000018s ]
INFO: [ app_init ] --END-- [ RunTime:0.000584s ]
INFO: [ app_begin ] --START--
INFO: Run Behavior\ReadHtmlCacheBehavior [ RunTime:0.001132s ]
INFO: [ app_begin ] --END-- [ RunTime:0.001197s ]
NOTIC: [8] Use of undefined constant CURLOPT_GET - assumed 'CURLOPT_GET' D:\myenv\apache\htdocs\pgyidc\Application\Home\Controller\HdcloudController.class.php 第 61 行.
NOTIC: [2] curl_setopt() expects parameter 2 to be long, string given D:\myenv\apache\htdocs\pgyidc\Application\Home\Controller\HdcloudController.class.php 第 61 行.

[ 2018-08-09T15:22:21+08:00 ] 127.0.0.1 /Hdcloud/getprice
INFO: [ app_init ] --START--
INFO: Run Behavior\BuildLiteBehavior [ RunTime:0.000019s ]
INFO: [ app_init ] --END-- [ RunTime:0.000596s ]
INFO: [ app_begin ] --START--
INFO: Run Behavior\ReadHtmlCacheBehavior [ RunTime:0.000893s ]
INFO: [ app_begin ] --END-- [ RunTime:0.000944s ]
SQL: SHOW COLUMNS FROM `jdcstandard` [ RunTime:0.0078s ]
SQL: SHOW COLUMNS FROM `jdcprice` [ RunTime:0.0081s ]
SQL: SELECT `price` FROM `jdcstandard` WHERE ( standard='g.n2.medium' ) LIMIT 1   [ RunTime:0.0012s ]
SQL: SELECT `bgp` FROM `jdcprice` WHERE ( id=1 ) LIMIT 1   [ RunTime:0.0006s ]

[ 2018-08-09T15:22:24+08:00 ] 127.0.0.1 /Hdcloud/buynow
INFO: [ app_init ] --START--
INFO: Run Behavior\BuildLiteBehavior [ RunTime:0.000014s ]
INFO: [ app_init ] --END-- [ RunTime:0.000555s ]
INFO: [ app_begin ] --START--
INFO: Run Behavior\ReadHtmlCacheBehavior [ RunTime:0.000876s ]
INFO: [ app_begin ] --END-- [ RunTime:0.000927s ]

[ 2018-08-09T15:22:35+08:00 ] 127.0.0.1 /Hdcloud/jdcloudbuy.html
INFO: [ app_init ] --START--
INFO: Run Behavior\BuildLiteBehavior [ RunTime:0.000017s ]
INFO: [ app_init ] --END-- [ RunTime:0.000570s ]
INFO: [ app_begin ] --START--
INFO: Run Behavior\ReadHtmlCacheBehavior [ RunTime:0.001019s ]
INFO: [ app_begin ] --END-- [ RunTime:0.001092s ]
INFO: [ view_parse ] --START--
INFO: [ template_filter ] --START--
INFO: Run Behavior\ContentReplaceBehavior [ RunTime:0.000336s ]
INFO: [ template_filter ] --END-- [ RunTime:0.000407s ]
NOTIC: [8] Undefined index: loginuser D:\myenv\apache\htdocs\pgyidc\Application\Runtime\Cache\Home\2c5c93f324edb5ef9fc2ce80317a80a0.php 第 368 行.
INFO: Run Behavior\ParseTemplateBehavior [ RunTime:0.023285s ]
INFO: [ view_parse ] --END-- [ RunTime:0.023334s ]
INFO: [ view_filter ] --START--
INFO: Run Behavior\WriteHtmlCacheBehavior [ RunTime:0.000555s ]
INFO: [ view_filter ] --END-- [ RunTime:0.000595s ]
INFO: [ app_end ] --START--
INFO: Run Behavior\ShowPageTraceBehavior [ RunTime:0.000880s ]
INFO: [ app_end ] --END-- [ RunTime:0.000953s ]

[ 2018-08-09T15:22:36+08:00 ] 127.0.0.1 /Hdcloud/getimage
INFO: [ app_init ] --START--
INFO: Run Behavior\BuildLiteBehavior [ RunTime:0.000013s ]
INFO: [ app_init ] --END-- [ RunTime:0.000465s ]
INFO: [ app_begin ] --START--
INFO: Run Behavior\ReadHtmlCacheBehavior [ RunTime:0.000745s ]
INFO: [ app_begin ] --END-- [ RunTime:0.000794s ]

[ 2018-08-09T15:22:36+08:00 ] 127.0.0.1 /Hdcloud/getstandard
INFO: [ app_init ] --START--
INFO: Run Behavior\BuildLiteBehavior [ RunTime:0.000012s ]
INFO: [ app_init ] --END-- [ RunTime:0.000494s ]
INFO: [ app_begin ] --START--
INFO: Run Behavior\ReadHtmlCacheBehavior [ RunTime:0.000727s ]
INFO: [ app_begin ] --END-- [ RunTime:0.000774s ]
NOTIC: [8] Use of undefined constant CURLOPT_GET - assumed 'CURLOPT_GET' D:\myenv\apache\htdocs\pgyidc\Application\Home\Controller\HdcloudController.class.php 第 61 行.
NOTIC: [2] curl_setopt() expects parameter 2 to be long, string given D:\myenv\apache\htdocs\pgyidc\Application\Home\Controller\HdcloudController.class.php 第 61 行.

[ 2018-08-09T15:22:37+08:00 ] 127.0.0.1 /Hdcloud/getprice
INFO: [ app_init ] --START--
INFO: Run Behavior\BuildLiteBehavior [ RunTime:0.000014s ]
INFO: [ app_init ] --END-- [ RunTime:0.000494s ]
INFO: [ app_begin ] --START--
INFO: Run Behavior\ReadHtmlCacheBehavior [ RunTime:0.000789s ]
INFO: [ app_begin ] --END-- [ RunTime:0.000844s ]
SQL: SHOW COLUMNS FROM `jdcstandard` [ RunTime:0.0071s ]
SQL: SHOW COLUMNS FROM `jdcprice` [ RunTime:0.0075s ]
SQL: SELECT `price` FROM `jdcstandard` WHERE ( standard='g.n2.medium' ) LIMIT 1   [ RunTime:0.0013s ]
SQL: SELECT `bgp` FROM `jdcprice` WHERE ( id=1 ) LIMIT 1   [ RunTime:0.0004s ]

[ 2018-08-09T15:22:42+08:00 ] 127.0.0.1 /Hdcloud/buynow
INFO: [ app_init ] --START--
INFO: Run Behavior\BuildLiteBehavior [ RunTime:0.000016s ]
INFO: [ app_init ] --END-- [ RunTime:0.000596s ]
INFO: [ app_begin ] --START--
INFO: Run Behavior\ReadHtmlCacheBehavior [ RunTime:0.000828s ]
INFO: [ app_begin ] --END-- [ RunTime:0.000896s ]

[ 2018-08-09T15:23:34+08:00 ] 127.0.0.1 /Hdcloud/getprice
INFO: [ app_init ] --START--
INFO: Run Behavior\BuildLiteBehavior [ RunTime:0.000014s ]
INFO: [ app_init ] --END-- [ RunTime:0.000510s ]
INFO: [ app_begin ] --START--
INFO: Run Behavior\ReadHtmlCacheBehavior [ RunTime:0.000754s ]
INFO: [ app_begin ] --END-- [ RunTime:0.000804s ]
SQL: SHOW COLUMNS FROM `jdcstandard` [ RunTime:0.0139s ]
SQL: SHOW COLUMNS FROM `jdcprice` [ RunTime:0.0153s ]
SQL: SELECT `price` FROM `jdcstandard` WHERE ( standard='g.n2.medium' ) LIMIT 1   [ RunTime:0.0027s ]
SQL: SELECT `bgp` FROM `jdcprice` WHERE ( id=1 ) LIMIT 1   [ RunTime:0.0011s ]

[ 2018-08-09T15:23:40+08:00 ] 127.0.0.1 /favicon.ico
INFO: [ app_init ] --START--
INFO: Run Behavior\BuildLiteBehavior [ RunTime:0.000013s ]
INFO: [ app_init ] --END-- [ RunTime:0.000578s ]

[ 2018-08-09T15:23:45+08:00 ] 127.0.0.1 /Application/Admin/View/Public/images/icon_control.png
INFO: [ app_init ] --START--
INFO: Run Behavior\BuildLiteBehavior [ RunTime:0.000013s ]
INFO: [ app_init ] --END-- [ RunTime:0.000443s ]

[ 2018-08-09T15:23:55+08:00 ] 127.0.0.1 /Hdcloud/getimage
INFO: [ app_init ] --START--
INFO: Run Behavior\BuildLiteBehavior [ RunTime:0.000013s ]
INFO: [ app_init ] --END-- [ RunTime:0.000466s ]
INFO: [ app_begin ] --START--
INFO: Run Behavior\ReadHtmlCacheBehavior [ RunTime:0.000831s ]
INFO: [ app_begin ] --END-- [ RunTime:0.000946s ]

[ 2018-08-09T15:23:55+08:00 ] 127.0.0.1 /Hdcloud/jdcloudbuy.html
INFO: [ app_init ] --START--
INFO: Run Behavior\BuildLiteBehavior [ RunTime:0.000014s ]
INFO: [ app_init ] --END-- [ RunTime:0.000538s ]
INFO: [ app_begin ] --START--
INFO: Run Behavior\ReadHtmlCacheBehavior [ RunTime:0.000721s ]
INFO: [ app_begin ] --END-- [ RunTime:0.000776s ]
INFO: [ view_parse ] --START--
INFO: [ template_filter ] --START--
INFO: Run Behavior\ContentReplaceBehavior [ RunTime:0.000433s ]
INFO: [ template_filter ] --END-- [ RunTime:0.000510s ]
INFO: Run Behavior\ParseTemplateBehavior [ RunTime:0.023977s ]
INFO: [ view_parse ] --END-- [ RunTime:0.024033s ]
INFO: [ view_filter ] --START--
INFO: Run Behavior\WriteHtmlCacheBehavior [ RunTime:0.000542s ]
INFO: [ view_filter ] --END-- [ RunTime:0.000584s ]
INFO: [ app_end ] --START--
INFO: Run Behavior\ShowPageTraceBehavior [ RunTime:0.000803s ]
INFO: [ app_end ] --END-- [ RunTime:0.000865s ]

[ 2018-08-09T15:23:55+08:00 ] 127.0.0.1 /Hdcloud/getstandard
INFO: [ app_init ] --START--
INFO: Run Behavior\BuildLiteBehavior [ RunTime:0.000011s ]
INFO: [ app_init ] --END-- [ RunTime:0.000447s ]
INFO: [ app_begin ] --START--
INFO: Run Behavior\ReadHtmlCacheBehavior [ RunTime:0.001006s ]
INFO: [ app_begin ] --END-- [ RunTime:0.001074s ]
NOTIC: [8] Use of undefined constant CURLOPT_GET - assumed 'CURLOPT_GET' D:\myenv\apache\htdocs\pgyidc\Application\Home\Controller\HdcloudController.class.php 第 61 行.
NOTIC: [2] curl_setopt() expects parameter 2 to be long, string given D:\myenv\apache\htdocs\pgyidc\Application\Home\Controller\HdcloudController.class.php 第 61 行.

[ 2018-08-09T15:23:55+08:00 ] 127.0.0.1 /Hdcloud/getimage
INFO: [ app_init ] --START--
INFO: Run Behavior\BuildLiteBehavior [ RunTime:0.000014s ]
INFO: [ app_init ] --END-- [ RunTime:0.000437s ]
INFO: [ app_begin ] --START--
INFO: Run Behavior\ReadHtmlCacheBehavior [ RunTime:0.000720s ]
INFO: [ app_begin ] --END-- [ RunTime:0.000771s ]

[ 2018-08-09T15:23:56+08:00 ] 127.0.0.1 /Hdcloud/getstandard
INFO: [ app_init ] --START--
INFO: Run Behavior\BuildLiteBehavior [ RunTime:0.000012s ]
INFO: [ app_init ] --END-- [ RunTime:0.000680s ]
INFO: [ app_begin ] --START--
INFO: Run Behavior\ReadHtmlCacheBehavior [ RunTime:0.000714s ]
INFO: [ app_begin ] --END-- [ RunTime:0.000763s ]
NOTIC: [8] Use of undefined constant CURLOPT_GET - assumed 'CURLOPT_GET' D:\myenv\apache\htdocs\pgyidc\Application\Home\Controller\HdcloudController.class.php 第 61 行.
NOTIC: [2] curl_setopt() expects parameter 2 to be long, string given D:\myenv\apache\htdocs\pgyidc\Application\Home\Controller\HdcloudController.class.php 第 61 行.

[ 2018-08-09T15:23:57+08:00 ] 127.0.0.1 /Hdcloud/getprice
INFO: [ app_init ] --START--
INFO: Run Behavior\BuildLiteBehavior [ RunTime:0.000019s ]
INFO: [ app_init ] --END-- [ RunTime:0.000548s ]
INFO: [ app_begin ] --START--
INFO: Run Behavior\ReadHtmlCacheBehavior [ RunTime:0.000896s ]
INFO: [ app_begin ] --END-- [ RunTime:0.000973s ]
SQL: SHOW COLUMNS FROM `jdcstandard` [ RunTime:0.0071s ]
SQL: SHOW COLUMNS FROM `jdcprice` [ RunTime:0.0081s ]
SQL: SELECT `price` FROM `jdcstandard` WHERE ( standard='g.n2.medium' ) LIMIT 1   [ RunTime:0.0013s ]
SQL: SELECT `bgp` FROM `jdcprice` WHERE ( id=1 ) LIMIT 1   [ RunTime:0.0005s ]

[ 2018-08-09T15:24:04+08:00 ] 127.0.0.1 /Hdcloud/getprice
INFO: [ app_init ] --START--
INFO: Run Behavior\BuildLiteBehavior [ RunTime:0.000012s ]
INFO: [ app_init ] --END-- [ RunTime:0.000496s ]
INFO: [ app_begin ] --START--
INFO: Run Behavior\ReadHtmlCacheBehavior [ RunTime:0.000779s ]
INFO: [ app_begin ] --END-- [ RunTime:0.000837s ]
SQL: SHOW COLUMNS FROM `jdcstandard` [ RunTime:0.0140s ]
SQL: SHOW COLUMNS FROM `jdcprice` [ RunTime:0.0153s ]
SQL: SELECT `price` FROM `jdcstandard` WHERE ( standard='g.n2.medium' ) LIMIT 1   [ RunTime:0.0015s ]
SQL: SELECT `bgp` FROM `jdcprice` WHERE ( id=1 ) LIMIT 1   [ RunTime:0.0005s ]

[ 2018-08-09T15:24:07+08:00 ] 127.0.0.1 /Hdcloud/buynow
INFO: [ app_init ] --START--
INFO: Run Behavior\BuildLiteBehavior [ RunTime:0.000013s ]
INFO: [ app_init ] --END-- [ RunTime:0.000539s ]
INFO: [ app_begin ] --START--
INFO: Run Behavior\ReadHtmlCacheBehavior [ RunTime:0.001002s ]
INFO: [ app_begin ] --END-- [ RunTime:0.001127s ]
SQL: SHOW COLUMNS FROM `jdcstandard` [ RunTime:0.0145s ]
SQL: SHOW COLUMNS FROM `jdcprice` [ RunTime:0.0150s ]
SQL: SELECT `price` FROM `jdcstandard` WHERE ( standard='g.n2.medium' ) LIMIT 1   [ RunTime:0.0027s ]
SQL: SELECT `bgp` FROM `jdcprice` WHERE ( id=1 ) LIMIT 1   [ RunTime:0.0012s ]
SQL: SHOW COLUMNS FROM `paylog` [ RunTime:0.0140s ]
SQL: SELECT SUM(money) as my FROM `paylog` WHERE ( userid=1 and datatype=0 )  [ RunTime:0.0025s ]
SQL: SELECT SUM(money) as my FROM `paylog` WHERE ( userid=1 and datatype=1 )  [ RunTime:0.0007s ]

[ 2018-08-09T15:24:12+08:00 ] 127.0.0.1 /Hdcloud/buynow
INFO: [ app_init ] --START--
INFO: Run Behavior\BuildLiteBehavior [ RunTime:0.000014s ]
INFO: [ app_init ] --END-- [ RunTime:0.000512s ]
INFO: [ app_begin ] --START--
INFO: Run Behavior\ReadHtmlCacheBehavior [ RunTime:0.000787s ]
INFO: [ app_begin ] --END-- [ RunTime:0.000839s ]
SQL: SHOW COLUMNS FROM `jdcstandard` [ RunTime:0.0146s ]
SQL: SHOW COLUMNS FROM `jdcprice` [ RunTime:0.0139s ]
SQL: SELECT `price` FROM `jdcstandard` WHERE ( standard='g.n2.medium' ) LIMIT 1   [ RunTime:0.0014s ]
SQL: SELECT `bgp` FROM `jdcprice` WHERE ( id=1 ) LIMIT 1   [ RunTime:0.0007s ]
SQL: SHOW COLUMNS FROM `paylog` [ RunTime:0.0077s ]
SQL: SELECT SUM(money) as my FROM `paylog` WHERE ( userid=1 and datatype=0 )  [ RunTime:0.0014s ]
SQL: SELECT SUM(money) as my FROM `paylog` WHERE ( userid=1 and datatype=1 )  [ RunTime:0.0007s ]

[ 2018-08-09T15:24:20+08:00 ] 127.0.0.1 /Hdcloud/buynow
INFO: [ app_init ] --START--
INFO: Run Behavior\BuildLiteBehavior [ RunTime:0.000013s ]
INFO: [ app_init ] --END-- [ RunTime:0.000473s ]
INFO: [ app_begin ] --START--
INFO: Run Behavior\ReadHtmlCacheBehavior [ RunTime:0.000753s ]
INFO: [ app_begin ] --END-- [ RunTime:0.000806s ]
SQL: SHOW COLUMNS FROM `jdcstandard` [ RunTime:0.0138s ]
SQL: SHOW COLUMNS FROM `jdcprice` [ RunTime:0.0157s ]
SQL: SELECT `price` FROM `jdcstandard` WHERE ( standard='g.n2.medium' ) LIMIT 1   [ RunTime:0.0026s ]
SQL: SELECT `bgp` FROM `jdcprice` WHERE ( id=1 ) LIMIT 1   [ RunTime:0.0009s ]
SQL: SHOW COLUMNS FROM `paylog` [ RunTime:0.0089s ]
SQL: SELECT SUM(money) as my FROM `paylog` WHERE ( userid=1 and datatype=0 )  [ RunTime:0.0012s ]
SQL: SELECT SUM(money) as my FROM `paylog` WHERE ( userid=1 and datatype=1 )  [ RunTime:0.0005s ]

[ 2018-08-09T15:25:46+08:00 ] 127.0.0.1 /Hdcloud/jdcloudbuy.html
INFO: [ app_init ] --START--
INFO: Run Behavior\BuildLiteBehavior [ RunTime:0.000014s ]
INFO: [ app_init ] --END-- [ RunTime:0.000485s ]
INFO: [ app_begin ] --START--
INFO: Run Behavior\ReadHtmlCacheBehavior [ RunTime:0.000831s ]
INFO: [ app_begin ] --END-- [ RunTime:0.000886s ]
INFO: [ view_parse ] --START--
INFO: [ template_filter ] --START--
INFO: Run Behavior\ContentReplaceBehavior [ RunTime:0.000280s ]
INFO: [ template_filter ] --END-- [ RunTime:0.000344s ]
INFO: Run Behavior\ParseTemplateBehavior [ RunTime:0.020860s ]
INFO: [ view_parse ] --END-- [ RunTime:0.020920s ]
INFO: [ view_filter ] --START--
INFO: Run Behavior\WriteHtmlCacheBehavior [ RunTime:0.000543s ]
INFO: [ view_filter ] --END-- [ RunTime:0.000584s ]
INFO: [ app_end ] --START--
INFO: Run Behavior\ShowPageTraceBehavior [ RunTime:0.000865s ]
INFO: [ app_end ] --END-- [ RunTime:0.000930s ]

[ 2018-08-09T15:25:47+08:00 ] 127.0.0.1 /Hdcloud/getimage
INFO: [ app_init ] --START--
INFO: Run Behavior\BuildLiteBehavior [ RunTime:0.000013s ]
INFO: [ app_init ] --END-- [ RunTime:0.000474s ]
INFO: [ app_begin ] --START--
INFO: Run Behavior\ReadHtmlCacheBehavior [ RunTime:0.000914s ]
INFO: [ app_begin ] --END-- [ RunTime:0.000992s ]

[ 2018-08-09T15:25:47+08:00 ] 127.0.0.1 /Hdcloud/__ASSETS__/images/loading.gif
INFO: [ app_init ] --START--
INFO: Run Behavior\BuildLiteBehavior [ RunTime:0.000012s ]
INFO: [ app_init ] --END-- [ RunTime:0.000447s ]

[ 2018-08-09T15:25:47+08:00 ] 127.0.0.1 /Hdcloud/getstandard
INFO: [ app_init ] --START--
INFO: Run Behavior\BuildLiteBehavior [ RunTime:0.000013s ]
INFO: [ app_init ] --END-- [ RunTime:0.000505s ]
INFO: [ app_begin ] --START--
INFO: Run Behavior\ReadHtmlCacheBehavior [ RunTime:0.000756s ]
INFO: [ app_begin ] --END-- [ RunTime:0.000806s ]
NOTIC: [8] Use of undefined constant CURLOPT_GET - assumed 'CURLOPT_GET' D:\myenv\apache\htdocs\pgyidc\Application\Home\Controller\HdcloudController.class.php 第 61 行.
NOTIC: [2] curl_setopt() expects parameter 2 to be long, string given D:\myenv\apache\htdocs\pgyidc\Application\Home\Controller\HdcloudController.class.php 第 61 行.

[ 2018-08-09T15:25:49+08:00 ] 127.0.0.1 /Hdcloud/getprice
INFO: [ app_init ] --START--
INFO: Run Behavior\BuildLiteBehavior [ RunTime:0.000017s ]
INFO: [ app_init ] --END-- [ RunTime:0.000622s ]
INFO: [ app_begin ] --START--
INFO: Run Behavior\ReadHtmlCacheBehavior [ RunTime:0.000857s ]
INFO: [ app_begin ] --END-- [ RunTime:0.000913s ]
SQL: SHOW COLUMNS FROM `jdcstandard` [ RunTime:0.0159s ]
SQL: SHOW COLUMNS FROM `jdcprice` [ RunTime:0.0165s ]
SQL: SELECT `price` FROM `jdcstandard` WHERE ( standard='g.n2.medium' ) LIMIT 1   [ RunTime:0.0025s ]
SQL: SELECT `bgp` FROM `jdcprice` WHERE ( id=1 ) LIMIT 1   [ RunTime:0.0008s ]

[ 2018-08-09T15:25:57+08:00 ] 127.0.0.1 /Application/Admin/View/Public/images/icon_control.png
INFO: [ app_init ] --START--
INFO: Run Behavior\BuildLiteBehavior [ RunTime:0.000035s ]
INFO: [ app_init ] --END-- [ RunTime:0.000839s ]

[ 2018-08-09T15:25:58+08:00 ] 127.0.0.1 /Home/Index/index.html
INFO: [ app_init ] --START--
INFO: Run Behavior\BuildLiteBehavior [ RunTime:0.000010s ]
INFO: [ app_init ] --END-- [ RunTime:0.000429s ]
INFO: [ app_begin ] --START--
INFO: Run Behavior\ReadHtmlCacheBehavior [ RunTime:0.000892s ]
INFO: [ app_begin ] --END-- [ RunTime:0.000946s ]
INFO: [ view_parse ] --START--
INFO: [ template_filter ] --START--
INFO: Run Behavior\ContentReplaceBehavior [ RunTime:0.000245s ]
INFO: [ template_filter ] --END-- [ RunTime:0.000300s ]
INFO: Run Behavior\ParseTemplateBehavior [ RunTime:0.016751s ]
INFO: [ view_parse ] --END-- [ RunTime:0.016804s ]
INFO: [ view_filter ] --START--
INFO: Run Behavior\WriteHtmlCacheBehavior [ RunTime:0.000535s ]
INFO: [ view_filter ] --END-- [ RunTime:0.000575s ]
INFO: [ app_end ] --START--
INFO: Run Behavior\ShowPageTraceBehavior [ RunTime:0.000789s ]
INFO: [ app_end ] --END-- [ RunTime:0.000840s ]

[ 2018-08-09T15:26:04+08:00 ] 127.0.0.1 /Hdcloud/jdcloud.html
INFO: [ app_init ] --START--
INFO: Run Behavior\BuildLiteBehavior [ RunTime:0.000012s ]
INFO: [ app_init ] --END-- [ RunTime:0.000502s ]
INFO: [ app_begin ] --START--
INFO: Run Behavior\ReadHtmlCacheBehavior [ RunTime:0.000768s ]
INFO: [ app_begin ] --END-- [ RunTime:0.000824s ]
INFO: [ view_parse ] --START--
INFO: [ template_filter ] --START--
INFO: Run Behavior\ContentReplaceBehavior [ RunTime:0.000213s ]
INFO: [ template_filter ] --END-- [ RunTime:0.000270s ]
NOTIC: [8] Undefined variable: current D:\myenv\apache\htdocs\pgyidc\Application\Runtime\Cache\Home\ef2cc74da925a8b504dc2016d8b2cb37.php 第 23 行.
NOTIC: [8] Undefined variable: current D:\myenv\apache\htdocs\pgyidc\Application\Runtime\Cache\Home\ef2cc74da925a8b504dc2016d8b2cb37.php 第 24 行.
NOTIC: [8] Undefined variable: current D:\myenv\apache\htdocs\pgyidc\Application\Runtime\Cache\Home\ef2cc74da925a8b504dc2016d8b2cb37.php 第 53 行.
NOTIC: [8] Undefined variable: current D:\myenv\apache\htdocs\pgyidc\Application\Runtime\Cache\Home\ef2cc74da925a8b504dc2016d8b2cb37.php 第 131 行.
NOTIC: [8] Undefined variable: current D:\myenv\apache\htdocs\pgyidc\Application\Runtime\Cache\Home\ef2cc74da925a8b504dc2016d8b2cb37.php 第 166 行.
NOTIC: [8] Undefined variable: current D:\myenv\apache\htdocs\pgyidc\Application\Runtime\Cache\Home\ef2cc74da925a8b504dc2016d8b2cb37.php 第 217 行.
NOTIC: [8] Undefined variable: current D:\myenv\apache\htdocs\pgyidc\Application\Runtime\Cache\Home\ef2cc74da925a8b504dc2016d8b2cb37.php 第 232 行.
NOTIC: [8] Undefined variable: current D:\myenv\apache\htdocs\pgyidc\Application\Runtime\Cache\Home\ef2cc74da925a8b504dc2016d8b2cb37.php 第 232 行.
NOTIC: [8] Undefined variable: current D:\myenv\apache\htdocs\pgyidc\Application\Runtime\Cache\Home\ef2cc74da925a8b504dc2016d8b2cb37.php 第 232 行.
NOTIC: [8] Undefined variable: current D:\myenv\apache\htdocs\pgyidc\Application\Runtime\Cache\Home\ef2cc74da925a8b504dc2016d8b2cb37.php 第 925 行.
INFO: Run Behavior\ParseTemplateBehavior [ RunTime:0.017918s ]
INFO: [ view_parse ] --END-- [ RunTime:0.017967s ]
INFO: [ view_filter ] --START--
INFO: Run Behavior\WriteHtmlCacheBehavior [ RunTime:0.000577s ]
INFO: [ view_filter ] --END-- [ RunTime:0.000618s ]
INFO: [ app_end ] --START--
INFO: Run Behavior\ShowPageTraceBehavior [ RunTime:0.000932s ]
INFO: [ app_end ] --END-- [ RunTime:0.000994s ]

[ 2018-08-09T15:26:05+08:00 ] 127.0.0.1 /Hdcloud/jdcloudbuy.html
INFO: [ app_init ] --START--
INFO: Run Behavior\BuildLiteBehavior [ RunTime:0.000013s ]
INFO: [ app_init ] --END-- [ RunTime:0.000499s ]
INFO: [ app_begin ] --START--
INFO: Run Behavior\ReadHtmlCacheBehavior [ RunTime:0.000767s ]
INFO: [ app_begin ] --END-- [ RunTime:0.000825s ]
INFO: [ view_parse ] --START--
INFO: [ template_filter ] --START--
INFO: Run Behavior\ContentReplaceBehavior [ RunTime:0.000254s ]
INFO: [ template_filter ] --END-- [ RunTime:0.000323s ]
INFO: Run Behavior\ParseTemplateBehavior [ RunTime:0.020888s ]
INFO: [ view_parse ] --END-- [ RunTime:0.020945s ]
INFO: [ view_filter ] --START--
INFO: Run Behavior\WriteHtmlCacheBehavior [ RunTime:0.000545s ]
INFO: [ view_filter ] --END-- [ RunTime:0.000591s ]
INFO: [ app_end ] --START--
INFO: Run Behavior\ShowPageTraceBehavior [ RunTime:0.000858s ]
INFO: [ app_end ] --END-- [ RunTime:0.000921s ]

[ 2018-08-09T15:26:06+08:00 ] 127.0.0.1 /Hdcloud/getimage
INFO: [ app_init ] --START--
INFO: Run Behavior\BuildLiteBehavior [ RunTime:0.000013s ]
INFO: [ app_init ] --END-- [ RunTime:0.000463s ]
INFO: [ app_begin ] --START--
INFO: Run Behavior\ReadHtmlCacheBehavior [ RunTime:0.000712s ]
INFO: [ app_begin ] --END-- [ RunTime:0.000771s ]

[ 2018-08-09T15:26:06+08:00 ] 127.0.0.1 /Hdcloud/__ASSETS__/images/loading.gif
INFO: [ app_init ] --START--
INFO: Run Behavior\BuildLiteBehavior [ RunTime:0.000013s ]
INFO: [ app_init ] --END-- [ RunTime:0.000563s ]

[ 2018-08-09T15:26:07+08:00 ] 127.0.0.1 /Hdcloud/getstandard
INFO: [ app_init ] --START--
INFO: Run Behavior\BuildLiteBehavior [ RunTime:0.000015s ]
INFO: [ app_init ] --END-- [ RunTime:0.000520s ]
INFO: [ app_begin ] --START--
INFO: Run Behavior\ReadHtmlCacheBehavior [ RunTime:0.000798s ]
INFO: [ app_begin ] --END-- [ RunTime:0.000854s ]
NOTIC: [8] Use of undefined constant CURLOPT_GET - assumed 'CURLOPT_GET' D:\myenv\apache\htdocs\pgyidc\Application\Home\Controller\HdcloudController.class.php 第 61 行.
NOTIC: [2] curl_setopt() expects parameter 2 to be long, string given D:\myenv\apache\htdocs\pgyidc\Application\Home\Controller\HdcloudController.class.php 第 61 行.

[ 2018-08-09T15:26:08+08:00 ] 127.0.0.1 /Hdcloud/getprice
INFO: [ app_init ] --START--
INFO: Run Behavior\BuildLiteBehavior [ RunTime:0.000015s ]
INFO: [ app_init ] --END-- [ RunTime:0.000507s ]
INFO: [ app_begin ] --START--
INFO: Run Behavior\ReadHtmlCacheBehavior [ RunTime:0.000869s ]
INFO: [ app_begin ] --END-- [ RunTime:0.000936s ]
SQL: SHOW COLUMNS FROM `jdcstandard` [ RunTime:0.0072s ]
SQL: SHOW COLUMNS FROM `jdcprice` [ RunTime:0.0079s ]
SQL: SELECT `price` FROM `jdcstandard` WHERE ( standard='g.n2.medium' ) LIMIT 1   [ RunTime:0.0012s ]
SQL: SELECT `bgp` FROM `jdcprice` WHERE ( id=1 ) LIMIT 1   [ RunTime:0.0004s ]

[ 2018-08-09T15:26:11+08:00 ] 127.0.0.1 /Hdcloud/buynow
INFO: [ app_init ] --START--
INFO: Run Behavior\BuildLiteBehavior [ RunTime:0.000013s ]
INFO: [ app_init ] --END-- [ RunTime:0.000481s ]
INFO: [ app_begin ] --START--
INFO: Run Behavior\ReadHtmlCacheBehavior [ RunTime:0.000765s ]
INFO: [ app_begin ] --END-- [ RunTime:0.000828s ]

[ 2018-08-09T15:26:14+08:00 ] 127.0.0.1 /Hdcloud/buynow
INFO: [ app_init ] --START--
INFO: Run Behavior\BuildLiteBehavior [ RunTime:0.000014s ]
INFO: [ app_init ] --END-- [ RunTime:0.000549s ]
INFO: [ app_begin ] --START--
INFO: Run Behavior\ReadHtmlCacheBehavior [ RunTime:0.000698s ]
INFO: [ app_begin ] --END-- [ RunTime:0.000752s ]

[ 2018-08-09T15:26:18+08:00 ] 127.0.0.1 /Hdcloud/buynow
INFO: [ app_init ] --START--
INFO: Run Behavior\BuildLiteBehavior [ RunTime:0.000014s ]
INFO: [ app_init ] --END-- [ RunTime:0.000482s ]
INFO: [ app_begin ] --START--
INFO: Run Behavior\ReadHtmlCacheBehavior [ RunTime:0.000861s ]
INFO: [ app_begin ] --END-- [ RunTime:0.000921s ]

[ 2018-08-09T15:30:22+08:00 ] 127.0.0.1 /Hdcloud/jdcloudbuy.html
INFO: [ app_init ] --START--
INFO: Run Behavior\BuildLiteBehavior [ RunTime:0.000012s ]
INFO: [ app_init ] --END-- [ RunTime:0.000486s ]
INFO: [ app_begin ] --START--
INFO: Run Behavior\ReadHtmlCacheBehavior [ RunTime:0.000803s ]
INFO: [ app_begin ] --END-- [ RunTime:0.000858s ]
INFO: [ view_parse ] --START--
INFO: [ template_filter ] --START--
INFO: Run Behavior\ContentReplaceBehavior [ RunTime:0.000245s ]
INFO: [ template_filter ] --END-- [ RunTime:0.000304s ]
INFO: Run Behavior\ParseTemplateBehavior [ RunTime:0.019680s ]
INFO: [ view_parse ] --END-- [ RunTime:0.019731s ]
INFO: [ view_filter ] --START--
INFO: Run Behavior\WriteHtmlCacheBehavior [ RunTime:0.000542s ]
INFO: [ view_filter ] --END-- [ RunTime:0.000584s ]
INFO: [ app_end ] --START--
INFO: Run Behavior\ShowPageTraceBehavior [ RunTime:0.000923s ]
INFO: [ app_end ] --END-- [ RunTime:0.000979s ]

[ 2018-08-09T15:30:23+08:00 ] 127.0.0.1 /Hdcloud/getimage
INFO: [ app_init ] --START--
INFO: Run Behavior\BuildLiteBehavior [ RunTime:0.000014s ]
INFO: [ app_init ] --END-- [ RunTime:0.000551s ]
INFO: [ app_begin ] --START--
INFO: Run Behavior\ReadHtmlCacheBehavior [ RunTime:0.000760s ]
INFO: [ app_begin ] --END-- [ RunTime:0.000873s ]

[ 2018-08-09T15:30:23+08:00 ] 127.0.0.1 /Hdcloud/__ASSETS__/images/loading.gif
INFO: [ app_init ] --START--
INFO: Run Behavior\BuildLiteBehavior [ RunTime:0.000012s ]
INFO: [ app_init ] --END-- [ RunTime:0.000457s ]

[ 2018-08-09T15:30:23+08:00 ] 127.0.0.1 /Hdcloud/getstandard
INFO: [ app_init ] --START--
INFO: Run Behavior\BuildLiteBehavior [ RunTime:0.000012s ]
INFO: [ app_init ] --END-- [ RunTime:0.000414s ]
INFO: [ app_begin ] --START--
INFO: Run Behavior\ReadHtmlCacheBehavior [ RunTime:0.000590s ]
INFO: [ app_begin ] --END-- [ RunTime:0.000638s ]
NOTIC: [8] Use of undefined constant CURLOPT_GET - assumed 'CURLOPT_GET' D:\myenv\apache\htdocs\pgyidc\Application\Home\Controller\HdcloudController.class.php 第 61 行.
NOTIC: [2] curl_setopt() expects parameter 2 to be long, string given D:\myenv\apache\htdocs\pgyidc\Application\Home\Controller\HdcloudController.class.php 第 61 行.

[ 2018-08-09T15:30:25+08:00 ] 127.0.0.1 /Hdcloud/getprice
INFO: [ app_init ] --START--
INFO: Run Behavior\BuildLiteBehavior [ RunTime:0.000013s ]
INFO: [ app_init ] --END-- [ RunTime:0.000402s ]
INFO: [ app_begin ] --START--
INFO: Run Behavior\ReadHtmlCacheBehavior [ RunTime:0.000658s ]
INFO: [ app_begin ] --END-- [ RunTime:0.000715s ]
SQL: SHOW COLUMNS FROM `jdcstandard` [ RunTime:0.0233s ]
SQL: SHOW COLUMNS FROM `jdcprice` [ RunTime:0.0073s ]
SQL: SELECT `price` FROM `jdcstandard` WHERE ( standard='g.n2.medium' ) LIMIT 1   [ RunTime:0.0012s ]
SQL: SELECT `bgp` FROM `jdcprice` WHERE ( id=1 ) LIMIT 1   [ RunTime:0.0006s ]

