[ 2018-08-27T15:40:35+08:00 ] 127.0.0.1 /
INFO: [ app_init ] --START--
INFO: Run Behavior\BuildLiteBehavior [ RunTime:0.000015s ]
INFO: [ app_init ] --END-- [ RunTime:0.001165s ]
INFO: [ app_begin ] --START--
INFO: Run Behavior\ReadHtmlCacheBehavior [ RunTime:0.001140s ]
INFO: [ app_begin ] --END-- [ RunTime:0.001215s ]
INFO: [ view_parse ] --START--
INFO: [ template_filter ] --START--
INFO: Run Behavior\ContentReplaceBehavior [ RunTime:0.000244s ]
INFO: [ template_filter ] --END-- [ RunTime:0.000314s ]
NOTIC: [8] Undefined index: loginuser D:\myenv\apache\htdocs\pgyidc\Application\Runtime\Cache\Home\2a94b8bda04ff446dcedd42276fc99ee.php 第 369 行.
INFO: Run Behavior\ParseTemplateBehavior [ RunTime:0.078855s ]
INFO: [ view_parse ] --END-- [ RunTime:0.078922s ]
INFO: [ view_filter ] --START--
INFO: Run Behavior\WriteHtmlCacheBehavior [ RunTime:0.001167s ]
INFO: [ view_filter ] --END-- [ RunTime:0.001216s ]
INFO: [ app_end ] --START--
INFO: Run Behavior\ShowPageTraceBehavior [ RunTime:0.001320s ]
INFO: [ app_end ] --END-- [ RunTime:0.001381s ]

[ 2018-08-27T15:40:39+08:00 ] 127.0.0.1 /Hdcloud/jdcloud.html
INFO: [ app_init ] --START--
INFO: Run Behavior\BuildLiteBehavior [ RunTime:0.000014s ]
INFO: [ app_init ] --END-- [ RunTime:0.000479s ]
INFO: [ app_begin ] --START--
INFO: Run Behavior\ReadHtmlCacheBehavior [ RunTime:0.000767s ]
INFO: [ app_begin ] --END-- [ RunTime:0.000825s ]
INFO: [ view_parse ] --START--
INFO: [ template_filter ] --START--
INFO: Run Behavior\ContentReplaceBehavior [ RunTime:0.000460s ]
INFO: [ template_filter ] --END-- [ RunTime:0.000585s ]
NOTIC: [8] Undefined variable: current D:\myenv\apache\htdocs\pgyidc\Application\Runtime\Cache\Home\ef2cc74da925a8b504dc2016d8b2cb37.php 第 23 行.
NOTIC: [8] Undefined variable: current D:\myenv\apache\htdocs\pgyidc\Application\Runtime\Cache\Home\ef2cc74da925a8b504dc2016d8b2cb37.php 第 24 行.
NOTIC: [8] Undefined variable: current D:\myenv\apache\htdocs\pgyidc\Application\Runtime\Cache\Home\ef2cc74da925a8b504dc2016d8b2cb37.php 第 53 行.
NOTIC: [8] Undefined variable: current D:\myenv\apache\htdocs\pgyidc\Application\Runtime\Cache\Home\ef2cc74da925a8b504dc2016d8b2cb37.php 第 131 行.
NOTIC: [8] Undefined variable: current D:\myenv\apache\htdocs\pgyidc\Application\Runtime\Cache\Home\ef2cc74da925a8b504dc2016d8b2cb37.php 第 166 行.
NOTIC: [8] Undefined variable: current D:\myenv\apache\htdocs\pgyidc\Application\Runtime\Cache\Home\ef2cc74da925a8b504dc2016d8b2cb37.php 第 217 行.
NOTIC: [8] Undefined variable: current D:\myenv\apache\htdocs\pgyidc\Application\Runtime\Cache\Home\ef2cc74da925a8b504dc2016d8b2cb37.php 第 232 行.
NOTIC: [8] Undefined variable: current D:\myenv\apache\htdocs\pgyidc\Application\Runtime\Cache\Home\ef2cc74da925a8b504dc2016d8b2cb37.php 第 232 行.
NOTIC: [8] Undefined variable: current D:\myenv\apache\htdocs\pgyidc\Application\Runtime\Cache\Home\ef2cc74da925a8b504dc2016d8b2cb37.php 第 232 行.
NOTIC: [8] Undefined index: loginuser D:\myenv\apache\htdocs\pgyidc\Application\Runtime\Cache\Home\ef2cc74da925a8b504dc2016d8b2cb37.php 第 369 行.
NOTIC: [8] Undefined variable: current D:\myenv\apache\htdocs\pgyidc\Application\Runtime\Cache\Home\ef2cc74da925a8b504dc2016d8b2cb37.php 第 925 行.
INFO: Run Behavior\ParseTemplateBehavior [ RunTime:0.060464s ]
INFO: [ view_parse ] --END-- [ RunTime:0.060581s ]
INFO: [ view_filter ] --START--
INFO: Run Behavior\WriteHtmlCacheBehavior [ RunTime:0.001252s ]
INFO: [ view_filter ] --END-- [ RunTime:0.001350s ]
INFO: [ app_end ] --START--
INFO: Run Behavior\ShowPageTraceBehavior [ RunTime:0.001794s ]
INFO: [ app_end ] --END-- [ RunTime:0.001912s ]

[ 2018-08-27T15:40:40+08:00 ] 127.0.0.1 /Hdcloud/jdcloudbuy.html
INFO: [ app_init ] --START--
INFO: Run Behavior\BuildLiteBehavior [ RunTime:0.000013s ]
INFO: [ app_init ] --END-- [ RunTime:0.000467s ]
INFO: [ app_begin ] --START--
INFO: Run Behavior\ReadHtmlCacheBehavior [ RunTime:0.000839s ]
INFO: [ app_begin ] --END-- [ RunTime:0.000961s ]
INFO: [ view_parse ] --START--
INFO: [ template_filter ] --START--
INFO: Run Behavior\ContentReplaceBehavior [ RunTime:0.000599s ]
INFO: [ template_filter ] --END-- [ RunTime:0.000734s ]
NOTIC: [8] Undefined index: loginuser D:\myenv\apache\htdocs\pgyidc\Application\Runtime\Cache\Home\2c5c93f324edb5ef9fc2ce80317a80a0.php 第 369 行.
INFO: Run Behavior\ParseTemplateBehavior [ RunTime:0.105393s ]
INFO: [ view_parse ] --END-- [ RunTime:0.105483s ]
INFO: [ view_filter ] --START--
INFO: Run Behavior\WriteHtmlCacheBehavior [ RunTime:0.001512s ]
INFO: [ view_filter ] --END-- [ RunTime:0.001615s ]
INFO: [ app_end ] --START--
INFO: Run Behavior\ShowPageTraceBehavior [ RunTime:0.001845s ]
INFO: [ app_end ] --END-- [ RunTime:0.001984s ]

[ 2018-08-27T15:40:41+08:00 ] 127.0.0.1 /Hdcloud/getimage
INFO: [ app_init ] --START--
INFO: Run Behavior\BuildLiteBehavior [ RunTime:0.000013s ]
INFO: [ app_init ] --END-- [ RunTime:0.000388s ]
INFO: [ app_begin ] --START--
INFO: Run Behavior\ReadHtmlCacheBehavior [ RunTime:0.001035s ]
INFO: [ app_begin ] --END-- [ RunTime:0.001198s ]

[ 2018-08-27T15:40:41+08:00 ] 127.0.0.1 /Hdcloud/__ASSETS__/images/loading.gif
INFO: [ app_init ] --START--
INFO: Run Behavior\BuildLiteBehavior [ RunTime:0.000016s ]
INFO: [ app_init ] --END-- [ RunTime:0.000585s ]

[ 2018-08-27T15:40:41+08:00 ] 127.0.0.1 /Hdcloud/getstandard
INFO: [ app_init ] --START--
INFO: Run Behavior\BuildLiteBehavior [ RunTime:0.000017s ]
INFO: [ app_init ] --END-- [ RunTime:0.000602s ]
INFO: [ app_begin ] --START--
INFO: Run Behavior\ReadHtmlCacheBehavior [ RunTime:0.001064s ]
INFO: [ app_begin ] --END-- [ RunTime:0.001143s ]
NOTIC: [8] Use of undefined constant CURLOPT_GET - assumed 'CURLOPT_GET' D:\myenv\apache\htdocs\pgyidc\Application\Home\Controller\HdcloudController.class.php 第 61 行.
NOTIC: [2] curl_setopt() expects parameter 2 to be long, string given D:\myenv\apache\htdocs\pgyidc\Application\Home\Controller\HdcloudController.class.php 第 61 行.

[ 2018-08-27T15:40:42+08:00 ] 127.0.0.1 /Hdcloud/getprice
INFO: [ app_init ] --START--
INFO: Run Behavior\BuildLiteBehavior [ RunTime:0.000015s ]
INFO: [ app_init ] --END-- [ RunTime:0.000567s ]
INFO: [ app_begin ] --START--
INFO: Run Behavior\ReadHtmlCacheBehavior [ RunTime:0.000965s ]
INFO: [ app_begin ] --END-- [ RunTime:0.001030s ]
SQL: SHOW COLUMNS FROM `jdcstandard` [ RunTime:0.0771s ]
SQL: SHOW COLUMNS FROM `jdcprice` [ RunTime:0.0700s ]
SQL: SELECT `price` FROM `jdcstandard` WHERE ( standard='g.n2.medium' ) LIMIT 1   [ RunTime:0.0014s ]
SQL: SELECT `bgp` FROM `jdcprice` WHERE ( id=1 ) LIMIT 1   [ RunTime:0.0006s ]

[ 2018-08-27T15:42:16+08:00 ] 127.0.0.1 /Hdcloud/jdcloudbuy.html
INFO: [ app_init ] --START--
INFO: Run Behavior\BuildLiteBehavior [ RunTime:0.000027s ]
INFO: [ app_init ] --END-- [ RunTime:0.001106s ]
INFO: [ app_begin ] --START--
INFO: Run Behavior\ReadHtmlCacheBehavior [ RunTime:0.001651s ]
INFO: [ app_begin ] --END-- [ RunTime:0.001769s ]
INFO: [ view_parse ] --START--
INFO: [ template_filter ] --START--
INFO: Run Behavior\ContentReplaceBehavior [ RunTime:0.000259s ]
INFO: [ template_filter ] --END-- [ RunTime:0.000321s ]
NOTIC: [8] Undefined index: loginuser D:\myenv\apache\htdocs\pgyidc\Application\Runtime\Cache\Home\2c5c93f324edb5ef9fc2ce80317a80a0.php 第 369 行.
INFO: Run Behavior\ParseTemplateBehavior [ RunTime:0.025256s ]
INFO: [ view_parse ] --END-- [ RunTime:0.025339s ]
INFO: [ view_filter ] --START--
INFO: Run Behavior\WriteHtmlCacheBehavior [ RunTime:0.000586s ]
INFO: [ view_filter ] --END-- [ RunTime:0.000631s ]
INFO: [ app_end ] --START--
INFO: Run Behavior\ShowPageTraceBehavior [ RunTime:0.001049s ]
INFO: [ app_end ] --END-- [ RunTime:0.001136s ]

[ 2018-08-27T15:42:17+08:00 ] 127.0.0.1 /Hdcloud/getimage
INFO: [ app_init ] --START--
INFO: Run Behavior\BuildLiteBehavior [ RunTime:0.000015s ]
INFO: [ app_init ] --END-- [ RunTime:0.000499s ]
INFO: [ app_begin ] --START--
INFO: Run Behavior\ReadHtmlCacheBehavior [ RunTime:0.000775s ]
INFO: [ app_begin ] --END-- [ RunTime:0.000826s ]

[ 2018-08-27T15:42:17+08:00 ] 127.0.0.1 /Hdcloud/__ASSETS__/images/loading.gif
INFO: [ app_init ] --START--
INFO: Run Behavior\BuildLiteBehavior [ RunTime:0.000014s ]
INFO: [ app_init ] --END-- [ RunTime:0.000502s ]

[ 2018-08-27T15:42:18+08:00 ] 127.0.0.1 /Hdcloud/getstandard
INFO: [ app_init ] --START--
INFO: Run Behavior\BuildLiteBehavior [ RunTime:0.000040s ]
INFO: [ app_init ] --END-- [ RunTime:0.001118s ]
INFO: [ app_begin ] --START--
INFO: Run Behavior\ReadHtmlCacheBehavior [ RunTime:0.001144s ]
INFO: [ app_begin ] --END-- [ RunTime:0.001231s ]
NOTIC: [8] Use of undefined constant CURLOPT_GET - assumed 'CURLOPT_GET' D:\myenv\apache\htdocs\pgyidc\Application\Home\Controller\HdcloudController.class.php 第 61 行.
NOTIC: [2] curl_setopt() expects parameter 2 to be long, string given D:\myenv\apache\htdocs\pgyidc\Application\Home\Controller\HdcloudController.class.php 第 61 行.

[ 2018-08-27T15:42:19+08:00 ] 127.0.0.1 /Hdcloud/getprice
INFO: [ app_init ] --START--
INFO: Run Behavior\BuildLiteBehavior [ RunTime:0.000026s ]
INFO: [ app_init ] --END-- [ RunTime:0.000954s ]
INFO: [ app_begin ] --START--
INFO: Run Behavior\ReadHtmlCacheBehavior [ RunTime:0.002233s ]
INFO: [ app_begin ] --END-- [ RunTime:0.002415s ]
SQL: SHOW COLUMNS FROM `jdcstandard` [ RunTime:0.0161s ]
SQL: SHOW COLUMNS FROM `jdcprice` [ RunTime:0.0130s ]
SQL: SELECT `price` FROM `jdcstandard` WHERE ( standard='g.n2.medium' ) LIMIT 1   [ RunTime:0.0019s ]
SQL: SELECT `bgp` FROM `jdcprice` WHERE ( id=1 ) LIMIT 1   [ RunTime:0.0012s ]

[ 2018-08-27T15:42:41+08:00 ] 127.0.0.1 /Hdcloud/jdcloudbuy.html
INFO: [ app_init ] --START--
INFO: Run Behavior\BuildLiteBehavior [ RunTime:0.000014s ]
INFO: [ app_init ] --END-- [ RunTime:0.000481s ]
INFO: [ app_begin ] --START--
INFO: Run Behavior\ReadHtmlCacheBehavior [ RunTime:0.000817s ]
INFO: [ app_begin ] --END-- [ RunTime:0.000885s ]
INFO: [ view_parse ] --START--
INFO: [ template_filter ] --START--
INFO: Run Behavior\ContentReplaceBehavior [ RunTime:0.000278s ]
INFO: [ template_filter ] --END-- [ RunTime:0.000350s ]
NOTIC: [8] Undefined index: loginuser D:\myenv\apache\htdocs\pgyidc\Application\Runtime\Cache\Home\2c5c93f324edb5ef9fc2ce80317a80a0.php 第 369 行.
INFO: Run Behavior\ParseTemplateBehavior [ RunTime:0.035220s ]
INFO: [ view_parse ] --END-- [ RunTime:0.035281s ]
INFO: [ view_filter ] --START--
INFO: Run Behavior\WriteHtmlCacheBehavior [ RunTime:0.000542s ]
INFO: [ view_filter ] --END-- [ RunTime:0.000590s ]
INFO: [ app_end ] --START--
INFO: Run Behavior\ShowPageTraceBehavior [ RunTime:0.001163s ]
INFO: [ app_end ] --END-- [ RunTime:0.001269s ]

[ 2018-08-27T15:42:42+08:00 ] 127.0.0.1 /Hdcloud/getimage
INFO: [ app_init ] --START--
INFO: Run Behavior\BuildLiteBehavior [ RunTime:0.000015s ]
INFO: [ app_init ] --END-- [ RunTime:0.000462s ]
INFO: [ app_begin ] --START--
INFO: Run Behavior\ReadHtmlCacheBehavior [ RunTime:0.000892s ]
INFO: [ app_begin ] --END-- [ RunTime:0.000961s ]

[ 2018-08-27T15:42:42+08:00 ] 127.0.0.1 /Hdcloud/__ASSETS__/images/loading.gif
INFO: [ app_init ] --START--
INFO: Run Behavior\BuildLiteBehavior [ RunTime:0.000016s ]
INFO: [ app_init ] --END-- [ RunTime:0.000626s ]

[ 2018-08-27T15:42:42+08:00 ] 127.0.0.1 /Hdcloud/getstandard
INFO: [ app_init ] --START--
INFO: Run Behavior\BuildLiteBehavior [ RunTime:0.000018s ]
INFO: [ app_init ] --END-- [ RunTime:0.000641s ]
INFO: [ app_begin ] --START--
INFO: Run Behavior\ReadHtmlCacheBehavior [ RunTime:0.000994s ]
INFO: [ app_begin ] --END-- [ RunTime:0.001065s ]
NOTIC: [8] Use of undefined constant CURLOPT_GET - assumed 'CURLOPT_GET' D:\myenv\apache\htdocs\pgyidc\Application\Home\Controller\HdcloudController.class.php 第 61 行.
NOTIC: [2] curl_setopt() expects parameter 2 to be long, string given D:\myenv\apache\htdocs\pgyidc\Application\Home\Controller\HdcloudController.class.php 第 61 行.

[ 2018-08-27T15:42:43+08:00 ] 127.0.0.1 /Hdcloud/getprice
INFO: [ app_init ] --START--
INFO: Run Behavior\BuildLiteBehavior [ RunTime:0.000017s ]
INFO: [ app_init ] --END-- [ RunTime:0.000594s ]
INFO: [ app_begin ] --START--
INFO: Run Behavior\ReadHtmlCacheBehavior [ RunTime:0.001265s ]
INFO: [ app_begin ] --END-- [ RunTime:0.001376s ]
SQL: SHOW COLUMNS FROM `jdcstandard` [ RunTime:0.0156s ]
SQL: SHOW COLUMNS FROM `jdcprice` [ RunTime:0.0159s ]
SQL: SELECT `price` FROM `jdcstandard` WHERE ( standard='g.n2.medium' ) LIMIT 1   [ RunTime:0.0021s ]
SQL: SELECT `bgp` FROM `jdcprice` WHERE ( id=1 ) LIMIT 1   [ RunTime:0.0006s ]

[ 2018-08-27T15:45:05+08:00 ] 127.0.0.1 /Hdcloud/jdcloudbuy.html
INFO: [ app_init ] --START--
INFO: Run Behavior\BuildLiteBehavior [ RunTime:0.000015s ]
INFO: [ app_init ] --END-- [ RunTime:0.000891s ]
INFO: [ app_begin ] --START--
INFO: Run Behavior\ReadHtmlCacheBehavior [ RunTime:0.000868s ]
INFO: [ app_begin ] --END-- [ RunTime:0.000923s ]
INFO: [ view_parse ] --START--
INFO: [ template_filter ] --START--
INFO: Run Behavior\ContentReplaceBehavior [ RunTime:0.000340s ]
INFO: [ template_filter ] --END-- [ RunTime:0.000407s ]
NOTIC: [8] Undefined index: loginuser D:\myenv\apache\htdocs\pgyidc\Application\Runtime\Cache\Home\2c5c93f324edb5ef9fc2ce80317a80a0.php 第 369 行.
INFO: Run Behavior\ParseTemplateBehavior [ RunTime:0.032513s ]
INFO: [ view_parse ] --END-- [ RunTime:0.032571s ]
INFO: [ view_filter ] --START--
INFO: Run Behavior\WriteHtmlCacheBehavior [ RunTime:0.000642s ]
INFO: [ view_filter ] --END-- [ RunTime:0.000684s ]
INFO: [ app_end ] --START--
INFO: Run Behavior\ShowPageTraceBehavior [ RunTime:0.001007s ]
INFO: [ app_end ] --END-- [ RunTime:0.001104s ]

[ 2018-08-27T15:45:05+08:00 ] 127.0.0.1 /Hdcloud/getimage
INFO: [ app_init ] --START--
INFO: Run Behavior\BuildLiteBehavior [ RunTime:0.000014s ]
INFO: [ app_init ] --END-- [ RunTime:0.000481s ]
INFO: [ app_begin ] --START--
INFO: Run Behavior\ReadHtmlCacheBehavior [ RunTime:0.000959s ]
INFO: [ app_begin ] --END-- [ RunTime:0.001023s ]

[ 2018-08-27T15:45:05+08:00 ] 127.0.0.1 /Hdcloud/getstandard
INFO: [ app_init ] --START--
INFO: Run Behavior\BuildLiteBehavior [ RunTime:0.000015s ]
INFO: [ app_init ] --END-- [ RunTime:0.000523s ]
INFO: [ app_begin ] --START--
INFO: Run Behavior\ReadHtmlCacheBehavior [ RunTime:0.000866s ]
INFO: [ app_begin ] --END-- [ RunTime:0.000944s ]
NOTIC: [8] Use of undefined constant CURLOPT_GET - assumed 'CURLOPT_GET' D:\myenv\apache\htdocs\pgyidc\Application\Home\Controller\HdcloudController.class.php 第 61 行.
NOTIC: [2] curl_setopt() expects parameter 2 to be long, string given D:\myenv\apache\htdocs\pgyidc\Application\Home\Controller\HdcloudController.class.php 第 61 行.

[ 2018-08-27T15:45:07+08:00 ] 127.0.0.1 /Hdcloud/getprice
INFO: [ app_init ] --START--
INFO: Run Behavior\BuildLiteBehavior [ RunTime:0.000017s ]
INFO: [ app_init ] --END-- [ RunTime:0.000717s ]
INFO: [ app_begin ] --START--
INFO: Run Behavior\ReadHtmlCacheBehavior [ RunTime:0.001251s ]
INFO: [ app_begin ] --END-- [ RunTime:0.001338s ]
SQL: SHOW COLUMNS FROM `jdcstandard` [ RunTime:0.0158s ]
SQL: SHOW COLUMNS FROM `jdcprice` [ RunTime:0.0168s ]
SQL: SELECT `price` FROM `jdcstandard` WHERE ( standard='g.n2.medium' ) LIMIT 1   [ RunTime:0.0010s ]
SQL: SELECT `bgp` FROM `jdcprice` WHERE ( id=1 ) LIMIT 1   [ RunTime:0.0008s ]

[ 2018-08-27T15:45:13+08:00 ] 127.0.0.1 /Hdcloud/getprice
INFO: [ app_init ] --START--
INFO: Run Behavior\BuildLiteBehavior [ RunTime:0.000015s ]
INFO: [ app_init ] --END-- [ RunTime:0.000529s ]
INFO: [ app_begin ] --START--
INFO: Run Behavior\ReadHtmlCacheBehavior [ RunTime:0.000854s ]
INFO: [ app_begin ] --END-- [ RunTime:0.000913s ]
SQL: SHOW COLUMNS FROM `jdcstandard` [ RunTime:0.0072s ]
SQL: SHOW COLUMNS FROM `jdcprice` [ RunTime:0.0079s ]
SQL: SELECT `price` FROM `jdcstandard` WHERE ( standard='g.n2.medium' ) LIMIT 1   [ RunTime:0.0012s ]
SQL: SELECT `bgp` FROM `jdcprice` WHERE ( id=1 ) LIMIT 1   [ RunTime:0.0007s ]

[ 2018-08-27T15:45:14+08:00 ] 127.0.0.1 /Hdcloud/getprice
INFO: [ app_init ] --START--
INFO: Run Behavior\BuildLiteBehavior [ RunTime:0.000013s ]
INFO: [ app_init ] --END-- [ RunTime:0.000468s ]
INFO: [ app_begin ] --START--
INFO: Run Behavior\ReadHtmlCacheBehavior [ RunTime:0.000913s ]
INFO: [ app_begin ] --END-- [ RunTime:0.000968s ]
SQL: SHOW COLUMNS FROM `jdcstandard` [ RunTime:0.0161s ]
SQL: SHOW COLUMNS FROM `jdcprice` [ RunTime:0.0157s ]
SQL: SELECT `price` FROM `jdcstandard` WHERE ( standard='g.n2.medium' ) LIMIT 1   [ RunTime:0.0019s ]
SQL: SELECT `bgp` FROM `jdcprice` WHERE ( id=1 ) LIMIT 1   [ RunTime:0.0013s ]

[ 2018-08-27T15:46:03+08:00 ] 127.0.0.1 /Hdcloud/jdcloudbuy.html
INFO: [ app_init ] --START--
INFO: Run Behavior\BuildLiteBehavior [ RunTime:0.000014s ]
INFO: [ app_init ] --END-- [ RunTime:0.000499s ]
INFO: [ app_begin ] --START--
INFO: Run Behavior\ReadHtmlCacheBehavior [ RunTime:0.000942s ]
INFO: [ app_begin ] --END-- [ RunTime:0.001001s ]
INFO: [ view_parse ] --START--
INFO: [ template_filter ] --START--
INFO: Run Behavior\ContentReplaceBehavior [ RunTime:0.000338s ]
INFO: [ template_filter ] --END-- [ RunTime:0.000398s ]
NOTIC: [8] Undefined index: loginuser D:\myenv\apache\htdocs\pgyidc\Application\Runtime\Cache\Home\2c5c93f324edb5ef9fc2ce80317a80a0.php 第 369 行.
INFO: Run Behavior\ParseTemplateBehavior [ RunTime:0.024044s ]
INFO: [ view_parse ] --END-- [ RunTime:0.024101s ]
INFO: [ view_filter ] --START--
INFO: Run Behavior\WriteHtmlCacheBehavior [ RunTime:0.000890s ]
INFO: [ view_filter ] --END-- [ RunTime:0.000936s ]
INFO: [ app_end ] --START--
INFO: Run Behavior\ShowPageTraceBehavior [ RunTime:0.001052s ]
INFO: [ app_end ] --END-- [ RunTime:0.001122s ]

[ 2018-08-27T15:46:03+08:00 ] 127.0.0.1 /Hdcloud/getimage
INFO: [ app_init ] --START--
INFO: Run Behavior\BuildLiteBehavior [ RunTime:0.000014s ]
INFO: [ app_init ] --END-- [ RunTime:0.000497s ]
INFO: [ app_begin ] --START--
INFO: Run Behavior\ReadHtmlCacheBehavior [ RunTime:0.000960s ]
INFO: [ app_begin ] --END-- [ RunTime:0.001023s ]

[ 2018-08-27T15:46:04+08:00 ] 127.0.0.1 /Hdcloud/getstandard
INFO: [ app_init ] --START--
INFO: Run Behavior\BuildLiteBehavior [ RunTime:0.000015s ]
INFO: [ app_init ] --END-- [ RunTime:0.000509s ]
INFO: [ app_begin ] --START--
INFO: Run Behavior\ReadHtmlCacheBehavior [ RunTime:0.000880s ]
INFO: [ app_begin ] --END-- [ RunTime:0.000969s ]
NOTIC: [8] Use of undefined constant CURLOPT_GET - assumed 'CURLOPT_GET' D:\myenv\apache\htdocs\pgyidc\Application\Home\Controller\HdcloudController.class.php 第 61 行.
NOTIC: [2] curl_setopt() expects parameter 2 to be long, string given D:\myenv\apache\htdocs\pgyidc\Application\Home\Controller\HdcloudController.class.php 第 61 行.

[ 2018-08-27T15:46:05+08:00 ] 127.0.0.1 /Hdcloud/getprice
INFO: [ app_init ] --START--
INFO: Run Behavior\BuildLiteBehavior [ RunTime:0.000014s ]
INFO: [ app_init ] --END-- [ RunTime:0.000519s ]
INFO: [ app_begin ] --START--
INFO: Run Behavior\ReadHtmlCacheBehavior [ RunTime:0.000862s ]
INFO: [ app_begin ] --END-- [ RunTime:0.000915s ]
SQL: SHOW COLUMNS FROM `jdcstandard` [ RunTime:0.1128s ]
SQL: SHOW COLUMNS FROM `jdcprice` [ RunTime:0.0158s ]
SQL: SELECT `price` FROM `jdcstandard` WHERE ( standard='g.n2.medium' ) LIMIT 1   [ RunTime:0.0046s ]
SQL: SELECT `bgp` FROM `jdcprice` WHERE ( id=1 ) LIMIT 1   [ RunTime:0.0022s ]

[ 2018-08-27T15:46:12+08:00 ] 127.0.0.1 /Hdcloud/jdcloudbuy.html
INFO: [ app_init ] --START--
INFO: Run Behavior\BuildLiteBehavior [ RunTime:0.000014s ]
INFO: [ app_init ] --END-- [ RunTime:0.000527s ]
INFO: [ app_begin ] --START--
INFO: Run Behavior\ReadHtmlCacheBehavior [ RunTime:0.000791s ]
INFO: [ app_begin ] --END-- [ RunTime:0.000855s ]
INFO: [ view_parse ] --START--
INFO: [ template_filter ] --START--
INFO: Run Behavior\ContentReplaceBehavior [ RunTime:0.000714s ]
INFO: [ template_filter ] --END-- [ RunTime:0.000835s ]
NOTIC: [8] Undefined index: loginuser D:\myenv\apache\htdocs\pgyidc\Application\Runtime\Cache\Home\2c5c93f324edb5ef9fc2ce80317a80a0.php 第 369 行.
INFO: Run Behavior\ParseTemplateBehavior [ RunTime:0.031401s ]
INFO: [ view_parse ] --END-- [ RunTime:0.031488s ]
INFO: [ view_filter ] --START--
INFO: Run Behavior\WriteHtmlCacheBehavior [ RunTime:0.001130s ]
INFO: [ view_filter ] --END-- [ RunTime:0.001223s ]
INFO: [ app_end ] --START--
INFO: Run Behavior\ShowPageTraceBehavior [ RunTime:0.001605s ]
INFO: [ app_end ] --END-- [ RunTime:0.001733s ]

[ 2018-08-27T15:46:13+08:00 ] 127.0.0.1 /Hdcloud/getimage
INFO: [ app_init ] --START--
INFO: Run Behavior\BuildLiteBehavior [ RunTime:0.000014s ]
INFO: [ app_init ] --END-- [ RunTime:0.000523s ]
INFO: [ app_begin ] --START--
INFO: Run Behavior\ReadHtmlCacheBehavior [ RunTime:0.000687s ]
INFO: [ app_begin ] --END-- [ RunTime:0.000741s ]

[ 2018-08-27T15:46:13+08:00 ] 127.0.0.1 /Hdcloud/getstandard
INFO: [ app_init ] --START--
INFO: Run Behavior\BuildLiteBehavior [ RunTime:0.000018s ]
INFO: [ app_init ] --END-- [ RunTime:0.000612s ]
INFO: [ app_begin ] --START--
INFO: Run Behavior\ReadHtmlCacheBehavior [ RunTime:0.000844s ]
INFO: [ app_begin ] --END-- [ RunTime:0.000921s ]
NOTIC: [8] Use of undefined constant CURLOPT_GET - assumed 'CURLOPT_GET' D:\myenv\apache\htdocs\pgyidc\Application\Home\Controller\HdcloudController.class.php 第 61 行.
NOTIC: [2] curl_setopt() expects parameter 2 to be long, string given D:\myenv\apache\htdocs\pgyidc\Application\Home\Controller\HdcloudController.class.php 第 61 行.

[ 2018-08-27T15:46:14+08:00 ] 127.0.0.1 /Hdcloud/getprice
INFO: [ app_init ] --START--
INFO: Run Behavior\BuildLiteBehavior [ RunTime:0.000019s ]
INFO: [ app_init ] --END-- [ RunTime:0.000673s ]
INFO: [ app_begin ] --START--
INFO: Run Behavior\ReadHtmlCacheBehavior [ RunTime:0.000858s ]
INFO: [ app_begin ] --END-- [ RunTime:0.000931s ]
SQL: SHOW COLUMNS FROM `jdcstandard` [ RunTime:0.0146s ]
SQL: SHOW COLUMNS FROM `jdcprice` [ RunTime:0.0139s ]
SQL: SELECT `price` FROM `jdcstandard` WHERE ( standard='g.n2.medium' ) LIMIT 1   [ RunTime:0.0014s ]
SQL: SELECT `bgp` FROM `jdcprice` WHERE ( id=1 ) LIMIT 1   [ RunTime:0.0006s ]

[ 2018-08-27T15:46:36+08:00 ] 127.0.0.1 /Hdcloud/jdcloudbuy.html
INFO: [ app_init ] --START--
INFO: Run Behavior\BuildLiteBehavior [ RunTime:0.000018s ]
INFO: [ app_init ] --END-- [ RunTime:0.000613s ]
INFO: [ app_begin ] --START--
INFO: Run Behavior\ReadHtmlCacheBehavior [ RunTime:0.000930s ]
INFO: [ app_begin ] --END-- [ RunTime:0.001011s ]
INFO: [ view_parse ] --START--
INFO: [ template_filter ] --START--
INFO: Run Behavior\ContentReplaceBehavior [ RunTime:0.000322s ]
INFO: [ template_filter ] --END-- [ RunTime:0.000383s ]
NOTIC: [8] Undefined index: loginuser D:\myenv\apache\htdocs\pgyidc\Application\Runtime\Cache\Home\2c5c93f324edb5ef9fc2ce80317a80a0.php 第 369 行.
INFO: Run Behavior\ParseTemplateBehavior [ RunTime:0.027871s ]
INFO: [ view_parse ] --END-- [ RunTime:0.027932s ]
INFO: [ view_filter ] --START--
INFO: Run Behavior\WriteHtmlCacheBehavior [ RunTime:0.000612s ]
INFO: [ view_filter ] --END-- [ RunTime:0.000657s ]
INFO: [ app_end ] --START--
INFO: Run Behavior\ShowPageTraceBehavior [ RunTime:0.000942s ]
INFO: [ app_end ] --END-- [ RunTime:0.001018s ]

[ 2018-08-27T15:46:36+08:00 ] 127.0.0.1 /Hdcloud/getimage
INFO: [ app_init ] --START--
INFO: Run Behavior\BuildLiteBehavior [ RunTime:0.000014s ]
INFO: [ app_init ] --END-- [ RunTime:0.000478s ]
INFO: [ app_begin ] --START--
INFO: Run Behavior\ReadHtmlCacheBehavior [ RunTime:0.000743s ]
INFO: [ app_begin ] --END-- [ RunTime:0.000799s ]

[ 2018-08-27T15:46:36+08:00 ] 127.0.0.1 /Hdcloud/getstandard
INFO: [ app_init ] --START--
INFO: Run Behavior\BuildLiteBehavior [ RunTime:0.000015s ]
INFO: [ app_init ] --END-- [ RunTime:0.000498s ]
INFO: [ app_begin ] --START--
INFO: Run Behavior\ReadHtmlCacheBehavior [ RunTime:0.000780s ]
INFO: [ app_begin ] --END-- [ RunTime:0.000840s ]
NOTIC: [8] Use of undefined constant CURLOPT_GET - assumed 'CURLOPT_GET' D:\myenv\apache\htdocs\pgyidc\Application\Home\Controller\HdcloudController.class.php 第 61 行.
NOTIC: [2] curl_setopt() expects parameter 2 to be long, string given D:\myenv\apache\htdocs\pgyidc\Application\Home\Controller\HdcloudController.class.php 第 61 行.

[ 2018-08-27T15:46:37+08:00 ] 127.0.0.1 /Hdcloud/getprice
INFO: [ app_init ] --START--
INFO: Run Behavior\BuildLiteBehavior [ RunTime:0.000015s ]
INFO: [ app_init ] --END-- [ RunTime:0.000566s ]
INFO: [ app_begin ] --START--
INFO: Run Behavior\ReadHtmlCacheBehavior [ RunTime:0.001076s ]
INFO: [ app_begin ] --END-- [ RunTime:0.001156s ]
SQL: SHOW COLUMNS FROM `jdcstandard` [ RunTime:0.0074s ]
SQL: SHOW COLUMNS FROM `jdcprice` [ RunTime:0.0075s ]
SQL: SELECT `price` FROM `jdcstandard` WHERE ( standard='g.n2.medium' ) LIMIT 1   [ RunTime:0.0012s ]
SQL: SELECT `bgp` FROM `jdcprice` WHERE ( id=1 ) LIMIT 1   [ RunTime:0.0005s ]

[ 2018-08-27T15:46:41+08:00 ] 127.0.0.1 /Hdcloud/getprice
INFO: [ app_init ] --START--
INFO: Run Behavior\BuildLiteBehavior [ RunTime:0.000015s ]
INFO: [ app_init ] --END-- [ RunTime:0.000604s ]
INFO: [ app_begin ] --START--
INFO: Run Behavior\ReadHtmlCacheBehavior [ RunTime:0.000866s ]
INFO: [ app_begin ] --END-- [ RunTime:0.000933s ]
SQL: SHOW COLUMNS FROM `jdcstandard` [ RunTime:0.0071s ]
SQL: SHOW COLUMNS FROM `jdcprice` [ RunTime:0.0074s ]
SQL: SELECT `price` FROM `jdcstandard` WHERE ( standard='g.n2.medium' ) LIMIT 1   [ RunTime:0.0013s ]
SQL: SELECT `bgp` FROM `jdcprice` WHERE ( id=1 ) LIMIT 1   [ RunTime:0.0006s ]

[ 2018-08-27T15:46:47+08:00 ] 127.0.0.1 /Hdcloud/getprice
INFO: [ app_init ] --START--
INFO: Run Behavior\BuildLiteBehavior [ RunTime:0.000012s ]
INFO: [ app_init ] --END-- [ RunTime:0.000495s ]
INFO: [ app_begin ] --START--
INFO: Run Behavior\ReadHtmlCacheBehavior [ RunTime:0.000728s ]
INFO: [ app_begin ] --END-- [ RunTime:0.000779s ]
SQL: SHOW COLUMNS FROM `jdcstandard` [ RunTime:0.0151s ]
SQL: SHOW COLUMNS FROM `jdcprice` [ RunTime:0.0167s ]
SQL: SELECT `price` FROM `jdcstandard` WHERE ( standard='g.n2.medium' ) LIMIT 1   [ RunTime:0.0031s ]
SQL: SELECT `bgp` FROM `jdcprice` WHERE ( id=1 ) LIMIT 1   [ RunTime:0.0016s ]

[ 2018-08-27T15:46:51+08:00 ] 127.0.0.1 /Hdcloud/getprice
INFO: [ app_init ] --START--
INFO: Run Behavior\BuildLiteBehavior [ RunTime:0.000026s ]
INFO: [ app_init ] --END-- [ RunTime:0.001065s ]
INFO: [ app_begin ] --START--
INFO: Run Behavior\ReadHtmlCacheBehavior [ RunTime:0.001574s ]
INFO: [ app_begin ] --END-- [ RunTime:0.001687s ]
SQL: SHOW COLUMNS FROM `jdcstandard` [ RunTime:0.0149s ]
SQL: SHOW COLUMNS FROM `jdcprice` [ RunTime:0.0111s ]
SQL: SELECT `price` FROM `jdcstandard` WHERE ( standard='g.n2.medium' ) LIMIT 1   [ RunTime:0.0016s ]
SQL: SELECT `bgp` FROM `jdcprice` WHERE ( id=1 ) LIMIT 1   [ RunTime:0.0010s ]

[ 2018-08-27T15:47:10+08:00 ] 127.0.0.1 /Hdcloud/getprice
INFO: [ app_init ] --START--
INFO: Run Behavior\BuildLiteBehavior [ RunTime:0.000013s ]
INFO: [ app_init ] --END-- [ RunTime:0.000485s ]
INFO: [ app_begin ] --START--
INFO: Run Behavior\ReadHtmlCacheBehavior [ RunTime:0.000754s ]
INFO: [ app_begin ] --END-- [ RunTime:0.000815s ]
SQL: SHOW COLUMNS FROM `jdcstandard` [ RunTime:0.0154s ]
SQL: SHOW COLUMNS FROM `jdcprice` [ RunTime:0.0122s ]
SQL: SELECT `price` FROM `jdcstandard` WHERE ( standard='g.n2.medium' ) LIMIT 1   [ RunTime:0.0014s ]
SQL: SELECT `bgp` FROM `jdcprice` WHERE ( id=1 ) LIMIT 1   [ RunTime:0.0009s ]

[ 2018-08-27T15:48:02+08:00 ] 127.0.0.1 /Hdcloud/getprice
INFO: [ app_init ] --START--
INFO: Run Behavior\BuildLiteBehavior [ RunTime:0.000014s ]
INFO: [ app_init ] --END-- [ RunTime:0.000473s ]
INFO: [ app_begin ] --START--
INFO: Run Behavior\ReadHtmlCacheBehavior [ RunTime:0.000762s ]
INFO: [ app_begin ] --END-- [ RunTime:0.000811s ]
SQL: SHOW COLUMNS FROM `jdcstandard` [ RunTime:0.0075s ]
SQL: SHOW COLUMNS FROM `jdcprice` [ RunTime:0.0079s ]
SQL: SELECT `price` FROM `jdcstandard` WHERE ( standard='g.n2.medium' ) LIMIT 1   [ RunTime:0.0013s ]
SQL: SELECT `bgp` FROM `jdcprice` WHERE ( id=1 ) LIMIT 1   [ RunTime:0.0004s ]

[ 2018-08-27T15:48:09+08:00 ] 127.0.0.1 /Hdcloud/getprice
INFO: [ app_init ] --START--
INFO: Run Behavior\BuildLiteBehavior [ RunTime:0.000013s ]
INFO: [ app_init ] --END-- [ RunTime:0.000466s ]
INFO: [ app_begin ] --START--
INFO: Run Behavior\ReadHtmlCacheBehavior [ RunTime:0.000747s ]
INFO: [ app_begin ] --END-- [ RunTime:0.000801s ]
SQL: SHOW COLUMNS FROM `jdcstandard` [ RunTime:0.0167s ]
SQL: SHOW COLUMNS FROM `jdcprice` [ RunTime:0.0170s ]
SQL: SELECT `price` FROM `jdcstandard` WHERE ( standard='g.n2.medium' ) LIMIT 1   [ RunTime:0.0023s ]
SQL: SELECT `bgp` FROM `jdcprice` WHERE ( id=1 ) LIMIT 1   [ RunTime:0.0012s ]

[ 2018-08-27T15:48:17+08:00 ] 127.0.0.1 /Hdcloud/getprice
INFO: [ app_init ] --START--
INFO: Run Behavior\BuildLiteBehavior [ RunTime:0.000013s ]
INFO: [ app_init ] --END-- [ RunTime:0.000527s ]
INFO: [ app_begin ] --START--
INFO: Run Behavior\ReadHtmlCacheBehavior [ RunTime:0.000746s ]
INFO: [ app_begin ] --END-- [ RunTime:0.000797s ]
SQL: SHOW COLUMNS FROM `jdcstandard` [ RunTime:0.0152s ]
SQL: SHOW COLUMNS FROM `jdcprice` [ RunTime:0.0145s ]
SQL: SELECT `price` FROM `jdcstandard` WHERE ( standard='g.n2.medium' ) LIMIT 1   [ RunTime:0.0015s ]
SQL: SELECT `bgp` FROM `jdcprice` WHERE ( id=1 ) LIMIT 1   [ RunTime:0.0013s ]

[ 2018-08-27T15:48:24+08:00 ] 127.0.0.1 /Hdcloud/getprice
INFO: [ app_init ] --START--
INFO: Run Behavior\BuildLiteBehavior [ RunTime:0.000015s ]
INFO: [ app_init ] --END-- [ RunTime:0.000536s ]
INFO: [ app_begin ] --START--
INFO: Run Behavior\ReadHtmlCacheBehavior [ RunTime:0.000809s ]
INFO: [ app_begin ] --END-- [ RunTime:0.000866s ]
SQL: SHOW COLUMNS FROM `jdcstandard` [ RunTime:0.0162s ]
SQL: SHOW COLUMNS FROM `jdcprice` [ RunTime:0.0105s ]
SQL: SELECT `price` FROM `jdcstandard` WHERE ( standard='g.n2.medium' ) LIMIT 1   [ RunTime:0.0016s ]
SQL: SELECT `bgp` FROM `jdcprice` WHERE ( id=1 ) LIMIT 1   [ RunTime:0.0012s ]

[ 2018-08-27T15:48:30+08:00 ] 127.0.0.1 /Hdcloud/getprice
INFO: [ app_init ] --START--
INFO: Run Behavior\BuildLiteBehavior [ RunTime:0.000012s ]
INFO: [ app_init ] --END-- [ RunTime:0.000469s ]
INFO: [ app_begin ] --START--
INFO: Run Behavior\ReadHtmlCacheBehavior [ RunTime:0.000717s ]
INFO: [ app_begin ] --END-- [ RunTime:0.000771s ]
SQL: SHOW COLUMNS FROM `jdcstandard` [ RunTime:0.0157s ]
SQL: SHOW COLUMNS FROM `jdcprice` [ RunTime:0.0166s ]
SQL: SELECT `price` FROM `jdcstandard` WHERE ( standard='g.n2.medium' ) LIMIT 1   [ RunTime:0.0033s ]
SQL: SELECT `bgp` FROM `jdcprice` WHERE ( id=1 ) LIMIT 1   [ RunTime:0.0017s ]

[ 2018-08-27T15:49:28+08:00 ] 127.0.0.1 /Hdcloud/getprice
INFO: [ app_init ] --START--
INFO: Run Behavior\BuildLiteBehavior [ RunTime:0.000025s ]
INFO: [ app_init ] --END-- [ RunTime:0.000724s ]
INFO: [ app_begin ] --START--
INFO: Run Behavior\ReadHtmlCacheBehavior [ RunTime:0.000987s ]
INFO: [ app_begin ] --END-- [ RunTime:0.001069s ]
SQL: SHOW COLUMNS FROM `jdcstandard` [ RunTime:0.0173s ]
SQL: SHOW COLUMNS FROM `jdcprice` [ RunTime:0.0133s ]
SQL: SELECT `price` FROM `jdcstandard` WHERE ( standard='g.n2.medium' ) LIMIT 1   [ RunTime:0.0013s ]
SQL: SELECT `bgp` FROM `jdcprice` WHERE ( id=1 ) LIMIT 1   [ RunTime:0.0006s ]

[ 2018-08-27T15:49:32+08:00 ] 127.0.0.1 /Hdcloud/getprice
INFO: [ app_init ] --START--
INFO: Run Behavior\BuildLiteBehavior [ RunTime:0.000015s ]
INFO: [ app_init ] --END-- [ RunTime:0.000581s ]
INFO: [ app_begin ] --START--
INFO: Run Behavior\ReadHtmlCacheBehavior [ RunTime:0.000863s ]
INFO: [ app_begin ] --END-- [ RunTime:0.000926s ]
SQL: SHOW COLUMNS FROM `jdcstandard` [ RunTime:0.0150s ]
SQL: SHOW COLUMNS FROM `jdcprice` [ RunTime:0.0159s ]
SQL: SELECT `price` FROM `jdcstandard` WHERE ( standard='g.n2.medium' ) LIMIT 1   [ RunTime:0.0029s ]
SQL: SELECT `bgp` FROM `jdcprice` WHERE ( id=1 ) LIMIT 1   [ RunTime:0.0012s ]

[ 2018-08-27T15:49:36+08:00 ] 127.0.0.1 /Hdcloud/getprice
INFO: [ app_init ] --START--
INFO: Run Behavior\BuildLiteBehavior [ RunTime:0.000027s ]
INFO: [ app_init ] --END-- [ RunTime:0.001016s ]
INFO: [ app_begin ] --START--
INFO: Run Behavior\ReadHtmlCacheBehavior [ RunTime:0.000979s ]
INFO: [ app_begin ] --END-- [ RunTime:0.001072s ]
SQL: SHOW COLUMNS FROM `jdcstandard` [ RunTime:0.0157s ]
SQL: SHOW COLUMNS FROM `jdcprice` [ RunTime:0.0136s ]
SQL: SELECT `price` FROM `jdcstandard` WHERE ( standard='g.n2.medium' ) LIMIT 1   [ RunTime:0.0016s ]
SQL: SELECT `bgp` FROM `jdcprice` WHERE ( id=1 ) LIMIT 1   [ RunTime:0.0009s ]

[ 2018-08-27T15:49:39+08:00 ] 127.0.0.1 /Hdcloud/getprice
INFO: [ app_init ] --START--
INFO: Run Behavior\BuildLiteBehavior [ RunTime:0.000014s ]
INFO: [ app_init ] --END-- [ RunTime:0.000514s ]
INFO: [ app_begin ] --START--
INFO: Run Behavior\ReadHtmlCacheBehavior [ RunTime:0.000780s ]
INFO: [ app_begin ] --END-- [ RunTime:0.000837s ]
SQL: SHOW COLUMNS FROM `jdcstandard` [ RunTime:0.0152s ]
SQL: SHOW COLUMNS FROM `jdcprice` [ RunTime:0.0153s ]
SQL: SELECT `price` FROM `jdcstandard` WHERE ( standard='g.n2.medium' ) LIMIT 1   [ RunTime:0.0025s ]
SQL: SELECT `bgp` FROM `jdcprice` WHERE ( id=1 ) LIMIT 1   [ RunTime:0.0019s ]

[ 2018-08-27T15:49:45+08:00 ] 127.0.0.1 /Hdcloud/getprice
INFO: [ app_init ] --START--
INFO: Run Behavior\BuildLiteBehavior [ RunTime:0.000013s ]
INFO: [ app_init ] --END-- [ RunTime:0.000485s ]
INFO: [ app_begin ] --START--
INFO: Run Behavior\ReadHtmlCacheBehavior [ RunTime:0.000832s ]
INFO: [ app_begin ] --END-- [ RunTime:0.000887s ]
SQL: SHOW COLUMNS FROM `jdcstandard` [ RunTime:0.0157s ]
SQL: SHOW COLUMNS FROM `jdcprice` [ RunTime:0.0081s ]
SQL: SELECT `price` FROM `jdcstandard` WHERE ( standard='g.n2.medium' ) LIMIT 1   [ RunTime:0.0012s ]
SQL: SELECT `bgp` FROM `jdcprice` WHERE ( id=1 ) LIMIT 1   [ RunTime:0.0009s ]

[ 2018-08-27T15:49:48+08:00 ] 127.0.0.1 /Hdcloud/getprice
INFO: [ app_init ] --START--
INFO: Run Behavior\BuildLiteBehavior [ RunTime:0.000014s ]
INFO: [ app_init ] --END-- [ RunTime:0.000503s ]
INFO: [ app_begin ] --START--
INFO: Run Behavior\ReadHtmlCacheBehavior [ RunTime:0.000760s ]
INFO: [ app_begin ] --END-- [ RunTime:0.000823s ]
SQL: SHOW COLUMNS FROM `jdcstandard` [ RunTime:0.0080s ]
SQL: SHOW COLUMNS FROM `jdcprice` [ RunTime:0.0085s ]
SQL: SELECT `price` FROM `jdcstandard` WHERE ( standard='g.n2.medium' ) LIMIT 1   [ RunTime:0.0019s ]
SQL: SELECT `bgp` FROM `jdcprice` WHERE ( id=1 ) LIMIT 1   [ RunTime:0.0008s ]

[ 2018-08-27T15:49:51+08:00 ] 127.0.0.1 /Hdcloud/getprice
INFO: [ app_init ] --START--
INFO: Run Behavior\BuildLiteBehavior [ RunTime:0.000018s ]
INFO: [ app_init ] --END-- [ RunTime:0.000681s ]
INFO: [ app_begin ] --START--
INFO: Run Behavior\ReadHtmlCacheBehavior [ RunTime:0.000962s ]
INFO: [ app_begin ] --END-- [ RunTime:0.001033s ]
SQL: SHOW COLUMNS FROM `jdcstandard` [ RunTime:0.0152s ]
SQL: SHOW COLUMNS FROM `jdcprice` [ RunTime:0.0159s ]
SQL: SELECT `price` FROM `jdcstandard` WHERE ( standard='g.n2.medium' ) LIMIT 1   [ RunTime:0.0030s ]
SQL: SELECT `bgp` FROM `jdcprice` WHERE ( id=1 ) LIMIT 1   [ RunTime:0.0015s ]

[ 2018-08-27T15:49:59+08:00 ] 127.0.0.1 /Hdcloud/getprice
INFO: [ app_init ] --START--
INFO: Run Behavior\BuildLiteBehavior [ RunTime:0.000014s ]
INFO: [ app_init ] --END-- [ RunTime:0.000478s ]
INFO: [ app_begin ] --START--
INFO: Run Behavior\ReadHtmlCacheBehavior [ RunTime:0.000727s ]
INFO: [ app_begin ] --END-- [ RunTime:0.000780s ]
SQL: SHOW COLUMNS FROM `jdcstandard` [ RunTime:0.0153s ]
SQL: SHOW COLUMNS FROM `jdcprice` [ RunTime:0.0158s ]
SQL: SELECT `price` FROM `jdcstandard` WHERE ( standard='g.n2.medium' ) LIMIT 1   [ RunTime:0.0017s ]
SQL: SELECT `bgp` FROM `jdcprice` WHERE ( id=1 ) LIMIT 1   [ RunTime:0.0010s ]

[ 2018-08-27T15:50:08+08:00 ] 127.0.0.1 /Hdcloud/getprice
INFO: [ app_init ] --START--
INFO: Run Behavior\BuildLiteBehavior [ RunTime:0.000016s ]
INFO: [ app_init ] --END-- [ RunTime:0.000553s ]
INFO: [ app_begin ] --START--
INFO: Run Behavior\ReadHtmlCacheBehavior [ RunTime:0.000856s ]
INFO: [ app_begin ] --END-- [ RunTime:0.000915s ]
SQL: SHOW COLUMNS FROM `jdcstandard` [ RunTime:0.0147s ]
SQL: SHOW COLUMNS FROM `jdcprice` [ RunTime:0.0113s ]
SQL: SELECT `price` FROM `jdcstandard` WHERE ( standard='g.n2.medium' ) LIMIT 1   [ RunTime:0.0014s ]
SQL: SELECT `bgp` FROM `jdcprice` WHERE ( id=1 ) LIMIT 1   [ RunTime:0.0009s ]

[ 2018-08-27T15:50:29+08:00 ] 127.0.0.1 /Hdcloud/getprice
INFO: [ app_init ] --START--
INFO: Run Behavior\BuildLiteBehavior [ RunTime:0.000013s ]
INFO: [ app_init ] --END-- [ RunTime:0.000497s ]
INFO: [ app_begin ] --START--
INFO: Run Behavior\ReadHtmlCacheBehavior [ RunTime:0.000636s ]
INFO: [ app_begin ] --END-- [ RunTime:0.000685s ]
SQL: SHOW COLUMNS FROM `jdcstandard` [ RunTime:0.0160s ]
SQL: SHOW COLUMNS FROM `jdcprice` [ RunTime:0.0158s ]
SQL: SELECT `price` FROM `jdcstandard` WHERE ( standard='g.n2.medium' ) LIMIT 1   [ RunTime:0.0027s ]
SQL: SELECT `bgp` FROM `jdcprice` WHERE ( id=1 ) LIMIT 1   [ RunTime:0.0014s ]

[ 2018-08-27T15:50:32+08:00 ] 127.0.0.1 /Hdcloud/getprice
INFO: [ app_init ] --START--
INFO: Run Behavior\BuildLiteBehavior [ RunTime:0.000015s ]
INFO: [ app_init ] --END-- [ RunTime:0.000558s ]
INFO: [ app_begin ] --START--
INFO: Run Behavior\ReadHtmlCacheBehavior [ RunTime:0.000676s ]
INFO: [ app_begin ] --END-- [ RunTime:0.000734s ]
SQL: SHOW COLUMNS FROM `jdcstandard` [ RunTime:0.0158s ]
SQL: SHOW COLUMNS FROM `jdcprice` [ RunTime:0.0155s ]
SQL: SELECT `price` FROM `jdcstandard` WHERE ( standard='g.n2.medium' ) LIMIT 1   [ RunTime:0.0029s ]
SQL: SELECT `bgp` FROM `jdcprice` WHERE ( id=1 ) LIMIT 1   [ RunTime:0.0016s ]

[ 2018-08-27T15:50:55+08:00 ] 127.0.0.1 /Hdcloud/getprice
INFO: [ app_init ] --START--
INFO: Run Behavior\BuildLiteBehavior [ RunTime:0.000015s ]
INFO: [ app_init ] --END-- [ RunTime:0.000533s ]
INFO: [ app_begin ] --START--
INFO: Run Behavior\ReadHtmlCacheBehavior [ RunTime:0.000836s ]
INFO: [ app_begin ] --END-- [ RunTime:0.000899s ]
SQL: SHOW COLUMNS FROM `jdcstandard` [ RunTime:0.0159s ]
SQL: SHOW COLUMNS FROM `jdcprice` [ RunTime:0.0117s ]
SQL: SELECT `price` FROM `jdcstandard` WHERE ( standard='g.n2.medium' ) LIMIT 1   [ RunTime:0.0016s ]
SQL: SELECT `bgp` FROM `jdcprice` WHERE ( id=1 ) LIMIT 1   [ RunTime:0.0011s ]

[ 2018-08-27T15:50:59+08:00 ] 127.0.0.1 /Hdcloud/getprice
INFO: [ app_init ] --START--
INFO: Run Behavior\BuildLiteBehavior [ RunTime:0.000014s ]
INFO: [ app_init ] --END-- [ RunTime:0.000526s ]
INFO: [ app_begin ] --START--
INFO: Run Behavior\ReadHtmlCacheBehavior [ RunTime:0.000631s ]
INFO: [ app_begin ] --END-- [ RunTime:0.000692s ]
SQL: SHOW COLUMNS FROM `jdcstandard` [ RunTime:0.0156s ]
SQL: SHOW COLUMNS FROM `jdcprice` [ RunTime:0.0125s ]
SQL: SELECT `price` FROM `jdcstandard` WHERE ( standard='g.n2.medium' ) LIMIT 1   [ RunTime:0.0009s ]
SQL: SELECT `bgp` FROM `jdcprice` WHERE ( id=1 ) LIMIT 1   [ RunTime:0.0007s ]

[ 2018-08-27T15:51:03+08:00 ] 127.0.0.1 /Hdcloud/getprice
INFO: [ app_init ] --START--
INFO: Run Behavior\BuildLiteBehavior [ RunTime:0.000013s ]
INFO: [ app_init ] --END-- [ RunTime:0.000480s ]
INFO: [ app_begin ] --START--
INFO: Run Behavior\ReadHtmlCacheBehavior [ RunTime:0.000606s ]
INFO: [ app_begin ] --END-- [ RunTime:0.000658s ]
SQL: SHOW COLUMNS FROM `jdcstandard` [ RunTime:0.0072s ]
SQL: SHOW COLUMNS FROM `jdcprice` [ RunTime:0.0074s ]
SQL: SELECT `price` FROM `jdcstandard` WHERE ( standard='g.n2.medium' ) LIMIT 1   [ RunTime:0.0010s ]
SQL: SELECT `bgp` FROM `jdcprice` WHERE ( id=1 ) LIMIT 1   [ RunTime:0.0008s ]

[ 2018-08-27T15:51:09+08:00 ] 127.0.0.1 /Hdcloud/getprice
INFO: [ app_init ] --START--
INFO: Run Behavior\BuildLiteBehavior [ RunTime:0.000014s ]
INFO: [ app_init ] --END-- [ RunTime:0.000577s ]
INFO: [ app_begin ] --START--
INFO: Run Behavior\ReadHtmlCacheBehavior [ RunTime:0.000727s ]
INFO: [ app_begin ] --END-- [ RunTime:0.000787s ]
SQL: SHOW COLUMNS FROM `jdcstandard` [ RunTime:0.0150s ]
SQL: SHOW COLUMNS FROM `jdcprice` [ RunTime:0.0159s ]
SQL: SELECT `price` FROM `jdcstandard` WHERE ( standard='g.n2.medium' ) LIMIT 1   [ RunTime:0.0029s ]
SQL: SELECT `bgp` FROM `jdcprice` WHERE ( id=1 ) LIMIT 1   [ RunTime:0.0011s ]

[ 2018-08-27T15:51:18+08:00 ] 127.0.0.1 /Hdcloud/getprice
INFO: [ app_init ] --START--
INFO: Run Behavior\BuildLiteBehavior [ RunTime:0.000015s ]
INFO: [ app_init ] --END-- [ RunTime:0.000572s ]
INFO: [ app_begin ] --START--
INFO: Run Behavior\ReadHtmlCacheBehavior [ RunTime:0.000695s ]
INFO: [ app_begin ] --END-- [ RunTime:0.000755s ]
SQL: SHOW COLUMNS FROM `jdcstandard` [ RunTime:0.0153s ]
SQL: SHOW COLUMNS FROM `jdcprice` [ RunTime:0.0157s ]
SQL: SELECT `price` FROM `jdcstandard` WHERE ( standard='g.n2.medium' ) LIMIT 1   [ RunTime:0.0030s ]
SQL: SELECT `bgp` FROM `jdcprice` WHERE ( id=1 ) LIMIT 1   [ RunTime:0.0015s ]

[ 2018-08-27T15:51:22+08:00 ] 127.0.0.1 /Hdcloud/getprice
INFO: [ app_init ] --START--
INFO: Run Behavior\BuildLiteBehavior [ RunTime:0.000015s ]
INFO: [ app_init ] --END-- [ RunTime:0.000547s ]
INFO: [ app_begin ] --START--
INFO: Run Behavior\ReadHtmlCacheBehavior [ RunTime:0.000692s ]
INFO: [ app_begin ] --END-- [ RunTime:0.000753s ]
SQL: SHOW COLUMNS FROM `jdcstandard` [ RunTime:0.0162s ]
SQL: SHOW COLUMNS FROM `jdcprice` [ RunTime:0.0162s ]
SQL: SELECT `price` FROM `jdcstandard` WHERE ( standard='g.n2.medium' ) LIMIT 1   [ RunTime:0.0023s ]
SQL: SELECT `bgp` FROM `jdcprice` WHERE ( id=1 ) LIMIT 1   [ RunTime:0.0012s ]

[ 2018-08-27T15:51:24+08:00 ] 127.0.0.1 /Hdcloud/jdcloudbuy.html
INFO: [ app_init ] --START--
INFO: Run Behavior\BuildLiteBehavior [ RunTime:0.000027s ]
INFO: [ app_init ] --END-- [ RunTime:0.000940s ]
INFO: [ app_begin ] --START--
INFO: Run Behavior\ReadHtmlCacheBehavior [ RunTime:0.001336s ]
INFO: [ app_begin ] --END-- [ RunTime:0.001458s ]
INFO: [ view_parse ] --START--
INFO: [ template_filter ] --START--
INFO: Run Behavior\ContentReplaceBehavior [ RunTime:0.000369s ]
INFO: [ template_filter ] --END-- [ RunTime:0.000442s ]
NOTIC: [8] Undefined index: loginuser D:\myenv\apache\htdocs\pgyidc\Application\Runtime\Cache\Home\2c5c93f324edb5ef9fc2ce80317a80a0.php 第 369 行.
INFO: Run Behavior\ParseTemplateBehavior [ RunTime:0.025056s ]
INFO: [ view_parse ] --END-- [ RunTime:0.025112s ]
INFO: [ view_filter ] --START--
INFO: Run Behavior\WriteHtmlCacheBehavior [ RunTime:0.000613s ]
INFO: [ view_filter ] --END-- [ RunTime:0.000662s ]
INFO: [ app_end ] --START--
INFO: Run Behavior\ShowPageTraceBehavior [ RunTime:0.000857s ]
INFO: [ app_end ] --END-- [ RunTime:0.000934s ]

[ 2018-08-27T15:51:25+08:00 ] 127.0.0.1 /Hdcloud/getimage
INFO: [ app_init ] --START--
INFO: Run Behavior\BuildLiteBehavior [ RunTime:0.000014s ]
INFO: [ app_init ] --END-- [ RunTime:0.000472s ]
INFO: [ app_begin ] --START--
INFO: Run Behavior\ReadHtmlCacheBehavior [ RunTime:0.000612s ]
INFO: [ app_begin ] --END-- [ RunTime:0.000663s ]

[ 2018-08-27T15:51:25+08:00 ] 127.0.0.1 /Hdcloud/getstandard
INFO: [ app_init ] --START--
INFO: Run Behavior\BuildLiteBehavior [ RunTime:0.000026s ]
INFO: [ app_init ] --END-- [ RunTime:0.000980s ]
INFO: [ app_begin ] --START--
INFO: Run Behavior\ReadHtmlCacheBehavior [ RunTime:0.001189s ]
INFO: [ app_begin ] --END-- [ RunTime:0.001307s ]
NOTIC: [8] Use of undefined constant CURLOPT_GET - assumed 'CURLOPT_GET' D:\myenv\apache\htdocs\pgyidc\Application\Home\Controller\HdcloudController.class.php 第 61 行.
NOTIC: [2] curl_setopt() expects parameter 2 to be long, string given D:\myenv\apache\htdocs\pgyidc\Application\Home\Controller\HdcloudController.class.php 第 61 行.

[ 2018-08-27T15:51:26+08:00 ] 127.0.0.1 /Hdcloud/getprice
INFO: [ app_init ] --START--
INFO: Run Behavior\BuildLiteBehavior [ RunTime:0.000015s ]
INFO: [ app_init ] --END-- [ RunTime:0.000506s ]
INFO: [ app_begin ] --START--
INFO: Run Behavior\ReadHtmlCacheBehavior [ RunTime:0.000980s ]
INFO: [ app_begin ] --END-- [ RunTime:0.001069s ]
SQL: SHOW COLUMNS FROM `jdcstandard` [ RunTime:0.0146s ]
SQL: SHOW COLUMNS FROM `jdcprice` [ RunTime:0.0163s ]
SQL: SELECT `price` FROM `jdcstandard` WHERE ( standard='g.n2.medium' ) LIMIT 1   [ RunTime:0.0040s ]
SQL: SELECT `bgp` FROM `jdcprice` WHERE ( id=1 ) LIMIT 1   [ RunTime:0.0011s ]

[ 2018-08-27T15:51:29+08:00 ] 127.0.0.1 /Hdcloud/getprice
INFO: [ app_init ] --START--
INFO: Run Behavior\BuildLiteBehavior [ RunTime:0.000017s ]
INFO: [ app_init ] --END-- [ RunTime:0.000672s ]
INFO: [ app_begin ] --START--
INFO: Run Behavior\ReadHtmlCacheBehavior [ RunTime:0.000857s ]
INFO: [ app_begin ] --END-- [ RunTime:0.000945s ]
SQL: SHOW COLUMNS FROM `jdcstandard` [ RunTime:0.0161s ]
SQL: SHOW COLUMNS FROM `jdcprice` [ RunTime:0.0162s ]
SQL: SELECT `price` FROM `jdcstandard` WHERE ( standard='g.n2.medium' ) LIMIT 1   [ RunTime:0.0031s ]
SQL: SELECT `bgp` FROM `jdcprice` WHERE ( id=1 ) LIMIT 1   [ RunTime:0.0019s ]

[ 2018-08-27T15:51:35+08:00 ] 127.0.0.1 /Hdcloud/getprice
INFO: [ app_init ] --START--
INFO: Run Behavior\BuildLiteBehavior [ RunTime:0.000012s ]
INFO: [ app_init ] --END-- [ RunTime:0.000524s ]
INFO: [ app_begin ] --START--
INFO: Run Behavior\ReadHtmlCacheBehavior [ RunTime:0.000783s ]
INFO: [ app_begin ] --END-- [ RunTime:0.000855s ]
SQL: SHOW COLUMNS FROM `jdcstandard` [ RunTime:0.0075s ]
SQL: SHOW COLUMNS FROM `jdcprice` [ RunTime:0.0075s ]
SQL: SELECT `price` FROM `jdcstandard` WHERE ( standard='g.n2.medium' ) LIMIT 1   [ RunTime:0.0013s ]
SQL: SELECT `bgp` FROM `jdcprice` WHERE ( id=1 ) LIMIT 1   [ RunTime:0.0005s ]

[ 2018-08-27T15:52:02+08:00 ] 127.0.0.1 /Hdcloud/jdcloudbuy.html
INFO: [ app_init ] --START--
INFO: Run Behavior\BuildLiteBehavior [ RunTime:0.000017s ]
INFO: [ app_init ] --END-- [ RunTime:0.000654s ]
INFO: [ app_begin ] --START--
INFO: Run Behavior\ReadHtmlCacheBehavior [ RunTime:0.000868s ]
INFO: [ app_begin ] --END-- [ RunTime:0.000946s ]
INFO: [ view_parse ] --START--
INFO: [ template_filter ] --START--
INFO: Run Behavior\ContentReplaceBehavior [ RunTime:0.000457s ]
INFO: [ template_filter ] --END-- [ RunTime:0.000544s ]
NOTIC: [8] Undefined index: loginuser D:\myenv\apache\htdocs\pgyidc\Application\Runtime\Cache\Home\2c5c93f324edb5ef9fc2ce80317a80a0.php 第 369 行.
INFO: Run Behavior\ParseTemplateBehavior [ RunTime:0.030960s ]
INFO: [ view_parse ] --END-- [ RunTime:0.031027s ]
INFO: [ view_filter ] --START--
INFO: Run Behavior\WriteHtmlCacheBehavior [ RunTime:0.000716s ]
INFO: [ view_filter ] --END-- [ RunTime:0.000781s ]
INFO: [ app_end ] --START--
INFO: Run Behavior\ShowPageTraceBehavior [ RunTime:0.001239s ]
INFO: [ app_end ] --END-- [ RunTime:0.001542s ]

[ 2018-08-27T15:52:03+08:00 ] 127.0.0.1 /Hdcloud/getimage
INFO: [ app_init ] --START--
INFO: Run Behavior\BuildLiteBehavior [ RunTime:0.000014s ]
INFO: [ app_init ] --END-- [ RunTime:0.000452s ]
INFO: [ app_begin ] --START--
INFO: Run Behavior\ReadHtmlCacheBehavior [ RunTime:0.000711s ]
INFO: [ app_begin ] --END-- [ RunTime:0.000778s ]

[ 2018-08-27T15:52:04+08:00 ] 127.0.0.1 /Hdcloud/getstandard
INFO: [ app_init ] --START--
INFO: Run Behavior\BuildLiteBehavior [ RunTime:0.000014s ]
INFO: [ app_init ] --END-- [ RunTime:0.000489s ]
INFO: [ app_begin ] --START--
INFO: Run Behavior\ReadHtmlCacheBehavior [ RunTime:0.000772s ]
INFO: [ app_begin ] --END-- [ RunTime:0.000837s ]
NOTIC: [8] Use of undefined constant CURLOPT_GET - assumed 'CURLOPT_GET' D:\myenv\apache\htdocs\pgyidc\Application\Home\Controller\HdcloudController.class.php 第 61 行.
NOTIC: [2] curl_setopt() expects parameter 2 to be long, string given D:\myenv\apache\htdocs\pgyidc\Application\Home\Controller\HdcloudController.class.php 第 61 行.

[ 2018-08-27T15:52:05+08:00 ] 127.0.0.1 /Hdcloud/getprice
INFO: [ app_init ] --START--
INFO: Run Behavior\BuildLiteBehavior [ RunTime:0.000017s ]
INFO: [ app_init ] --END-- [ RunTime:0.000606s ]
INFO: [ app_begin ] --START--
INFO: Run Behavior\ReadHtmlCacheBehavior [ RunTime:0.000853s ]
INFO: [ app_begin ] --END-- [ RunTime:0.000923s ]
SQL: SHOW COLUMNS FROM `jdcstandard` [ RunTime:0.0213s ]
SQL: SHOW COLUMNS FROM `jdcprice` [ RunTime:0.0170s ]
SQL: SELECT `price` FROM `jdcstandard` WHERE ( standard='g.n2.medium' ) LIMIT 1   [ RunTime:0.0018s ]
SQL: SELECT `bgp` FROM `jdcprice` WHERE ( id=1 ) LIMIT 1   [ RunTime:0.0006s ]

[ 2018-08-27T15:52:08+08:00 ] 127.0.0.1 /Hdcloud/getprice
INFO: [ app_init ] --START--
INFO: Run Behavior\BuildLiteBehavior [ RunTime:0.000016s ]
INFO: [ app_init ] --END-- [ RunTime:0.000596s ]
INFO: [ app_begin ] --START--
INFO: Run Behavior\ReadHtmlCacheBehavior [ RunTime:0.000747s ]
INFO: [ app_begin ] --END-- [ RunTime:0.000812s ]
SQL: SHOW COLUMNS FROM `jdcstandard` [ RunTime:0.0148s ]
SQL: SHOW COLUMNS FROM `jdcprice` [ RunTime:0.0137s ]
SQL: SELECT `price` FROM `jdcstandard` WHERE ( standard='g.n2.medium' ) LIMIT 1   [ RunTime:0.0016s ]
SQL: SELECT `bgp` FROM `jdcprice` WHERE ( id=1 ) LIMIT 1   [ RunTime:0.0008s ]

[ 2018-08-27T15:52:14+08:00 ] 127.0.0.1 /Hdcloud/getprice
INFO: [ app_init ] --START--
INFO: Run Behavior\BuildLiteBehavior [ RunTime:0.000013s ]
INFO: [ app_init ] --END-- [ RunTime:0.000525s ]
INFO: [ app_begin ] --START--
INFO: Run Behavior\ReadHtmlCacheBehavior [ RunTime:0.000768s ]
INFO: [ app_begin ] --END-- [ RunTime:0.000821s ]
SQL: SHOW COLUMNS FROM `jdcstandard` [ RunTime:0.0089s ]
SQL: SHOW COLUMNS FROM `jdcprice` [ RunTime:0.0080s ]
SQL: SELECT `price` FROM `jdcstandard` WHERE ( standard='g.n2.medium' ) LIMIT 1   [ RunTime:0.0015s ]
SQL: SELECT `bgp` FROM `jdcprice` WHERE ( id=1 ) LIMIT 1   [ RunTime:0.0008s ]

[ 2018-08-27T15:52:25+08:00 ] 127.0.0.1 /Hdcloud/getprice
INFO: [ app_init ] --START--
INFO: Run Behavior\BuildLiteBehavior [ RunTime:0.000015s ]
INFO: [ app_init ] --END-- [ RunTime:0.000511s ]
INFO: [ app_begin ] --START--
INFO: Run Behavior\ReadHtmlCacheBehavior [ RunTime:0.000707s ]
INFO: [ app_begin ] --END-- [ RunTime:0.000768s ]
SQL: SHOW COLUMNS FROM `jdcstandard` [ RunTime:0.0164s ]
SQL: SHOW COLUMNS FROM `jdcprice` [ RunTime:0.0161s ]
SQL: SELECT `price` FROM `jdcstandard` WHERE ( standard='g.n2.medium' ) LIMIT 1   [ RunTime:0.0016s ]
SQL: SELECT `bgp` FROM `jdcprice` WHERE ( id=1 ) LIMIT 1   [ RunTime:0.0012s ]
SQL: SELECT `highpan` FROM `jdcprice` WHERE ( id=1 ) LIMIT 1   [ RunTime:0.0011s ]

[ 2018-08-27T15:53:53+08:00 ] 127.0.0.1 /Hdcloud/jdcloudbuy.html
INFO: [ app_init ] --START--
INFO: Run Behavior\BuildLiteBehavior [ RunTime:0.000015s ]
INFO: [ app_init ] --END-- [ RunTime:0.000476s ]
INFO: [ app_begin ] --START--
INFO: Run Behavior\ReadHtmlCacheBehavior [ RunTime:0.000634s ]
INFO: [ app_begin ] --END-- [ RunTime:0.000691s ]
INFO: [ view_parse ] --START--
INFO: [ template_filter ] --START--
INFO: Run Behavior\ContentReplaceBehavior [ RunTime:0.000359s ]
INFO: [ template_filter ] --END-- [ RunTime:0.000427s ]
NOTIC: [8] Undefined index: loginuser D:\myenv\apache\htdocs\pgyidc\Application\Runtime\Cache\Home\2c5c93f324edb5ef9fc2ce80317a80a0.php 第 369 行.
INFO: Run Behavior\ParseTemplateBehavior [ RunTime:0.025322s ]
INFO: [ view_parse ] --END-- [ RunTime:0.025378s ]
INFO: [ view_filter ] --START--
INFO: Run Behavior\WriteHtmlCacheBehavior [ RunTime:0.000584s ]
INFO: [ view_filter ] --END-- [ RunTime:0.000627s ]
INFO: [ app_end ] --START--
INFO: Run Behavior\ShowPageTraceBehavior [ RunTime:0.000884s ]
INFO: [ app_end ] --END-- [ RunTime:0.000961s ]

[ 2018-08-27T15:53:54+08:00 ] 127.0.0.1 /Hdcloud/getimage
INFO: [ app_init ] --START--
INFO: Run Behavior\BuildLiteBehavior [ RunTime:0.000019s ]
INFO: [ app_init ] --END-- [ RunTime:0.000507s ]
INFO: [ app_begin ] --START--
INFO: Run Behavior\ReadHtmlCacheBehavior [ RunTime:0.000690s ]
INFO: [ app_begin ] --END-- [ RunTime:0.000768s ]

[ 2018-08-27T15:53:54+08:00 ] 127.0.0.1 /Hdcloud/getstandard
INFO: [ app_init ] --START--
INFO: Run Behavior\BuildLiteBehavior [ RunTime:0.000014s ]
INFO: [ app_init ] --END-- [ RunTime:0.000469s ]
INFO: [ app_begin ] --START--
INFO: Run Behavior\ReadHtmlCacheBehavior [ RunTime:0.000649s ]
INFO: [ app_begin ] --END-- [ RunTime:0.000711s ]
NOTIC: [8] Use of undefined constant CURLOPT_GET - assumed 'CURLOPT_GET' D:\myenv\apache\htdocs\pgyidc\Application\Home\Controller\HdcloudController.class.php 第 61 行.
NOTIC: [2] curl_setopt() expects parameter 2 to be long, string given D:\myenv\apache\htdocs\pgyidc\Application\Home\Controller\HdcloudController.class.php 第 61 行.

[ 2018-08-27T15:53:55+08:00 ] 127.0.0.1 /Hdcloud/getprice
INFO: [ app_init ] --START--
INFO: Run Behavior\BuildLiteBehavior [ RunTime:0.000018s ]
INFO: [ app_init ] --END-- [ RunTime:0.000670s ]
INFO: [ app_begin ] --START--
INFO: Run Behavior\ReadHtmlCacheBehavior [ RunTime:0.000820s ]
INFO: [ app_begin ] --END-- [ RunTime:0.000894s ]
SQL: SHOW COLUMNS FROM `jdcstandard` [ RunTime:0.0156s ]
SQL: SHOW COLUMNS FROM `jdcprice` [ RunTime:0.0128s ]
SQL: SELECT `price` FROM `jdcstandard` WHERE ( standard='g.n2.medium' ) LIMIT 1   [ RunTime:0.0016s ]
SQL: SELECT `bgp` FROM `jdcprice` WHERE ( id=1 ) LIMIT 1   [ RunTime:0.0010s ]

[ 2018-08-27T15:53:58+08:00 ] 127.0.0.1 /Hdcloud/getprice
INFO: [ app_init ] --START--
INFO: Run Behavior\BuildLiteBehavior [ RunTime:0.000014s ]
INFO: [ app_init ] --END-- [ RunTime:0.000512s ]
INFO: [ app_begin ] --START--
INFO: Run Behavior\ReadHtmlCacheBehavior [ RunTime:0.000802s ]
INFO: [ app_begin ] --END-- [ RunTime:0.000877s ]
SQL: SHOW COLUMNS FROM `jdcstandard` [ RunTime:0.0149s ]
SQL: SHOW COLUMNS FROM `jdcprice` [ RunTime:0.0136s ]
SQL: SELECT `price` FROM `jdcstandard` WHERE ( standard='g.n2.medium' ) LIMIT 1   [ RunTime:0.0014s ]
SQL: SELECT `bgp` FROM `jdcprice` WHERE ( id=1 ) LIMIT 1   [ RunTime:0.0006s ]

[ 2018-08-27T15:54:03+08:00 ] 127.0.0.1 /Hdcloud/getprice
INFO: [ app_init ] --START--
INFO: Run Behavior\BuildLiteBehavior [ RunTime:0.000013s ]
INFO: [ app_init ] --END-- [ RunTime:0.000458s ]
INFO: [ app_begin ] --START--
INFO: Run Behavior\ReadHtmlCacheBehavior [ RunTime:0.000587s ]
INFO: [ app_begin ] --END-- [ RunTime:0.000639s ]
SQL: SHOW COLUMNS FROM `jdcstandard` [ RunTime:0.0091s ]
SQL: SHOW COLUMNS FROM `jdcprice` [ RunTime:0.0083s ]
SQL: SELECT `price` FROM `jdcstandard` WHERE ( standard='g.n2.medium' ) LIMIT 1   [ RunTime:0.0011s ]
SQL: SELECT `bgp` FROM `jdcprice` WHERE ( id=1 ) LIMIT 1   [ RunTime:0.0008s ]
SQL: SELECT `highpan` FROM `jdcprice` WHERE ( id=1 ) LIMIT 1   [ RunTime:0.0007s ]

[ 2018-08-27T15:54:33+08:00 ] 127.0.0.1 /Hdcloud/getprice
INFO: [ app_init ] --START--
INFO: Run Behavior\BuildLiteBehavior [ RunTime:0.000024s ]
INFO: [ app_init ] --END-- [ RunTime:0.000661s ]
INFO: [ app_begin ] --START--
INFO: Run Behavior\ReadHtmlCacheBehavior [ RunTime:0.000726s ]
INFO: [ app_begin ] --END-- [ RunTime:0.000778s ]
SQL: SHOW COLUMNS FROM `jdcstandard` [ RunTime:0.0150s ]
SQL: SHOW COLUMNS FROM `jdcprice` [ RunTime:0.0166s ]
SQL: SELECT `price` FROM `jdcstandard` WHERE ( standard='g.n2.medium' ) LIMIT 1   [ RunTime:0.0017s ]
SQL: SELECT `bgp` FROM `jdcprice` WHERE ( id=1 ) LIMIT 1   [ RunTime:0.0006s ]

[ 2018-08-27T15:54:35+08:00 ] 127.0.0.1 /Hdcloud/getprice
INFO: [ app_init ] --START--
INFO: Run Behavior\BuildLiteBehavior [ RunTime:0.000015s ]
INFO: [ app_init ] --END-- [ RunTime:0.000534s ]
INFO: [ app_begin ] --START--
INFO: Run Behavior\ReadHtmlCacheBehavior [ RunTime:0.000668s ]
INFO: [ app_begin ] --END-- [ RunTime:0.000733s ]
SQL: SHOW COLUMNS FROM `jdcstandard` [ RunTime:0.0146s ]
SQL: SHOW COLUMNS FROM `jdcprice` [ RunTime:0.0162s ]
SQL: SELECT `price` FROM `jdcstandard` WHERE ( standard='g.n2.medium' ) LIMIT 1   [ RunTime:0.0015s ]
SQL: SELECT `bgp` FROM `jdcprice` WHERE ( id=1 ) LIMIT 1   [ RunTime:0.0005s ]

[ 2018-08-27T15:54:39+08:00 ] 127.0.0.1 /Hdcloud/getprice
INFO: [ app_init ] --START--
INFO: Run Behavior\BuildLiteBehavior [ RunTime:0.000013s ]
INFO: [ app_init ] --END-- [ RunTime:0.000629s ]
INFO: [ app_begin ] --START--
INFO: Run Behavior\ReadHtmlCacheBehavior [ RunTime:0.000642s ]
INFO: [ app_begin ] --END-- [ RunTime:0.000693s ]
SQL: SHOW COLUMNS FROM `jdcstandard` [ RunTime:0.0122s ]
SQL: SHOW COLUMNS FROM `jdcprice` [ RunTime:0.0076s ]
SQL: SELECT `price` FROM `jdcstandard` WHERE ( standard='g.n2.medium' ) LIMIT 1   [ RunTime:0.0015s ]
SQL: SELECT `bgp` FROM `jdcprice` WHERE ( id=1 ) LIMIT 1   [ RunTime:0.0009s ]
SQL: SELECT `highpan` FROM `jdcprice` WHERE ( id=1 ) LIMIT 1   [ RunTime:0.0008s ]

[ 2018-08-27T15:57:27+08:00 ] 127.0.0.1 /Hdcloud/jdcloudbuy.html
INFO: [ app_init ] --START--
INFO: Run Behavior\BuildLiteBehavior [ RunTime:0.000026s ]
INFO: [ app_init ] --END-- [ RunTime:0.001053s ]
INFO: [ app_begin ] --START--
INFO: Run Behavior\ReadHtmlCacheBehavior [ RunTime:0.001532s ]
INFO: [ app_begin ] --END-- [ RunTime:0.001657s ]
INFO: [ view_parse ] --START--
INFO: [ template_filter ] --START--
INFO: Run Behavior\ContentReplaceBehavior [ RunTime:0.000335s ]
INFO: [ template_filter ] --END-- [ RunTime:0.000397s ]
NOTIC: [8] Undefined index: loginuser D:\myenv\apache\htdocs\pgyidc\Application\Runtime\Cache\Home\2c5c93f324edb5ef9fc2ce80317a80a0.php 第 369 行.
INFO: Run Behavior\ParseTemplateBehavior [ RunTime:0.030293s ]
INFO: [ view_parse ] --END-- [ RunTime:0.030371s ]
INFO: [ view_filter ] --START--
INFO: Run Behavior\WriteHtmlCacheBehavior [ RunTime:0.000575s ]
INFO: [ view_filter ] --END-- [ RunTime:0.000617s ]
INFO: [ app_end ] --START--
INFO: Run Behavior\ShowPageTraceBehavior [ RunTime:0.000971s ]
INFO: [ app_end ] --END-- [ RunTime:0.001044s ]

[ 2018-08-27T15:57:28+08:00 ] 127.0.0.1 /Hdcloud/getimage
INFO: [ app_init ] --START--
INFO: Run Behavior\BuildLiteBehavior [ RunTime:0.000014s ]
INFO: [ app_init ] --END-- [ RunTime:0.000473s ]
INFO: [ app_begin ] --START--
INFO: Run Behavior\ReadHtmlCacheBehavior [ RunTime:0.000690s ]
INFO: [ app_begin ] --END-- [ RunTime:0.000837s ]

[ 2018-08-27T15:57:28+08:00 ] 127.0.0.1 /Hdcloud/getstandard
INFO: [ app_init ] --START--
INFO: Run Behavior\BuildLiteBehavior [ RunTime:0.000016s ]
INFO: [ app_init ] --END-- [ RunTime:0.000544s ]
INFO: [ app_begin ] --START--
INFO: Run Behavior\ReadHtmlCacheBehavior [ RunTime:0.000728s ]
INFO: [ app_begin ] --END-- [ RunTime:0.000790s ]
NOTIC: [8] Use of undefined constant CURLOPT_GET - assumed 'CURLOPT_GET' D:\myenv\apache\htdocs\pgyidc\Application\Home\Controller\HdcloudController.class.php 第 61 行.
NOTIC: [2] curl_setopt() expects parameter 2 to be long, string given D:\myenv\apache\htdocs\pgyidc\Application\Home\Controller\HdcloudController.class.php 第 61 行.

[ 2018-08-27T15:57:30+08:00 ] 127.0.0.1 /Hdcloud/getprice
INFO: [ app_init ] --START--
INFO: Run Behavior\BuildLiteBehavior [ RunTime:0.000015s ]
INFO: [ app_init ] --END-- [ RunTime:0.000547s ]
INFO: [ app_begin ] --START--
INFO: Run Behavior\ReadHtmlCacheBehavior [ RunTime:0.000711s ]
INFO: [ app_begin ] --END-- [ RunTime:0.000773s ]
SQL: SHOW COLUMNS FROM `jdcstandard` [ RunTime:0.0149s ]
SQL: SHOW COLUMNS FROM `jdcprice` [ RunTime:0.0163s ]
SQL: SELECT `price` FROM `jdcstandard` WHERE ( standard='g.n2.medium' ) LIMIT 1   [ RunTime:0.0030s ]
SQL: SELECT `bgp` FROM `jdcprice` WHERE ( id=1 ) LIMIT 1   [ RunTime:0.0014s ]

[ 2018-08-27T15:57:31+08:00 ] 127.0.0.1 /Hdcloud/getprice
INFO: [ app_init ] --START--
INFO: Run Behavior\BuildLiteBehavior [ RunTime:0.000013s ]
INFO: [ app_init ] --END-- [ RunTime:0.000541s ]
INFO: [ app_begin ] --START--
INFO: Run Behavior\ReadHtmlCacheBehavior [ RunTime:0.000893s ]
INFO: [ app_begin ] --END-- [ RunTime:0.000957s ]
SQL: SHOW COLUMNS FROM `jdcstandard` [ RunTime:0.0157s ]
SQL: SHOW COLUMNS FROM `jdcprice` [ RunTime:0.0118s ]
SQL: SELECT `price` FROM `jdcstandard` WHERE ( standard='g.n2.medium' ) LIMIT 1   [ RunTime:0.0016s ]
SQL: SELECT `bgp` FROM `jdcprice` WHERE ( id=1 ) LIMIT 1   [ RunTime:0.0011s ]

[ 2018-08-27T15:57:33+08:00 ] 127.0.0.1 /Hdcloud/getprice
INFO: [ app_init ] --START--
INFO: Run Behavior\BuildLiteBehavior [ RunTime:0.000014s ]
INFO: [ app_init ] --END-- [ RunTime:0.000751s ]
INFO: [ app_begin ] --START--
INFO: Run Behavior\ReadHtmlCacheBehavior [ RunTime:0.000911s ]
INFO: [ app_begin ] --END-- [ RunTime:0.000981s ]
SQL: SHOW COLUMNS FROM `jdcstandard` [ RunTime:0.0151s ]
SQL: SHOW COLUMNS FROM `jdcprice` [ RunTime:0.0157s ]
SQL: SELECT `price` FROM `jdcstandard` WHERE ( standard='g.n2.medium' ) LIMIT 1   [ RunTime:0.0032s ]
SQL: SELECT `bgp` FROM `jdcprice` WHERE ( id=1 ) LIMIT 1   [ RunTime:0.0017s ]
SQL: SELECT `highpan` FROM `jdcprice` WHERE ( id=1 ) LIMIT 1   [ RunTime:0.0018s ]

[ 2018-08-27T15:57:38+08:00 ] 127.0.0.1 /Hdcloud/getprice
INFO: [ app_init ] --START--
INFO: Run Behavior\BuildLiteBehavior [ RunTime:0.000015s ]
INFO: [ app_init ] --END-- [ RunTime:0.000590s ]
INFO: [ app_begin ] --START--
INFO: Run Behavior\ReadHtmlCacheBehavior [ RunTime:0.000922s ]
INFO: [ app_begin ] --END-- [ RunTime:0.000988s ]
SQL: SHOW COLUMNS FROM `jdcstandard` [ RunTime:0.0264s ]
SQL: SHOW COLUMNS FROM `jdcprice` [ RunTime:0.0394s ]
SQL: SELECT `price` FROM `jdcstandard` WHERE ( standard='g.n2.medium' ) LIMIT 1   [ RunTime:0.0013s ]
SQL: SELECT `bgp` FROM `jdcprice` WHERE ( id=1 ) LIMIT 1   [ RunTime:0.0007s ]
SQL: SELECT `ssdpan` FROM `jdcprice` WHERE ( id=1 ) LIMIT 1   [ RunTime:0.0007s ]

[ 2018-08-27T15:57:43+08:00 ] 127.0.0.1 /Hdcloud/getprice
INFO: [ app_init ] --START--
INFO: Run Behavior\BuildLiteBehavior [ RunTime:0.000014s ]
INFO: [ app_init ] --END-- [ RunTime:0.000460s ]
INFO: [ app_begin ] --START--
INFO: Run Behavior\ReadHtmlCacheBehavior [ RunTime:0.001094s ]
INFO: [ app_begin ] --END-- [ RunTime:0.001177s ]
SQL: SHOW COLUMNS FROM `jdcstandard` [ RunTime:0.0076s ]
SQL: SHOW COLUMNS FROM `jdcprice` [ RunTime:0.0076s ]
SQL: SELECT `price` FROM `jdcstandard` WHERE ( standard='g.n2.medium' ) LIMIT 1   [ RunTime:0.0013s ]
SQL: SELECT `bgp` FROM `jdcprice` WHERE ( id=1 ) LIMIT 1   [ RunTime:0.0008s ]

[ 2018-08-27T15:57:50+08:00 ] 127.0.0.1 /Hdcloud/getprice
INFO: [ app_init ] --START--
INFO: Run Behavior\BuildLiteBehavior [ RunTime:0.000015s ]
INFO: [ app_init ] --END-- [ RunTime:0.000550s ]
INFO: [ app_begin ] --START--
INFO: Run Behavior\ReadHtmlCacheBehavior [ RunTime:0.000820s ]
INFO: [ app_begin ] --END-- [ RunTime:0.000885s ]
SQL: SHOW COLUMNS FROM `jdcstandard` [ RunTime:0.0080s ]
SQL: SHOW COLUMNS FROM `jdcprice` [ RunTime:0.0101s ]
SQL: SELECT `price` FROM `jdcstandard` WHERE ( standard='g.n2.medium' ) LIMIT 1   [ RunTime:0.0023s ]
SQL: SELECT `bgp` FROM `jdcprice` WHERE ( id=1 ) LIMIT 1   [ RunTime:0.0008s ]

[ 2018-08-27T15:57:59+08:00 ] 127.0.0.1 /Hdcloud/getprice
INFO: [ app_init ] --START--
INFO: Run Behavior\BuildLiteBehavior [ RunTime:0.000015s ]
INFO: [ app_init ] --END-- [ RunTime:0.000574s ]
INFO: [ app_begin ] --START--
INFO: Run Behavior\ReadHtmlCacheBehavior [ RunTime:0.000937s ]
INFO: [ app_begin ] --END-- [ RunTime:0.001005s ]
SQL: SHOW COLUMNS FROM `jdcstandard` [ RunTime:0.0153s ]
SQL: SHOW COLUMNS FROM `jdcprice` [ RunTime:0.0167s ]
SQL: SELECT `price` FROM `jdcstandard` WHERE ( standard='g.n2.medium' ) LIMIT 1   [ RunTime:0.0033s ]
SQL: SELECT `bgp` FROM `jdcprice` WHERE ( id=1 ) LIMIT 1   [ RunTime:0.0013s ]
SQL: SELECT `highpan` FROM `jdcprice` WHERE ( id=1 ) LIMIT 1   [ RunTime:0.0013s ]

[ 2018-08-27T15:58:04+08:00 ] 127.0.0.1 /Hdcloud/getprice
INFO: [ app_init ] --START--
INFO: Run Behavior\BuildLiteBehavior [ RunTime:0.000013s ]
INFO: [ app_init ] --END-- [ RunTime:0.000511s ]
INFO: [ app_begin ] --START--
INFO: Run Behavior\ReadHtmlCacheBehavior [ RunTime:0.000781s ]
INFO: [ app_begin ] --END-- [ RunTime:0.000833s ]
SQL: SHOW COLUMNS FROM `jdcstandard` [ RunTime:0.0154s ]
SQL: SHOW COLUMNS FROM `jdcprice` [ RunTime:0.0147s ]
SQL: SELECT `price` FROM `jdcstandard` WHERE ( standard='g.n2.medium' ) LIMIT 1   [ RunTime:0.0011s ]
SQL: SELECT `bgp` FROM `jdcprice` WHERE ( id=1 ) LIMIT 1   [ RunTime:0.0007s ]

[ 2018-08-27T15:58:16+08:00 ] 127.0.0.1 /Hdcloud/getprice
INFO: [ app_init ] --START--
INFO: Run Behavior\BuildLiteBehavior [ RunTime:0.000014s ]
INFO: [ app_init ] --END-- [ RunTime:0.000476s ]
INFO: [ app_begin ] --START--
INFO: Run Behavior\ReadHtmlCacheBehavior [ RunTime:0.001006s ]
INFO: [ app_begin ] --END-- [ RunTime:0.001102s ]
SQL: SHOW COLUMNS FROM `jdcstandard` [ RunTime:0.0086s ]
SQL: SHOW COLUMNS FROM `jdcprice` [ RunTime:0.0089s ]
SQL: SELECT `price` FROM `jdcstandard` WHERE ( standard='g.n2.medium' ) LIMIT 1   [ RunTime:0.0014s ]
SQL: SELECT `bgp` FROM `jdcprice` WHERE ( id=1 ) LIMIT 1   [ RunTime:0.0004s ]

[ 2018-08-27T15:58:20+08:00 ] 127.0.0.1 /Hdcloud/getprice
INFO: [ app_init ] --START--
INFO: Run Behavior\BuildLiteBehavior [ RunTime:0.000013s ]
INFO: [ app_init ] --END-- [ RunTime:0.000493s ]
INFO: [ app_begin ] --START--
INFO: Run Behavior\ReadHtmlCacheBehavior [ RunTime:0.000931s ]
INFO: [ app_begin ] --END-- [ RunTime:0.000999s ]
SQL: SHOW COLUMNS FROM `jdcstandard` [ RunTime:0.0071s ]
SQL: SHOW COLUMNS FROM `jdcprice` [ RunTime:0.0075s ]
SQL: SELECT `price` FROM `jdcstandard` WHERE ( standard='g.n2.medium' ) LIMIT 1   [ RunTime:0.0013s ]
SQL: SELECT `bgp` FROM `jdcprice` WHERE ( id=1 ) LIMIT 1   [ RunTime:0.0007s ]
SQL: SELECT `highpan` FROM `jdcprice` WHERE ( id=1 ) LIMIT 1   [ RunTime:0.0007s ]

[ 2018-08-27T15:58:22+08:00 ] 127.0.0.1 /Hdcloud/getprice
INFO: [ app_init ] --START--
INFO: Run Behavior\BuildLiteBehavior [ RunTime:0.000013s ]
INFO: [ app_init ] --END-- [ RunTime:0.000463s ]
INFO: [ app_begin ] --START--
INFO: Run Behavior\ReadHtmlCacheBehavior [ RunTime:0.000991s ]
INFO: [ app_begin ] --END-- [ RunTime:0.001068s ]
SQL: SHOW COLUMNS FROM `jdcstandard` [ RunTime:0.0078s ]
SQL: SHOW COLUMNS FROM `jdcprice` [ RunTime:0.0083s ]
SQL: SELECT `price` FROM `jdcstandard` WHERE ( standard='g.n2.medium' ) LIMIT 1   [ RunTime:0.0016s ]
SQL: SELECT `bgp` FROM `jdcprice` WHERE ( id=1 ) LIMIT 1   [ RunTime:0.0009s ]
SQL: SELECT `highpan` FROM `jdcprice` WHERE ( id=1 ) LIMIT 1   [ RunTime:0.0008s ]
SQL: SELECT `highpan` FROM `jdcprice` WHERE ( id=1 ) LIMIT 1   [ RunTime:0.0008s ]

[ 2018-08-27T15:58:27+08:00 ] 127.0.0.1 /Hdcloud/getprice
INFO: [ app_init ] --START--
INFO: Run Behavior\BuildLiteBehavior [ RunTime:0.000018s ]
INFO: [ app_init ] --END-- [ RunTime:0.000627s ]
INFO: [ app_begin ] --START--
INFO: Run Behavior\ReadHtmlCacheBehavior [ RunTime:0.000992s ]
INFO: [ app_begin ] --END-- [ RunTime:0.001065s ]
SQL: SHOW COLUMNS FROM `jdcstandard` [ RunTime:0.0152s ]
SQL: SHOW COLUMNS FROM `jdcprice` [ RunTime:0.0162s ]
SQL: SELECT `price` FROM `jdcstandard` WHERE ( standard='g.n2.medium' ) LIMIT 1   [ RunTime:0.0029s ]
SQL: SELECT `bgp` FROM `jdcprice` WHERE ( id=1 ) LIMIT 1   [ RunTime:0.0016s ]
SQL: SELECT `highpan` FROM `jdcprice` WHERE ( id=1 ) LIMIT 1   [ RunTime:0.0015s ]
SQL: SELECT `highpan` FROM `jdcprice` WHERE ( id=1 ) LIMIT 1   [ RunTime:0.0007s ]

[ 2018-08-27T15:58:30+08:00 ] 127.0.0.1 /Hdcloud/getprice
INFO: [ app_init ] --START--
INFO: Run Behavior\BuildLiteBehavior [ RunTime:0.000014s ]
INFO: [ app_init ] --END-- [ RunTime:0.000497s ]
INFO: [ app_begin ] --START--
INFO: Run Behavior\ReadHtmlCacheBehavior [ RunTime:0.000777s ]
INFO: [ app_begin ] --END-- [ RunTime:0.000831s ]
SQL: SHOW COLUMNS FROM `jdcstandard` [ RunTime:0.0153s ]
SQL: SHOW COLUMNS FROM `jdcprice` [ RunTime:0.0115s ]
SQL: SELECT `price` FROM `jdcstandard` WHERE ( standard='g.n2.medium' ) LIMIT 1   [ RunTime:0.0018s ]
SQL: SELECT `bgp` FROM `jdcprice` WHERE ( id=1 ) LIMIT 1   [ RunTime:0.0011s ]
SQL: SELECT `highpan` FROM `jdcprice` WHERE ( id=1 ) LIMIT 1   [ RunTime:0.0011s ]

[ 2018-08-27T15:58:31+08:00 ] 127.0.0.1 /Hdcloud/getprice
INFO: [ app_init ] --START--
INFO: Run Behavior\BuildLiteBehavior [ RunTime:0.000014s ]
INFO: [ app_init ] --END-- [ RunTime:0.000504s ]
INFO: [ app_begin ] --START--
INFO: Run Behavior\ReadHtmlCacheBehavior [ RunTime:0.000795s ]
INFO: [ app_begin ] --END-- [ RunTime:0.000855s ]
SQL: SHOW COLUMNS FROM `jdcstandard` [ RunTime:0.0149s ]
SQL: SHOW COLUMNS FROM `jdcprice` [ RunTime:0.0135s ]
SQL: SELECT `price` FROM `jdcstandard` WHERE ( standard='g.n2.medium' ) LIMIT 1   [ RunTime:0.0016s ]
SQL: SELECT `bgp` FROM `jdcprice` WHERE ( id=1 ) LIMIT 1   [ RunTime:0.0007s ]

[ 2018-08-27T15:58:32+08:00 ] 127.0.0.1 /Hdcloud/getprice
INFO: [ app_init ] --START--
INFO: Run Behavior\BuildLiteBehavior [ RunTime:0.000012s ]
INFO: [ app_init ] --END-- [ RunTime:0.000472s ]
INFO: [ app_begin ] --START--
INFO: Run Behavior\ReadHtmlCacheBehavior [ RunTime:0.000735s ]
INFO: [ app_begin ] --END-- [ RunTime:0.000794s ]
SQL: SHOW COLUMNS FROM `jdcstandard` [ RunTime:0.0080s ]
SQL: SHOW COLUMNS FROM `jdcprice` [ RunTime:0.0092s ]
SQL: SELECT `price` FROM `jdcstandard` WHERE ( standard='g.n2.medium' ) LIMIT 1   [ RunTime:0.0014s ]
SQL: SELECT `bgp` FROM `jdcprice` WHERE ( id=1 ) LIMIT 1   [ RunTime:0.0009s ]

[ 2018-08-27T15:58:44+08:00 ] 127.0.0.1 /Hdcloud/getprice
INFO: [ app_init ] --START--
INFO: Run Behavior\BuildLiteBehavior [ RunTime:0.000013s ]
INFO: [ app_init ] --END-- [ RunTime:0.000496s ]
INFO: [ app_begin ] --START--
INFO: Run Behavior\ReadHtmlCacheBehavior [ RunTime:0.000647s ]
INFO: [ app_begin ] --END-- [ RunTime:0.000709s ]
SQL: SHOW COLUMNS FROM `jdcstandard` [ RunTime:0.0154s ]
SQL: SHOW COLUMNS FROM `jdcprice` [ RunTime:0.0167s ]
SQL: SELECT `price` FROM `jdcstandard` WHERE ( standard='g.n2.medium' ) LIMIT 1   [ RunTime:0.0030s ]
SQL: SELECT `bgp` FROM `jdcprice` WHERE ( id=1 ) LIMIT 1   [ RunTime:0.0023s ]

[ 2018-08-27T15:58:46+08:00 ] 127.0.0.1 /Hdcloud/getprice
INFO: [ app_init ] --START--
INFO: Run Behavior\BuildLiteBehavior [ RunTime:0.000015s ]
INFO: [ app_init ] --END-- [ RunTime:0.000494s ]
INFO: [ app_begin ] --START--
INFO: Run Behavior\ReadHtmlCacheBehavior [ RunTime:0.000639s ]
INFO: [ app_begin ] --END-- [ RunTime:0.000693s ]
SQL: SHOW COLUMNS FROM `jdcstandard` [ RunTime:0.0149s ]
SQL: SHOW COLUMNS FROM `jdcprice` [ RunTime:0.0114s ]
SQL: SELECT `price` FROM `jdcstandard` WHERE ( standard='g.n2.medium' ) LIMIT 1   [ RunTime:0.0018s ]
SQL: SELECT `bgp` FROM `jdcprice` WHERE ( id=1 ) LIMIT 1   [ RunTime:0.0010s ]

[ 2018-08-27T15:58:47+08:00 ] 127.0.0.1 /Hdcloud/getprice
INFO: [ app_init ] --START--
INFO: Run Behavior\BuildLiteBehavior [ RunTime:0.000016s ]
INFO: [ app_init ] --END-- [ RunTime:0.000537s ]
INFO: [ app_begin ] --START--
INFO: Run Behavior\ReadHtmlCacheBehavior [ RunTime:0.000675s ]
INFO: [ app_begin ] --END-- [ RunTime:0.000730s ]
SQL: SHOW COLUMNS FROM `jdcstandard` [ RunTime:0.0158s ]
SQL: SHOW COLUMNS FROM `jdcprice` [ RunTime:0.0147s ]
SQL: SELECT `price` FROM `jdcstandard` WHERE ( standard='g.n2.medium' ) LIMIT 1   [ RunTime:0.0019s ]
SQL: SELECT `bgp` FROM `jdcprice` WHERE ( id=1 ) LIMIT 1   [ RunTime:0.0011s ]

[ 2018-08-27T15:58:49+08:00 ] 127.0.0.1 /Hdcloud/getprice
INFO: [ app_init ] --START--
INFO: Run Behavior\BuildLiteBehavior [ RunTime:0.000014s ]
INFO: [ app_init ] --END-- [ RunTime:0.000471s ]
INFO: [ app_begin ] --START--
INFO: Run Behavior\ReadHtmlCacheBehavior [ RunTime:0.000643s ]
INFO: [ app_begin ] --END-- [ RunTime:0.000704s ]
SQL: SHOW COLUMNS FROM `jdcstandard` [ RunTime:0.0144s ]
SQL: SHOW COLUMNS FROM `jdcprice` [ RunTime:0.0160s ]
SQL: SELECT `price` FROM `jdcstandard` WHERE ( standard='g.n2.medium' ) LIMIT 1   [ RunTime:0.0028s ]
SQL: SELECT `bgp` FROM `jdcprice` WHERE ( id=1 ) LIMIT 1   [ RunTime:0.0013s ]

[ 2018-08-27T16:02:46+08:00 ] 127.0.0.1 /Hdcloud/jdcloudbuy.html
INFO: [ app_init ] --START--
INFO: Run Behavior\BuildLiteBehavior [ RunTime:0.000016s ]
INFO: [ app_init ] --END-- [ RunTime:0.000581s ]
INFO: [ app_begin ] --START--
INFO: Run Behavior\ReadHtmlCacheBehavior [ RunTime:0.000845s ]
INFO: [ app_begin ] --END-- [ RunTime:0.000909s ]
INFO: [ view_parse ] --START--
INFO: [ template_filter ] --START--
INFO: Run Behavior\ContentReplaceBehavior [ RunTime:0.000245s ]
INFO: [ template_filter ] --END-- [ RunTime:0.000308s ]
NOTIC: [8] Undefined index: loginuser D:\myenv\apache\htdocs\pgyidc\Application\Runtime\Cache\Home\2c5c93f324edb5ef9fc2ce80317a80a0.php 第 369 行.
INFO: Run Behavior\ParseTemplateBehavior [ RunTime:0.021447s ]
INFO: [ view_parse ] --END-- [ RunTime:0.021509s ]
INFO: [ view_filter ] --START--
INFO: Run Behavior\WriteHtmlCacheBehavior [ RunTime:0.000639s ]
INFO: [ view_filter ] --END-- [ RunTime:0.000691s ]
INFO: [ app_end ] --START--
INFO: Run Behavior\ShowPageTraceBehavior [ RunTime:0.000761s ]
INFO: [ app_end ] --END-- [ RunTime:0.000825s ]

[ 2018-08-27T16:02:47+08:00 ] 127.0.0.1 /Hdcloud/getimage
INFO: [ app_init ] --START--
INFO: Run Behavior\BuildLiteBehavior [ RunTime:0.000014s ]
INFO: [ app_init ] --END-- [ RunTime:0.000480s ]
INFO: [ app_begin ] --START--
INFO: Run Behavior\ReadHtmlCacheBehavior [ RunTime:0.000620s ]
INFO: [ app_begin ] --END-- [ RunTime:0.000679s ]

[ 2018-08-27T16:02:47+08:00 ] 127.0.0.1 /Hdcloud/__ASSETS__/images/loading.gif
INFO: [ app_init ] --START--
INFO: Run Behavior\BuildLiteBehavior [ RunTime:0.000013s ]
INFO: [ app_init ] --END-- [ RunTime:0.000504s ]

[ 2018-08-27T16:02:47+08:00 ] 127.0.0.1 /Hdcloud/getstandard
INFO: [ app_init ] --START--
INFO: Run Behavior\BuildLiteBehavior [ RunTime:0.000014s ]
INFO: [ app_init ] --END-- [ RunTime:0.000437s ]
INFO: [ app_begin ] --START--
INFO: Run Behavior\ReadHtmlCacheBehavior [ RunTime:0.000607s ]
INFO: [ app_begin ] --END-- [ RunTime:0.000660s ]
NOTIC: [8] Use of undefined constant CURLOPT_GET - assumed 'CURLOPT_GET' D:\myenv\apache\htdocs\pgyidc\Application\Home\Controller\HdcloudController.class.php 第 61 行.
NOTIC: [2] curl_setopt() expects parameter 2 to be long, string given D:\myenv\apache\htdocs\pgyidc\Application\Home\Controller\HdcloudController.class.php 第 61 行.

[ 2018-08-27T16:02:48+08:00 ] 127.0.0.1 /Hdcloud/getprice
INFO: [ app_init ] --START--
INFO: Run Behavior\BuildLiteBehavior [ RunTime:0.000027s ]
INFO: [ app_init ] --END-- [ RunTime:0.000956s ]
INFO: [ app_begin ] --START--
INFO: Run Behavior\ReadHtmlCacheBehavior [ RunTime:0.001390s ]
INFO: [ app_begin ] --END-- [ RunTime:0.001514s ]
SQL: SHOW COLUMNS FROM `jdcstandard` [ RunTime:0.0154s ]
SQL: SHOW COLUMNS FROM `jdcprice` [ RunTime:0.0159s ]
SQL: SELECT `price` FROM `jdcstandard` WHERE ( standard='g.n2.medium' ) LIMIT 1   [ RunTime:0.0027s ]
SQL: SELECT `bgp` FROM `jdcprice` WHERE ( id=1 ) LIMIT 1   [ RunTime:0.0010s ]

[ 2018-08-27T16:02:54+08:00 ] 127.0.0.1 /Hdcloud/jdcloudbuy.html
INFO: [ app_init ] --START--
INFO: Run Behavior\BuildLiteBehavior [ RunTime:0.000017s ]
INFO: [ app_init ] --END-- [ RunTime:0.000583s ]
INFO: [ app_begin ] --START--
INFO: Run Behavior\ReadHtmlCacheBehavior [ RunTime:0.000896s ]
INFO: [ app_begin ] --END-- [ RunTime:0.000968s ]
INFO: [ view_parse ] --START--
INFO: [ template_filter ] --START--
INFO: Run Behavior\ContentReplaceBehavior [ RunTime:0.000269s ]
INFO: [ template_filter ] --END-- [ RunTime:0.000324s ]
NOTIC: [8] Undefined index: loginuser D:\myenv\apache\htdocs\pgyidc\Application\Runtime\Cache\Home\2c5c93f324edb5ef9fc2ce80317a80a0.php 第 369 行.
INFO: Run Behavior\ParseTemplateBehavior [ RunTime:0.022544s ]
INFO: [ view_parse ] --END-- [ RunTime:0.022601s ]
INFO: [ view_filter ] --START--
INFO: Run Behavior\WriteHtmlCacheBehavior [ RunTime:0.000468s ]
INFO: [ view_filter ] --END-- [ RunTime:0.000513s ]
INFO: [ app_end ] --START--
INFO: Run Behavior\ShowPageTraceBehavior [ RunTime:0.000710s ]
INFO: [ app_end ] --END-- [ RunTime:0.000776s ]

[ 2018-08-27T16:02:55+08:00 ] 127.0.0.1 /Hdcloud/getimage
INFO: [ app_init ] --START--
INFO: Run Behavior\BuildLiteBehavior [ RunTime:0.000014s ]
INFO: [ app_init ] --END-- [ RunTime:0.000439s ]
INFO: [ app_begin ] --START--
INFO: Run Behavior\ReadHtmlCacheBehavior [ RunTime:0.000613s ]
INFO: [ app_begin ] --END-- [ RunTime:0.000670s ]

[ 2018-08-27T16:02:55+08:00 ] 127.0.0.1 /Hdcloud/__ASSETS__/images/loading.gif
INFO: [ app_init ] --START--
INFO: Run Behavior\BuildLiteBehavior [ RunTime:0.000013s ]
INFO: [ app_init ] --END-- [ RunTime:0.000435s ]

[ 2018-08-27T16:02:55+08:00 ] 127.0.0.1 /Hdcloud/getstandard
INFO: [ app_init ] --START--
INFO: Run Behavior\BuildLiteBehavior [ RunTime:0.000013s ]
INFO: [ app_init ] --END-- [ RunTime:0.000476s ]
INFO: [ app_begin ] --START--
INFO: Run Behavior\ReadHtmlCacheBehavior [ RunTime:0.000604s ]
INFO: [ app_begin ] --END-- [ RunTime:0.000655s ]
NOTIC: [8] Use of undefined constant CURLOPT_GET - assumed 'CURLOPT_GET' D:\myenv\apache\htdocs\pgyidc\Application\Home\Controller\HdcloudController.class.php 第 61 行.
NOTIC: [2] curl_setopt() expects parameter 2 to be long, string given D:\myenv\apache\htdocs\pgyidc\Application\Home\Controller\HdcloudController.class.php 第 61 行.

[ 2018-08-27T16:02:56+08:00 ] 127.0.0.1 /Hdcloud/getprice
INFO: [ app_init ] --START--
INFO: Run Behavior\BuildLiteBehavior [ RunTime:0.000020s ]
INFO: [ app_init ] --END-- [ RunTime:0.000484s ]
INFO: [ app_begin ] --START--
INFO: Run Behavior\ReadHtmlCacheBehavior [ RunTime:0.000617s ]
INFO: [ app_begin ] --END-- [ RunTime:0.000674s ]
SQL: SHOW COLUMNS FROM `jdcstandard` [ RunTime:0.0193s ]
SQL: SHOW COLUMNS FROM `jdcprice` [ RunTime:0.0140s ]
SQL: SELECT `price` FROM `jdcstandard` WHERE ( standard='g.n2.medium' ) LIMIT 1   [ RunTime:0.0015s ]
SQL: SELECT `bgp` FROM `jdcprice` WHERE ( id=1 ) LIMIT 1   [ RunTime:0.0006s ]

[ 2018-08-27T16:03:04+08:00 ] 127.0.0.1 /Hdcloud/jdcloudbuy.html
INFO: [ app_init ] --START--
INFO: Run Behavior\BuildLiteBehavior [ RunTime:0.000027s ]
INFO: [ app_init ] --END-- [ RunTime:0.000912s ]
INFO: [ app_begin ] --START--
INFO: Run Behavior\ReadHtmlCacheBehavior [ RunTime:0.001397s ]
INFO: [ app_begin ] --END-- [ RunTime:0.001520s ]
INFO: [ view_parse ] --START--
INFO: [ template_filter ] --START--
INFO: Run Behavior\ContentReplaceBehavior [ RunTime:0.000307s ]
INFO: [ template_filter ] --END-- [ RunTime:0.000388s ]
NOTIC: [8] Undefined index: loginuser D:\myenv\apache\htdocs\pgyidc\Application\Runtime\Cache\Home\2c5c93f324edb5ef9fc2ce80317a80a0.php 第 369 行.
INFO: Run Behavior\ParseTemplateBehavior [ RunTime:0.028060s ]
INFO: [ view_parse ] --END-- [ RunTime:0.028145s ]
INFO: [ view_filter ] --START--
INFO: Run Behavior\WriteHtmlCacheBehavior [ RunTime:0.000596s ]
INFO: [ view_filter ] --END-- [ RunTime:0.000651s ]
INFO: [ app_end ] --START--
INFO: Run Behavior\ShowPageTraceBehavior [ RunTime:0.000860s ]
INFO: [ app_end ] --END-- [ RunTime:0.000930s ]

[ 2018-08-27T16:03:04+08:00 ] 127.0.0.1 /Hdcloud/getimage
INFO: [ app_init ] --START--
INFO: Run Behavior\BuildLiteBehavior [ RunTime:0.000022s ]
INFO: [ app_init ] --END-- [ RunTime:0.000676s ]
INFO: [ app_begin ] --START--
INFO: Run Behavior\ReadHtmlCacheBehavior [ RunTime:0.001019s ]
INFO: [ app_begin ] --END-- [ RunTime:0.001099s ]

[ 2018-08-27T16:03:05+08:00 ] 127.0.0.1 /Hdcloud/__ASSETS__/images/loading.gif
INFO: [ app_init ] --START--
INFO: Run Behavior\BuildLiteBehavior [ RunTime:0.000014s ]
INFO: [ app_init ] --END-- [ RunTime:0.000424s ]

[ 2018-08-27T16:03:05+08:00 ] 127.0.0.1 /Hdcloud/getstandard
INFO: [ app_init ] --START--
INFO: Run Behavior\BuildLiteBehavior [ RunTime:0.000012s ]
INFO: [ app_init ] --END-- [ RunTime:0.000437s ]
INFO: [ app_begin ] --START--
INFO: Run Behavior\ReadHtmlCacheBehavior [ RunTime:0.000832s ]
INFO: [ app_begin ] --END-- [ RunTime:0.000887s ]
NOTIC: [8] Use of undefined constant CURLOPT_GET - assumed 'CURLOPT_GET' D:\myenv\apache\htdocs\pgyidc\Application\Home\Controller\HdcloudController.class.php 第 61 行.
NOTIC: [2] curl_setopt() expects parameter 2 to be long, string given D:\myenv\apache\htdocs\pgyidc\Application\Home\Controller\HdcloudController.class.php 第 61 行.

[ 2018-08-27T16:03:06+08:00 ] 127.0.0.1 /Hdcloud/getprice
INFO: [ app_init ] --START--
INFO: Run Behavior\BuildLiteBehavior [ RunTime:0.000021s ]
INFO: [ app_init ] --END-- [ RunTime:0.000557s ]
INFO: [ app_begin ] --START--
INFO: Run Behavior\ReadHtmlCacheBehavior [ RunTime:0.001209s ]
INFO: [ app_begin ] --END-- [ RunTime:0.001332s ]
SQL: SHOW COLUMNS FROM `jdcstandard` [ RunTime:0.0183s ]
SQL: SHOW COLUMNS FROM `jdcprice` [ RunTime:0.0108s ]
SQL: SELECT `price` FROM `jdcstandard` WHERE ( standard='g.n2.medium' ) LIMIT 1   [ RunTime:0.0019s ]
SQL: SELECT `bgp` FROM `jdcprice` WHERE ( id=1 ) LIMIT 1   [ RunTime:0.0009s ]

[ 2018-08-27T16:03:11+08:00 ] 127.0.0.1 /Hdcloud/getprice
INFO: [ app_init ] --START--
INFO: Run Behavior\BuildLiteBehavior [ RunTime:0.000025s ]
INFO: [ app_init ] --END-- [ RunTime:0.000715s ]
INFO: [ app_begin ] --START--
INFO: Run Behavior\ReadHtmlCacheBehavior [ RunTime:0.001090s ]
INFO: [ app_begin ] --END-- [ RunTime:0.001188s ]
SQL: SHOW COLUMNS FROM `jdcstandard` [ RunTime:0.0078s ]
SQL: SHOW COLUMNS FROM `jdcprice` [ RunTime:0.0079s ]
SQL: SELECT `price` FROM `jdcstandard` WHERE ( standard='g.n2.medium' ) LIMIT 1   [ RunTime:0.0013s ]
SQL: SELECT `bgp` FROM `jdcprice` WHERE ( id=1 ) LIMIT 1   [ RunTime:0.0008s ]

[ 2018-08-27T16:03:14+08:00 ] 127.0.0.1 /Hdcloud/getprice
INFO: [ app_init ] --START--
INFO: Run Behavior\BuildLiteBehavior [ RunTime:0.000018s ]
INFO: [ app_init ] --END-- [ RunTime:0.000759s ]
INFO: [ app_begin ] --START--
INFO: Run Behavior\ReadHtmlCacheBehavior [ RunTime:0.001084s ]
INFO: [ app_begin ] --END-- [ RunTime:0.001205s ]
SQL: SHOW COLUMNS FROM `jdcstandard` [ RunTime:0.0073s ]
SQL: SHOW COLUMNS FROM `jdcprice` [ RunTime:0.0075s ]
SQL: SELECT `price` FROM `jdcstandard` WHERE ( standard='g.n2.medium' ) LIMIT 1   [ RunTime:0.0013s ]
SQL: SELECT `bgp` FROM `jdcprice` WHERE ( id=1 ) LIMIT 1   [ RunTime:0.0007s ]

[ 2018-08-27T16:03:29+08:00 ] 127.0.0.1 /Hdcloud/getprice
INFO: [ app_init ] --START--
INFO: Run Behavior\BuildLiteBehavior [ RunTime:0.000015s ]
INFO: [ app_init ] --END-- [ RunTime:0.000533s ]
INFO: [ app_begin ] --START--
INFO: Run Behavior\ReadHtmlCacheBehavior [ RunTime:0.000752s ]
INFO: [ app_begin ] --END-- [ RunTime:0.000807s ]
SQL: SHOW COLUMNS FROM `jdcstandard` [ RunTime:0.0080s ]
SQL: SHOW COLUMNS FROM `jdcprice` [ RunTime:0.0087s ]
SQL: SELECT `price` FROM `jdcstandard` WHERE ( standard='g.n2.large' ) LIMIT 1   [ RunTime:0.0016s ]
SQL: SELECT `bgp` FROM `jdcprice` WHERE ( id=1 ) LIMIT 1   [ RunTime:0.0007s ]

[ 2018-08-27T16:03:30+08:00 ] 127.0.0.1 /Hdcloud/getprice
INFO: [ app_init ] --START--
INFO: Run Behavior\BuildLiteBehavior [ RunTime:0.000015s ]
INFO: [ app_init ] --END-- [ RunTime:0.000485s ]
INFO: [ app_begin ] --START--
INFO: Run Behavior\ReadHtmlCacheBehavior [ RunTime:0.000679s ]
INFO: [ app_begin ] --END-- [ RunTime:0.000737s ]
SQL: SHOW COLUMNS FROM `jdcstandard` [ RunTime:0.0150s ]
SQL: SHOW COLUMNS FROM `jdcprice` [ RunTime:0.0168s ]
SQL: SELECT `price` FROM `jdcstandard` WHERE ( standard='g.n2.xlarge' ) LIMIT 1   [ RunTime:0.0032s ]
SQL: SELECT `bgp` FROM `jdcprice` WHERE ( id=1 ) LIMIT 1   [ RunTime:0.0014s ]

[ 2018-08-27T16:03:31+08:00 ] 127.0.0.1 /Hdcloud/getprice
INFO: [ app_init ] --START--
INFO: Run Behavior\BuildLiteBehavior [ RunTime:0.000014s ]
INFO: [ app_init ] --END-- [ RunTime:0.000473s ]
INFO: [ app_begin ] --START--
INFO: Run Behavior\ReadHtmlCacheBehavior [ RunTime:0.000974s ]
INFO: [ app_begin ] --END-- [ RunTime:0.001039s ]
SQL: SHOW COLUMNS FROM `jdcstandard` [ RunTime:0.1086s ]
SQL: SHOW COLUMNS FROM `jdcprice` [ RunTime:0.0154s ]
SQL: SELECT `price` FROM `jdcstandard` WHERE ( standard='g.n2.2xlarge' ) LIMIT 1   [ RunTime:0.0016s ]
SQL: SELECT `bgp` FROM `jdcprice` WHERE ( id=1 ) LIMIT 1   [ RunTime:0.0007s ]

[ 2018-08-27T16:03:32+08:00 ] 127.0.0.1 /Hdcloud/getprice
INFO: [ app_init ] --START--
INFO: Run Behavior\BuildLiteBehavior [ RunTime:0.000014s ]
INFO: [ app_init ] --END-- [ RunTime:0.000507s ]
INFO: [ app_begin ] --START--
INFO: Run Behavior\ReadHtmlCacheBehavior [ RunTime:0.000828s ]
INFO: [ app_begin ] --END-- [ RunTime:0.000883s ]
SQL: SHOW COLUMNS FROM `jdcstandard` [ RunTime:0.0105s ]
SQL: SHOW COLUMNS FROM `jdcprice` [ RunTime:0.0104s ]
SQL: SELECT `price` FROM `jdcstandard` WHERE ( standard='g.n2.xlarge' ) LIMIT 1   [ RunTime:0.0016s ]
SQL: SELECT `bgp` FROM `jdcprice` WHERE ( id=1 ) LIMIT 1   [ RunTime:0.0007s ]

[ 2018-08-27T16:03:33+08:00 ] 127.0.0.1 /Hdcloud/getprice
INFO: [ app_init ] --START--
INFO: Run Behavior\BuildLiteBehavior [ RunTime:0.000015s ]
INFO: [ app_init ] --END-- [ RunTime:0.000446s ]
INFO: [ app_begin ] --START--
INFO: Run Behavior\ReadHtmlCacheBehavior [ RunTime:0.000700s ]
INFO: [ app_begin ] --END-- [ RunTime:0.000758s ]
SQL: SHOW COLUMNS FROM `jdcstandard` [ RunTime:0.0153s ]
SQL: SHOW COLUMNS FROM `jdcprice` [ RunTime:0.0171s ]
SQL: SELECT `price` FROM `jdcstandard` WHERE ( standard='g.n2.large' ) LIMIT 1   [ RunTime:0.0029s ]
SQL: SELECT `bgp` FROM `jdcprice` WHERE ( id=1 ) LIMIT 1   [ RunTime:0.0010s ]

[ 2018-08-27T16:03:34+08:00 ] 127.0.0.1 /Hdcloud/getprice
INFO: [ app_init ] --START--
INFO: Run Behavior\BuildLiteBehavior [ RunTime:0.000013s ]
INFO: [ app_init ] --END-- [ RunTime:0.000522s ]
INFO: [ app_begin ] --START--
INFO: Run Behavior\ReadHtmlCacheBehavior [ RunTime:0.000763s ]
INFO: [ app_begin ] --END-- [ RunTime:0.000820s ]
SQL: SHOW COLUMNS FROM `jdcstandard` [ RunTime:0.0500s ]
SQL: SHOW COLUMNS FROM `jdcprice` [ RunTime:0.0127s ]
SQL: SELECT `price` FROM `jdcstandard` WHERE ( standard='g.n2.medium' ) LIMIT 1   [ RunTime:0.0016s ]
SQL: SELECT `bgp` FROM `jdcprice` WHERE ( id=1 ) LIMIT 1   [ RunTime:0.0010s ]

[ 2018-08-27T16:03:35+08:00 ] 127.0.0.1 /Hdcloud/getprice
INFO: [ app_init ] --START--
INFO: Run Behavior\BuildLiteBehavior [ RunTime:0.000014s ]
INFO: [ app_init ] --END-- [ RunTime:0.000440s ]
INFO: [ app_begin ] --START--
INFO: Run Behavior\ReadHtmlCacheBehavior [ RunTime:0.000616s ]
INFO: [ app_begin ] --END-- [ RunTime:0.000667s ]
SQL: SHOW COLUMNS FROM `jdcstandard` [ RunTime:0.0154s ]
SQL: SHOW COLUMNS FROM `jdcprice` [ RunTime:0.0168s ]
SQL: SELECT `price` FROM `jdcstandard` WHERE ( standard='g.n2.medium' ) LIMIT 1   [ RunTime:0.0033s ]
SQL: SELECT `bgp` FROM `jdcprice` WHERE ( id=1 ) LIMIT 1   [ RunTime:0.0019s ]

[ 2018-08-27T16:03:42+08:00 ] 127.0.0.1 /Hdcloud/getprice
INFO: [ app_init ] --START--
INFO: Run Behavior\BuildLiteBehavior [ RunTime:0.000014s ]
INFO: [ app_init ] --END-- [ RunTime:0.000441s ]
INFO: [ app_begin ] --START--
INFO: Run Behavior\ReadHtmlCacheBehavior [ RunTime:0.000731s ]
INFO: [ app_begin ] --END-- [ RunTime:0.000803s ]
SQL: SHOW COLUMNS FROM `jdcstandard` [ RunTime:0.0149s ]
SQL: SHOW COLUMNS FROM `jdcprice` [ RunTime:0.0164s ]
SQL: SELECT `price` FROM `jdcstandard` WHERE ( standard='g.n2.medium' ) LIMIT 1   [ RunTime:0.0034s ]
SQL: SELECT `bgp` FROM `jdcprice` WHERE ( id=1 ) LIMIT 1   [ RunTime:0.0007s ]
SQL: SELECT `highpan` FROM `jdcprice` WHERE ( id=1 ) LIMIT 1   [ RunTime:0.0007s ]
SQL: SELECT `highpan` FROM `jdcprice` WHERE ( id=1 ) LIMIT 1   [ RunTime:0.0007s ]

[ 2018-08-27T16:03:45+08:00 ] 127.0.0.1 /Hdcloud/getprice
INFO: [ app_init ] --START--
INFO: Run Behavior\BuildLiteBehavior [ RunTime:0.000014s ]
INFO: [ app_init ] --END-- [ RunTime:0.000491s ]
INFO: [ app_begin ] --START--
INFO: Run Behavior\ReadHtmlCacheBehavior [ RunTime:0.000812s ]
INFO: [ app_begin ] --END-- [ RunTime:0.000872s ]
SQL: SHOW COLUMNS FROM `jdcstandard` [ RunTime:0.0078s ]
SQL: SHOW COLUMNS FROM `jdcprice` [ RunTime:0.0083s ]
SQL: SELECT `price` FROM `jdcstandard` WHERE ( standard='g.n2.medium' ) LIMIT 1   [ RunTime:0.0014s ]
SQL: SELECT `bgp` FROM `jdcprice` WHERE ( id=1 ) LIMIT 1   [ RunTime:0.0008s ]

[ 2018-08-27T16:03:46+08:00 ] 127.0.0.1 /Hdcloud/getprice
INFO: [ app_init ] --START--
INFO: Run Behavior\BuildLiteBehavior [ RunTime:0.000013s ]
INFO: [ app_init ] --END-- [ RunTime:0.000443s ]
INFO: [ app_begin ] --START--
INFO: Run Behavior\ReadHtmlCacheBehavior [ RunTime:0.000615s ]
INFO: [ app_begin ] --END-- [ RunTime:0.000668s ]
SQL: SHOW COLUMNS FROM `jdcstandard` [ RunTime:0.0151s ]
SQL: SHOW COLUMNS FROM `jdcprice` [ RunTime:0.0134s ]
SQL: SELECT `price` FROM `jdcstandard` WHERE ( standard='g.n2.medium' ) LIMIT 1   [ RunTime:0.0029s ]
SQL: SELECT `bgp` FROM `jdcprice` WHERE ( id=1 ) LIMIT 1   [ RunTime:0.0010s ]

[ 2018-08-27T16:03:47+08:00 ] 127.0.0.1 /Hdcloud/getprice
INFO: [ app_init ] --START--
INFO: Run Behavior\BuildLiteBehavior [ RunTime:0.000012s ]
INFO: [ app_init ] --END-- [ RunTime:0.000449s ]
INFO: [ app_begin ] --START--
INFO: Run Behavior\ReadHtmlCacheBehavior [ RunTime:0.000738s ]
INFO: [ app_begin ] --END-- [ RunTime:0.000789s ]
SQL: SHOW COLUMNS FROM `jdcstandard` [ RunTime:0.0078s ]
SQL: SHOW COLUMNS FROM `jdcprice` [ RunTime:0.0078s ]
SQL: SELECT `price` FROM `jdcstandard` WHERE ( standard='g.n2.medium' ) LIMIT 1   [ RunTime:0.0019s ]
SQL: SELECT `bgp` FROM `jdcprice` WHERE ( id=1 ) LIMIT 1   [ RunTime:0.0008s ]

[ 2018-08-27T16:12:41+08:00 ] 127.0.0.1 /favicon.ico
INFO: [ app_init ] --START--
INFO: Run Behavior\BuildLiteBehavior [ RunTime:0.000014s ]
INFO: [ app_init ] --END-- [ RunTime:0.000493s ]

[ 2018-08-27T16:12:56+08:00 ] 127.0.0.1 /Application/Admin/View/Public/images/icon_control.png
INFO: [ app_init ] --START--
INFO: Run Behavior\BuildLiteBehavior [ RunTime:0.000013s ]
INFO: [ app_init ] --END-- [ RunTime:0.000403s ]

