[ 2018-06-26T08:55:56+08:00 ] 127.0.0.1 /
INFO: [ app_init ] --START--
INFO: Run Behavior\BuildLiteBehavior [ RunTime:0.000016s ]
INFO: [ app_init ] --END-- [ RunTime:0.000831s ]
INFO: [ app_begin ] --START--
INFO: Run Behavior\ReadHtmlCacheBehavior [ RunTime:0.010747s ]
INFO: [ app_begin ] --END-- [ RunTime:0.010818s ]
INFO: [ view_parse ] --START--
INFO: [ template_filter ] --START--
INFO: Run Behavior\ContentReplaceBehavior [ RunTime:0.000328s ]
INFO: [ template_filter ] --END-- [ RunTime:0.000407s ]
NOTIC: [8] Undefined index: loginuser D:\myenv\apache\htdocs\pgyidc\Application\Runtime\Cache\Home\2a94b8bda04ff446dcedd42276fc99ee.php 第 347 行.
INFO: Run Behavior\ParseTemplateBehavior [ RunTime:0.092436s ]
INFO: [ view_parse ] --END-- [ RunTime:0.092533s ]
INFO: [ view_filter ] --START--
INFO: Run Behavior\WriteHtmlCacheBehavior [ RunTime:0.023463s ]
INFO: [ view_filter ] --END-- [ RunTime:0.023543s ]
INFO: [ app_end ] --START--
INFO: Run Behavior\ShowPageTraceBehavior [ RunTime:0.008106s ]
INFO: [ app_end ] --END-- [ RunTime:0.008206s ]

[ 2018-06-26T08:56:01+08:00 ] 127.0.0.1 /favicon.ico
INFO: [ app_init ] --START--
INFO: Run Behavior\BuildLiteBehavior [ RunTime:0.000013s ]
INFO: [ app_init ] --END-- [ RunTime:0.000414s ]

[ 2018-06-26T08:56:04+08:00 ] 127.0.0.1 /Application/Admin/View/Public/images/icon_control.png
INFO: [ app_init ] --START--
INFO: Run Behavior\BuildLiteBehavior [ RunTime:0.000014s ]
INFO: [ app_init ] --END-- [ RunTime:0.000436s ]

[ 2018-06-26T10:03:51+08:00 ] 127.0.0.1 /Application/Admin/View/Public/images/icon_control.png
INFO: [ app_init ] --START--
INFO: Run Behavior\BuildLiteBehavior [ RunTime:0.000023s ]
INFO: [ app_init ] --END-- [ RunTime:0.000558s ]

[ 2018-06-26T14:09:06+08:00 ] 127.0.0.1 /Home/Index/index.html
INFO: [ app_init ] --START--
INFO: Run Behavior\BuildLiteBehavior [ RunTime:0.000012s ]
INFO: [ app_init ] --END-- [ RunTime:0.000430s ]
INFO: [ app_begin ] --START--
INFO: Run Behavior\ReadHtmlCacheBehavior [ RunTime:0.000676s ]
INFO: [ app_begin ] --END-- [ RunTime:0.000730s ]
INFO: [ view_parse ] --START--
INFO: [ template_filter ] --START--
INFO: Run Behavior\ContentReplaceBehavior [ RunTime:0.000242s ]
INFO: [ template_filter ] --END-- [ RunTime:0.000305s ]
INFO: Run Behavior\ParseTemplateBehavior [ RunTime:0.073313s ]
INFO: [ view_parse ] --END-- [ RunTime:0.073385s ]
INFO: [ view_filter ] --START--
INFO: Run Behavior\WriteHtmlCacheBehavior [ RunTime:0.000603s ]
INFO: [ view_filter ] --END-- [ RunTime:0.000646s ]
INFO: [ app_end ] --START--
INFO: Run Behavior\ShowPageTraceBehavior [ RunTime:0.000723s ]
INFO: [ app_end ] --END-- [ RunTime:0.000782s ]

[ 2018-06-26T14:09:12+08:00 ] 127.0.0.1 /Index/cloud.html
INFO: [ app_init ] --START--
INFO: Run Behavior\BuildLiteBehavior [ RunTime:0.000013s ]
INFO: [ app_init ] --END-- [ RunTime:0.000398s ]
INFO: [ app_begin ] --START--
INFO: Run Behavior\ReadHtmlCacheBehavior [ RunTime:0.000614s ]
INFO: [ app_begin ] --END-- [ RunTime:0.000671s ]
INFO: [ view_parse ] --START--
INFO: [ template_filter ] --START--
INFO: Run Behavior\ContentReplaceBehavior [ RunTime:0.000180s ]
INFO: [ template_filter ] --END-- [ RunTime:0.000237s ]
NOTIC: [8] Undefined variable: current D:\myenv\apache\htdocs\pgyidc\Application\Runtime\Cache\Home\0cf361509365907d66e391a361e4b79c.php 第 23 行.
NOTIC: [8] Undefined variable: current D:\myenv\apache\htdocs\pgyidc\Application\Runtime\Cache\Home\0cf361509365907d66e391a361e4b79c.php 第 39 行.
NOTIC: [8] Undefined variable: current D:\myenv\apache\htdocs\pgyidc\Application\Runtime\Cache\Home\0cf361509365907d66e391a361e4b79c.php 第 117 行.
NOTIC: [8] Undefined variable: current D:\myenv\apache\htdocs\pgyidc\Application\Runtime\Cache\Home\0cf361509365907d66e391a361e4b79c.php 第 152 行.
NOTIC: [8] Undefined variable: current D:\myenv\apache\htdocs\pgyidc\Application\Runtime\Cache\Home\0cf361509365907d66e391a361e4b79c.php 第 203 行.
NOTIC: [8] Undefined variable: current D:\myenv\apache\htdocs\pgyidc\Application\Runtime\Cache\Home\0cf361509365907d66e391a361e4b79c.php 第 239 行.
NOTIC: [8] Undefined variable: current D:\myenv\apache\htdocs\pgyidc\Application\Runtime\Cache\Home\0cf361509365907d66e391a361e4b79c.php 第 793 行.
INFO: Run Behavior\ParseTemplateBehavior [ RunTime:0.026459s ]
INFO: [ view_parse ] --END-- [ RunTime:0.026508s ]
INFO: [ view_filter ] --START--
INFO: Run Behavior\WriteHtmlCacheBehavior [ RunTime:0.000466s ]
INFO: [ view_filter ] --END-- [ RunTime:0.000509s ]
INFO: [ app_end ] --START--
INFO: Run Behavior\ShowPageTraceBehavior [ RunTime:0.000771s ]
INFO: [ app_end ] --END-- [ RunTime:0.000832s ]

[ 2018-06-26T14:09:58+08:00 ] 127.0.0.1 /Index/cloudbuy.html
INFO: [ app_init ] --START--
INFO: Run Behavior\BuildLiteBehavior [ RunTime:0.000013s ]
INFO: [ app_init ] --END-- [ RunTime:0.000466s ]
INFO: [ app_begin ] --START--
INFO: Run Behavior\ReadHtmlCacheBehavior [ RunTime:0.000732s ]
INFO: [ app_begin ] --END-- [ RunTime:0.000788s ]
SQL: SHOW COLUMNS FROM `configlist` [ RunTime:0.0146s ]
SQL: SHOW COLUMNS FROM `configinfo` [ RunTime:0.0122s ]
SQL: SHOW COLUMNS FROM `coreprice` [ RunTime:0.0072s ]
SQL: SHOW COLUMNS FROM `price` [ RunTime:0.0072s ]
SQL: SHOW COLUMNS FROM `os` [ RunTime:0.0073s ]
SQL: SHOW COLUMNS FROM `paylog` [ RunTime:0.0075s ]
SQL: SELECT SUM(money) as my FROM `paylog` WHERE ( userid=1 and datatype=0 )  [ RunTime:0.0011s ]
SQL: SELECT SUM(money) as my FROM `paylog` WHERE ( userid=1 and datatype=1 )  [ RunTime:0.0004s ]
SQL: SELECT * FROM `configlist` WHERE ( Property=0 )  [ RunTime:0.0004s ]
SQL: SELECT * FROM `configinfo` WHERE ( NavData=1 AND DataName=0 )  [ RunTime:0.0005s ]
SQL: SELECT `Title` FROM `configinfo` WHERE ( FatherID=1 AND DataName=1 ) LIMIT 1   [ RunTime:0.0005s ]
SQL: SELECT `Title` FROM `configinfo` WHERE ( FatherID=1 AND DataName=2 ) LIMIT 1   [ RunTime:0.0003s ]
SQL: SELECT `Title` FROM `configinfo` WHERE ( FatherID=1 AND DataName=3 ) LIMIT 1   [ RunTime:0.0003s ]
SQL: SELECT `ID`,`Kernel` FROM `coreprice` WHERE ( CID=1 ) GROUP BY Kernel  [ RunTime:0.0007s ]
SQL: SELECT `ID`,`Gigabyte` FROM `coreprice` WHERE ( CID=1 ) GROUP BY Gigabyte  [ RunTime:0.0005s ]
SQL: SELECT * FROM `os` WHERE ( ostype=0 )  [ RunTime:0.0003s ]
SQL: SELECT * FROM `os` WHERE ( ostype=1 )  [ RunTime:0.0003s ]
INFO: [ view_parse ] --START--
INFO: [ template_filter ] --START--
INFO: Run Behavior\ContentReplaceBehavior [ RunTime:0.000220s ]
INFO: [ template_filter ] --END-- [ RunTime:0.000284s ]
INFO: Run Behavior\ParseTemplateBehavior [ RunTime:0.035278s ]
INFO: [ view_parse ] --END-- [ RunTime:0.035333s ]
INFO: [ view_filter ] --START--
INFO: Run Behavior\WriteHtmlCacheBehavior [ RunTime:0.000512s ]
INFO: [ view_filter ] --END-- [ RunTime:0.000557s ]
INFO: [ app_end ] --START--
INFO: Run Behavior\ShowPageTraceBehavior [ RunTime:0.000731s ]
INFO: [ app_end ] --END-- [ RunTime:0.000785s ]

[ 2018-06-26T14:09:59+08:00 ] 127.0.0.1 /Home/Index/cloudbuyreq/
INFO: [ app_init ] --START--
INFO: Run Behavior\BuildLiteBehavior [ RunTime:0.000013s ]
INFO: [ app_init ] --END-- [ RunTime:0.000397s ]
INFO: [ app_begin ] --START--
INFO: Run Behavior\ReadHtmlCacheBehavior [ RunTime:0.000562s ]
INFO: [ app_begin ] --END-- [ RunTime:0.000612s ]
SQL: SHOW COLUMNS FROM `coreprice` [ RunTime:0.0135s ]
SQL: SHOW COLUMNS FROM `price` [ RunTime:0.0130s ]
SQL: SELECT `Prix` FROM `price` WHERE ( CID=1 AND DataName=3 ) LIMIT 1   [ RunTime:0.0008s ]
SQL: SELECT `Prix` FROM `price` WHERE ( CID=1 AND DataName=4 ) LIMIT 1   [ RunTime:0.0006s ]
SQL: SELECT `Prix` FROM `price` WHERE ( CID=1 AND DataName=0 ) LIMIT 1   [ RunTime:0.0006s ]
SQL: SELECT `Prix` FROM `price` WHERE ( CID=1 AND DataName=5 ) LIMIT 1   [ RunTime:0.0006s ]
SQL: SELECT `Prix` FROM `price` WHERE ( CID=1 AND DataName=2 ) LIMIT 1   [ RunTime:0.0006s ]
SQL: SELECT `Prix` FROM `coreprice` WHERE ( CID=1 AND Kernel=2 AND Gigabyte=1 ) LIMIT 1   [ RunTime:0.0007s ]

[ 2018-06-26T14:20:22+08:00 ] 127.0.0.1 /Index/cloudbuy.html
INFO: [ app_init ] --START--
INFO: Run Behavior\BuildLiteBehavior [ RunTime:0.000014s ]
INFO: [ app_init ] --END-- [ RunTime:0.000429s ]
INFO: [ app_begin ] --START--
INFO: Run Behavior\ReadHtmlCacheBehavior [ RunTime:0.000682s ]
INFO: [ app_begin ] --END-- [ RunTime:0.000733s ]
SQL: SHOW COLUMNS FROM `configlist` [ RunTime:0.0144s ]
SQL: SHOW COLUMNS FROM `configinfo` [ RunTime:0.0082s ]
SQL: SHOW COLUMNS FROM `coreprice` [ RunTime:0.0084s ]
SQL: SHOW COLUMNS FROM `price` [ RunTime:0.0086s ]
SQL: SHOW COLUMNS FROM `os` [ RunTime:0.0070s ]
SQL: SHOW COLUMNS FROM `paylog` [ RunTime:0.0073s ]
SQL: SELECT SUM(money) as my FROM `paylog` WHERE ( userid=1 and datatype=0 )  [ RunTime:0.0009s ]
SQL: SELECT SUM(money) as my FROM `paylog` WHERE ( userid=1 and datatype=1 )  [ RunTime:0.0006s ]
SQL: SELECT * FROM `configlist` WHERE ( Property=0 )  [ RunTime:0.0006s ]
SQL: SELECT * FROM `configinfo` WHERE ( NavData=1 AND DataName=0 )  [ RunTime:0.0006s ]
SQL: SELECT `Title` FROM `configinfo` WHERE ( FatherID=1 AND DataName=1 ) LIMIT 1   [ RunTime:0.0005s ]
SQL: SELECT `Title` FROM `configinfo` WHERE ( FatherID=1 AND DataName=2 ) LIMIT 1   [ RunTime:0.0006s ]
SQL: SELECT `Title` FROM `configinfo` WHERE ( FatherID=1 AND DataName=3 ) LIMIT 1   [ RunTime:0.0005s ]
SQL: SELECT `ID`,`Kernel` FROM `coreprice` WHERE ( CID=1 ) GROUP BY Kernel  [ RunTime:0.0009s ]
SQL: SELECT `ID`,`Gigabyte` FROM `coreprice` WHERE ( CID=1 ) GROUP BY Gigabyte  [ RunTime:0.0008s ]
SQL: SELECT * FROM `os` WHERE ( ostype=0 )  [ RunTime:0.0006s ]
SQL: SELECT * FROM `os` WHERE ( ostype=1 )  [ RunTime:0.0006s ]
INFO: [ view_parse ] --START--
INFO: [ template_filter ] --START--
INFO: Run Behavior\ContentReplaceBehavior [ RunTime:0.000237s ]
INFO: [ template_filter ] --END-- [ RunTime:0.000299s ]
INFO: Run Behavior\ParseTemplateBehavior [ RunTime:0.023467s ]
INFO: [ view_parse ] --END-- [ RunTime:0.023533s ]
INFO: [ view_filter ] --START--
INFO: Run Behavior\WriteHtmlCacheBehavior [ RunTime:0.000550s ]
INFO: [ view_filter ] --END-- [ RunTime:0.000609s ]
INFO: [ app_end ] --START--
INFO: Run Behavior\ShowPageTraceBehavior [ RunTime:0.000806s ]
INFO: [ app_end ] --END-- [ RunTime:0.000875s ]

[ 2018-06-26T14:20:23+08:00 ] 127.0.0.1 /Home/Index/cloudbuyreq/
INFO: [ app_init ] --START--
INFO: Run Behavior\BuildLiteBehavior [ RunTime:0.000014s ]
INFO: [ app_init ] --END-- [ RunTime:0.000448s ]
INFO: [ app_begin ] --START--
INFO: Run Behavior\ReadHtmlCacheBehavior [ RunTime:0.000569s ]
INFO: [ app_begin ] --END-- [ RunTime:0.000618s ]
SQL: SHOW COLUMNS FROM `coreprice` [ RunTime:0.0150s ]
SQL: SHOW COLUMNS FROM `price` [ RunTime:0.0157s ]
SQL: SELECT `Prix` FROM `price` WHERE ( CID=1 AND DataName=3 ) LIMIT 1   [ RunTime:0.0009s ]
SQL: SELECT `Prix` FROM `price` WHERE ( CID=1 AND DataName=4 ) LIMIT 1   [ RunTime:0.0007s ]
SQL: SELECT `Prix` FROM `price` WHERE ( CID=1 AND DataName=0 ) LIMIT 1   [ RunTime:0.0007s ]
SQL: SELECT `Prix` FROM `price` WHERE ( CID=1 AND DataName=5 ) LIMIT 1   [ RunTime:0.0008s ]
SQL: SELECT `Prix` FROM `price` WHERE ( CID=1 AND DataName=2 ) LIMIT 1   [ RunTime:0.0007s ]
SQL: SELECT `Prix` FROM `coreprice` WHERE ( CID=1 AND Kernel=2 AND Gigabyte=1 ) LIMIT 1   [ RunTime:0.0008s ]

[ 2018-06-26T14:20:27+08:00 ] 127.0.0.1 /Home/Index/cloudbuyreq/
INFO: [ app_init ] --START--
INFO: Run Behavior\BuildLiteBehavior [ RunTime:0.000026s ]
INFO: [ app_init ] --END-- [ RunTime:0.000481s ]
INFO: [ app_begin ] --START--
INFO: Run Behavior\ReadHtmlCacheBehavior [ RunTime:0.000806s ]
INFO: [ app_begin ] --END-- [ RunTime:0.000915s ]
SQL: SHOW COLUMNS FROM `coreprice` [ RunTime:0.0069s ]
SQL: SHOW COLUMNS FROM `price` [ RunTime:0.0072s ]
SQL: SELECT `Prix` FROM `coreprice` WHERE ( CID=1 AND Kernel=2 AND Gigabyte=1 ) LIMIT 1   [ RunTime:0.0005s ]

[ 2018-06-26T14:23:17+08:00 ] 127.0.0.1 /Index/cloudbuy.html
INFO: [ app_init ] --START--
INFO: Run Behavior\BuildLiteBehavior [ RunTime:0.000016s ]
INFO: [ app_init ] --END-- [ RunTime:0.000506s ]
INFO: [ app_begin ] --START--
INFO: Run Behavior\ReadHtmlCacheBehavior [ RunTime:0.000744s ]
INFO: [ app_begin ] --END-- [ RunTime:0.000804s ]
SQL: SHOW COLUMNS FROM `configlist` [ RunTime:0.0111s ]
SQL: SHOW COLUMNS FROM `configinfo` [ RunTime:0.0098s ]
SQL: SHOW COLUMNS FROM `coreprice` [ RunTime:0.0066s ]
SQL: SHOW COLUMNS FROM `price` [ RunTime:0.0069s ]
SQL: SHOW COLUMNS FROM `os` [ RunTime:0.0072s ]
SQL: SHOW COLUMNS FROM `paylog` [ RunTime:0.0077s ]
SQL: SELECT SUM(money) as my FROM `paylog` WHERE ( userid=1 and datatype=0 )  [ RunTime:0.0012s ]
SQL: SELECT SUM(money) as my FROM `paylog` WHERE ( userid=1 and datatype=1 )  [ RunTime:0.0005s ]
SQL: SELECT * FROM `configlist` WHERE ( Property=0 )  [ RunTime:0.0005s ]
SQL: SELECT * FROM `configinfo` WHERE ( NavData=1 AND DataName=0 )  [ RunTime:0.0005s ]
SQL: SELECT `Title` FROM `configinfo` WHERE ( FatherID=1 AND DataName=1 ) LIMIT 1   [ RunTime:0.0004s ]
SQL: SELECT `Title` FROM `configinfo` WHERE ( FatherID=1 AND DataName=2 ) LIMIT 1   [ RunTime:0.0004s ]
SQL: SELECT `Title` FROM `configinfo` WHERE ( FatherID=1 AND DataName=3 ) LIMIT 1   [ RunTime:0.0004s ]
SQL: SELECT `ID`,`Kernel` FROM `coreprice` WHERE ( CID=1 ) GROUP BY Kernel  [ RunTime:0.0007s ]
SQL: SELECT `ID`,`Gigabyte` FROM `coreprice` WHERE ( CID=1 ) GROUP BY Gigabyte  [ RunTime:0.0006s ]
SQL: SELECT * FROM `os` WHERE ( ostype=0 )  [ RunTime:0.0004s ]
SQL: SELECT * FROM `os` WHERE ( ostype=1 )  [ RunTime:0.0004s ]
INFO: [ view_parse ] --START--
INFO: [ template_filter ] --START--
INFO: Run Behavior\ContentReplaceBehavior [ RunTime:0.000238s ]
INFO: [ template_filter ] --END-- [ RunTime:0.000308s ]
INFO: Run Behavior\ParseTemplateBehavior [ RunTime:0.025692s ]
INFO: [ view_parse ] --END-- [ RunTime:0.025759s ]
INFO: [ view_filter ] --START--
INFO: Run Behavior\WriteHtmlCacheBehavior [ RunTime:0.000519s ]
INFO: [ view_filter ] --END-- [ RunTime:0.000562s ]
INFO: [ app_end ] --START--
INFO: Run Behavior\ShowPageTraceBehavior [ RunTime:0.000949s ]
INFO: [ app_end ] --END-- [ RunTime:0.001037s ]

[ 2018-06-26T14:23:18+08:00 ] 127.0.0.1 /Home/Index/cloudbuyreq/
INFO: [ app_init ] --START--
INFO: Run Behavior\BuildLiteBehavior [ RunTime:0.000014s ]
INFO: [ app_init ] --END-- [ RunTime:0.000432s ]
INFO: [ app_begin ] --START--
INFO: Run Behavior\ReadHtmlCacheBehavior [ RunTime:0.000568s ]
INFO: [ app_begin ] --END-- [ RunTime:0.000620s ]
SQL: SHOW COLUMNS FROM `coreprice` [ RunTime:0.0137s ]
SQL: SHOW COLUMNS FROM `price` [ RunTime:0.0094s ]
SQL: SELECT `Prix` FROM `price` WHERE ( CID=1 AND DataName=3 ) LIMIT 1   [ RunTime:0.0007s ]
SQL: SELECT `Prix` FROM `price` WHERE ( CID=1 AND DataName=4 ) LIMIT 1   [ RunTime:0.0004s ]
SQL: SELECT `Prix` FROM `price` WHERE ( CID=1 AND DataName=0 ) LIMIT 1   [ RunTime:0.0004s ]
SQL: SELECT `Prix` FROM `price` WHERE ( CID=1 AND DataName=5 ) LIMIT 1   [ RunTime:0.0004s ]
SQL: SELECT `Prix` FROM `price` WHERE ( CID=1 AND DataName=2 ) LIMIT 1   [ RunTime:0.0003s ]
SQL: SELECT `Prix` FROM `coreprice` WHERE ( CID=1 AND Kernel=2 AND Gigabyte=1 ) LIMIT 1   [ RunTime:0.0004s ]

[ 2018-06-26T14:23:20+08:00 ] 127.0.0.1 /Home/Index/cloudbuyreq/
INFO: [ app_init ] --START--
INFO: Run Behavior\BuildLiteBehavior [ RunTime:0.000013s ]
INFO: [ app_init ] --END-- [ RunTime:0.000451s ]
INFO: [ app_begin ] --START--
INFO: Run Behavior\ReadHtmlCacheBehavior [ RunTime:0.000593s ]
INFO: [ app_begin ] --END-- [ RunTime:0.000643s ]
SQL: SHOW COLUMNS FROM `coreprice` [ RunTime:0.0072s ]
SQL: SHOW COLUMNS FROM `price` [ RunTime:0.0078s ]
SQL: SELECT `Prix` FROM `coreprice` WHERE ( CID=1 AND Kernel=2 AND Gigabyte=1 ) LIMIT 1   [ RunTime:0.0005s ]

[ 2018-06-26T14:23:29+08:00 ] 127.0.0.1 /Home/Index/isbuyreq/
INFO: [ app_init ] --START--
INFO: Run Behavior\BuildLiteBehavior [ RunTime:0.000012s ]
INFO: [ app_init ] --END-- [ RunTime:0.000468s ]
INFO: [ app_begin ] --START--
INFO: Run Behavior\ReadHtmlCacheBehavior [ RunTime:0.000612s ]
INFO: [ app_begin ] --END-- [ RunTime:0.000665s ]

[ 2018-06-26T14:28:17+08:00 ] 127.0.0.1 /Application/Admin/View/Public/images/icon_control.png
INFO: [ app_init ] --START--
INFO: Run Behavior\BuildLiteBehavior [ RunTime:0.000020s ]
INFO: [ app_init ] --END-- [ RunTime:0.000478s ]

[ 2018-06-26T14:29:23+08:00 ] 127.0.0.1 /Home/Index/index.html
INFO: [ app_init ] --START--
INFO: Run Behavior\BuildLiteBehavior [ RunTime:0.000015s ]
INFO: [ app_init ] --END-- [ RunTime:0.000437s ]
INFO: [ app_begin ] --START--
INFO: Run Behavior\ReadHtmlCacheBehavior [ RunTime:0.000592s ]
INFO: [ app_begin ] --END-- [ RunTime:0.000648s ]
INFO: [ view_parse ] --START--
INFO: [ template_filter ] --START--
INFO: Run Behavior\ContentReplaceBehavior [ RunTime:0.000291s ]
INFO: [ template_filter ] --END-- [ RunTime:0.000351s ]
INFO: Run Behavior\ParseTemplateBehavior [ RunTime:0.019202s ]
INFO: [ view_parse ] --END-- [ RunTime:0.019256s ]
INFO: [ view_filter ] --START--
INFO: Run Behavior\WriteHtmlCacheBehavior [ RunTime:0.000457s ]
INFO: [ view_filter ] --END-- [ RunTime:0.000502s ]
INFO: [ app_end ] --START--
INFO: Run Behavior\ShowPageTraceBehavior [ RunTime:0.000667s ]
INFO: [ app_end ] --END-- [ RunTime:0.000719s ]

[ 2018-06-26T14:29:27+08:00 ] 127.0.0.1 /Index/cloud.html
INFO: [ app_init ] --START--
INFO: Run Behavior\BuildLiteBehavior [ RunTime:0.000012s ]
INFO: [ app_init ] --END-- [ RunTime:0.000438s ]
INFO: [ app_begin ] --START--
INFO: Run Behavior\ReadHtmlCacheBehavior [ RunTime:0.000606s ]
INFO: [ app_begin ] --END-- [ RunTime:0.000661s ]
INFO: [ view_parse ] --START--
INFO: [ template_filter ] --START--
INFO: Run Behavior\ContentReplaceBehavior [ RunTime:0.000212s ]
INFO: [ template_filter ] --END-- [ RunTime:0.000271s ]
NOTIC: [8] Undefined variable: current D:\myenv\apache\htdocs\pgyidc\Application\Runtime\Cache\Home\0cf361509365907d66e391a361e4b79c.php 第 23 行.
NOTIC: [8] Undefined variable: current D:\myenv\apache\htdocs\pgyidc\Application\Runtime\Cache\Home\0cf361509365907d66e391a361e4b79c.php 第 246 行.
NOTIC: [8] Undefined variable: current D:\myenv\apache\htdocs\pgyidc\Application\Runtime\Cache\Home\0cf361509365907d66e391a361e4b79c.php 第 324 行.
NOTIC: [8] Undefined variable: current D:\myenv\apache\htdocs\pgyidc\Application\Runtime\Cache\Home\0cf361509365907d66e391a361e4b79c.php 第 359 行.
NOTIC: [8] Undefined variable: current D:\myenv\apache\htdocs\pgyidc\Application\Runtime\Cache\Home\0cf361509365907d66e391a361e4b79c.php 第 410 行.
NOTIC: [8] Undefined variable: current D:\myenv\apache\htdocs\pgyidc\Application\Runtime\Cache\Home\0cf361509365907d66e391a361e4b79c.php 第 446 行.
NOTIC: [8] Undefined variable: current D:\myenv\apache\htdocs\pgyidc\Application\Runtime\Cache\Home\0cf361509365907d66e391a361e4b79c.php 第 1000 行.
INFO: Run Behavior\ParseTemplateBehavior [ RunTime:0.016516s ]
INFO: [ view_parse ] --END-- [ RunTime:0.016565s ]
INFO: [ view_filter ] --START--
INFO: Run Behavior\WriteHtmlCacheBehavior [ RunTime:0.000402s ]
INFO: [ view_filter ] --END-- [ RunTime:0.000446s ]
INFO: [ app_end ] --START--
INFO: Run Behavior\ShowPageTraceBehavior [ RunTime:0.000674s ]
INFO: [ app_end ] --END-- [ RunTime:0.000725s ]

[ 2018-06-26T14:29:29+08:00 ] 127.0.0.1 /Index/cloudbuy.html
INFO: [ app_init ] --START--
INFO: Run Behavior\BuildLiteBehavior [ RunTime:0.000015s ]
INFO: [ app_init ] --END-- [ RunTime:0.000484s ]
INFO: [ app_begin ] --START--
INFO: Run Behavior\ReadHtmlCacheBehavior [ RunTime:0.000656s ]
INFO: [ app_begin ] --END-- [ RunTime:0.000715s ]
SQL: SHOW COLUMNS FROM `configlist` [ RunTime:0.0146s ]
SQL: SHOW COLUMNS FROM `configinfo` [ RunTime:0.0140s ]
SQL: SHOW COLUMNS FROM `coreprice` [ RunTime:0.0102s ]
SQL: SHOW COLUMNS FROM `price` [ RunTime:0.0074s ]
SQL: SHOW COLUMNS FROM `os` [ RunTime:0.0070s ]
SQL: SHOW COLUMNS FROM `paylog` [ RunTime:0.0073s ]
SQL: SELECT SUM(money) as my FROM `paylog` WHERE ( userid=1 and datatype=0 )  [ RunTime:0.0011s ]
SQL: SELECT SUM(money) as my FROM `paylog` WHERE ( userid=1 and datatype=1 )  [ RunTime:0.0006s ]
SQL: SELECT * FROM `configlist` WHERE ( Property=0 )  [ RunTime:0.0006s ]
SQL: SELECT * FROM `configinfo` WHERE ( NavData=1 AND DataName=0 )  [ RunTime:0.0007s ]
SQL: SELECT `Title` FROM `configinfo` WHERE ( FatherID=1 AND DataName=1 ) LIMIT 1   [ RunTime:0.0007s ]
SQL: SELECT `Title` FROM `configinfo` WHERE ( FatherID=1 AND DataName=2 ) LIMIT 1   [ RunTime:0.0005s ]
SQL: SELECT `Title` FROM `configinfo` WHERE ( FatherID=1 AND DataName=3 ) LIMIT 1   [ RunTime:0.0005s ]
SQL: SELECT `ID`,`Kernel` FROM `coreprice` WHERE ( CID=1 ) GROUP BY Kernel  [ RunTime:0.0009s ]
SQL: SELECT `ID`,`Gigabyte` FROM `coreprice` WHERE ( CID=1 ) GROUP BY Gigabyte  [ RunTime:0.0008s ]
SQL: SELECT * FROM `os` WHERE ( ostype=0 )  [ RunTime:0.0005s ]
SQL: SELECT * FROM `os` WHERE ( ostype=1 )  [ RunTime:0.0005s ]
INFO: [ view_parse ] --START--
INFO: [ template_filter ] --START--
INFO: Run Behavior\ContentReplaceBehavior [ RunTime:0.000221s ]
INFO: [ template_filter ] --END-- [ RunTime:0.000275s ]
INFO: Run Behavior\ParseTemplateBehavior [ RunTime:0.022459s ]
INFO: [ view_parse ] --END-- [ RunTime:0.022517s ]
INFO: [ view_filter ] --START--
INFO: Run Behavior\WriteHtmlCacheBehavior [ RunTime:0.000465s ]
INFO: [ view_filter ] --END-- [ RunTime:0.000513s ]
INFO: [ app_end ] --START--
INFO: Run Behavior\ShowPageTraceBehavior [ RunTime:0.000679s ]
INFO: [ app_end ] --END-- [ RunTime:0.000731s ]

[ 2018-06-26T14:29:30+08:00 ] 127.0.0.1 /Home/Index/cloudbuyreq/
INFO: [ app_init ] --START--
INFO: Run Behavior\BuildLiteBehavior [ RunTime:0.000013s ]
INFO: [ app_init ] --END-- [ RunTime:0.000389s ]
INFO: [ app_begin ] --START--
INFO: Run Behavior\ReadHtmlCacheBehavior [ RunTime:0.000590s ]
INFO: [ app_begin ] --END-- [ RunTime:0.000650s ]
SQL: SHOW COLUMNS FROM `coreprice` [ RunTime:0.0138s ]
SQL: SHOW COLUMNS FROM `price` [ RunTime:0.0151s ]
SQL: SELECT `Prix` FROM `price` WHERE ( CID=1 AND DataName=3 ) LIMIT 1   [ RunTime:0.0011s ]
SQL: SELECT `Prix` FROM `price` WHERE ( CID=1 AND DataName=4 ) LIMIT 1   [ RunTime:0.0009s ]
SQL: SELECT `Prix` FROM `price` WHERE ( CID=1 AND DataName=0 ) LIMIT 1   [ RunTime:0.0009s ]
SQL: SELECT `Prix` FROM `price` WHERE ( CID=1 AND DataName=5 ) LIMIT 1   [ RunTime:0.0009s ]
SQL: SELECT `Prix` FROM `price` WHERE ( CID=1 AND DataName=2 ) LIMIT 1   [ RunTime:0.0010s ]
SQL: SELECT `Prix` FROM `coreprice` WHERE ( CID=1 AND Kernel=2 AND Gigabyte=1 ) LIMIT 1   [ RunTime:0.0009s ]

[ 2018-06-26T14:29:40+08:00 ] 127.0.0.1 /Home/Index/cloudbuyreq/
INFO: [ app_init ] --START--
INFO: Run Behavior\BuildLiteBehavior [ RunTime:0.000013s ]
INFO: [ app_init ] --END-- [ RunTime:0.000454s ]
INFO: [ app_begin ] --START--
INFO: Run Behavior\ReadHtmlCacheBehavior [ RunTime:0.000567s ]
INFO: [ app_begin ] --END-- [ RunTime:0.000613s ]
SQL: SHOW COLUMNS FROM `coreprice` [ RunTime:0.0073s ]
SQL: SHOW COLUMNS FROM `price` [ RunTime:0.0072s ]
SQL: SELECT `Prix` FROM `coreprice` WHERE ( CID=1 AND Kernel=2 AND Gigabyte=1 ) LIMIT 1   [ RunTime:0.0007s ]

[ 2018-06-26T14:29:45+08:00 ] 127.0.0.1 /Home/Index/isbuyreq/
INFO: [ app_init ] --START--
INFO: Run Behavior\BuildLiteBehavior [ RunTime:0.000013s ]
INFO: [ app_init ] --END-- [ RunTime:0.000425s ]
INFO: [ app_begin ] --START--
INFO: Run Behavior\ReadHtmlCacheBehavior [ RunTime:0.000608s ]
INFO: [ app_begin ] --END-- [ RunTime:0.000659s ]
SQL: SHOW COLUMNS FROM `cloudlog` [ RunTime:0.0144s ]
SQL: INSERT INTO `cloudlog` (`UserID`,`CloudNo`,`ip`,`Price`,`Disprice`,`BuyTime`,`DueTime`,`CID`) VALUES ('1','5282','43.241.51.40','260/月','260/月','1529994584','1532534400','1') [ RunTime:0.0318s ]
SQL: SHOW COLUMNS FROM `paylog` [ RunTime:0.0136s ]
SQL: INSERT INTO `paylog` (`ordernum`,`money`,`userid`,`addtime`,`typename`,`datatype`) VALUES ('pgy20180626142945','260','1','1529994585','购买云主机','1') [ RunTime:0.0271s ]

[ 2018-06-26T14:29:54+08:00 ] 127.0.0.1 /Application/Admin/View/Public/images/icon_control.png
INFO: [ app_init ] --START--
INFO: Run Behavior\BuildLiteBehavior [ RunTime:0.000039s ]
INFO: [ app_init ] --END-- [ RunTime:0.000566s ]

[ 2018-06-26T14:36:53+08:00 ] 127.0.0.1 /Home/Index/index.html
INFO: [ app_init ] --START--
INFO: Run Behavior\BuildLiteBehavior [ RunTime:0.000013s ]
INFO: [ app_init ] --END-- [ RunTime:0.000398s ]
INFO: [ app_begin ] --START--
INFO: Run Behavior\ReadHtmlCacheBehavior [ RunTime:0.000564s ]
INFO: [ app_begin ] --END-- [ RunTime:0.000616s ]
INFO: [ view_parse ] --START--
INFO: [ template_filter ] --START--
INFO: Run Behavior\ContentReplaceBehavior [ RunTime:0.000241s ]
INFO: [ template_filter ] --END-- [ RunTime:0.000306s ]
INFO: Run Behavior\ParseTemplateBehavior [ RunTime:0.017854s ]
INFO: [ view_parse ] --END-- [ RunTime:0.017910s ]
INFO: [ view_filter ] --START--
INFO: Run Behavior\WriteHtmlCacheBehavior [ RunTime:0.000467s ]
INFO: [ view_filter ] --END-- [ RunTime:0.000512s ]
INFO: [ app_end ] --START--
INFO: Run Behavior\ShowPageTraceBehavior [ RunTime:0.000679s ]
INFO: [ app_end ] --END-- [ RunTime:0.000747s ]

[ 2018-06-26T14:36:59+08:00 ] 127.0.0.1 /Application/Admin/View/Public/images/icon_control.png
INFO: [ app_init ] --START--
INFO: Run Behavior\BuildLiteBehavior [ RunTime:0.000013s ]
INFO: [ app_init ] --END-- [ RunTime:0.000426s ]

[ 2018-06-26T15:07:58+08:00 ] 127.0.0.1 /Application/Admin/View/Public/images/icon_control.png
INFO: [ app_init ] --START--
INFO: Run Behavior\BuildLiteBehavior [ RunTime:0.000018s ]
INFO: [ app_init ] --END-- [ RunTime:0.000556s ]

[ 2018-06-26T15:16:01+08:00 ] 127.0.0.1 /Application/Admin/View/Public/images/icon_control.png
INFO: [ app_init ] --START--
INFO: Run Behavior\BuildLiteBehavior [ RunTime:0.000013s ]
INFO: [ app_init ] --END-- [ RunTime:0.000405s ]

[ 2018-06-26T15:16:02+08:00 ] 127.0.0.1 /Home/Index/index.html
INFO: [ app_init ] --START--
INFO: Run Behavior\BuildLiteBehavior [ RunTime:0.000012s ]
INFO: [ app_init ] --END-- [ RunTime:0.000423s ]
INFO: [ app_begin ] --START--
INFO: Run Behavior\ReadHtmlCacheBehavior [ RunTime:0.000589s ]
INFO: [ app_begin ] --END-- [ RunTime:0.000645s ]
INFO: [ view_parse ] --START--
INFO: [ template_filter ] --START--
INFO: Run Behavior\ContentReplaceBehavior [ RunTime:0.000253s ]
INFO: [ template_filter ] --END-- [ RunTime:0.000311s ]
INFO: Run Behavior\ParseTemplateBehavior [ RunTime:0.018454s ]
INFO: [ view_parse ] --END-- [ RunTime:0.018507s ]
INFO: [ view_filter ] --START--
INFO: Run Behavior\WriteHtmlCacheBehavior [ RunTime:0.000461s ]
INFO: [ view_filter ] --END-- [ RunTime:0.000506s ]
INFO: [ app_end ] --START--
INFO: Run Behavior\ShowPageTraceBehavior [ RunTime:0.000778s ]
INFO: [ app_end ] --END-- [ RunTime:0.000845s ]

[ 2018-06-26T15:16:05+08:00 ] 127.0.0.1 /Index/jdcloud.html
INFO: [ app_init ] --START--
INFO: Run Behavior\BuildLiteBehavior [ RunTime:0.000013s ]
INFO: [ app_init ] --END-- [ RunTime:0.000382s ]
INFO: [ app_begin ] --START--
INFO: Run Behavior\ReadHtmlCacheBehavior [ RunTime:0.000559s ]
INFO: [ app_begin ] --END-- [ RunTime:0.000610s ]
INFO: [ view_parse ] --START--
INFO: [ template_filter ] --START--
INFO: Run Behavior\ContentReplaceBehavior [ RunTime:0.000206s ]
INFO: [ template_filter ] --END-- [ RunTime:0.000264s ]
NOTIC: [8] Undefined variable: current D:\myenv\apache\htdocs\pgyidc\Application\Runtime\Cache\Home\f415e6a914f8b7064625c3feb0485d96.php 第 23 行.
NOTIC: [8] Undefined variable: current D:\myenv\apache\htdocs\pgyidc\Application\Runtime\Cache\Home\f415e6a914f8b7064625c3feb0485d96.php 第 39 行.
NOTIC: [8] Undefined variable: current D:\myenv\apache\htdocs\pgyidc\Application\Runtime\Cache\Home\f415e6a914f8b7064625c3feb0485d96.php 第 117 行.
NOTIC: [8] Undefined variable: current D:\myenv\apache\htdocs\pgyidc\Application\Runtime\Cache\Home\f415e6a914f8b7064625c3feb0485d96.php 第 152 行.
NOTIC: [8] Undefined variable: current D:\myenv\apache\htdocs\pgyidc\Application\Runtime\Cache\Home\f415e6a914f8b7064625c3feb0485d96.php 第 203 行.
NOTIC: [8] Undefined variable: current D:\myenv\apache\htdocs\pgyidc\Application\Runtime\Cache\Home\f415e6a914f8b7064625c3feb0485d96.php 第 239 行.
NOTIC: [8] Undefined variable: current D:\myenv\apache\htdocs\pgyidc\Application\Runtime\Cache\Home\f415e6a914f8b7064625c3feb0485d96.php 第 904 行.
INFO: Run Behavior\ParseTemplateBehavior [ RunTime:0.064765s ]
INFO: [ view_parse ] --END-- [ RunTime:0.064818s ]
INFO: [ view_filter ] --START--
INFO: Run Behavior\WriteHtmlCacheBehavior [ RunTime:0.000460s ]
INFO: [ view_filter ] --END-- [ RunTime:0.000506s ]
INFO: [ app_end ] --START--
INFO: Run Behavior\ShowPageTraceBehavior [ RunTime:0.000701s ]
INFO: [ app_end ] --END-- [ RunTime:0.000751s ]

[ 2018-06-26T15:16:07+08:00 ] 127.0.0.1 /Index/jdcloudbuy.html
INFO: [ app_init ] --START--
INFO: Run Behavior\BuildLiteBehavior [ RunTime:0.000011s ]
INFO: [ app_init ] --END-- [ RunTime:0.000442s ]
INFO: [ app_begin ] --START--
INFO: Run Behavior\ReadHtmlCacheBehavior [ RunTime:0.000611s ]
INFO: [ app_begin ] --END-- [ RunTime:0.000663s ]
INFO: [ view_parse ] --START--
INFO: [ template_filter ] --START--
INFO: Run Behavior\ContentReplaceBehavior [ RunTime:0.000368s ]
INFO: [ template_filter ] --END-- [ RunTime:0.000452s ]
NOTIC: [8] Undefined variable: current D:\myenv\apache\htdocs\pgyidc\Application\Runtime\Cache\Home\31a9328484491029f7ca75d5eb2353df.php 第 23 行.
NOTIC: [8] Undefined variable: current D:\myenv\apache\htdocs\pgyidc\Application\Runtime\Cache\Home\31a9328484491029f7ca75d5eb2353df.php 第 39 行.
NOTIC: [8] Undefined variable: current D:\myenv\apache\htdocs\pgyidc\Application\Runtime\Cache\Home\31a9328484491029f7ca75d5eb2353df.php 第 117 行.
NOTIC: [8] Undefined variable: current D:\myenv\apache\htdocs\pgyidc\Application\Runtime\Cache\Home\31a9328484491029f7ca75d5eb2353df.php 第 152 行.
NOTIC: [8] Undefined variable: current D:\myenv\apache\htdocs\pgyidc\Application\Runtime\Cache\Home\31a9328484491029f7ca75d5eb2353df.php 第 203 行.
NOTIC: [8] Undefined variable: current D:\myenv\apache\htdocs\pgyidc\Application\Runtime\Cache\Home\31a9328484491029f7ca75d5eb2353df.php 第 239 行.
NOTIC: [8] Undefined variable: current D:\myenv\apache\htdocs\pgyidc\Application\Runtime\Cache\Home\31a9328484491029f7ca75d5eb2353df.php 第 1633 行.
INFO: Run Behavior\ParseTemplateBehavior [ RunTime:0.056527s ]
INFO: [ view_parse ] --END-- [ RunTime:0.056589s ]
INFO: [ view_filter ] --START--
INFO: Run Behavior\WriteHtmlCacheBehavior [ RunTime:0.000432s ]
INFO: [ view_filter ] --END-- [ RunTime:0.000473s ]
INFO: [ app_end ] --START--
INFO: Run Behavior\ShowPageTraceBehavior [ RunTime:0.000764s ]
INFO: [ app_end ] --END-- [ RunTime:0.000835s ]

[ 2018-06-26T15:16:08+08:00 ] 127.0.0.1 /Index/getimage
INFO: [ app_init ] --START--
INFO: Run Behavior\BuildLiteBehavior [ RunTime:0.000017s ]
INFO: [ app_init ] --END-- [ RunTime:0.000622s ]
INFO: [ app_begin ] --START--
INFO: Run Behavior\ReadHtmlCacheBehavior [ RunTime:0.000879s ]
INFO: [ app_begin ] --END-- [ RunTime:0.000992s ]

[ 2018-06-26T15:16:21+08:00 ] 127.0.0.1 /Index/getimage
INFO: [ app_init ] --START--
INFO: Run Behavior\BuildLiteBehavior [ RunTime:0.000015s ]
INFO: [ app_init ] --END-- [ RunTime:0.000437s ]
INFO: [ app_begin ] --START--
INFO: Run Behavior\ReadHtmlCacheBehavior [ RunTime:0.000644s ]
INFO: [ app_begin ] --END-- [ RunTime:0.000697s ]

[ 2018-06-26T15:17:17+08:00 ] 127.0.0.1 /Index/getimage
INFO: [ app_init ] --START--
INFO: Run Behavior\BuildLiteBehavior [ RunTime:0.000013s ]
INFO: [ app_init ] --END-- [ RunTime:0.000466s ]
INFO: [ app_begin ] --START--
INFO: Run Behavior\ReadHtmlCacheBehavior [ RunTime:0.000613s ]
INFO: [ app_begin ] --END-- [ RunTime:0.000666s ]

[ 2018-06-26T15:21:13+08:00 ] 127.0.0.1 /Index/cloud.html
INFO: [ app_init ] --START--
INFO: Run Behavior\BuildLiteBehavior [ RunTime:0.000012s ]
INFO: [ app_init ] --END-- [ RunTime:0.000426s ]
INFO: [ app_begin ] --START--
INFO: Run Behavior\ReadHtmlCacheBehavior [ RunTime:0.000711s ]
INFO: [ app_begin ] --END-- [ RunTime:0.000762s ]
INFO: [ view_parse ] --START--
INFO: [ template_filter ] --START--
INFO: Run Behavior\ContentReplaceBehavior [ RunTime:0.000249s ]
INFO: [ template_filter ] --END-- [ RunTime:0.000306s ]
NOTIC: [8] Undefined variable: current D:\myenv\apache\htdocs\pgyidc\Application\Runtime\Cache\Home\0cf361509365907d66e391a361e4b79c.php 第 23 行.
NOTIC: [8] Undefined variable: current D:\myenv\apache\htdocs\pgyidc\Application\Runtime\Cache\Home\0cf361509365907d66e391a361e4b79c.php 第 39 行.
NOTIC: [8] Undefined variable: current D:\myenv\apache\htdocs\pgyidc\Application\Runtime\Cache\Home\0cf361509365907d66e391a361e4b79c.php 第 117 行.
NOTIC: [8] Undefined variable: current D:\myenv\apache\htdocs\pgyidc\Application\Runtime\Cache\Home\0cf361509365907d66e391a361e4b79c.php 第 152 行.
NOTIC: [8] Undefined variable: current D:\myenv\apache\htdocs\pgyidc\Application\Runtime\Cache\Home\0cf361509365907d66e391a361e4b79c.php 第 203 行.
NOTIC: [8] Undefined variable: current D:\myenv\apache\htdocs\pgyidc\Application\Runtime\Cache\Home\0cf361509365907d66e391a361e4b79c.php 第 239 行.
NOTIC: [8] Undefined variable: current D:\myenv\apache\htdocs\pgyidc\Application\Runtime\Cache\Home\0cf361509365907d66e391a361e4b79c.php 第 793 行.
INFO: Run Behavior\ParseTemplateBehavior [ RunTime:0.015425s ]
INFO: [ view_parse ] --END-- [ RunTime:0.015472s ]
INFO: [ view_filter ] --START--
INFO: Run Behavior\WriteHtmlCacheBehavior [ RunTime:0.000439s ]
INFO: [ view_filter ] --END-- [ RunTime:0.000480s ]
INFO: [ app_end ] --START--
INFO: Run Behavior\ShowPageTraceBehavior [ RunTime:0.000888s ]
INFO: [ app_end ] --END-- [ RunTime:0.000952s ]

[ 2018-06-26T15:21:15+08:00 ] 127.0.0.1 /Index/cloudbuy.html
INFO: [ app_init ] --START--
INFO: Run Behavior\BuildLiteBehavior [ RunTime:0.000011s ]
INFO: [ app_init ] --END-- [ RunTime:0.000389s ]
INFO: [ app_begin ] --START--
INFO: Run Behavior\ReadHtmlCacheBehavior [ RunTime:0.000651s ]
INFO: [ app_begin ] --END-- [ RunTime:0.000708s ]
SQL: SHOW COLUMNS FROM `configlist` [ RunTime:0.0081s ]
SQL: SHOW COLUMNS FROM `configinfo` [ RunTime:0.0069s ]
SQL: SHOW COLUMNS FROM `coreprice` [ RunTime:0.0082s ]
SQL: SHOW COLUMNS FROM `price` [ RunTime:0.0090s ]
SQL: SHOW COLUMNS FROM `os` [ RunTime:0.0072s ]
SQL: SHOW COLUMNS FROM `paylog` [ RunTime:0.0074s ]
SQL: SELECT SUM(money) as my FROM `paylog` WHERE ( userid=1 and datatype=0 )  [ RunTime:0.0013s ]
SQL: SELECT SUM(money) as my FROM `paylog` WHERE ( userid=1 and datatype=1 )  [ RunTime:0.0008s ]
SQL: SELECT * FROM `configlist` WHERE ( Property=0 )  [ RunTime:0.0006s ]
SQL: SELECT * FROM `configinfo` WHERE ( NavData=1 AND DataName=0 )  [ RunTime:0.0006s ]
SQL: SELECT `Title` FROM `configinfo` WHERE ( FatherID=1 AND DataName=1 ) LIMIT 1   [ RunTime:0.0006s ]
SQL: SELECT `Title` FROM `configinfo` WHERE ( FatherID=1 AND DataName=2 ) LIMIT 1   [ RunTime:0.0007s ]
SQL: SELECT `Title` FROM `configinfo` WHERE ( FatherID=1 AND DataName=3 ) LIMIT 1   [ RunTime:0.0006s ]
SQL: SELECT `ID`,`Kernel` FROM `coreprice` WHERE ( CID=1 ) GROUP BY Kernel  [ RunTime:0.0009s ]
SQL: SELECT `ID`,`Gigabyte` FROM `coreprice` WHERE ( CID=1 ) GROUP BY Gigabyte  [ RunTime:0.0008s ]
SQL: SELECT * FROM `os` WHERE ( ostype=0 )  [ RunTime:0.0006s ]
SQL: SELECT * FROM `os` WHERE ( ostype=1 )  [ RunTime:0.0006s ]
INFO: [ view_parse ] --START--
INFO: [ template_filter ] --START--
INFO: Run Behavior\ContentReplaceBehavior [ RunTime:0.000210s ]
INFO: [ template_filter ] --END-- [ RunTime:0.000270s ]
INFO: Run Behavior\ParseTemplateBehavior [ RunTime:0.022142s ]
INFO: [ view_parse ] --END-- [ RunTime:0.022198s ]
INFO: [ view_filter ] --START--
INFO: Run Behavior\WriteHtmlCacheBehavior [ RunTime:0.000407s ]
INFO: [ view_filter ] --END-- [ RunTime:0.000452s ]
INFO: [ app_end ] --START--
INFO: Run Behavior\ShowPageTraceBehavior [ RunTime:0.000670s ]
INFO: [ app_end ] --END-- [ RunTime:0.000731s ]

[ 2018-06-26T15:21:16+08:00 ] 127.0.0.1 /Home/Index/cloudbuyreq/
INFO: [ app_init ] --START--
INFO: Run Behavior\BuildLiteBehavior [ RunTime:0.000013s ]
INFO: [ app_init ] --END-- [ RunTime:0.000406s ]
INFO: [ app_begin ] --START--
INFO: Run Behavior\ReadHtmlCacheBehavior [ RunTime:0.000578s ]
INFO: [ app_begin ] --END-- [ RunTime:0.000627s ]
SQL: SHOW COLUMNS FROM `coreprice` [ RunTime:0.0069s ]
SQL: SHOW COLUMNS FROM `price` [ RunTime:0.0069s ]
SQL: SELECT `Prix` FROM `price` WHERE ( CID=1 AND DataName=3 ) LIMIT 1   [ RunTime:0.0007s ]
SQL: SELECT `Prix` FROM `price` WHERE ( CID=1 AND DataName=4 ) LIMIT 1   [ RunTime:0.0005s ]
SQL: SELECT `Prix` FROM `price` WHERE ( CID=1 AND DataName=0 ) LIMIT 1   [ RunTime:0.0005s ]
SQL: SELECT `Prix` FROM `price` WHERE ( CID=1 AND DataName=5 ) LIMIT 1   [ RunTime:0.0006s ]
SQL: SELECT `Prix` FROM `price` WHERE ( CID=1 AND DataName=2 ) LIMIT 1   [ RunTime:0.0005s ]
SQL: SELECT `Prix` FROM `coreprice` WHERE ( CID=1 AND Kernel=2 AND Gigabyte=1 ) LIMIT 1   [ RunTime:0.0006s ]

[ 2018-06-26T16:01:11+08:00 ] 127.0.0.1 /Index/jdcloud.html
INFO: [ app_init ] --START--
INFO: Run Behavior\BuildLiteBehavior [ RunTime:0.000012s ]
INFO: [ app_init ] --END-- [ RunTime:0.000472s ]
INFO: [ app_begin ] --START--
INFO: Run Behavior\ReadHtmlCacheBehavior [ RunTime:0.000703s ]
INFO: [ app_begin ] --END-- [ RunTime:0.000760s ]
INFO: [ view_parse ] --START--
INFO: [ template_filter ] --START--
INFO: Run Behavior\ContentReplaceBehavior [ RunTime:0.000214s ]
INFO: [ template_filter ] --END-- [ RunTime:0.000273s ]
NOTIC: [8] Undefined variable: current D:\myenv\apache\htdocs\pgyidc\Application\Runtime\Cache\Home\f415e6a914f8b7064625c3feb0485d96.php 第 23 行.
NOTIC: [8] Undefined variable: current D:\myenv\apache\htdocs\pgyidc\Application\Runtime\Cache\Home\f415e6a914f8b7064625c3feb0485d96.php 第 39 行.
NOTIC: [8] Undefined variable: current D:\myenv\apache\htdocs\pgyidc\Application\Runtime\Cache\Home\f415e6a914f8b7064625c3feb0485d96.php 第 117 行.
NOTIC: [8] Undefined variable: current D:\myenv\apache\htdocs\pgyidc\Application\Runtime\Cache\Home\f415e6a914f8b7064625c3feb0485d96.php 第 152 行.
NOTIC: [8] Undefined variable: current D:\myenv\apache\htdocs\pgyidc\Application\Runtime\Cache\Home\f415e6a914f8b7064625c3feb0485d96.php 第 203 行.
NOTIC: [8] Undefined variable: current D:\myenv\apache\htdocs\pgyidc\Application\Runtime\Cache\Home\f415e6a914f8b7064625c3feb0485d96.php 第 239 行.
NOTIC: [8] Undefined variable: current D:\myenv\apache\htdocs\pgyidc\Application\Runtime\Cache\Home\f415e6a914f8b7064625c3feb0485d96.php 第 904 行.
INFO: Run Behavior\ParseTemplateBehavior [ RunTime:0.017631s ]
INFO: [ view_parse ] --END-- [ RunTime:0.017681s ]
INFO: [ view_filter ] --START--
INFO: Run Behavior\WriteHtmlCacheBehavior [ RunTime:0.000516s ]
INFO: [ view_filter ] --END-- [ RunTime:0.000559s ]
INFO: [ app_end ] --START--
INFO: Run Behavior\ShowPageTraceBehavior [ RunTime:0.000953s ]
INFO: [ app_end ] --END-- [ RunTime:0.001021s ]

[ 2018-06-26T16:01:14+08:00 ] 127.0.0.1 /Index/jdcloudbuy.html
INFO: [ app_init ] --START--
INFO: Run Behavior\BuildLiteBehavior [ RunTime:0.000014s ]
INFO: [ app_init ] --END-- [ RunTime:0.000439s ]
INFO: [ app_begin ] --START--
INFO: Run Behavior\ReadHtmlCacheBehavior [ RunTime:0.000604s ]
INFO: [ app_begin ] --END-- [ RunTime:0.000663s ]
INFO: [ view_parse ] --START--
INFO: [ template_filter ] --START--
INFO: Run Behavior\ContentReplaceBehavior [ RunTime:0.000310s ]
INFO: [ template_filter ] --END-- [ RunTime:0.000371s ]
NOTIC: [8] Undefined variable: current D:\myenv\apache\htdocs\pgyidc\Application\Runtime\Cache\Home\31a9328484491029f7ca75d5eb2353df.php 第 23 行.
NOTIC: [8] Undefined variable: current D:\myenv\apache\htdocs\pgyidc\Application\Runtime\Cache\Home\31a9328484491029f7ca75d5eb2353df.php 第 39 行.
NOTIC: [8] Undefined variable: current D:\myenv\apache\htdocs\pgyidc\Application\Runtime\Cache\Home\31a9328484491029f7ca75d5eb2353df.php 第 117 行.
NOTIC: [8] Undefined variable: current D:\myenv\apache\htdocs\pgyidc\Application\Runtime\Cache\Home\31a9328484491029f7ca75d5eb2353df.php 第 152 行.
NOTIC: [8] Undefined variable: current D:\myenv\apache\htdocs\pgyidc\Application\Runtime\Cache\Home\31a9328484491029f7ca75d5eb2353df.php 第 203 行.
NOTIC: [8] Undefined variable: current D:\myenv\apache\htdocs\pgyidc\Application\Runtime\Cache\Home\31a9328484491029f7ca75d5eb2353df.php 第 239 行.
NOTIC: [8] Undefined variable: current D:\myenv\apache\htdocs\pgyidc\Application\Runtime\Cache\Home\31a9328484491029f7ca75d5eb2353df.php 第 1633 行.
INFO: Run Behavior\ParseTemplateBehavior [ RunTime:0.025146s ]
INFO: [ view_parse ] --END-- [ RunTime:0.025198s ]
INFO: [ view_filter ] --START--
INFO: Run Behavior\WriteHtmlCacheBehavior [ RunTime:0.000419s ]
INFO: [ view_filter ] --END-- [ RunTime:0.000463s ]
INFO: [ app_end ] --START--
INFO: Run Behavior\ShowPageTraceBehavior [ RunTime:0.000727s ]
INFO: [ app_end ] --END-- [ RunTime:0.000783s ]

[ 2018-06-26T16:01:15+08:00 ] 127.0.0.1 /Index/getimage
INFO: [ app_init ] --START--
INFO: Run Behavior\BuildLiteBehavior [ RunTime:0.000013s ]
INFO: [ app_init ] --END-- [ RunTime:0.000394s ]
INFO: [ app_begin ] --START--
INFO: Run Behavior\ReadHtmlCacheBehavior [ RunTime:0.000584s ]
INFO: [ app_begin ] --END-- [ RunTime:0.000641s ]

[ 2018-06-26T16:01:33+08:00 ] 127.0.0.1 /Index/getimage
INFO: [ app_init ] --START--
INFO: Run Behavior\BuildLiteBehavior [ RunTime:0.000013s ]
INFO: [ app_init ] --END-- [ RunTime:0.000434s ]
INFO: [ app_begin ] --START--
INFO: Run Behavior\ReadHtmlCacheBehavior [ RunTime:0.000634s ]
INFO: [ app_begin ] --END-- [ RunTime:0.000690s ]

[ 2018-06-26T16:01:34+08:00 ] 127.0.0.1 /Index/getimage
INFO: [ app_init ] --START--
INFO: Run Behavior\BuildLiteBehavior [ RunTime:0.000013s ]
INFO: [ app_init ] --END-- [ RunTime:0.000438s ]
INFO: [ app_begin ] --START--
INFO: Run Behavior\ReadHtmlCacheBehavior [ RunTime:0.000702s ]
INFO: [ app_begin ] --END-- [ RunTime:0.000754s ]

[ 2018-06-26T16:01:35+08:00 ] 127.0.0.1 /Index/getimage
INFO: [ app_init ] --START--
INFO: Run Behavior\BuildLiteBehavior [ RunTime:0.000014s ]
INFO: [ app_init ] --END-- [ RunTime:0.000499s ]
INFO: [ app_begin ] --START--
INFO: Run Behavior\ReadHtmlCacheBehavior [ RunTime:0.000755s ]
INFO: [ app_begin ] --END-- [ RunTime:0.000807s ]

[ 2018-06-26T16:01:36+08:00 ] 127.0.0.1 /Index/getimage
INFO: [ app_init ] --START--
INFO: Run Behavior\BuildLiteBehavior [ RunTime:0.000014s ]
INFO: [ app_init ] --END-- [ RunTime:0.000444s ]
INFO: [ app_begin ] --START--
INFO: Run Behavior\ReadHtmlCacheBehavior [ RunTime:0.000599s ]
INFO: [ app_begin ] --END-- [ RunTime:0.000650s ]

[ 2018-06-26T16:01:38+08:00 ] 127.0.0.1 /Index/getimage
INFO: [ app_init ] --START--
INFO: Run Behavior\BuildLiteBehavior [ RunTime:0.000014s ]
INFO: [ app_init ] --END-- [ RunTime:0.000450s ]
INFO: [ app_begin ] --START--
INFO: Run Behavior\ReadHtmlCacheBehavior [ RunTime:0.000659s ]
INFO: [ app_begin ] --END-- [ RunTime:0.000709s ]

[ 2018-06-26T16:10:37+08:00 ] 127.0.0.1 /Index/getimage
INFO: [ app_init ] --START--
INFO: Run Behavior\BuildLiteBehavior [ RunTime:0.000015s ]
INFO: [ app_init ] --END-- [ RunTime:0.000512s ]
INFO: [ app_begin ] --START--
INFO: Run Behavior\ReadHtmlCacheBehavior [ RunTime:0.000871s ]
INFO: [ app_begin ] --END-- [ RunTime:0.000959s ]

[ 2018-06-26T16:10:38+08:00 ] 127.0.0.1 /Index/getimage
INFO: [ app_init ] --START--
INFO: Run Behavior\BuildLiteBehavior [ RunTime:0.000015s ]
INFO: [ app_init ] --END-- [ RunTime:0.000493s ]
INFO: [ app_begin ] --START--
INFO: Run Behavior\ReadHtmlCacheBehavior [ RunTime:0.000719s ]
INFO: [ app_begin ] --END-- [ RunTime:0.000771s ]

[ 2018-06-26T16:10:39+08:00 ] 127.0.0.1 /Index/getimage
INFO: [ app_init ] --START--
INFO: Run Behavior\BuildLiteBehavior [ RunTime:0.000014s ]
INFO: [ app_init ] --END-- [ RunTime:0.000565s ]
INFO: [ app_begin ] --START--
INFO: Run Behavior\ReadHtmlCacheBehavior [ RunTime:0.000796s ]
INFO: [ app_begin ] --END-- [ RunTime:0.000851s ]

[ 2018-06-26T16:10:40+08:00 ] 127.0.0.1 /Index/getimage
INFO: [ app_init ] --START--
INFO: Run Behavior\BuildLiteBehavior [ RunTime:0.000014s ]
INFO: [ app_init ] --END-- [ RunTime:0.000430s ]
INFO: [ app_begin ] --START--
INFO: Run Behavior\ReadHtmlCacheBehavior [ RunTime:0.000784s ]
INFO: [ app_begin ] --END-- [ RunTime:0.000864s ]

[ 2018-06-26T16:10:41+08:00 ] 127.0.0.1 /Index/getimage
INFO: [ app_init ] --START--
INFO: Run Behavior\BuildLiteBehavior [ RunTime:0.000016s ]
INFO: [ app_init ] --END-- [ RunTime:0.000537s ]
INFO: [ app_begin ] --START--
INFO: Run Behavior\ReadHtmlCacheBehavior [ RunTime:0.000638s ]
INFO: [ app_begin ] --END-- [ RunTime:0.000691s ]

[ 2018-06-26T16:10:42+08:00 ] 127.0.0.1 /Index/getimage
INFO: [ app_init ] --START--
INFO: Run Behavior\BuildLiteBehavior [ RunTime:0.000015s ]
INFO: [ app_init ] --END-- [ RunTime:0.000612s ]
INFO: [ app_begin ] --START--
INFO: Run Behavior\ReadHtmlCacheBehavior [ RunTime:0.000747s ]
INFO: [ app_begin ] --END-- [ RunTime:0.000805s ]

[ 2018-06-26T16:10:48+08:00 ] 127.0.0.1 /Index/getimage
INFO: [ app_init ] --START--
INFO: Run Behavior\BuildLiteBehavior [ RunTime:0.000014s ]
INFO: [ app_init ] --END-- [ RunTime:0.000453s ]
INFO: [ app_begin ] --START--
INFO: Run Behavior\ReadHtmlCacheBehavior [ RunTime:0.000625s ]
INFO: [ app_begin ] --END-- [ RunTime:0.000696s ]

[ 2018-06-26T16:11:15+08:00 ] 127.0.0.1 /Index/jdcloudbuy.html
INFO: [ app_init ] --START--
INFO: Run Behavior\BuildLiteBehavior [ RunTime:0.000021s ]
INFO: [ app_init ] --END-- [ RunTime:0.000567s ]
INFO: [ app_begin ] --START--
INFO: Run Behavior\ReadHtmlCacheBehavior [ RunTime:0.000894s ]
INFO: [ app_begin ] --END-- [ RunTime:0.000976s ]
INFO: [ view_parse ] --START--
INFO: [ template_filter ] --START--
INFO: Run Behavior\ContentReplaceBehavior [ RunTime:0.000331s ]
INFO: [ template_filter ] --END-- [ RunTime:0.000397s ]
NOTIC: [8] Undefined variable: current D:\myenv\apache\htdocs\pgyidc\Application\Runtime\Cache\Home\31a9328484491029f7ca75d5eb2353df.php 第 23 行.
NOTIC: [8] Undefined variable: current D:\myenv\apache\htdocs\pgyidc\Application\Runtime\Cache\Home\31a9328484491029f7ca75d5eb2353df.php 第 39 行.
NOTIC: [8] Undefined variable: current D:\myenv\apache\htdocs\pgyidc\Application\Runtime\Cache\Home\31a9328484491029f7ca75d5eb2353df.php 第 117 行.
NOTIC: [8] Undefined variable: current D:\myenv\apache\htdocs\pgyidc\Application\Runtime\Cache\Home\31a9328484491029f7ca75d5eb2353df.php 第 152 行.
NOTIC: [8] Undefined variable: current D:\myenv\apache\htdocs\pgyidc\Application\Runtime\Cache\Home\31a9328484491029f7ca75d5eb2353df.php 第 203 行.
NOTIC: [8] Undefined variable: current D:\myenv\apache\htdocs\pgyidc\Application\Runtime\Cache\Home\31a9328484491029f7ca75d5eb2353df.php 第 239 行.
NOTIC: [8] Undefined variable: current D:\myenv\apache\htdocs\pgyidc\Application\Runtime\Cache\Home\31a9328484491029f7ca75d5eb2353df.php 第 1633 行.
INFO: Run Behavior\ParseTemplateBehavior [ RunTime:0.026299s ]
INFO: [ view_parse ] --END-- [ RunTime:0.026354s ]
INFO: [ view_filter ] --START--
INFO: Run Behavior\WriteHtmlCacheBehavior [ RunTime:0.000512s ]
INFO: [ view_filter ] --END-- [ RunTime:0.000557s ]
INFO: [ app_end ] --START--
INFO: Run Behavior\ShowPageTraceBehavior [ RunTime:0.000928s ]
INFO: [ app_end ] --END-- [ RunTime:0.001034s ]

[ 2018-06-26T16:11:16+08:00 ] 127.0.0.1 /Index/getimage
INFO: [ app_init ] --START--
INFO: Run Behavior\BuildLiteBehavior [ RunTime:0.000020s ]
INFO: [ app_init ] --END-- [ RunTime:0.000491s ]
INFO: [ app_begin ] --START--
INFO: Run Behavior\ReadHtmlCacheBehavior [ RunTime:0.000760s ]
INFO: [ app_begin ] --END-- [ RunTime:0.000830s ]

[ 2018-06-26T16:11:22+08:00 ] 127.0.0.1 /Index/getimage
INFO: [ app_init ] --START--
INFO: Run Behavior\BuildLiteBehavior [ RunTime:0.000032s ]
INFO: [ app_init ] --END-- [ RunTime:0.000560s ]
INFO: [ app_begin ] --START--
INFO: Run Behavior\ReadHtmlCacheBehavior [ RunTime:0.000774s ]
INFO: [ app_begin ] --END-- [ RunTime:0.000851s ]

[ 2018-06-26T16:11:23+08:00 ] 127.0.0.1 /Index/getimage
INFO: [ app_init ] --START--
INFO: Run Behavior\BuildLiteBehavior [ RunTime:0.000015s ]
INFO: [ app_init ] --END-- [ RunTime:0.000465s ]
INFO: [ app_begin ] --START--
INFO: Run Behavior\ReadHtmlCacheBehavior [ RunTime:0.000823s ]
INFO: [ app_begin ] --END-- [ RunTime:0.000895s ]

[ 2018-06-26T16:11:24+08:00 ] 127.0.0.1 /Index/getimage
INFO: [ app_init ] --START--
INFO: Run Behavior\BuildLiteBehavior [ RunTime:0.000016s ]
INFO: [ app_init ] --END-- [ RunTime:0.000498s ]
INFO: [ app_begin ] --START--
INFO: Run Behavior\ReadHtmlCacheBehavior [ RunTime:0.000650s ]
INFO: [ app_begin ] --END-- [ RunTime:0.000711s ]

[ 2018-06-26T16:11:25+08:00 ] 127.0.0.1 /Index/getimage
INFO: [ app_init ] --START--
INFO: Run Behavior\BuildLiteBehavior [ RunTime:0.000015s ]
INFO: [ app_init ] --END-- [ RunTime:0.000498s ]
INFO: [ app_begin ] --START--
INFO: Run Behavior\ReadHtmlCacheBehavior [ RunTime:0.000613s ]
INFO: [ app_begin ] --END-- [ RunTime:0.000669s ]

[ 2018-06-26T16:11:26+08:00 ] 127.0.0.1 /Index/getimage
INFO: [ app_init ] --START--
INFO: Run Behavior\BuildLiteBehavior [ RunTime:0.000015s ]
INFO: [ app_init ] --END-- [ RunTime:0.000546s ]
INFO: [ app_begin ] --START--
INFO: Run Behavior\ReadHtmlCacheBehavior [ RunTime:0.000660s ]
INFO: [ app_begin ] --END-- [ RunTime:0.000722s ]

[ 2018-06-26T16:11:27+08:00 ] 127.0.0.1 /Index/getimage
INFO: [ app_init ] --START--
INFO: Run Behavior\BuildLiteBehavior [ RunTime:0.000018s ]
INFO: [ app_init ] --END-- [ RunTime:0.000498s ]
INFO: [ app_begin ] --START--
INFO: Run Behavior\ReadHtmlCacheBehavior [ RunTime:0.000706s ]
INFO: [ app_begin ] --END-- [ RunTime:0.000761s ]

[ 2018-06-26T16:13:06+08:00 ] 127.0.0.1 /Index/getimage
INFO: [ app_init ] --START--
INFO: Run Behavior\BuildLiteBehavior [ RunTime:0.000015s ]
INFO: [ app_init ] --END-- [ RunTime:0.000546s ]
INFO: [ app_begin ] --START--
INFO: Run Behavior\ReadHtmlCacheBehavior [ RunTime:0.000641s ]
INFO: [ app_begin ] --END-- [ RunTime:0.000696s ]

[ 2018-06-26T16:13:07+08:00 ] 127.0.0.1 /Index/getimage
INFO: [ app_init ] --START--
INFO: Run Behavior\BuildLiteBehavior [ RunTime:0.000014s ]
INFO: [ app_init ] --END-- [ RunTime:0.000517s ]
INFO: [ app_begin ] --START--
INFO: Run Behavior\ReadHtmlCacheBehavior [ RunTime:0.000845s ]
INFO: [ app_begin ] --END-- [ RunTime:0.000918s ]

[ 2018-06-26T16:13:09+08:00 ] 127.0.0.1 /Index/getimage
INFO: [ app_init ] --START--
INFO: Run Behavior\BuildLiteBehavior [ RunTime:0.000014s ]
INFO: [ app_init ] --END-- [ RunTime:0.000473s ]
INFO: [ app_begin ] --START--
INFO: Run Behavior\ReadHtmlCacheBehavior [ RunTime:0.000730s ]
INFO: [ app_begin ] --END-- [ RunTime:0.000784s ]

[ 2018-06-26T16:13:15+08:00 ] 127.0.0.1 /Index/getimage
INFO: [ app_init ] --START--
INFO: Run Behavior\BuildLiteBehavior [ RunTime:0.000016s ]
INFO: [ app_init ] --END-- [ RunTime:0.000509s ]
INFO: [ app_begin ] --START--
INFO: Run Behavior\ReadHtmlCacheBehavior [ RunTime:0.000669s ]
INFO: [ app_begin ] --END-- [ RunTime:0.000754s ]

[ 2018-06-26T16:13:16+08:00 ] 127.0.0.1 /Index/getimage
INFO: [ app_init ] --START--
INFO: Run Behavior\BuildLiteBehavior [ RunTime:0.000015s ]
INFO: [ app_init ] --END-- [ RunTime:0.000540s ]
INFO: [ app_begin ] --START--
INFO: Run Behavior\ReadHtmlCacheBehavior [ RunTime:0.000632s ]
INFO: [ app_begin ] --END-- [ RunTime:0.000685s ]

[ 2018-06-26T16:16:11+08:00 ] 127.0.0.1 /Index/getimage
INFO: [ app_init ] --START--
INFO: Run Behavior\BuildLiteBehavior [ RunTime:0.000019s ]
INFO: [ app_init ] --END-- [ RunTime:0.000593s ]
INFO: [ app_begin ] --START--
INFO: Run Behavior\ReadHtmlCacheBehavior [ RunTime:0.000778s ]
INFO: [ app_begin ] --END-- [ RunTime:0.000836s ]

[ 2018-06-26T16:16:12+08:00 ] 127.0.0.1 /Index/getimage
INFO: [ app_init ] --START--
INFO: Run Behavior\BuildLiteBehavior [ RunTime:0.000014s ]
INFO: [ app_init ] --END-- [ RunTime:0.000508s ]
INFO: [ app_begin ] --START--
INFO: Run Behavior\ReadHtmlCacheBehavior [ RunTime:0.000736s ]
INFO: [ app_begin ] --END-- [ RunTime:0.000788s ]

[ 2018-06-26T16:16:41+08:00 ] 127.0.0.1 /Index/jdcloud.html
INFO: [ app_init ] --START--
INFO: Run Behavior\BuildLiteBehavior [ RunTime:0.000014s ]
INFO: [ app_init ] --END-- [ RunTime:0.000469s ]
INFO: [ app_begin ] --START--
INFO: Run Behavior\ReadHtmlCacheBehavior [ RunTime:0.000628s ]
INFO: [ app_begin ] --END-- [ RunTime:0.000684s ]
INFO: [ view_parse ] --START--
INFO: [ template_filter ] --START--
INFO: Run Behavior\ContentReplaceBehavior [ RunTime:0.000222s ]
INFO: [ template_filter ] --END-- [ RunTime:0.000281s ]
NOTIC: [8] Undefined variable: current D:\myenv\apache\htdocs\pgyidc\Application\Runtime\Cache\Home\f415e6a914f8b7064625c3feb0485d96.php 第 23 行.
NOTIC: [8] Undefined variable: current D:\myenv\apache\htdocs\pgyidc\Application\Runtime\Cache\Home\f415e6a914f8b7064625c3feb0485d96.php 第 39 行.
NOTIC: [8] Undefined variable: current D:\myenv\apache\htdocs\pgyidc\Application\Runtime\Cache\Home\f415e6a914f8b7064625c3feb0485d96.php 第 117 行.
NOTIC: [8] Undefined variable: current D:\myenv\apache\htdocs\pgyidc\Application\Runtime\Cache\Home\f415e6a914f8b7064625c3feb0485d96.php 第 152 行.
NOTIC: [8] Undefined variable: current D:\myenv\apache\htdocs\pgyidc\Application\Runtime\Cache\Home\f415e6a914f8b7064625c3feb0485d96.php 第 203 行.
NOTIC: [8] Undefined variable: current D:\myenv\apache\htdocs\pgyidc\Application\Runtime\Cache\Home\f415e6a914f8b7064625c3feb0485d96.php 第 239 行.
NOTIC: [8] Undefined variable: current D:\myenv\apache\htdocs\pgyidc\Application\Runtime\Cache\Home\f415e6a914f8b7064625c3feb0485d96.php 第 904 行.
INFO: Run Behavior\ParseTemplateBehavior [ RunTime:0.017621s ]
INFO: [ view_parse ] --END-- [ RunTime:0.017673s ]
INFO: [ view_filter ] --START--
INFO: Run Behavior\WriteHtmlCacheBehavior [ RunTime:0.000500s ]
INFO: [ view_filter ] --END-- [ RunTime:0.000543s ]
INFO: [ app_end ] --START--
INFO: Run Behavior\ShowPageTraceBehavior [ RunTime:0.000770s ]
INFO: [ app_end ] --END-- [ RunTime:0.000837s ]

[ 2018-06-26T16:16:54+08:00 ] 127.0.0.1 /Index/jdcloudbuy.html
INFO: [ app_init ] --START--
INFO: Run Behavior\BuildLiteBehavior [ RunTime:0.000014s ]
INFO: [ app_init ] --END-- [ RunTime:0.000452s ]
INFO: [ app_begin ] --START--
INFO: Run Behavior\ReadHtmlCacheBehavior [ RunTime:0.000646s ]
INFO: [ app_begin ] --END-- [ RunTime:0.000702s ]
INFO: [ view_parse ] --START--
INFO: [ template_filter ] --START--
INFO: Run Behavior\ContentReplaceBehavior [ RunTime:0.000358s ]
INFO: [ template_filter ] --END-- [ RunTime:0.000425s ]
NOTIC: [8] Undefined variable: current D:\myenv\apache\htdocs\pgyidc\Application\Runtime\Cache\Home\31a9328484491029f7ca75d5eb2353df.php 第 23 行.
NOTIC: [8] Undefined variable: current D:\myenv\apache\htdocs\pgyidc\Application\Runtime\Cache\Home\31a9328484491029f7ca75d5eb2353df.php 第 39 行.
NOTIC: [8] Undefined variable: current D:\myenv\apache\htdocs\pgyidc\Application\Runtime\Cache\Home\31a9328484491029f7ca75d5eb2353df.php 第 117 行.
NOTIC: [8] Undefined variable: current D:\myenv\apache\htdocs\pgyidc\Application\Runtime\Cache\Home\31a9328484491029f7ca75d5eb2353df.php 第 152 行.
NOTIC: [8] Undefined variable: current D:\myenv\apache\htdocs\pgyidc\Application\Runtime\Cache\Home\31a9328484491029f7ca75d5eb2353df.php 第 203 行.
NOTIC: [8] Undefined variable: current D:\myenv\apache\htdocs\pgyidc\Application\Runtime\Cache\Home\31a9328484491029f7ca75d5eb2353df.php 第 239 行.
NOTIC: [8] Undefined variable: current D:\myenv\apache\htdocs\pgyidc\Application\Runtime\Cache\Home\31a9328484491029f7ca75d5eb2353df.php 第 1633 行.
INFO: Run Behavior\ParseTemplateBehavior [ RunTime:0.025899s ]
INFO: [ view_parse ] --END-- [ RunTime:0.025954s ]
INFO: [ view_filter ] --START--
INFO: Run Behavior\WriteHtmlCacheBehavior [ RunTime:0.000430s ]
INFO: [ view_filter ] --END-- [ RunTime:0.000473s ]
INFO: [ app_end ] --START--
INFO: Run Behavior\ShowPageTraceBehavior [ RunTime:0.000752s ]
INFO: [ app_end ] --END-- [ RunTime:0.000830s ]

[ 2018-06-26T16:16:55+08:00 ] 127.0.0.1 /Index/getimage
INFO: [ app_init ] --START--
INFO: Run Behavior\BuildLiteBehavior [ RunTime:0.000014s ]
INFO: [ app_init ] --END-- [ RunTime:0.000398s ]
INFO: [ app_begin ] --START--
INFO: Run Behavior\ReadHtmlCacheBehavior [ RunTime:0.000572s ]
INFO: [ app_begin ] --END-- [ RunTime:0.000621s ]

[ 2018-06-26T16:18:03+08:00 ] 127.0.0.1 /Application/Admin/View/Public/images/icon_control.png
INFO: [ app_init ] --START--
INFO: Run Behavior\BuildLiteBehavior [ RunTime:0.000015s ]
INFO: [ app_init ] --END-- [ RunTime:0.000428s ]

[ 2018-06-26T16:24:31+08:00 ] 127.0.0.1 /Home/Index/Cloudbuy.html
INFO: [ app_init ] --START--
INFO: Run Behavior\BuildLiteBehavior [ RunTime:0.000012s ]
INFO: [ app_init ] --END-- [ RunTime:0.000404s ]
INFO: [ app_begin ] --START--
INFO: Run Behavior\ReadHtmlCacheBehavior [ RunTime:0.000562s ]
INFO: [ app_begin ] --END-- [ RunTime:0.000614s ]
SQL: SHOW COLUMNS FROM `configlist` [ RunTime:0.0073s ]
SQL: SHOW COLUMNS FROM `configinfo` [ RunTime:0.0071s ]
SQL: SHOW COLUMNS FROM `coreprice` [ RunTime:0.0072s ]
SQL: SHOW COLUMNS FROM `price` [ RunTime:0.0074s ]
SQL: SHOW COLUMNS FROM `os` [ RunTime:0.0072s ]
SQL: SHOW COLUMNS FROM `paylog` [ RunTime:0.0074s ]
SQL: SELECT SUM(money) as my FROM `paylog` WHERE ( userid=1 and datatype=0 )  [ RunTime:0.0011s ]
SQL: SELECT SUM(money) as my FROM `paylog` WHERE ( userid=1 and datatype=1 )  [ RunTime:0.0005s ]
SQL: SELECT * FROM `configlist` WHERE ( Property=0 )  [ RunTime:0.0006s ]
SQL: SELECT * FROM `configinfo` WHERE ( NavData=1 AND DataName=0 )  [ RunTime:0.0006s ]
SQL: SELECT `Title` FROM `configinfo` WHERE ( FatherID=1 AND DataName=1 ) LIMIT 1   [ RunTime:0.0006s ]
SQL: SELECT `Title` FROM `configinfo` WHERE ( FatherID=1 AND DataName=2 ) LIMIT 1   [ RunTime:0.0006s ]
SQL: SELECT `Title` FROM `configinfo` WHERE ( FatherID=1 AND DataName=3 ) LIMIT 1   [ RunTime:0.0006s ]
SQL: SELECT `ID`,`Kernel` FROM `coreprice` WHERE ( CID=1 ) GROUP BY Kernel  [ RunTime:0.0009s ]
SQL: SELECT `ID`,`Gigabyte` FROM `coreprice` WHERE ( CID=1 ) GROUP BY Gigabyte  [ RunTime:0.0008s ]
SQL: SELECT * FROM `os` WHERE ( ostype=0 )  [ RunTime:0.0006s ]
SQL: SELECT * FROM `os` WHERE ( ostype=1 )  [ RunTime:0.0006s ]
INFO: [ view_parse ] --START--
INFO: [ template_filter ] --START--
INFO: Run Behavior\ContentReplaceBehavior [ RunTime:0.000237s ]
INFO: [ template_filter ] --END-- [ RunTime:0.000300s ]
INFO: Run Behavior\ParseTemplateBehavior [ RunTime:0.022531s ]
INFO: [ view_parse ] --END-- [ RunTime:0.022584s ]
INFO: [ view_filter ] --START--
INFO: Run Behavior\WriteHtmlCacheBehavior [ RunTime:0.000432s ]
INFO: [ view_filter ] --END-- [ RunTime:0.000477s ]
INFO: [ app_end ] --START--
INFO: Run Behavior\ShowPageTraceBehavior [ RunTime:0.000934s ]
INFO: [ app_end ] --END-- [ RunTime:0.001031s ]

[ 2018-06-26T16:24:32+08:00 ] 127.0.0.1 /Home/Index/cloudbuyreq/
INFO: [ app_init ] --START--
INFO: Run Behavior\BuildLiteBehavior [ RunTime:0.000014s ]
INFO: [ app_init ] --END-- [ RunTime:0.000422s ]
INFO: [ app_begin ] --START--
INFO: Run Behavior\ReadHtmlCacheBehavior [ RunTime:0.000588s ]
INFO: [ app_begin ] --END-- [ RunTime:0.000639s ]
SQL: SHOW COLUMNS FROM `coreprice` [ RunTime:0.0139s ]
SQL: SHOW COLUMNS FROM `price` [ RunTime:0.0108s ]
SQL: SELECT `Prix` FROM `price` WHERE ( CID=1 AND DataName=3 ) LIMIT 1   [ RunTime:0.0006s ]
SQL: SELECT `Prix` FROM `price` WHERE ( CID=1 AND DataName=4 ) LIMIT 1   [ RunTime:0.0005s ]
SQL: SELECT `Prix` FROM `price` WHERE ( CID=1 AND DataName=0 ) LIMIT 1   [ RunTime:0.0005s ]
SQL: SELECT `Prix` FROM `price` WHERE ( CID=1 AND DataName=5 ) LIMIT 1   [ RunTime:0.0005s ]
SQL: SELECT `Prix` FROM `price` WHERE ( CID=1 AND DataName=2 ) LIMIT 1   [ RunTime:0.0004s ]
SQL: SELECT `Prix` FROM `coreprice` WHERE ( CID=1 AND Kernel=2 AND Gigabyte=1 ) LIMIT 1   [ RunTime:0.0004s ]

[ 2018-06-26T16:29:59+08:00 ] 127.0.0.1 /Application/Admin/View/Public/fonts/fontawesome-webfont.woff2?v=4.6.3
INFO: [ app_init ] --START--
INFO: Run Behavior\BuildLiteBehavior [ RunTime:0.000014s ]
INFO: [ app_init ] --END-- [ RunTime:0.000456s ]
INFO: [ app_begin ] --START--
INFO: Run Behavior\ReadHtmlCacheBehavior [ RunTime:0.000660s ]
INFO: [ app_begin ] --END-- [ RunTime:0.000715s ]
INFO: [ view_parse ] --START--
INFO: [ template_filter ] --START--
INFO: Run Behavior\ContentReplaceBehavior [ RunTime:0.000049s ]
INFO: [ template_filter ] --END-- [ RunTime:0.000111s ]
INFO: Run Behavior\ParseTemplateBehavior [ RunTime:0.028831s ]
INFO: [ view_parse ] --END-- [ RunTime:0.029000s ]
INFO: [ view_filter ] --START--
INFO: Run Behavior\WriteHtmlCacheBehavior [ RunTime:0.000978s ]
INFO: [ view_filter ] --END-- [ RunTime:0.001073s ]
INFO: [ app_end ] --START--
INFO: Run Behavior\ShowPageTraceBehavior [ RunTime:0.000953s ]
INFO: [ app_end ] --END-- [ RunTime:0.001018s ]

[ 2018-06-26T16:29:59+08:00 ] 127.0.0.1 /Application/Admin/View/Public/fonts/fontawesome-webfont.woff?v=4.6.3
INFO: [ app_init ] --START--
INFO: Run Behavior\BuildLiteBehavior [ RunTime:0.000018s ]
INFO: [ app_init ] --END-- [ RunTime:0.000440s ]
INFO: [ app_begin ] --START--
INFO: Run Behavior\ReadHtmlCacheBehavior [ RunTime:0.000570s ]
INFO: [ app_begin ] --END-- [ RunTime:0.000627s ]
INFO: [ view_parse ] --START--
INFO: [ template_filter ] --START--
INFO: Run Behavior\ContentReplaceBehavior [ RunTime:0.000049s ]
INFO: [ template_filter ] --END-- [ RunTime:0.000116s ]
INFO: Run Behavior\ParseTemplateBehavior [ RunTime:0.006363s ]
INFO: [ view_parse ] --END-- [ RunTime:0.006420s ]
INFO: [ view_filter ] --START--
INFO: Run Behavior\WriteHtmlCacheBehavior [ RunTime:0.000453s ]
INFO: [ view_filter ] --END-- [ RunTime:0.000515s ]
INFO: [ app_end ] --START--
INFO: Run Behavior\ShowPageTraceBehavior [ RunTime:0.000739s ]
INFO: [ app_end ] --END-- [ RunTime:0.000801s ]

[ 2018-06-26T16:29:59+08:00 ] 127.0.0.1 /Application/Admin/View/Public/fonts/fontawesome-webfont.ttf?v=4.6.3
INFO: [ app_init ] --START--
INFO: Run Behavior\BuildLiteBehavior [ RunTime:0.000020s ]
INFO: [ app_init ] --END-- [ RunTime:0.000479s ]
INFO: [ app_begin ] --START--
INFO: Run Behavior\ReadHtmlCacheBehavior [ RunTime:0.000575s ]
INFO: [ app_begin ] --END-- [ RunTime:0.000631s ]
INFO: [ view_parse ] --START--
INFO: [ template_filter ] --START--
INFO: Run Behavior\ContentReplaceBehavior [ RunTime:0.000050s ]
INFO: [ template_filter ] --END-- [ RunTime:0.000117s ]
INFO: Run Behavior\ParseTemplateBehavior [ RunTime:0.006105s ]
INFO: [ view_parse ] --END-- [ RunTime:0.006162s ]
INFO: [ view_filter ] --START--
INFO: Run Behavior\WriteHtmlCacheBehavior [ RunTime:0.000376s ]
INFO: [ view_filter ] --END-- [ RunTime:0.000419s ]
INFO: [ app_end ] --START--
INFO: Run Behavior\ShowPageTraceBehavior [ RunTime:0.000692s ]
INFO: [ app_end ] --END-- [ RunTime:0.000755s ]

[ 2018-06-26T16:30:37+08:00 ] 127.0.0.1 /Home/Index/Cloudbuy.html
INFO: [ app_init ] --START--
INFO: Run Behavior\BuildLiteBehavior [ RunTime:0.000011s ]
INFO: [ app_init ] --END-- [ RunTime:0.000436s ]
INFO: [ app_begin ] --START--
INFO: Run Behavior\ReadHtmlCacheBehavior [ RunTime:0.000608s ]
INFO: [ app_begin ] --END-- [ RunTime:0.000666s ]
SQL: SHOW COLUMNS FROM `configlist` [ RunTime:0.0156s ]
SQL: SHOW COLUMNS FROM `configinfo` [ RunTime:0.0124s ]
SQL: SHOW COLUMNS FROM `coreprice` [ RunTime:0.0070s ]
SQL: SHOW COLUMNS FROM `price` [ RunTime:0.0078s ]
SQL: SHOW COLUMNS FROM `os` [ RunTime:0.0072s ]
SQL: SHOW COLUMNS FROM `paylog` [ RunTime:0.0075s ]
SQL: SELECT SUM(money) as my FROM `paylog` WHERE ( userid=1 and datatype=0 )  [ RunTime:0.0013s ]
SQL: SELECT SUM(money) as my FROM `paylog` WHERE ( userid=1 and datatype=1 )  [ RunTime:0.0005s ]
SQL: SELECT * FROM `configlist` WHERE ( Property=0 )  [ RunTime:0.0006s ]
SQL: SELECT * FROM `configinfo` WHERE ( NavData=1 AND DataName=0 )  [ RunTime:0.0006s ]
SQL: SELECT `Title` FROM `configinfo` WHERE ( FatherID=1 AND DataName=1 ) LIMIT 1   [ RunTime:0.0005s ]
SQL: SELECT `Title` FROM `configinfo` WHERE ( FatherID=1 AND DataName=2 ) LIMIT 1   [ RunTime:0.0005s ]
SQL: SELECT `Title` FROM `configinfo` WHERE ( FatherID=1 AND DataName=3 ) LIMIT 1   [ RunTime:0.0006s ]
SQL: SELECT `ID`,`Kernel` FROM `coreprice` WHERE ( CID=1 ) GROUP BY Kernel  [ RunTime:0.0007s ]
SQL: SELECT `ID`,`Gigabyte` FROM `coreprice` WHERE ( CID=1 ) GROUP BY Gigabyte  [ RunTime:0.0007s ]
SQL: SELECT * FROM `os` WHERE ( ostype=0 )  [ RunTime:0.0004s ]
SQL: SELECT * FROM `os` WHERE ( ostype=1 )  [ RunTime:0.0004s ]
INFO: [ view_parse ] --START--
INFO: [ template_filter ] --START--
INFO: Run Behavior\ContentReplaceBehavior [ RunTime:0.000207s ]
INFO: [ template_filter ] --END-- [ RunTime:0.000253s ]
INFO: Run Behavior\ParseTemplateBehavior [ RunTime:0.021579s ]
INFO: [ view_parse ] --END-- [ RunTime:0.021637s ]
INFO: [ view_filter ] --START--
INFO: Run Behavior\WriteHtmlCacheBehavior [ RunTime:0.000479s ]
INFO: [ view_filter ] --END-- [ RunTime:0.000524s ]
INFO: [ app_end ] --START--
INFO: Run Behavior\ShowPageTraceBehavior [ RunTime:0.000681s ]
INFO: [ app_end ] --END-- [ RunTime:0.000756s ]

[ 2018-06-26T16:30:39+08:00 ] 127.0.0.1 /Home/Index/cloudbuyreq/
INFO: [ app_init ] --START--
INFO: Run Behavior\BuildLiteBehavior [ RunTime:0.000013s ]
INFO: [ app_init ] --END-- [ RunTime:0.000379s ]
INFO: [ app_begin ] --START--
INFO: Run Behavior\ReadHtmlCacheBehavior [ RunTime:0.000548s ]
INFO: [ app_begin ] --END-- [ RunTime:0.000596s ]
SQL: SHOW COLUMNS FROM `coreprice` [ RunTime:0.0136s ]
SQL: SHOW COLUMNS FROM `price` [ RunTime:0.0146s ]
SQL: SELECT `Prix` FROM `price` WHERE ( CID=1 AND DataName=3 ) LIMIT 1   [ RunTime:0.0010s ]
SQL: SELECT `Prix` FROM `price` WHERE ( CID=1 AND DataName=4 ) LIMIT 1   [ RunTime:0.0008s ]
SQL: SELECT `Prix` FROM `price` WHERE ( CID=1 AND DataName=0 ) LIMIT 1   [ RunTime:0.0007s ]
SQL: SELECT `Prix` FROM `price` WHERE ( CID=1 AND DataName=5 ) LIMIT 1   [ RunTime:0.0004s ]
SQL: SELECT `Prix` FROM `price` WHERE ( CID=1 AND DataName=2 ) LIMIT 1   [ RunTime:0.0004s ]
SQL: SELECT `Prix` FROM `coreprice` WHERE ( CID=1 AND Kernel=2 AND Gigabyte=1 ) LIMIT 1   [ RunTime:0.0005s ]

[ 2018-06-26T16:34:34+08:00 ] 127.0.0.1 /Home/Index/cloudbuy.html
INFO: [ app_init ] --START--
INFO: Run Behavior\BuildLiteBehavior [ RunTime:0.000012s ]
INFO: [ app_init ] --END-- [ RunTime:0.000425s ]
INFO: [ app_begin ] --START--
INFO: Run Behavior\ReadHtmlCacheBehavior [ RunTime:0.000631s ]
INFO: [ app_begin ] --END-- [ RunTime:0.000687s ]
SQL: SHOW COLUMNS FROM `configlist` [ RunTime:0.0141s ]
SQL: SHOW COLUMNS FROM `configinfo` [ RunTime:0.0127s ]
SQL: SHOW COLUMNS FROM `coreprice` [ RunTime:0.0089s ]
SQL: SHOW COLUMNS FROM `price` [ RunTime:0.0096s ]
SQL: SHOW COLUMNS FROM `os` [ RunTime:0.0081s ]
SQL: SHOW COLUMNS FROM `paylog` [ RunTime:0.0074s ]
SQL: SELECT SUM(money) as my FROM `paylog` WHERE ( userid=1 and datatype=0 )  [ RunTime:0.0012s ]
SQL: SELECT SUM(money) as my FROM `paylog` WHERE ( userid=1 and datatype=1 )  [ RunTime:0.0004s ]
SQL: SELECT * FROM `configlist` WHERE ( Property=0 )  [ RunTime:0.0004s ]
SQL: SELECT * FROM `configinfo` WHERE ( NavData=1 AND DataName=0 )  [ RunTime:0.0005s ]
SQL: SELECT `Title` FROM `configinfo` WHERE ( FatherID=1 AND DataName=1 ) LIMIT 1   [ RunTime:0.0005s ]
SQL: SELECT `Title` FROM `configinfo` WHERE ( FatherID=1 AND DataName=2 ) LIMIT 1   [ RunTime:0.0006s ]
SQL: SELECT `Title` FROM `configinfo` WHERE ( FatherID=1 AND DataName=3 ) LIMIT 1   [ RunTime:0.0004s ]
SQL: SELECT `ID`,`Kernel` FROM `coreprice` WHERE ( CID=1 ) GROUP BY Kernel  [ RunTime:0.0007s ]
SQL: SELECT `ID`,`Gigabyte` FROM `coreprice` WHERE ( CID=1 ) GROUP BY Gigabyte  [ RunTime:0.0006s ]
SQL: SELECT * FROM `os` WHERE ( ostype=0 )  [ RunTime:0.0005s ]
SQL: SELECT * FROM `os` WHERE ( ostype=1 )  [ RunTime:0.0004s ]
INFO: [ view_parse ] --START--
INFO: [ template_filter ] --START--
INFO: Run Behavior\ContentReplaceBehavior [ RunTime:0.000206s ]
INFO: [ template_filter ] --END-- [ RunTime:0.000252s ]
INFO: Run Behavior\ParseTemplateBehavior [ RunTime:0.020914s ]
INFO: [ view_parse ] --END-- [ RunTime:0.020966s ]
INFO: [ view_filter ] --START--
INFO: Run Behavior\WriteHtmlCacheBehavior [ RunTime:0.000368s ]
INFO: [ view_filter ] --END-- [ RunTime:0.000409s ]
INFO: [ app_end ] --START--
INFO: Run Behavior\ShowPageTraceBehavior [ RunTime:0.000690s ]
INFO: [ app_end ] --END-- [ RunTime:0.000766s ]

[ 2018-06-26T16:34:35+08:00 ] 127.0.0.1 /Home/Index/cloudbuyreq/
INFO: [ app_init ] --START--
INFO: Run Behavior\BuildLiteBehavior [ RunTime:0.000013s ]
INFO: [ app_init ] --END-- [ RunTime:0.000393s ]
INFO: [ app_begin ] --START--
INFO: Run Behavior\ReadHtmlCacheBehavior [ RunTime:0.000595s ]
INFO: [ app_begin ] --END-- [ RunTime:0.000651s ]
SQL: SHOW COLUMNS FROM `coreprice` [ RunTime:0.0143s ]
SQL: SHOW COLUMNS FROM `price` [ RunTime:0.0146s ]
SQL: SELECT `Prix` FROM `price` WHERE ( CID=1 AND DataName=3 ) LIMIT 1   [ RunTime:0.0010s ]
SQL: SELECT `Prix` FROM `price` WHERE ( CID=1 AND DataName=4 ) LIMIT 1   [ RunTime:0.0006s ]
SQL: SELECT `Prix` FROM `price` WHERE ( CID=1 AND DataName=0 ) LIMIT 1   [ RunTime:0.0006s ]
SQL: SELECT `Prix` FROM `price` WHERE ( CID=1 AND DataName=5 ) LIMIT 1   [ RunTime:0.0005s ]
SQL: SELECT `Prix` FROM `price` WHERE ( CID=1 AND DataName=2 ) LIMIT 1   [ RunTime:0.0005s ]
SQL: SELECT `Prix` FROM `coreprice` WHERE ( CID=1 AND Kernel=2 AND Gigabyte=1 ) LIMIT 1   [ RunTime:0.0005s ]

[ 2018-06-26T17:07:31+08:00 ] 127.0.0.1 /Index/jdcloud.html
INFO: [ app_init ] --START--
INFO: Run Behavior\BuildLiteBehavior [ RunTime:0.000014s ]
INFO: [ app_init ] --END-- [ RunTime:0.000466s ]
INFO: [ app_begin ] --START--
INFO: Run Behavior\ReadHtmlCacheBehavior [ RunTime:0.000714s ]
INFO: [ app_begin ] --END-- [ RunTime:0.000770s ]
INFO: [ view_parse ] --START--
INFO: [ template_filter ] --START--
INFO: Run Behavior\ContentReplaceBehavior [ RunTime:0.000218s ]
INFO: [ template_filter ] --END-- [ RunTime:0.000278s ]
NOTIC: [8] Undefined variable: current D:\myenv\apache\htdocs\pgyidc\Application\Runtime\Cache\Home\f415e6a914f8b7064625c3feb0485d96.php 第 23 行.
NOTIC: [8] Undefined variable: current D:\myenv\apache\htdocs\pgyidc\Application\Runtime\Cache\Home\f415e6a914f8b7064625c3feb0485d96.php 第 39 行.
NOTIC: [8] Undefined variable: current D:\myenv\apache\htdocs\pgyidc\Application\Runtime\Cache\Home\f415e6a914f8b7064625c3feb0485d96.php 第 117 行.
NOTIC: [8] Undefined variable: current D:\myenv\apache\htdocs\pgyidc\Application\Runtime\Cache\Home\f415e6a914f8b7064625c3feb0485d96.php 第 152 行.
NOTIC: [8] Undefined variable: current D:\myenv\apache\htdocs\pgyidc\Application\Runtime\Cache\Home\f415e6a914f8b7064625c3feb0485d96.php 第 203 行.
NOTIC: [8] Undefined variable: current D:\myenv\apache\htdocs\pgyidc\Application\Runtime\Cache\Home\f415e6a914f8b7064625c3feb0485d96.php 第 239 行.
NOTIC: [8] Undefined variable: current D:\myenv\apache\htdocs\pgyidc\Application\Runtime\Cache\Home\f415e6a914f8b7064625c3feb0485d96.php 第 904 行.
INFO: Run Behavior\ParseTemplateBehavior [ RunTime:0.017479s ]
INFO: [ view_parse ] --END-- [ RunTime:0.017531s ]
INFO: [ view_filter ] --START--
INFO: Run Behavior\WriteHtmlCacheBehavior [ RunTime:0.000502s ]
INFO: [ view_filter ] --END-- [ RunTime:0.000547s ]
INFO: [ app_end ] --START--
INFO: Run Behavior\ShowPageTraceBehavior [ RunTime:0.000784s ]
INFO: [ app_end ] --END-- [ RunTime:0.000844s ]

[ 2018-06-26T17:07:32+08:00 ] 127.0.0.1 /Index/jdcloudbuy.html
INFO: [ app_init ] --START--
INFO: Run Behavior\BuildLiteBehavior [ RunTime:0.000012s ]
INFO: [ app_init ] --END-- [ RunTime:0.000423s ]
INFO: [ app_begin ] --START--
INFO: Run Behavior\ReadHtmlCacheBehavior [ RunTime:0.000611s ]
INFO: [ app_begin ] --END-- [ RunTime:0.000666s ]
INFO: [ view_parse ] --START--
INFO: [ template_filter ] --START--
INFO: Run Behavior\ContentReplaceBehavior [ RunTime:0.000348s ]
INFO: [ template_filter ] --END-- [ RunTime:0.000419s ]
NOTIC: [8] Undefined variable: current D:\myenv\apache\htdocs\pgyidc\Application\Runtime\Cache\Home\31a9328484491029f7ca75d5eb2353df.php 第 23 行.
NOTIC: [8] Undefined variable: current D:\myenv\apache\htdocs\pgyidc\Application\Runtime\Cache\Home\31a9328484491029f7ca75d5eb2353df.php 第 39 行.
NOTIC: [8] Undefined variable: current D:\myenv\apache\htdocs\pgyidc\Application\Runtime\Cache\Home\31a9328484491029f7ca75d5eb2353df.php 第 117 行.
NOTIC: [8] Undefined variable: current D:\myenv\apache\htdocs\pgyidc\Application\Runtime\Cache\Home\31a9328484491029f7ca75d5eb2353df.php 第 152 行.
NOTIC: [8] Undefined variable: current D:\myenv\apache\htdocs\pgyidc\Application\Runtime\Cache\Home\31a9328484491029f7ca75d5eb2353df.php 第 203 行.
NOTIC: [8] Undefined variable: current D:\myenv\apache\htdocs\pgyidc\Application\Runtime\Cache\Home\31a9328484491029f7ca75d5eb2353df.php 第 239 行.
NOTIC: [8] Undefined variable: current D:\myenv\apache\htdocs\pgyidc\Application\Runtime\Cache\Home\31a9328484491029f7ca75d5eb2353df.php 第 1633 行.
INFO: Run Behavior\ParseTemplateBehavior [ RunTime:0.025863s ]
INFO: [ view_parse ] --END-- [ RunTime:0.025914s ]
INFO: [ view_filter ] --START--
INFO: Run Behavior\WriteHtmlCacheBehavior [ RunTime:0.000437s ]
INFO: [ view_filter ] --END-- [ RunTime:0.000481s ]
INFO: [ app_end ] --START--
INFO: Run Behavior\ShowPageTraceBehavior [ RunTime:0.000875s ]
INFO: [ app_end ] --END-- [ RunTime:0.000954s ]

[ 2018-06-26T17:07:33+08:00 ] 127.0.0.1 /Index/getimage
INFO: [ app_init ] --START--
INFO: Run Behavior\BuildLiteBehavior [ RunTime:0.000013s ]
INFO: [ app_init ] --END-- [ RunTime:0.000421s ]
INFO: [ app_begin ] --START--
INFO: Run Behavior\ReadHtmlCacheBehavior [ RunTime:0.000625s ]
INFO: [ app_begin ] --END-- [ RunTime:0.000687s ]

[ 2018-06-26T17:10:15+08:00 ] 127.0.0.1 /Index/getimage
INFO: [ app_init ] --START--
INFO: Run Behavior\BuildLiteBehavior [ RunTime:0.000014s ]
INFO: [ app_init ] --END-- [ RunTime:0.000488s ]
INFO: [ app_begin ] --START--
INFO: Run Behavior\ReadHtmlCacheBehavior [ RunTime:0.000755s ]
INFO: [ app_begin ] --END-- [ RunTime:0.000809s ]

[ 2018-06-26T17:10:16+08:00 ] 127.0.0.1 /Index/getimage
INFO: [ app_init ] --START--
INFO: Run Behavior\BuildLiteBehavior [ RunTime:0.000014s ]
INFO: [ app_init ] --END-- [ RunTime:0.000472s ]
INFO: [ app_begin ] --START--
INFO: Run Behavior\ReadHtmlCacheBehavior [ RunTime:0.000730s ]
INFO: [ app_begin ] --END-- [ RunTime:0.000784s ]

[ 2018-06-26T17:10:17+08:00 ] 127.0.0.1 /Index/getimage
INFO: [ app_init ] --START--
INFO: Run Behavior\BuildLiteBehavior [ RunTime:0.000013s ]
INFO: [ app_init ] --END-- [ RunTime:0.000482s ]
INFO: [ app_begin ] --START--
INFO: Run Behavior\ReadHtmlCacheBehavior [ RunTime:0.000713s ]
INFO: [ app_begin ] --END-- [ RunTime:0.000767s ]

[ 2018-06-26T17:10:19+08:00 ] 127.0.0.1 /Index/getimage
INFO: [ app_init ] --START--
INFO: Run Behavior\BuildLiteBehavior [ RunTime:0.000020s ]
INFO: [ app_init ] --END-- [ RunTime:0.000588s ]
INFO: [ app_begin ] --START--
INFO: Run Behavior\ReadHtmlCacheBehavior [ RunTime:0.000980s ]
INFO: [ app_begin ] --END-- [ RunTime:0.001157s ]

[ 2018-06-26T17:10:20+08:00 ] 127.0.0.1 /Index/getimage
INFO: [ app_init ] --START--
INFO: Run Behavior\BuildLiteBehavior [ RunTime:0.000014s ]
INFO: [ app_init ] --END-- [ RunTime:0.000503s ]
INFO: [ app_begin ] --START--
INFO: Run Behavior\ReadHtmlCacheBehavior [ RunTime:0.000740s ]
INFO: [ app_begin ] --END-- [ RunTime:0.000792s ]

[ 2018-06-26T17:10:21+08:00 ] 127.0.0.1 /Index/getimage
INFO: [ app_init ] --START--
INFO: Run Behavior\BuildLiteBehavior [ RunTime:0.000015s ]
INFO: [ app_init ] --END-- [ RunTime:0.000514s ]
INFO: [ app_begin ] --START--
INFO: Run Behavior\ReadHtmlCacheBehavior [ RunTime:0.000783s ]
INFO: [ app_begin ] --END-- [ RunTime:0.000836s ]

[ 2018-06-26T17:10:22+08:00 ] 127.0.0.1 /Index/getimage
INFO: [ app_init ] --START--
INFO: Run Behavior\BuildLiteBehavior [ RunTime:0.000013s ]
INFO: [ app_init ] --END-- [ RunTime:0.000472s ]
INFO: [ app_begin ] --START--
INFO: Run Behavior\ReadHtmlCacheBehavior [ RunTime:0.000623s ]
INFO: [ app_begin ] --END-- [ RunTime:0.000674s ]

[ 2018-06-26T17:10:23+08:00 ] 127.0.0.1 /Index/getimage
INFO: [ app_init ] --START--
INFO: Run Behavior\BuildLiteBehavior [ RunTime:0.000014s ]
INFO: [ app_init ] --END-- [ RunTime:0.000435s ]
INFO: [ app_begin ] --START--
INFO: Run Behavior\ReadHtmlCacheBehavior [ RunTime:0.000617s ]
INFO: [ app_begin ] --END-- [ RunTime:0.000669s ]

[ 2018-06-26T17:10:24+08:00 ] 127.0.0.1 /Index/getimage
INFO: [ app_init ] --START--
INFO: Run Behavior\BuildLiteBehavior [ RunTime:0.000015s ]
INFO: [ app_init ] --END-- [ RunTime:0.000465s ]
INFO: [ app_begin ] --START--
INFO: Run Behavior\ReadHtmlCacheBehavior [ RunTime:0.000662s ]
INFO: [ app_begin ] --END-- [ RunTime:0.000715s ]

[ 2018-06-26T17:10:25+08:00 ] 127.0.0.1 /Index/getimage
INFO: [ app_init ] --START--
INFO: Run Behavior\BuildLiteBehavior [ RunTime:0.000012s ]
INFO: [ app_init ] --END-- [ RunTime:0.000395s ]
INFO: [ app_begin ] --START--
INFO: Run Behavior\ReadHtmlCacheBehavior [ RunTime:0.000667s ]
INFO: [ app_begin ] --END-- [ RunTime:0.000743s ]

[ 2018-06-26T17:19:28+08:00 ] 127.0.0.1 /Index/getimage
INFO: [ app_init ] --START--
INFO: Run Behavior\BuildLiteBehavior [ RunTime:0.000013s ]
INFO: [ app_init ] --END-- [ RunTime:0.000542s ]
INFO: [ app_begin ] --START--
INFO: Run Behavior\ReadHtmlCacheBehavior [ RunTime:0.000708s ]
INFO: [ app_begin ] --END-- [ RunTime:0.000758s ]

[ 2018-06-26T17:19:28+08:00 ] 127.0.0.1 /Index/getimage
INFO: [ app_init ] --START--
INFO: Run Behavior\BuildLiteBehavior [ RunTime:0.000013s ]
INFO: [ app_init ] --END-- [ RunTime:0.000446s ]
INFO: [ app_begin ] --START--
INFO: Run Behavior\ReadHtmlCacheBehavior [ RunTime:0.000697s ]
INFO: [ app_begin ] --END-- [ RunTime:0.000752s ]

[ 2018-06-26T17:26:14+08:00 ] 127.0.0.1 /Index/jdcloudbuy.html
INFO: [ app_init ] --START--
INFO: Run Behavior\BuildLiteBehavior [ RunTime:0.000019s ]
INFO: [ app_init ] --END-- [ RunTime:0.000500s ]
INFO: [ app_begin ] --START--
INFO: Run Behavior\ReadHtmlCacheBehavior [ RunTime:0.000726s ]
INFO: [ app_begin ] --END-- [ RunTime:0.000785s ]
INFO: [ view_parse ] --START--
INFO: [ template_filter ] --START--
INFO: Run Behavior\ContentReplaceBehavior [ RunTime:0.000321s ]
INFO: [ template_filter ] --END-- [ RunTime:0.000409s ]
NOTIC: [8] Undefined variable: current D:\myenv\apache\htdocs\pgyidc\Application\Runtime\Cache\Home\31a9328484491029f7ca75d5eb2353df.php 第 23 行.
NOTIC: [8] Undefined variable: current D:\myenv\apache\htdocs\pgyidc\Application\Runtime\Cache\Home\31a9328484491029f7ca75d5eb2353df.php 第 39 行.
NOTIC: [8] Undefined variable: current D:\myenv\apache\htdocs\pgyidc\Application\Runtime\Cache\Home\31a9328484491029f7ca75d5eb2353df.php 第 117 行.
NOTIC: [8] Undefined variable: current D:\myenv\apache\htdocs\pgyidc\Application\Runtime\Cache\Home\31a9328484491029f7ca75d5eb2353df.php 第 152 行.
NOTIC: [8] Undefined variable: current D:\myenv\apache\htdocs\pgyidc\Application\Runtime\Cache\Home\31a9328484491029f7ca75d5eb2353df.php 第 203 行.
NOTIC: [8] Undefined variable: current D:\myenv\apache\htdocs\pgyidc\Application\Runtime\Cache\Home\31a9328484491029f7ca75d5eb2353df.php 第 239 行.
NOTIC: [8] Undefined variable: current D:\myenv\apache\htdocs\pgyidc\Application\Runtime\Cache\Home\31a9328484491029f7ca75d5eb2353df.php 第 1636 行.
INFO: Run Behavior\ParseTemplateBehavior [ RunTime:0.027073s ]
INFO: [ view_parse ] --END-- [ RunTime:0.027126s ]
INFO: [ view_filter ] --START--
INFO: Run Behavior\WriteHtmlCacheBehavior [ RunTime:0.000469s ]
INFO: [ view_filter ] --END-- [ RunTime:0.000511s ]
INFO: [ app_end ] --START--
INFO: Run Behavior\ShowPageTraceBehavior [ RunTime:0.000741s ]
INFO: [ app_end ] --END-- [ RunTime:0.000812s ]

[ 2018-06-26T17:27:10+08:00 ] 127.0.0.1 /Index/getimage
INFO: [ app_init ] --START--
INFO: Run Behavior\BuildLiteBehavior [ RunTime:0.000019s ]
INFO: [ app_init ] --END-- [ RunTime:0.000521s ]
INFO: [ app_begin ] --START--
INFO: Run Behavior\ReadHtmlCacheBehavior [ RunTime:0.000655s ]
INFO: [ app_begin ] --END-- [ RunTime:0.000711s ]

[ 2018-06-26T17:28:26+08:00 ] 127.0.0.1 /Index/jdcloudbuy.html
INFO: [ app_init ] --START--
INFO: Run Behavior\BuildLiteBehavior [ RunTime:0.000014s ]
INFO: [ app_init ] --END-- [ RunTime:0.000464s ]
INFO: [ app_begin ] --START--
INFO: Run Behavior\ReadHtmlCacheBehavior [ RunTime:0.000835s ]
INFO: [ app_begin ] --END-- [ RunTime:0.000902s ]
INFO: [ view_parse ] --START--
INFO: [ template_filter ] --START--
INFO: Run Behavior\ContentReplaceBehavior [ RunTime:0.000386s ]
INFO: [ template_filter ] --END-- [ RunTime:0.000459s ]
NOTIC: [8] Undefined variable: current D:\myenv\apache\htdocs\pgyidc\Application\Runtime\Cache\Home\31a9328484491029f7ca75d5eb2353df.php 第 23 行.
NOTIC: [8] Undefined variable: current D:\myenv\apache\htdocs\pgyidc\Application\Runtime\Cache\Home\31a9328484491029f7ca75d5eb2353df.php 第 39 行.
NOTIC: [8] Undefined variable: current D:\myenv\apache\htdocs\pgyidc\Application\Runtime\Cache\Home\31a9328484491029f7ca75d5eb2353df.php 第 117 行.
NOTIC: [8] Undefined variable: current D:\myenv\apache\htdocs\pgyidc\Application\Runtime\Cache\Home\31a9328484491029f7ca75d5eb2353df.php 第 152 行.
NOTIC: [8] Undefined variable: current D:\myenv\apache\htdocs\pgyidc\Application\Runtime\Cache\Home\31a9328484491029f7ca75d5eb2353df.php 第 203 行.
NOTIC: [8] Undefined variable: current D:\myenv\apache\htdocs\pgyidc\Application\Runtime\Cache\Home\31a9328484491029f7ca75d5eb2353df.php 第 239 行.
NOTIC: [8] Undefined variable: current D:\myenv\apache\htdocs\pgyidc\Application\Runtime\Cache\Home\31a9328484491029f7ca75d5eb2353df.php 第 1636 行.
INFO: Run Behavior\ParseTemplateBehavior [ RunTime:0.027487s ]
INFO: [ view_parse ] --END-- [ RunTime:0.027546s ]
INFO: [ view_filter ] --START--
INFO: Run Behavior\WriteHtmlCacheBehavior [ RunTime:0.000531s ]
INFO: [ view_filter ] --END-- [ RunTime:0.000577s ]
INFO: [ app_end ] --START--
INFO: Run Behavior\ShowPageTraceBehavior [ RunTime:0.000770s ]
INFO: [ app_end ] --END-- [ RunTime:0.000841s ]

[ 2018-06-26T17:29:22+08:00 ] 127.0.0.1 /Index/getimage
INFO: [ app_init ] --START--
INFO: Run Behavior\BuildLiteBehavior [ RunTime:0.000013s ]
INFO: [ app_init ] --END-- [ RunTime:0.000427s ]
INFO: [ app_begin ] --START--
INFO: Run Behavior\ReadHtmlCacheBehavior [ RunTime:0.000610s ]
INFO: [ app_begin ] --END-- [ RunTime:0.000671s ]

[ 2018-06-26T17:33:42+08:00 ] 127.0.0.1 /Index/jdcloudbuy.html
INFO: [ app_init ] --START--
INFO: Run Behavior\BuildLiteBehavior [ RunTime:0.000015s ]
INFO: [ app_init ] --END-- [ RunTime:0.000504s ]
INFO: [ app_begin ] --START--
INFO: Run Behavior\ReadHtmlCacheBehavior [ RunTime:0.000763s ]
INFO: [ app_begin ] --END-- [ RunTime:0.000823s ]
INFO: [ view_parse ] --START--
INFO: [ template_filter ] --START--
INFO: Run Behavior\ContentReplaceBehavior [ RunTime:0.000311s ]
INFO: [ template_filter ] --END-- [ RunTime:0.000372s ]
NOTIC: [8] Undefined variable: current D:\myenv\apache\htdocs\pgyidc\Application\Runtime\Cache\Home\31a9328484491029f7ca75d5eb2353df.php 第 23 行.
NOTIC: [8] Undefined variable: current D:\myenv\apache\htdocs\pgyidc\Application\Runtime\Cache\Home\31a9328484491029f7ca75d5eb2353df.php 第 39 行.
NOTIC: [8] Undefined variable: current D:\myenv\apache\htdocs\pgyidc\Application\Runtime\Cache\Home\31a9328484491029f7ca75d5eb2353df.php 第 117 行.
NOTIC: [8] Undefined variable: current D:\myenv\apache\htdocs\pgyidc\Application\Runtime\Cache\Home\31a9328484491029f7ca75d5eb2353df.php 第 152 行.
NOTIC: [8] Undefined variable: current D:\myenv\apache\htdocs\pgyidc\Application\Runtime\Cache\Home\31a9328484491029f7ca75d5eb2353df.php 第 203 行.
NOTIC: [8] Undefined variable: current D:\myenv\apache\htdocs\pgyidc\Application\Runtime\Cache\Home\31a9328484491029f7ca75d5eb2353df.php 第 239 行.
NOTIC: [8] Undefined variable: current D:\myenv\apache\htdocs\pgyidc\Application\Runtime\Cache\Home\31a9328484491029f7ca75d5eb2353df.php 第 1636 行.
INFO: Run Behavior\ParseTemplateBehavior [ RunTime:0.026563s ]
INFO: [ view_parse ] --END-- [ RunTime:0.026618s ]
INFO: [ view_filter ] --START--
INFO: Run Behavior\WriteHtmlCacheBehavior [ RunTime:0.000536s ]
INFO: [ view_filter ] --END-- [ RunTime:0.000579s ]
INFO: [ app_end ] --START--
INFO: Run Behavior\ShowPageTraceBehavior [ RunTime:0.000958s ]
INFO: [ app_end ] --END-- [ RunTime:0.001048s ]

[ 2018-06-26T17:34:38+08:00 ] 127.0.0.1 /Index/getimage
INFO: [ app_init ] --START--
INFO: Run Behavior\BuildLiteBehavior [ RunTime:0.000014s ]
INFO: [ app_init ] --END-- [ RunTime:0.000402s ]
INFO: [ app_begin ] --START--
INFO: Run Behavior\ReadHtmlCacheBehavior [ RunTime:0.000690s ]
INFO: [ app_begin ] --END-- [ RunTime:0.000772s ]

