[ 2018-07-16T08:59:46+08:00 ] 127.0.0.1 /
INFO: [ app_init ] --START--
INFO: Run Behavior\BuildLiteBehavior [ RunTime:0.000015s ]
INFO: [ app_init ] --END-- [ RunTime:0.001244s ]
INFO: [ app_begin ] --START--
INFO: Run Behavior\ReadHtmlCacheBehavior [ RunTime:0.001043s ]
INFO: [ app_begin ] --END-- [ RunTime:0.001107s ]
INFO: [ view_parse ] --START--
INFO: [ template_filter ] --START--
INFO: Run Behavior\ContentReplaceBehavior [ RunTime:0.000248s ]
INFO: [ template_filter ] --END-- [ RunTime:0.000314s ]
NOTIC: [8] Undefined index: loginuser D:\myenv\apache\htdocs\pgyidc\Application\Runtime\Cache\Home\2a94b8bda04ff446dcedd42276fc99ee.php 第 376 行.
INFO: Run Behavior\ParseTemplateBehavior [ RunTime:0.076532s ]
INFO: [ view_parse ] --END-- [ RunTime:0.076616s ]
INFO: [ view_filter ] --START--
INFO: Run Behavior\WriteHtmlCacheBehavior [ RunTime:0.015517s ]
INFO: [ view_filter ] --END-- [ RunTime:0.015628s ]
INFO: [ app_end ] --START--
INFO: Run Behavior\ShowPageTraceBehavior [ RunTime:0.028693s ]
INFO: [ app_end ] --END-- [ RunTime:0.028857s ]

[ 2018-07-16T09:01:41+08:00 ] 127.0.0.1 /favicon.ico
INFO: [ app_init ] --START--
INFO: Run Behavior\BuildLiteBehavior [ RunTime:0.000011s ]
INFO: [ app_init ] --END-- [ RunTime:0.000415s ]

[ 2018-07-16T09:01:45+08:00 ] 127.0.0.1 /Application/Admin/View/Public/images/icon_control.png
INFO: [ app_init ] --START--
INFO: Run Behavior\BuildLiteBehavior [ RunTime:0.000013s ]
INFO: [ app_init ] --END-- [ RunTime:0.000400s ]

[ 2018-07-16T09:23:36+08:00 ] 127.0.0.1 /Home/Index/index.html
INFO: [ app_init ] --START--
INFO: Run Behavior\BuildLiteBehavior [ RunTime:0.000018s ]
INFO: [ app_init ] --END-- [ RunTime:0.000468s ]
INFO: [ app_begin ] --START--
INFO: Run Behavior\ReadHtmlCacheBehavior [ RunTime:0.000574s ]
INFO: [ app_begin ] --END-- [ RunTime:0.000633s ]
INFO: [ view_parse ] --START--
INFO: [ template_filter ] --START--
INFO: Run Behavior\ContentReplaceBehavior [ RunTime:0.000242s ]
INFO: [ template_filter ] --END-- [ RunTime:0.000305s ]
INFO: Run Behavior\ParseTemplateBehavior [ RunTime:0.018340s ]
INFO: [ view_parse ] --END-- [ RunTime:0.018407s ]
INFO: [ view_filter ] --START--
INFO: Run Behavior\WriteHtmlCacheBehavior [ RunTime:0.000396s ]
INFO: [ view_filter ] --END-- [ RunTime:0.000442s ]
INFO: [ app_end ] --START--
INFO: Run Behavior\ShowPageTraceBehavior [ RunTime:0.000651s ]
INFO: [ app_end ] --END-- [ RunTime:0.000712s ]

[ 2018-07-16T09:23:41+08:00 ] 127.0.0.1 /Hdcloud/jdcloud.html
INFO: [ app_init ] --START--
INFO: Run Behavior\BuildLiteBehavior [ RunTime:0.000012s ]
INFO: [ app_init ] --END-- [ RunTime:0.000475s ]
INFO: [ app_begin ] --START--
INFO: Run Behavior\ReadHtmlCacheBehavior [ RunTime:0.000610s ]
INFO: [ app_begin ] --END-- [ RunTime:0.000665s ]
INFO: [ view_parse ] --START--
INFO: [ template_filter ] --START--
INFO: Run Behavior\ContentReplaceBehavior [ RunTime:0.000202s ]
INFO: [ template_filter ] --END-- [ RunTime:0.000256s ]
NOTIC: [8] Undefined variable: current D:\myenv\apache\htdocs\pgyidc\Application\Runtime\Cache\Home\ef2cc74da925a8b504dc2016d8b2cb37.php 第 23 行.
NOTIC: [8] Undefined variable: current D:\myenv\apache\htdocs\pgyidc\Application\Runtime\Cache\Home\ef2cc74da925a8b504dc2016d8b2cb37.php 第 52 行.
NOTIC: [8] Undefined variable: current D:\myenv\apache\htdocs\pgyidc\Application\Runtime\Cache\Home\ef2cc74da925a8b504dc2016d8b2cb37.php 第 130 行.
NOTIC: [8] Undefined variable: current D:\myenv\apache\htdocs\pgyidc\Application\Runtime\Cache\Home\ef2cc74da925a8b504dc2016d8b2cb37.php 第 165 行.
NOTIC: [8] Undefined variable: current D:\myenv\apache\htdocs\pgyidc\Application\Runtime\Cache\Home\ef2cc74da925a8b504dc2016d8b2cb37.php 第 216 行.
NOTIC: [8] Undefined variable: current D:\myenv\apache\htdocs\pgyidc\Application\Runtime\Cache\Home\ef2cc74da925a8b504dc2016d8b2cb37.php 第 252 行.
NOTIC: [8] Undefined variable: current D:\myenv\apache\htdocs\pgyidc\Application\Runtime\Cache\Home\ef2cc74da925a8b504dc2016d8b2cb37.php 第 932 行.
INFO: Run Behavior\ParseTemplateBehavior [ RunTime:0.049921s ]
INFO: [ view_parse ] --END-- [ RunTime:0.049979s ]
INFO: [ view_filter ] --START--
INFO: Run Behavior\WriteHtmlCacheBehavior [ RunTime:0.000362s ]
INFO: [ view_filter ] --END-- [ RunTime:0.000403s ]
INFO: [ app_end ] --START--
INFO: Run Behavior\ShowPageTraceBehavior [ RunTime:0.000634s ]
INFO: [ app_end ] --END-- [ RunTime:0.000683s ]

[ 2018-07-16T09:23:42+08:00 ] 127.0.0.1 /Hdcloud/jdcloudbuy.html
INFO: [ app_init ] --START--
INFO: Run Behavior\BuildLiteBehavior [ RunTime:0.000012s ]
INFO: [ app_init ] --END-- [ RunTime:0.000398s ]
INFO: [ app_begin ] --START--
INFO: Run Behavior\ReadHtmlCacheBehavior [ RunTime:0.000576s ]
INFO: [ app_begin ] --END-- [ RunTime:0.000630s ]
INFO: [ view_parse ] --START--
INFO: [ template_filter ] --START--
INFO: Run Behavior\ContentReplaceBehavior [ RunTime:0.000331s ]
INFO: [ template_filter ] --END-- [ RunTime:0.000391s ]
NOTIC: [8] Undefined variable: current D:\myenv\apache\htdocs\pgyidc\Application\Runtime\Cache\Home\2c5c93f324edb5ef9fc2ce80317a80a0.php 第 23 行.
NOTIC: [8] Undefined variable: current D:\myenv\apache\htdocs\pgyidc\Application\Runtime\Cache\Home\2c5c93f324edb5ef9fc2ce80317a80a0.php 第 52 行.
NOTIC: [8] Undefined variable: current D:\myenv\apache\htdocs\pgyidc\Application\Runtime\Cache\Home\2c5c93f324edb5ef9fc2ce80317a80a0.php 第 130 行.
NOTIC: [8] Undefined variable: current D:\myenv\apache\htdocs\pgyidc\Application\Runtime\Cache\Home\2c5c93f324edb5ef9fc2ce80317a80a0.php 第 165 行.
NOTIC: [8] Undefined variable: current D:\myenv\apache\htdocs\pgyidc\Application\Runtime\Cache\Home\2c5c93f324edb5ef9fc2ce80317a80a0.php 第 216 行.
NOTIC: [8] Undefined variable: current D:\myenv\apache\htdocs\pgyidc\Application\Runtime\Cache\Home\2c5c93f324edb5ef9fc2ce80317a80a0.php 第 252 行.
NOTIC: [8] Undefined variable: current D:\myenv\apache\htdocs\pgyidc\Application\Runtime\Cache\Home\2c5c93f324edb5ef9fc2ce80317a80a0.php 第 1547 行.
INFO: Run Behavior\ParseTemplateBehavior [ RunTime:0.053582s ]
INFO: [ view_parse ] --END-- [ RunTime:0.053664s ]
INFO: [ view_filter ] --START--
INFO: Run Behavior\WriteHtmlCacheBehavior [ RunTime:0.000917s ]
INFO: [ view_filter ] --END-- [ RunTime:0.001035s ]
INFO: [ app_end ] --START--
INFO: Run Behavior\ShowPageTraceBehavior [ RunTime:0.001337s ]
INFO: [ app_end ] --END-- [ RunTime:0.001446s ]

[ 2018-07-16T09:23:43+08:00 ] 127.0.0.1 /Hdcloud/getimage
INFO: [ app_init ] --START--
INFO: Run Behavior\BuildLiteBehavior [ RunTime:0.000013s ]
INFO: [ app_init ] --END-- [ RunTime:0.000401s ]
INFO: [ app_begin ] --START--
INFO: Run Behavior\ReadHtmlCacheBehavior [ RunTime:0.000555s ]
INFO: [ app_begin ] --END-- [ RunTime:0.000603s ]

[ 2018-07-16T09:23:43+08:00 ] 127.0.0.1 /Hdcloud/getstandard
INFO: [ app_init ] --START--
INFO: Run Behavior\BuildLiteBehavior [ RunTime:0.000015s ]
INFO: [ app_init ] --END-- [ RunTime:0.000532s ]
INFO: [ app_begin ] --START--
INFO: Run Behavior\ReadHtmlCacheBehavior [ RunTime:0.000718s ]
INFO: [ app_begin ] --END-- [ RunTime:0.000782s ]

[ 2018-07-16T09:23:44+08:00 ] 127.0.0.1 /Hdcloud/getprice
INFO: [ app_init ] --START--
INFO: Run Behavior\BuildLiteBehavior [ RunTime:0.000016s ]
INFO: [ app_init ] --END-- [ RunTime:0.000534s ]
INFO: [ app_begin ] --START--
INFO: Run Behavior\ReadHtmlCacheBehavior [ RunTime:0.000792s ]
INFO: [ app_begin ] --END-- [ RunTime:0.000859s ]
SQL: SHOW COLUMNS FROM `jdcstandard` [ RunTime:0.0570s ]
SQL: SHOW COLUMNS FROM `jdcprice` [ RunTime:0.0486s ]
SQL: SELECT `price` FROM `jdcstandard` WHERE ( standard='g.n1.medium' ) LIMIT 1   [ RunTime:0.0020s ]
SQL: SELECT `bgp` FROM `jdcprice` WHERE ( id=1 ) LIMIT 1   [ RunTime:0.0008s ]

[ 2018-07-16T09:23:45+08:00 ] 127.0.0.1 /Index/news.html
INFO: [ app_init ] --START--
INFO: Run Behavior\BuildLiteBehavior [ RunTime:0.000011s ]
INFO: [ app_init ] --END-- [ RunTime:0.000413s ]
INFO: [ app_begin ] --START--
INFO: Run Behavior\ReadHtmlCacheBehavior [ RunTime:0.000595s ]
INFO: [ app_begin ] --END-- [ RunTime:0.000654s ]
INFO: [ view_parse ] --START--
INFO: [ template_filter ] --START--
INFO: Run Behavior\ContentReplaceBehavior [ RunTime:0.000165s ]
INFO: [ template_filter ] --END-- [ RunTime:0.000219s ]
INFO: Run Behavior\ParseTemplateBehavior [ RunTime:0.027592s ]
INFO: [ view_parse ] --END-- [ RunTime:0.027642s ]
INFO: [ view_filter ] --START--
INFO: Run Behavior\WriteHtmlCacheBehavior [ RunTime:0.000396s ]
INFO: [ view_filter ] --END-- [ RunTime:0.000437s ]
INFO: [ app_end ] --START--
INFO: Run Behavior\ShowPageTraceBehavior [ RunTime:0.000612s ]
INFO: [ app_end ] --END-- [ RunTime:0.000657s ]

[ 2018-07-16T09:23:47+08:00 ] 127.0.0.1 /Hdcloud/getimage
INFO: [ app_init ] --START--
INFO: Run Behavior\BuildLiteBehavior [ RunTime:0.000013s ]
INFO: [ app_init ] --END-- [ RunTime:0.000437s ]
INFO: [ app_begin ] --START--
INFO: Run Behavior\ReadHtmlCacheBehavior [ RunTime:0.000657s ]
INFO: [ app_begin ] --END-- [ RunTime:0.000710s ]

[ 2018-07-16T09:23:48+08:00 ] 127.0.0.1 /Hdcloud/getstandard
INFO: [ app_init ] --START--
INFO: Run Behavior\BuildLiteBehavior [ RunTime:0.000014s ]
INFO: [ app_init ] --END-- [ RunTime:0.000467s ]
INFO: [ app_begin ] --START--
INFO: Run Behavior\ReadHtmlCacheBehavior [ RunTime:0.000661s ]
INFO: [ app_begin ] --END-- [ RunTime:0.000718s ]

[ 2018-07-16T09:23:49+08:00 ] 127.0.0.1 /Hdcloud/getprice
INFO: [ app_init ] --START--
INFO: Run Behavior\BuildLiteBehavior [ RunTime:0.000014s ]
INFO: [ app_init ] --END-- [ RunTime:0.000439s ]
INFO: [ app_begin ] --START--
INFO: Run Behavior\ReadHtmlCacheBehavior [ RunTime:0.000592s ]
INFO: [ app_begin ] --END-- [ RunTime:0.000642s ]
SQL: SHOW COLUMNS FROM `jdcstandard` [ RunTime:0.0104s ]
SQL: SHOW COLUMNS FROM `jdcprice` [ RunTime:0.0101s ]
SQL: SELECT `price` FROM `jdcstandard` WHERE ( standard='g.n1.medium' ) LIMIT 1   [ RunTime:0.0011s ]
SQL: SELECT `bgp` FROM `jdcprice` WHERE ( id=1 ) LIMIT 1   [ RunTime:0.0006s ]

[ 2018-07-16T09:43:10+08:00 ] 127.0.0.1 /Index/index.html
INFO: [ app_init ] --START--
INFO: Run Behavior\BuildLiteBehavior [ RunTime:0.000013s ]
INFO: [ app_init ] --END-- [ RunTime:0.000494s ]
INFO: [ app_begin ] --START--
INFO: Run Behavior\ReadHtmlCacheBehavior [ RunTime:0.000685s ]
INFO: [ app_begin ] --END-- [ RunTime:0.000737s ]
INFO: [ view_parse ] --START--
INFO: [ template_filter ] --START--
INFO: Run Behavior\ContentReplaceBehavior [ RunTime:0.000234s ]
INFO: [ template_filter ] --END-- [ RunTime:0.000313s ]
INFO: Run Behavior\ParseTemplateBehavior [ RunTime:0.017433s ]
INFO: [ view_parse ] --END-- [ RunTime:0.017482s ]
INFO: [ view_filter ] --START--
INFO: Run Behavior\WriteHtmlCacheBehavior [ RunTime:0.000484s ]
INFO: [ view_filter ] --END-- [ RunTime:0.000528s ]
INFO: [ app_end ] --START--
INFO: Run Behavior\ShowPageTraceBehavior [ RunTime:0.000747s ]
INFO: [ app_end ] --END-- [ RunTime:0.000806s ]

[ 2018-07-16T09:43:11+08:00 ] 127.0.0.1 /Index/index.html
INFO: [ app_init ] --START--
INFO: Run Behavior\BuildLiteBehavior [ RunTime:0.000013s ]
INFO: [ app_init ] --END-- [ RunTime:0.000405s ]
INFO: [ app_begin ] --START--
INFO: Run Behavior\ReadHtmlCacheBehavior [ RunTime:0.000572s ]
INFO: [ app_begin ] --END-- [ RunTime:0.000621s ]
INFO: [ view_parse ] --START--
INFO: [ template_filter ] --START--
INFO: Run Behavior\ContentReplaceBehavior [ RunTime:0.000280s ]
INFO: [ template_filter ] --END-- [ RunTime:0.000353s ]
INFO: Run Behavior\ParseTemplateBehavior [ RunTime:0.017428s ]
INFO: [ view_parse ] --END-- [ RunTime:0.017488s ]
INFO: [ view_filter ] --START--
INFO: Run Behavior\WriteHtmlCacheBehavior [ RunTime:0.000456s ]
INFO: [ view_filter ] --END-- [ RunTime:0.000497s ]
INFO: [ app_end ] --START--
INFO: Run Behavior\ShowPageTraceBehavior [ RunTime:0.000959s ]
INFO: [ app_end ] --END-- [ RunTime:0.001067s ]

[ 2018-07-16T09:43:12+08:00 ] 127.0.0.1 /Index/index.html
INFO: [ app_init ] --START--
INFO: Run Behavior\BuildLiteBehavior [ RunTime:0.000018s ]
INFO: [ app_init ] --END-- [ RunTime:0.000503s ]
INFO: [ app_begin ] --START--
INFO: Run Behavior\ReadHtmlCacheBehavior [ RunTime:0.000575s ]
INFO: [ app_begin ] --END-- [ RunTime:0.000628s ]
INFO: [ view_parse ] --START--
INFO: [ template_filter ] --START--
INFO: Run Behavior\ContentReplaceBehavior [ RunTime:0.000283s ]
INFO: [ template_filter ] --END-- [ RunTime:0.000382s ]
INFO: Run Behavior\ParseTemplateBehavior [ RunTime:0.018523s ]
INFO: [ view_parse ] --END-- [ RunTime:0.018588s ]
INFO: [ view_filter ] --START--
INFO: Run Behavior\WriteHtmlCacheBehavior [ RunTime:0.000918s ]
INFO: [ view_filter ] --END-- [ RunTime:0.000989s ]
INFO: [ app_end ] --START--
INFO: Run Behavior\ShowPageTraceBehavior [ RunTime:0.001147s ]
INFO: [ app_end ] --END-- [ RunTime:0.001301s ]

[ 2018-07-16T09:43:33+08:00 ] 127.0.0.1 /Index/index.html
INFO: [ app_init ] --START--
INFO: Run Behavior\BuildLiteBehavior [ RunTime:0.000018s ]
INFO: [ app_init ] --END-- [ RunTime:0.000558s ]
INFO: [ app_begin ] --START--
INFO: Run Behavior\ReadHtmlCacheBehavior [ RunTime:0.000891s ]
INFO: [ app_begin ] --END-- [ RunTime:0.000968s ]
INFO: [ view_parse ] --START--
INFO: [ template_filter ] --START--
INFO: Run Behavior\ContentReplaceBehavior [ RunTime:0.000309s ]
INFO: [ template_filter ] --END-- [ RunTime:0.000386s ]
INFO: Run Behavior\ParseTemplateBehavior [ RunTime:0.022073s ]
INFO: [ view_parse ] --END-- [ RunTime:0.022128s ]
INFO: [ view_filter ] --START--
INFO: Run Behavior\WriteHtmlCacheBehavior [ RunTime:0.000558s ]
INFO: [ view_filter ] --END-- [ RunTime:0.000603s ]
INFO: [ app_end ] --START--
INFO: Run Behavior\ShowPageTraceBehavior [ RunTime:0.000790s ]
INFO: [ app_end ] --END-- [ RunTime:0.000850s ]

[ 2018-07-16T09:44:09+08:00 ] 127.0.0.1 /Index/index.html
INFO: [ app_init ] --START--
INFO: Run Behavior\BuildLiteBehavior [ RunTime:0.000018s ]
INFO: [ app_init ] --END-- [ RunTime:0.000568s ]
INFO: [ app_begin ] --START--
INFO: Run Behavior\ReadHtmlCacheBehavior [ RunTime:0.000784s ]
INFO: [ app_begin ] --END-- [ RunTime:0.000865s ]
INFO: [ view_parse ] --START--
INFO: [ template_filter ] --START--
INFO: Run Behavior\ContentReplaceBehavior [ RunTime:0.000239s ]
INFO: [ template_filter ] --END-- [ RunTime:0.000298s ]
INFO: Run Behavior\ParseTemplateBehavior [ RunTime:0.020064s ]
INFO: [ view_parse ] --END-- [ RunTime:0.020126s ]
INFO: [ view_filter ] --START--
INFO: Run Behavior\WriteHtmlCacheBehavior [ RunTime:0.000417s ]
INFO: [ view_filter ] --END-- [ RunTime:0.000461s ]
INFO: [ app_end ] --START--
INFO: Run Behavior\ShowPageTraceBehavior [ RunTime:0.000644s ]
INFO: [ app_end ] --END-- [ RunTime:0.000700s ]

[ 2018-07-16T09:44:29+08:00 ] 127.0.0.1 /Index/index.html
INFO: [ app_init ] --START--
INFO: Run Behavior\BuildLiteBehavior [ RunTime:0.000016s ]
INFO: [ app_init ] --END-- [ RunTime:0.000538s ]
INFO: [ app_begin ] --START--
INFO: Run Behavior\ReadHtmlCacheBehavior [ RunTime:0.000775s ]
INFO: [ app_begin ] --END-- [ RunTime:0.000843s ]
INFO: [ view_parse ] --START--
INFO: [ template_filter ] --START--
INFO: Run Behavior\ContentReplaceBehavior [ RunTime:0.000240s ]
INFO: [ template_filter ] --END-- [ RunTime:0.000304s ]
INFO: Run Behavior\ParseTemplateBehavior [ RunTime:0.019201s ]
INFO: [ view_parse ] --END-- [ RunTime:0.019263s ]
INFO: [ view_filter ] --START--
INFO: Run Behavior\WriteHtmlCacheBehavior [ RunTime:0.000401s ]
INFO: [ view_filter ] --END-- [ RunTime:0.000445s ]
INFO: [ app_end ] --START--
INFO: Run Behavior\ShowPageTraceBehavior [ RunTime:0.000647s ]
INFO: [ app_end ] --END-- [ RunTime:0.000703s ]

[ 2018-07-16T10:05:35+08:00 ] 127.0.0.1 /Hdcloud/jdcloud.html
INFO: [ app_init ] --START--
INFO: Run Behavior\BuildLiteBehavior [ RunTime:0.000013s ]
INFO: [ app_init ] --END-- [ RunTime:0.000437s ]
INFO: [ app_begin ] --START--
INFO: Run Behavior\ReadHtmlCacheBehavior [ RunTime:0.000661s ]
INFO: [ app_begin ] --END-- [ RunTime:0.000716s ]
INFO: [ view_parse ] --START--
INFO: [ template_filter ] --START--
INFO: Run Behavior\ContentReplaceBehavior [ RunTime:0.000222s ]
INFO: [ template_filter ] --END-- [ RunTime:0.000281s ]
NOTIC: [8] Undefined variable: current D:\myenv\apache\htdocs\pgyidc\Application\Runtime\Cache\Home\ef2cc74da925a8b504dc2016d8b2cb37.php 第 23 行.
NOTIC: [8] Undefined variable: current D:\myenv\apache\htdocs\pgyidc\Application\Runtime\Cache\Home\ef2cc74da925a8b504dc2016d8b2cb37.php 第 52 行.
NOTIC: [8] Undefined variable: current D:\myenv\apache\htdocs\pgyidc\Application\Runtime\Cache\Home\ef2cc74da925a8b504dc2016d8b2cb37.php 第 130 行.
NOTIC: [8] Undefined variable: current D:\myenv\apache\htdocs\pgyidc\Application\Runtime\Cache\Home\ef2cc74da925a8b504dc2016d8b2cb37.php 第 165 行.
NOTIC: [8] Undefined variable: current D:\myenv\apache\htdocs\pgyidc\Application\Runtime\Cache\Home\ef2cc74da925a8b504dc2016d8b2cb37.php 第 216 行.
NOTIC: [8] Undefined variable: current D:\myenv\apache\htdocs\pgyidc\Application\Runtime\Cache\Home\ef2cc74da925a8b504dc2016d8b2cb37.php 第 252 行.
NOTIC: [8] Undefined variable: current D:\myenv\apache\htdocs\pgyidc\Application\Runtime\Cache\Home\ef2cc74da925a8b504dc2016d8b2cb37.php 第 932 行.
INFO: Run Behavior\ParseTemplateBehavior [ RunTime:0.018451s ]
INFO: [ view_parse ] --END-- [ RunTime:0.018500s ]
INFO: [ view_filter ] --START--
INFO: Run Behavior\WriteHtmlCacheBehavior [ RunTime:0.000539s ]
INFO: [ view_filter ] --END-- [ RunTime:0.000585s ]
INFO: [ app_end ] --START--
INFO: Run Behavior\ShowPageTraceBehavior [ RunTime:0.000739s ]
INFO: [ app_end ] --END-- [ RunTime:0.000803s ]

[ 2018-07-16T10:05:37+08:00 ] 127.0.0.1 /Hdcloud/jdcloudbuy.html
INFO: [ app_init ] --START--
INFO: Run Behavior\BuildLiteBehavior [ RunTime:0.000015s ]
INFO: [ app_init ] --END-- [ RunTime:0.000423s ]
INFO: [ app_begin ] --START--
INFO: Run Behavior\ReadHtmlCacheBehavior [ RunTime:0.000594s ]
INFO: [ app_begin ] --END-- [ RunTime:0.000648s ]
INFO: [ view_parse ] --START--
INFO: [ template_filter ] --START--
INFO: Run Behavior\ContentReplaceBehavior [ RunTime:0.000317s ]
INFO: [ template_filter ] --END-- [ RunTime:0.000375s ]
NOTIC: [8] Undefined variable: current D:\myenv\apache\htdocs\pgyidc\Application\Runtime\Cache\Home\2c5c93f324edb5ef9fc2ce80317a80a0.php 第 23 行.
NOTIC: [8] Undefined variable: current D:\myenv\apache\htdocs\pgyidc\Application\Runtime\Cache\Home\2c5c93f324edb5ef9fc2ce80317a80a0.php 第 52 行.
NOTIC: [8] Undefined variable: current D:\myenv\apache\htdocs\pgyidc\Application\Runtime\Cache\Home\2c5c93f324edb5ef9fc2ce80317a80a0.php 第 130 行.
NOTIC: [8] Undefined variable: current D:\myenv\apache\htdocs\pgyidc\Application\Runtime\Cache\Home\2c5c93f324edb5ef9fc2ce80317a80a0.php 第 165 行.
NOTIC: [8] Undefined variable: current D:\myenv\apache\htdocs\pgyidc\Application\Runtime\Cache\Home\2c5c93f324edb5ef9fc2ce80317a80a0.php 第 216 行.
NOTIC: [8] Undefined variable: current D:\myenv\apache\htdocs\pgyidc\Application\Runtime\Cache\Home\2c5c93f324edb5ef9fc2ce80317a80a0.php 第 252 行.
NOTIC: [8] Undefined variable: current D:\myenv\apache\htdocs\pgyidc\Application\Runtime\Cache\Home\2c5c93f324edb5ef9fc2ce80317a80a0.php 第 1547 行.
INFO: Run Behavior\ParseTemplateBehavior [ RunTime:0.021129s ]
INFO: [ view_parse ] --END-- [ RunTime:0.021177s ]
INFO: [ view_filter ] --START--
INFO: Run Behavior\WriteHtmlCacheBehavior [ RunTime:0.000409s ]
INFO: [ view_filter ] --END-- [ RunTime:0.000454s ]
INFO: [ app_end ] --START--
INFO: Run Behavior\ShowPageTraceBehavior [ RunTime:0.000662s ]
INFO: [ app_end ] --END-- [ RunTime:0.000727s ]

[ 2018-07-16T10:05:37+08:00 ] 127.0.0.1 /Hdcloud/getimage
INFO: [ app_init ] --START--
INFO: Run Behavior\BuildLiteBehavior [ RunTime:0.000014s ]
INFO: [ app_init ] --END-- [ RunTime:0.000420s ]
INFO: [ app_begin ] --START--
INFO: Run Behavior\ReadHtmlCacheBehavior [ RunTime:0.000588s ]
INFO: [ app_begin ] --END-- [ RunTime:0.000639s ]

[ 2018-07-16T10:05:38+08:00 ] 127.0.0.1 /Hdcloud/getstandard
INFO: [ app_init ] --START--
INFO: Run Behavior\BuildLiteBehavior [ RunTime:0.000024s ]
INFO: [ app_init ] --END-- [ RunTime:0.000833s ]
INFO: [ app_begin ] --START--
INFO: Run Behavior\ReadHtmlCacheBehavior [ RunTime:0.001311s ]
INFO: [ app_begin ] --END-- [ RunTime:0.001422s ]

[ 2018-07-16T10:05:39+08:00 ] 127.0.0.1 /Hdcloud/getprice
INFO: [ app_init ] --START--
INFO: Run Behavior\BuildLiteBehavior [ RunTime:0.000025s ]
INFO: [ app_init ] --END-- [ RunTime:0.000901s ]
INFO: [ app_begin ] --START--
INFO: Run Behavior\ReadHtmlCacheBehavior [ RunTime:0.000556s ]
INFO: [ app_begin ] --END-- [ RunTime:0.000606s ]
SQL: SHOW COLUMNS FROM `jdcstandard` [ RunTime:0.0080s ]
SQL: SHOW COLUMNS FROM `jdcprice` [ RunTime:0.0088s ]
SQL: SELECT `price` FROM `jdcstandard` WHERE ( standard='g.n1.medium' ) LIMIT 1   [ RunTime:0.0018s ]
SQL: SELECT `bgp` FROM `jdcprice` WHERE ( id=1 ) LIMIT 1   [ RunTime:0.0006s ]

[ 2018-07-16T10:05:55+08:00 ] 127.0.0.1 /Hdcloud/getimage
INFO: [ app_init ] --START--
INFO: Run Behavior\BuildLiteBehavior [ RunTime:0.000013s ]
INFO: [ app_init ] --END-- [ RunTime:0.000420s ]
INFO: [ app_begin ] --START--
INFO: Run Behavior\ReadHtmlCacheBehavior [ RunTime:0.000598s ]
INFO: [ app_begin ] --END-- [ RunTime:0.000648s ]

[ 2018-07-16T10:05:55+08:00 ] 127.0.0.1 /Hdcloud/getstandard
INFO: [ app_init ] --START--
INFO: Run Behavior\BuildLiteBehavior [ RunTime:0.000025s ]
INFO: [ app_init ] --END-- [ RunTime:0.000860s ]
INFO: [ app_begin ] --START--
INFO: Run Behavior\ReadHtmlCacheBehavior [ RunTime:0.001177s ]
INFO: [ app_begin ] --END-- [ RunTime:0.001279s ]

[ 2018-07-16T10:05:56+08:00 ] 127.0.0.1 /Hdcloud/getprice
INFO: [ app_init ] --START--
INFO: Run Behavior\BuildLiteBehavior [ RunTime:0.000014s ]
INFO: [ app_init ] --END-- [ RunTime:0.000441s ]
INFO: [ app_begin ] --START--
INFO: Run Behavior\ReadHtmlCacheBehavior [ RunTime:0.000624s ]
INFO: [ app_begin ] --END-- [ RunTime:0.000677s ]
SQL: SHOW COLUMNS FROM `jdcstandard` [ RunTime:0.0108s ]
SQL: SHOW COLUMNS FROM `jdcprice` [ RunTime:0.0112s ]
SQL: SELECT `price` FROM `jdcstandard` WHERE ( standard='g.n1.medium' ) LIMIT 1   [ RunTime:0.0018s ]
SQL: SELECT `bgp` FROM `jdcprice` WHERE ( id=1 ) LIMIT 1   [ RunTime:0.0010s ]

[ 2018-07-16T10:06:12+08:00 ] 127.0.0.1 /Hdcloud/buynow
INFO: [ app_init ] --START--
INFO: Run Behavior\BuildLiteBehavior [ RunTime:0.000014s ]
INFO: [ app_init ] --END-- [ RunTime:0.000464s ]
INFO: [ app_begin ] --START--
INFO: Run Behavior\ReadHtmlCacheBehavior [ RunTime:0.000704s ]
INFO: [ app_begin ] --END-- [ RunTime:0.000768s ]
SQL: SHOW COLUMNS FROM `jdcstandard` [ RunTime:0.0059s ]
SQL: SHOW COLUMNS FROM `jdcprice` [ RunTime:0.0059s ]
SQL: SELECT `price` FROM `jdcstandard` WHERE ( standard='g.n1.medium' ) LIMIT 1   [ RunTime:0.0009s ]
SQL: SELECT `bgp` FROM `jdcprice` WHERE ( id=1 ) LIMIT 1   [ RunTime:0.0005s ]
SQL: SHOW COLUMNS FROM `paylog` [ RunTime:0.0059s ]
SQL: SELECT SUM(money) as my FROM `paylog` WHERE ( userid=1 and datatype=0 )  [ RunTime:0.0009s ]
SQL: SELECT SUM(money) as my FROM `paylog` WHERE ( userid=1 and datatype=1 )  [ RunTime:0.0004s ]
SQL: INSERT INTO `paylog` (`ordernum`,`money`,`userid`,`addtime`,`typename`,`datatype`) VALUES ('pgy20180716100612','105','1','1531706772','购买云主机','1') [ RunTime:0.0302s ]
SQL: SHOW COLUMNS FROM `jdcloudlog` [ RunTime:0.0114s ]
SQL: INSERT INTO `jdcloudlog` (`UserID`,`CloudNo`,`ip`,`Price`,`Disprice`,`BuyTime`,`DueTime`,`regionid`,`imagename`) VALUES ('1','i-nulzzpe898','','105元/1月','105元/1月','1531706772','1534348800','cn-east-2','CentOS 7.2 64位 NAT Gateway') [ RunTime:0.0196s ]

[ 2018-07-16T14:13:33+08:00 ] 127.0.0.1 /Home/Hdcloud/getstandard
INFO: [ app_init ] --START--
INFO: Run Behavior\BuildLiteBehavior [ RunTime:0.000014s ]
INFO: [ app_init ] --END-- [ RunTime:0.000402s ]
INFO: [ app_begin ] --START--
INFO: Run Behavior\ReadHtmlCacheBehavior [ RunTime:0.000574s ]
INFO: [ app_begin ] --END-- [ RunTime:0.000624s ]

[ 2018-07-16T14:16:55+08:00 ] 127.0.0.1 /Home/Hdcloud/getstandard
INFO: [ app_init ] --START--
INFO: Run Behavior\BuildLiteBehavior [ RunTime:0.000013s ]
INFO: [ app_init ] --END-- [ RunTime:0.000412s ]
INFO: [ app_begin ] --START--
INFO: Run Behavior\ReadHtmlCacheBehavior [ RunTime:0.000570s ]
INFO: [ app_begin ] --END-- [ RunTime:0.000617s ]

[ 2018-07-16T14:18:02+08:00 ] 127.0.0.1 /Home/Hdcloud/getstandard
INFO: [ app_init ] --START--
INFO: Run Behavior\BuildLiteBehavior [ RunTime:0.000013s ]
INFO: [ app_init ] --END-- [ RunTime:0.000396s ]
INFO: [ app_begin ] --START--
INFO: Run Behavior\ReadHtmlCacheBehavior [ RunTime:0.000552s ]
INFO: [ app_begin ] --END-- [ RunTime:0.000601s ]

[ 2018-07-16T14:20:22+08:00 ] 127.0.0.1 /Home/Hdcloud/getstandard
INFO: [ app_init ] --START--
INFO: Run Behavior\BuildLiteBehavior [ RunTime:0.000013s ]
INFO: [ app_init ] --END-- [ RunTime:0.000387s ]
INFO: [ app_begin ] --START--
INFO: Run Behavior\ReadHtmlCacheBehavior [ RunTime:0.000592s ]
INFO: [ app_begin ] --END-- [ RunTime:0.000638s ]

[ 2018-07-16T14:20:40+08:00 ] 127.0.0.1 /Home/Hdcloud/getstandard
INFO: [ app_init ] --START--
INFO: Run Behavior\BuildLiteBehavior [ RunTime:0.000023s ]
INFO: [ app_init ] --END-- [ RunTime:0.000574s ]
INFO: [ app_begin ] --START--
INFO: Run Behavior\ReadHtmlCacheBehavior [ RunTime:0.000635s ]
INFO: [ app_begin ] --END-- [ RunTime:0.000706s ]

[ 2018-07-16T14:23:49+08:00 ] 127.0.0.1 /Home/Hdcloud/getstandard
INFO: [ app_init ] --START--
INFO: Run Behavior\BuildLiteBehavior [ RunTime:0.000012s ]
INFO: [ app_init ] --END-- [ RunTime:0.000408s ]
INFO: [ app_begin ] --START--
INFO: Run Behavior\ReadHtmlCacheBehavior [ RunTime:0.000588s ]
INFO: [ app_begin ] --END-- [ RunTime:0.000638s ]

[ 2018-07-16T14:24:38+08:00 ] 127.0.0.1 /Home/Hdcloud/getstandard
INFO: [ app_init ] --START--
INFO: Run Behavior\BuildLiteBehavior [ RunTime:0.000013s ]
INFO: [ app_init ] --END-- [ RunTime:0.000422s ]
INFO: [ app_begin ] --START--
INFO: Run Behavior\ReadHtmlCacheBehavior [ RunTime:0.000613s ]
INFO: [ app_begin ] --END-- [ RunTime:0.000667s ]

[ 2018-07-16T14:25:17+08:00 ] 127.0.0.1 /Home/Hdcloud/getstandard
INFO: [ app_init ] --START--
INFO: Run Behavior\BuildLiteBehavior [ RunTime:0.000014s ]
INFO: [ app_init ] --END-- [ RunTime:0.000397s ]
INFO: [ app_begin ] --START--
INFO: Run Behavior\ReadHtmlCacheBehavior [ RunTime:0.000590s ]
INFO: [ app_begin ] --END-- [ RunTime:0.000638s ]

[ 2018-07-16T14:28:41+08:00 ] 127.0.0.1 /Home/Hdcloud/getstandard
INFO: [ app_init ] --START--
INFO: Run Behavior\BuildLiteBehavior [ RunTime:0.000023s ]
INFO: [ app_init ] --END-- [ RunTime:0.000426s ]
INFO: [ app_begin ] --START--
INFO: Run Behavior\ReadHtmlCacheBehavior [ RunTime:0.000575s ]
INFO: [ app_begin ] --END-- [ RunTime:0.000627s ]

[ 2018-07-16T14:29:16+08:00 ] 127.0.0.1 /Home/Hdcloud/getstandard
INFO: [ app_init ] --START--
INFO: Run Behavior\BuildLiteBehavior [ RunTime:0.000013s ]
INFO: [ app_init ] --END-- [ RunTime:0.000389s ]
INFO: [ app_begin ] --START--
INFO: Run Behavior\ReadHtmlCacheBehavior [ RunTime:0.000540s ]
INFO: [ app_begin ] --END-- [ RunTime:0.000588s ]

[ 2018-07-16T14:34:32+08:00 ] 127.0.0.1 /Home/Hdcloud/getstandard
INFO: [ app_init ] --START--
INFO: Run Behavior\BuildLiteBehavior [ RunTime:0.000016s ]
INFO: [ app_init ] --END-- [ RunTime:0.000394s ]
INFO: [ app_begin ] --START--
INFO: Run Behavior\ReadHtmlCacheBehavior [ RunTime:0.000536s ]
INFO: [ app_begin ] --END-- [ RunTime:0.000581s ]

[ 2018-07-16T14:35:06+08:00 ] 127.0.0.1 /Home/Hdcloud/getstandard
INFO: [ app_init ] --START--
INFO: Run Behavior\BuildLiteBehavior [ RunTime:0.000013s ]
INFO: [ app_init ] --END-- [ RunTime:0.000390s ]
INFO: [ app_begin ] --START--
INFO: Run Behavior\ReadHtmlCacheBehavior [ RunTime:0.000840s ]
INFO: [ app_begin ] --END-- [ RunTime:0.000928s ]

[ 2018-07-16T14:36:00+08:00 ] 127.0.0.1 /Home/Hdcloud/getstandard
INFO: [ app_init ] --START--
INFO: Run Behavior\BuildLiteBehavior [ RunTime:0.000014s ]
INFO: [ app_init ] --END-- [ RunTime:0.000376s ]
INFO: [ app_begin ] --START--
INFO: Run Behavior\ReadHtmlCacheBehavior [ RunTime:0.000535s ]
INFO: [ app_begin ] --END-- [ RunTime:0.000583s ]

[ 2018-07-16T14:37:26+08:00 ] 127.0.0.1 /Home/Hdcloud/getstandard
INFO: [ app_init ] --START--
INFO: Run Behavior\BuildLiteBehavior [ RunTime:0.000013s ]
INFO: [ app_init ] --END-- [ RunTime:0.000379s ]
INFO: [ app_begin ] --START--
INFO: Run Behavior\ReadHtmlCacheBehavior [ RunTime:0.000549s ]
INFO: [ app_begin ] --END-- [ RunTime:0.000599s ]

[ 2018-07-16T14:39:33+08:00 ] 127.0.0.1 /Home/Hdcloud/getstandard
INFO: [ app_init ] --START--
INFO: Run Behavior\BuildLiteBehavior [ RunTime:0.000012s ]
INFO: [ app_init ] --END-- [ RunTime:0.000374s ]
INFO: [ app_begin ] --START--
INFO: Run Behavior\ReadHtmlCacheBehavior [ RunTime:0.000571s ]
INFO: [ app_begin ] --END-- [ RunTime:0.000617s ]

[ 2018-07-16T14:40:16+08:00 ] 127.0.0.1 /Home/Hdcloud/getstandard
INFO: [ app_init ] --START--
INFO: Run Behavior\BuildLiteBehavior [ RunTime:0.000013s ]
INFO: [ app_init ] --END-- [ RunTime:0.000460s ]
INFO: [ app_begin ] --START--
INFO: Run Behavior\ReadHtmlCacheBehavior [ RunTime:0.000736s ]
INFO: [ app_begin ] --END-- [ RunTime:0.000829s ]

[ 2018-07-16T14:41:27+08:00 ] 127.0.0.1 /Home/Hdcloud/getstandard
INFO: [ app_init ] --START--
INFO: Run Behavior\BuildLiteBehavior [ RunTime:0.000016s ]
INFO: [ app_init ] --END-- [ RunTime:0.000379s ]
INFO: [ app_begin ] --START--
INFO: Run Behavior\ReadHtmlCacheBehavior [ RunTime:0.000564s ]
INFO: [ app_begin ] --END-- [ RunTime:0.000628s ]

[ 2018-07-16T14:41:51+08:00 ] 127.0.0.1 /Home/Hdcloud/getstandard
INFO: [ app_init ] --START--
INFO: Run Behavior\BuildLiteBehavior [ RunTime:0.000016s ]
INFO: [ app_init ] --END-- [ RunTime:0.000462s ]
INFO: [ app_begin ] --START--
INFO: Run Behavior\ReadHtmlCacheBehavior [ RunTime:0.000646s ]
INFO: [ app_begin ] --END-- [ RunTime:0.000705s ]

[ 2018-07-16T14:41:59+08:00 ] 127.0.0.1 /Home/Hdcloud/getstandard
INFO: [ app_init ] --START--
INFO: Run Behavior\BuildLiteBehavior [ RunTime:0.000011s ]
INFO: [ app_init ] --END-- [ RunTime:0.000369s ]
INFO: [ app_begin ] --START--
INFO: Run Behavior\ReadHtmlCacheBehavior [ RunTime:0.000615s ]
INFO: [ app_begin ] --END-- [ RunTime:0.000674s ]

[ 2018-07-16T14:42:12+08:00 ] 127.0.0.1 /Home/Hdcloud/getstandard
INFO: [ app_init ] --START--
INFO: Run Behavior\BuildLiteBehavior [ RunTime:0.000014s ]
INFO: [ app_init ] --END-- [ RunTime:0.000410s ]
INFO: [ app_begin ] --START--
INFO: Run Behavior\ReadHtmlCacheBehavior [ RunTime:0.000548s ]
INFO: [ app_begin ] --END-- [ RunTime:0.000599s ]

[ 2018-07-16T14:42:51+08:00 ] 127.0.0.1 /Home/Hdcloud/getstandard
INFO: [ app_init ] --START--
INFO: Run Behavior\BuildLiteBehavior [ RunTime:0.000012s ]
INFO: [ app_init ] --END-- [ RunTime:0.000376s ]
INFO: [ app_begin ] --START--
INFO: Run Behavior\ReadHtmlCacheBehavior [ RunTime:0.000591s ]
INFO: [ app_begin ] --END-- [ RunTime:0.000639s ]

[ 2018-07-16T14:43:08+08:00 ] 127.0.0.1 /Home/Hdcloud/getstandard
INFO: [ app_init ] --START--
INFO: Run Behavior\BuildLiteBehavior [ RunTime:0.000012s ]
INFO: [ app_init ] --END-- [ RunTime:0.000435s ]
INFO: [ app_begin ] --START--
INFO: Run Behavior\ReadHtmlCacheBehavior [ RunTime:0.000823s ]
INFO: [ app_begin ] --END-- [ RunTime:0.000908s ]

[ 2018-07-16T14:43:57+08:00 ] 127.0.0.1 /Home/Hdcloud/getstandard
INFO: [ app_init ] --START--
INFO: Run Behavior\BuildLiteBehavior [ RunTime:0.000014s ]
INFO: [ app_init ] --END-- [ RunTime:0.000404s ]
INFO: [ app_begin ] --START--
INFO: Run Behavior\ReadHtmlCacheBehavior [ RunTime:0.000725s ]
INFO: [ app_begin ] --END-- [ RunTime:0.000813s ]

[ 2018-07-16T14:44:18+08:00 ] 127.0.0.1 /Home/Hdcloud/getstandard
INFO: [ app_init ] --START--
INFO: Run Behavior\BuildLiteBehavior [ RunTime:0.000014s ]
INFO: [ app_init ] --END-- [ RunTime:0.000388s ]
INFO: [ app_begin ] --START--
INFO: Run Behavior\ReadHtmlCacheBehavior [ RunTime:0.000688s ]
INFO: [ app_begin ] --END-- [ RunTime:0.000746s ]

[ 2018-07-16T14:44:29+08:00 ] 127.0.0.1 /Home/Hdcloud/getstandard
INFO: [ app_init ] --START--
INFO: Run Behavior\BuildLiteBehavior [ RunTime:0.000021s ]
INFO: [ app_init ] --END-- [ RunTime:0.000440s ]
INFO: [ app_begin ] --START--
INFO: Run Behavior\ReadHtmlCacheBehavior [ RunTime:0.000561s ]
INFO: [ app_begin ] --END-- [ RunTime:0.000625s ]

[ 2018-07-16T14:44:45+08:00 ] 127.0.0.1 /Home/Hdcloud/getstandard
INFO: [ app_init ] --START--
INFO: Run Behavior\BuildLiteBehavior [ RunTime:0.000014s ]
INFO: [ app_init ] --END-- [ RunTime:0.000391s ]
INFO: [ app_begin ] --START--
INFO: Run Behavior\ReadHtmlCacheBehavior [ RunTime:0.000776s ]
INFO: [ app_begin ] --END-- [ RunTime:0.000836s ]

[ 2018-07-16T14:44:59+08:00 ] 127.0.0.1 /Home/Hdcloud/getstandard
INFO: [ app_init ] --START--
INFO: Run Behavior\BuildLiteBehavior [ RunTime:0.000014s ]
INFO: [ app_init ] --END-- [ RunTime:0.000386s ]
INFO: [ app_begin ] --START--
INFO: Run Behavior\ReadHtmlCacheBehavior [ RunTime:0.000545s ]
INFO: [ app_begin ] --END-- [ RunTime:0.000603s ]

[ 2018-07-16T14:45:26+08:00 ] 127.0.0.1 /Home/Hdcloud/getstandard
INFO: [ app_init ] --START--
INFO: Run Behavior\BuildLiteBehavior [ RunTime:0.000015s ]
INFO: [ app_init ] --END-- [ RunTime:0.000499s ]
INFO: [ app_begin ] --START--
INFO: Run Behavior\ReadHtmlCacheBehavior [ RunTime:0.000552s ]
INFO: [ app_begin ] --END-- [ RunTime:0.000602s ]

[ 2018-07-16T14:55:58+08:00 ] 127.0.0.1 /Hdcloud/jdcloudbuy.html
INFO: [ app_init ] --START--
INFO: Run Behavior\BuildLiteBehavior [ RunTime:0.000016s ]
INFO: [ app_init ] --END-- [ RunTime:0.000584s ]
INFO: [ app_begin ] --START--
INFO: Run Behavior\ReadHtmlCacheBehavior [ RunTime:0.000845s ]
INFO: [ app_begin ] --END-- [ RunTime:0.000912s ]
INFO: [ view_parse ] --START--
INFO: [ template_filter ] --START--
INFO: Run Behavior\ContentReplaceBehavior [ RunTime:0.000315s ]
INFO: [ template_filter ] --END-- [ RunTime:0.000370s ]
NOTIC: [8] Undefined variable: current D:\myenv\apache\htdocs\pgyidc\Application\Runtime\Cache\Home\2c5c93f324edb5ef9fc2ce80317a80a0.php 第 23 行.
NOTIC: [8] Undefined variable: current D:\myenv\apache\htdocs\pgyidc\Application\Runtime\Cache\Home\2c5c93f324edb5ef9fc2ce80317a80a0.php 第 52 行.
NOTIC: [8] Undefined variable: current D:\myenv\apache\htdocs\pgyidc\Application\Runtime\Cache\Home\2c5c93f324edb5ef9fc2ce80317a80a0.php 第 130 行.
NOTIC: [8] Undefined variable: current D:\myenv\apache\htdocs\pgyidc\Application\Runtime\Cache\Home\2c5c93f324edb5ef9fc2ce80317a80a0.php 第 165 行.
NOTIC: [8] Undefined variable: current D:\myenv\apache\htdocs\pgyidc\Application\Runtime\Cache\Home\2c5c93f324edb5ef9fc2ce80317a80a0.php 第 216 行.
NOTIC: [8] Undefined variable: current D:\myenv\apache\htdocs\pgyidc\Application\Runtime\Cache\Home\2c5c93f324edb5ef9fc2ce80317a80a0.php 第 252 行.
NOTIC: [8] Undefined variable: current D:\myenv\apache\htdocs\pgyidc\Application\Runtime\Cache\Home\2c5c93f324edb5ef9fc2ce80317a80a0.php 第 1547 行.
INFO: Run Behavior\ParseTemplateBehavior [ RunTime:0.025071s ]
INFO: [ view_parse ] --END-- [ RunTime:0.025127s ]
INFO: [ view_filter ] --START--
INFO: Run Behavior\WriteHtmlCacheBehavior [ RunTime:0.000500s ]
INFO: [ view_filter ] --END-- [ RunTime:0.000543s ]
INFO: [ app_end ] --START--
INFO: Run Behavior\ShowPageTraceBehavior [ RunTime:0.000735s ]
INFO: [ app_end ] --END-- [ RunTime:0.000800s ]

[ 2018-07-16T14:55:59+08:00 ] 127.0.0.1 /Hdcloud/getimage
INFO: [ app_init ] --START--
INFO: Run Behavior\BuildLiteBehavior [ RunTime:0.000014s ]
INFO: [ app_init ] --END-- [ RunTime:0.000431s ]
INFO: [ app_begin ] --START--
INFO: Run Behavior\ReadHtmlCacheBehavior [ RunTime:0.000829s ]
INFO: [ app_begin ] --END-- [ RunTime:0.000911s ]

[ 2018-07-16T14:55:59+08:00 ] 127.0.0.1 /Hdcloud/getstandard
INFO: [ app_init ] --START--
INFO: Run Behavior\BuildLiteBehavior [ RunTime:0.000011s ]
INFO: [ app_init ] --END-- [ RunTime:0.000379s ]
INFO: [ app_begin ] --START--
INFO: Run Behavior\ReadHtmlCacheBehavior [ RunTime:0.000561s ]
INFO: [ app_begin ] --END-- [ RunTime:0.000616s ]

[ 2018-07-16T14:56:00+08:00 ] 127.0.0.1 /Hdcloud/getprice
INFO: [ app_init ] --START--
INFO: Run Behavior\BuildLiteBehavior [ RunTime:0.000015s ]
INFO: [ app_init ] --END-- [ RunTime:0.000659s ]
INFO: [ app_begin ] --START--
INFO: Run Behavior\ReadHtmlCacheBehavior [ RunTime:0.000682s ]
INFO: [ app_begin ] --END-- [ RunTime:0.000745s ]
SQL: SHOW COLUMNS FROM `jdcstandard` [ RunTime:0.0115s ]
SQL: SHOW COLUMNS FROM `jdcprice` [ RunTime:0.0119s ]
SQL: SELECT `price` FROM `jdcstandard` WHERE ( standard='g.n1.medium' ) LIMIT 1   [ RunTime:0.0021s ]
SQL: SELECT `bgp` FROM `jdcprice` WHERE ( id=1 ) LIMIT 1   [ RunTime:0.0013s ]

[ 2018-07-16T14:59:11+08:00 ] 127.0.0.1 /Hdcloud/getprice
INFO: [ app_init ] --START--
INFO: Run Behavior\BuildLiteBehavior [ RunTime:0.000012s ]
INFO: [ app_init ] --END-- [ RunTime:0.000523s ]
INFO: [ app_begin ] --START--
INFO: Run Behavior\ReadHtmlCacheBehavior [ RunTime:0.000680s ]
INFO: [ app_begin ] --END-- [ RunTime:0.000731s ]
SQL: SHOW COLUMNS FROM `jdcstandard` [ RunTime:0.0060s ]
SQL: SHOW COLUMNS FROM `jdcprice` [ RunTime:0.0058s ]
SQL: SELECT `price` FROM `jdcstandard` WHERE ( standard='g.n1.medium' ) LIMIT 1   [ RunTime:0.0010s ]
SQL: SELECT `bgp` FROM `jdcprice` WHERE ( id=1 ) LIMIT 1   [ RunTime:0.0006s ]

[ 2018-07-16T14:59:11+08:00 ] 127.0.0.1 /Hdcloud/jdcloudbuy.html
INFO: [ app_init ] --START--
INFO: Run Behavior\BuildLiteBehavior [ RunTime:0.000011s ]
INFO: [ app_init ] --END-- [ RunTime:0.000427s ]
INFO: [ app_begin ] --START--
INFO: Run Behavior\ReadHtmlCacheBehavior [ RunTime:0.000634s ]
INFO: [ app_begin ] --END-- [ RunTime:0.000685s ]
INFO: [ view_parse ] --START--
INFO: [ template_filter ] --START--
INFO: Run Behavior\ContentReplaceBehavior [ RunTime:0.000317s ]
INFO: [ template_filter ] --END-- [ RunTime:0.000375s ]
NOTIC: [8] Undefined variable: current D:\myenv\apache\htdocs\pgyidc\Application\Runtime\Cache\Home\2c5c93f324edb5ef9fc2ce80317a80a0.php 第 23 行.
NOTIC: [8] Undefined variable: current D:\myenv\apache\htdocs\pgyidc\Application\Runtime\Cache\Home\2c5c93f324edb5ef9fc2ce80317a80a0.php 第 52 行.
NOTIC: [8] Undefined variable: current D:\myenv\apache\htdocs\pgyidc\Application\Runtime\Cache\Home\2c5c93f324edb5ef9fc2ce80317a80a0.php 第 130 行.
NOTIC: [8] Undefined variable: current D:\myenv\apache\htdocs\pgyidc\Application\Runtime\Cache\Home\2c5c93f324edb5ef9fc2ce80317a80a0.php 第 165 行.
NOTIC: [8] Undefined variable: current D:\myenv\apache\htdocs\pgyidc\Application\Runtime\Cache\Home\2c5c93f324edb5ef9fc2ce80317a80a0.php 第 216 行.
NOTIC: [8] Undefined variable: current D:\myenv\apache\htdocs\pgyidc\Application\Runtime\Cache\Home\2c5c93f324edb5ef9fc2ce80317a80a0.php 第 252 行.
NOTIC: [8] Undefined variable: current D:\myenv\apache\htdocs\pgyidc\Application\Runtime\Cache\Home\2c5c93f324edb5ef9fc2ce80317a80a0.php 第 1547 行.
INFO: Run Behavior\ParseTemplateBehavior [ RunTime:0.022871s ]
INFO: [ view_parse ] --END-- [ RunTime:0.022924s ]
INFO: [ view_filter ] --START--
INFO: Run Behavior\WriteHtmlCacheBehavior [ RunTime:0.000453s ]
INFO: [ view_filter ] --END-- [ RunTime:0.000494s ]
INFO: [ app_end ] --START--
INFO: Run Behavior\ShowPageTraceBehavior [ RunTime:0.001013s ]
INFO: [ app_end ] --END-- [ RunTime:0.001097s ]

[ 2018-07-16T14:59:11+08:00 ] 127.0.0.1 /Hdcloud/getimage
INFO: [ app_init ] --START--
INFO: Run Behavior\BuildLiteBehavior [ RunTime:0.000013s ]
INFO: [ app_init ] --END-- [ RunTime:0.000384s ]
INFO: [ app_begin ] --START--
INFO: Run Behavior\ReadHtmlCacheBehavior [ RunTime:0.000807s ]
INFO: [ app_begin ] --END-- [ RunTime:0.000880s ]

[ 2018-07-16T14:59:12+08:00 ] 127.0.0.1 /Hdcloud/getstandard
INFO: [ app_init ] --START--
INFO: Run Behavior\BuildLiteBehavior [ RunTime:0.000013s ]
INFO: [ app_init ] --END-- [ RunTime:0.000389s ]
INFO: [ app_begin ] --START--
INFO: Run Behavior\ReadHtmlCacheBehavior [ RunTime:0.000607s ]
INFO: [ app_begin ] --END-- [ RunTime:0.000657s ]

[ 2018-07-16T14:59:13+08:00 ] 127.0.0.1 /Hdcloud/getprice
INFO: [ app_init ] --START--
INFO: Run Behavior\BuildLiteBehavior [ RunTime:0.000013s ]
INFO: [ app_init ] --END-- [ RunTime:0.000381s ]
INFO: [ app_begin ] --START--
INFO: Run Behavior\ReadHtmlCacheBehavior [ RunTime:0.000715s ]
INFO: [ app_begin ] --END-- [ RunTime:0.000764s ]
SQL: SHOW COLUMNS FROM `jdcstandard` [ RunTime:0.0117s ]
SQL: SHOW COLUMNS FROM `jdcprice` [ RunTime:0.0124s ]
SQL: SELECT `price` FROM `jdcstandard` WHERE ( standard='g.n1.medium' ) LIMIT 1   [ RunTime:0.0018s ]
SQL: SELECT `bgp` FROM `jdcprice` WHERE ( id=1 ) LIMIT 1   [ RunTime:0.0012s ]

[ 2018-07-16T14:59:19+08:00 ] 127.0.0.1 /Hdcloud/getprice
INFO: [ app_init ] --START--
INFO: Run Behavior\BuildLiteBehavior [ RunTime:0.000026s ]
INFO: [ app_init ] --END-- [ RunTime:0.000856s ]
INFO: [ app_begin ] --START--
INFO: Run Behavior\ReadHtmlCacheBehavior [ RunTime:0.001187s ]
INFO: [ app_begin ] --END-- [ RunTime:0.001291s ]
SQL: SHOW COLUMNS FROM `jdcstandard` [ RunTime:0.0108s ]
SQL: SHOW COLUMNS FROM `jdcprice` [ RunTime:0.0114s ]
SQL: SELECT `price` FROM `jdcstandard` WHERE ( standard='g.n1.medium' ) LIMIT 1   [ RunTime:0.0019s ]
SQL: SELECT `bgp` FROM `jdcprice` WHERE ( id=1 ) LIMIT 1   [ RunTime:0.0011s ]

[ 2018-07-16T14:59:25+08:00 ] 127.0.0.1 /Hdcloud/getprice
INFO: [ app_init ] --START--
INFO: Run Behavior\BuildLiteBehavior [ RunTime:0.000012s ]
INFO: [ app_init ] --END-- [ RunTime:0.000417s ]
INFO: [ app_begin ] --START--
INFO: Run Behavior\ReadHtmlCacheBehavior [ RunTime:0.000563s ]
INFO: [ app_begin ] --END-- [ RunTime:0.000613s ]
SQL: SHOW COLUMNS FROM `jdcstandard` [ RunTime:0.0112s ]
SQL: SHOW COLUMNS FROM `jdcprice` [ RunTime:0.0116s ]
SQL: SELECT `price` FROM `jdcstandard` WHERE ( standard='g.n1.medium' ) LIMIT 1   [ RunTime:0.0022s ]
SQL: SELECT `bgp` FROM `jdcprice` WHERE ( id=1 ) LIMIT 1   [ RunTime:0.0012s ]

[ 2018-07-16T14:59:25+08:00 ] 127.0.0.1 /Hdcloud/jdcloudbuy.html
INFO: [ app_init ] --START--
INFO: Run Behavior\BuildLiteBehavior [ RunTime:0.000011s ]
INFO: [ app_init ] --END-- [ RunTime:0.000388s ]
INFO: [ app_begin ] --START--
INFO: Run Behavior\ReadHtmlCacheBehavior [ RunTime:0.000575s ]
INFO: [ app_begin ] --END-- [ RunTime:0.000626s ]
INFO: [ view_parse ] --START--
INFO: [ template_filter ] --START--
INFO: Run Behavior\ContentReplaceBehavior [ RunTime:0.000421s ]
INFO: [ template_filter ] --END-- [ RunTime:0.000495s ]
NOTIC: [8] Undefined variable: current D:\myenv\apache\htdocs\pgyidc\Application\Runtime\Cache\Home\2c5c93f324edb5ef9fc2ce80317a80a0.php 第 23 行.
NOTIC: [8] Undefined variable: current D:\myenv\apache\htdocs\pgyidc\Application\Runtime\Cache\Home\2c5c93f324edb5ef9fc2ce80317a80a0.php 第 52 行.
NOTIC: [8] Undefined variable: current D:\myenv\apache\htdocs\pgyidc\Application\Runtime\Cache\Home\2c5c93f324edb5ef9fc2ce80317a80a0.php 第 130 行.
NOTIC: [8] Undefined variable: current D:\myenv\apache\htdocs\pgyidc\Application\Runtime\Cache\Home\2c5c93f324edb5ef9fc2ce80317a80a0.php 第 165 行.
NOTIC: [8] Undefined variable: current D:\myenv\apache\htdocs\pgyidc\Application\Runtime\Cache\Home\2c5c93f324edb5ef9fc2ce80317a80a0.php 第 216 行.
NOTIC: [8] Undefined variable: current D:\myenv\apache\htdocs\pgyidc\Application\Runtime\Cache\Home\2c5c93f324edb5ef9fc2ce80317a80a0.php 第 252 行.
NOTIC: [8] Undefined variable: current D:\myenv\apache\htdocs\pgyidc\Application\Runtime\Cache\Home\2c5c93f324edb5ef9fc2ce80317a80a0.php 第 1547 行.
INFO: Run Behavior\ParseTemplateBehavior [ RunTime:0.032559s ]
INFO: [ view_parse ] --END-- [ RunTime:0.032642s ]
INFO: [ view_filter ] --START--
INFO: Run Behavior\WriteHtmlCacheBehavior [ RunTime:0.000611s ]
INFO: [ view_filter ] --END-- [ RunTime:0.000664s ]
INFO: [ app_end ] --START--
INFO: Run Behavior\ShowPageTraceBehavior [ RunTime:0.001015s ]
INFO: [ app_end ] --END-- [ RunTime:0.001138s ]

[ 2018-07-16T14:59:25+08:00 ] 127.0.0.1 /Hdcloud/getimage
INFO: [ app_init ] --START--
INFO: Run Behavior\BuildLiteBehavior [ RunTime:0.000020s ]
INFO: [ app_init ] --END-- [ RunTime:0.000551s ]
INFO: [ app_begin ] --START--
INFO: Run Behavior\ReadHtmlCacheBehavior [ RunTime:0.000579s ]
INFO: [ app_begin ] --END-- [ RunTime:0.000636s ]

[ 2018-07-16T14:59:26+08:00 ] 127.0.0.1 /Hdcloud/getstandard
INFO: [ app_init ] --START--
INFO: Run Behavior\BuildLiteBehavior [ RunTime:0.000015s ]
INFO: [ app_init ] --END-- [ RunTime:0.000437s ]
INFO: [ app_begin ] --START--
INFO: Run Behavior\ReadHtmlCacheBehavior [ RunTime:0.000590s ]
INFO: [ app_begin ] --END-- [ RunTime:0.000640s ]

[ 2018-07-16T14:59:27+08:00 ] 127.0.0.1 /Hdcloud/getprice
INFO: [ app_init ] --START--
INFO: Run Behavior\BuildLiteBehavior [ RunTime:0.000016s ]
INFO: [ app_init ] --END-- [ RunTime:0.000523s ]
INFO: [ app_begin ] --START--
INFO: Run Behavior\ReadHtmlCacheBehavior [ RunTime:0.000758s ]
INFO: [ app_begin ] --END-- [ RunTime:0.000824s ]
SQL: SHOW COLUMNS FROM `jdcstandard` [ RunTime:0.0071s ]
SQL: SHOW COLUMNS FROM `jdcprice` [ RunTime:0.0073s ]
SQL: SELECT `price` FROM `jdcstandard` WHERE ( standard='g.n1.medium' ) LIMIT 1   [ RunTime:0.0013s ]
SQL: SELECT `bgp` FROM `jdcprice` WHERE ( id=1 ) LIMIT 1   [ RunTime:0.0008s ]

[ 2018-07-16T14:59:44+08:00 ] 127.0.0.1 /Home/Hdcloud/getstandard
INFO: [ app_init ] --START--
INFO: Run Behavior\BuildLiteBehavior [ RunTime:0.000014s ]
INFO: [ app_init ] --END-- [ RunTime:0.000388s ]
INFO: [ app_begin ] --START--
INFO: Run Behavior\ReadHtmlCacheBehavior [ RunTime:0.000594s ]
INFO: [ app_begin ] --END-- [ RunTime:0.000641s ]

[ 2018-07-16T15:49:53+08:00 ] 127.0.0.1 /Home/Hdcloud/getstandard
INFO: [ app_init ] --START--
INFO: Run Behavior\BuildLiteBehavior [ RunTime:0.000012s ]
INFO: [ app_init ] --END-- [ RunTime:0.000378s ]
INFO: [ app_begin ] --START--
INFO: Run Behavior\ReadHtmlCacheBehavior [ RunTime:0.000546s ]
INFO: [ app_begin ] --END-- [ RunTime:0.000593s ]

[ 2018-07-16T15:59:42+08:00 ] 127.0.0.1 /Home/Hdcloud/getstandard
INFO: [ app_init ] --START--
INFO: Run Behavior\BuildLiteBehavior [ RunTime:0.000013s ]
INFO: [ app_init ] --END-- [ RunTime:0.000376s ]
INFO: [ app_begin ] --START--
INFO: Run Behavior\ReadHtmlCacheBehavior [ RunTime:0.000642s ]
INFO: [ app_begin ] --END-- [ RunTime:0.000713s ]

[ 2018-07-16T16:57:19+08:00 ] 127.0.0.1 /Home/Hdcloud/getstandard
INFO: [ app_init ] --START--
INFO: Run Behavior\BuildLiteBehavior [ RunTime:0.000014s ]
INFO: [ app_init ] --END-- [ RunTime:0.000411s ]
INFO: [ app_begin ] --START--
INFO: Run Behavior\ReadHtmlCacheBehavior [ RunTime:0.000590s ]
INFO: [ app_begin ] --END-- [ RunTime:0.000638s ]

[ 2018-07-16T17:13:51+08:00 ] 127.0.0.1 /Index/index.html
INFO: [ app_init ] --START--
INFO: Run Behavior\BuildLiteBehavior [ RunTime:0.000013s ]
INFO: [ app_init ] --END-- [ RunTime:0.000385s ]
INFO: [ app_begin ] --START--
INFO: Run Behavior\ReadHtmlCacheBehavior [ RunTime:0.000578s ]
INFO: [ app_begin ] --END-- [ RunTime:0.000630s ]
INFO: [ view_parse ] --START--
INFO: [ template_filter ] --START--
INFO: Run Behavior\ContentReplaceBehavior [ RunTime:0.000274s ]
INFO: [ template_filter ] --END-- [ RunTime:0.000326s ]
INFO: Run Behavior\ParseTemplateBehavior [ RunTime:0.017144s ]
INFO: [ view_parse ] --END-- [ RunTime:0.017198s ]
INFO: [ view_filter ] --START--
INFO: Run Behavior\WriteHtmlCacheBehavior [ RunTime:0.000436s ]
INFO: [ view_filter ] --END-- [ RunTime:0.000478s ]
INFO: [ app_end ] --START--
INFO: Run Behavior\ShowPageTraceBehavior [ RunTime:0.000648s ]
INFO: [ app_end ] --END-- [ RunTime:0.000705s ]

[ 2018-07-16T17:16:27+08:00 ] 127.0.0.1 /Hdcloud/jdcloud.html
INFO: [ app_init ] --START--
INFO: Run Behavior\BuildLiteBehavior [ RunTime:0.000011s ]
INFO: [ app_init ] --END-- [ RunTime:0.000464s ]
INFO: [ app_begin ] --START--
INFO: Run Behavior\ReadHtmlCacheBehavior [ RunTime:0.000684s ]
INFO: [ app_begin ] --END-- [ RunTime:0.000737s ]
INFO: [ view_parse ] --START--
INFO: [ template_filter ] --START--
INFO: Run Behavior\ContentReplaceBehavior [ RunTime:0.000218s ]
INFO: [ template_filter ] --END-- [ RunTime:0.000286s ]
NOTIC: [8] Undefined variable: current D:\myenv\apache\htdocs\pgyidc\Application\Runtime\Cache\Home\ef2cc74da925a8b504dc2016d8b2cb37.php 第 23 行.
NOTIC: [8] Undefined variable: current D:\myenv\apache\htdocs\pgyidc\Application\Runtime\Cache\Home\ef2cc74da925a8b504dc2016d8b2cb37.php 第 52 行.
NOTIC: [8] Undefined variable: current D:\myenv\apache\htdocs\pgyidc\Application\Runtime\Cache\Home\ef2cc74da925a8b504dc2016d8b2cb37.php 第 130 行.
NOTIC: [8] Undefined variable: current D:\myenv\apache\htdocs\pgyidc\Application\Runtime\Cache\Home\ef2cc74da925a8b504dc2016d8b2cb37.php 第 165 行.
NOTIC: [8] Undefined variable: current D:\myenv\apache\htdocs\pgyidc\Application\Runtime\Cache\Home\ef2cc74da925a8b504dc2016d8b2cb37.php 第 216 行.
NOTIC: [8] Undefined variable: current D:\myenv\apache\htdocs\pgyidc\Application\Runtime\Cache\Home\ef2cc74da925a8b504dc2016d8b2cb37.php 第 252 行.
NOTIC: [8] Undefined variable: current D:\myenv\apache\htdocs\pgyidc\Application\Runtime\Cache\Home\ef2cc74da925a8b504dc2016d8b2cb37.php 第 932 行.
INFO: Run Behavior\ParseTemplateBehavior [ RunTime:0.017140s ]
INFO: [ view_parse ] --END-- [ RunTime:0.017188s ]
INFO: [ view_filter ] --START--
INFO: Run Behavior\WriteHtmlCacheBehavior [ RunTime:0.000444s ]
INFO: [ view_filter ] --END-- [ RunTime:0.000483s ]
INFO: [ app_end ] --START--
INFO: Run Behavior\ShowPageTraceBehavior [ RunTime:0.000834s ]
INFO: [ app_end ] --END-- [ RunTime:0.000912s ]

[ 2018-07-16T17:16:28+08:00 ] 127.0.0.1 /Hdcloud/jdcloudbuy.html
INFO: [ app_init ] --START--
INFO: Run Behavior\BuildLiteBehavior [ RunTime:0.000013s ]
INFO: [ app_init ] --END-- [ RunTime:0.000385s ]
INFO: [ app_begin ] --START--
INFO: Run Behavior\ReadHtmlCacheBehavior [ RunTime:0.000583s ]
INFO: [ app_begin ] --END-- [ RunTime:0.000635s ]
INFO: [ view_parse ] --START--
INFO: [ template_filter ] --START--
INFO: Run Behavior\ContentReplaceBehavior [ RunTime:0.000298s ]
INFO: [ template_filter ] --END-- [ RunTime:0.000354s ]
NOTIC: [8] Undefined variable: current D:\myenv\apache\htdocs\pgyidc\Application\Runtime\Cache\Home\2c5c93f324edb5ef9fc2ce80317a80a0.php 第 23 行.
NOTIC: [8] Undefined variable: current D:\myenv\apache\htdocs\pgyidc\Application\Runtime\Cache\Home\2c5c93f324edb5ef9fc2ce80317a80a0.php 第 52 行.
NOTIC: [8] Undefined variable: current D:\myenv\apache\htdocs\pgyidc\Application\Runtime\Cache\Home\2c5c93f324edb5ef9fc2ce80317a80a0.php 第 130 行.
NOTIC: [8] Undefined variable: current D:\myenv\apache\htdocs\pgyidc\Application\Runtime\Cache\Home\2c5c93f324edb5ef9fc2ce80317a80a0.php 第 165 行.
NOTIC: [8] Undefined variable: current D:\myenv\apache\htdocs\pgyidc\Application\Runtime\Cache\Home\2c5c93f324edb5ef9fc2ce80317a80a0.php 第 216 行.
NOTIC: [8] Undefined variable: current D:\myenv\apache\htdocs\pgyidc\Application\Runtime\Cache\Home\2c5c93f324edb5ef9fc2ce80317a80a0.php 第 252 行.
NOTIC: [8] Undefined variable: current D:\myenv\apache\htdocs\pgyidc\Application\Runtime\Cache\Home\2c5c93f324edb5ef9fc2ce80317a80a0.php 第 1547 行.
INFO: Run Behavior\ParseTemplateBehavior [ RunTime:0.022205s ]
INFO: [ view_parse ] --END-- [ RunTime:0.022250s ]
INFO: [ view_filter ] --START--
INFO: Run Behavior\WriteHtmlCacheBehavior [ RunTime:0.000369s ]
INFO: [ view_filter ] --END-- [ RunTime:0.000409s ]
INFO: [ app_end ] --START--
INFO: Run Behavior\ShowPageTraceBehavior [ RunTime:0.000699s ]
INFO: [ app_end ] --END-- [ RunTime:0.000770s ]

[ 2018-07-16T17:16:28+08:00 ] 127.0.0.1 /Hdcloud/getimage
INFO: [ app_init ] --START--
INFO: Run Behavior\BuildLiteBehavior [ RunTime:0.000013s ]
INFO: [ app_init ] --END-- [ RunTime:0.000382s ]
INFO: [ app_begin ] --START--
INFO: Run Behavior\ReadHtmlCacheBehavior [ RunTime:0.000573s ]
INFO: [ app_begin ] --END-- [ RunTime:0.000624s ]

[ 2018-07-16T17:16:29+08:00 ] 127.0.0.1 /Hdcloud/getstandard
INFO: [ app_init ] --START--
INFO: Run Behavior\BuildLiteBehavior [ RunTime:0.000023s ]
INFO: [ app_init ] --END-- [ RunTime:0.000857s ]
INFO: [ app_begin ] --START--
INFO: Run Behavior\ReadHtmlCacheBehavior [ RunTime:0.001139s ]
INFO: [ app_begin ] --END-- [ RunTime:0.001234s ]

[ 2018-07-16T17:16:30+08:00 ] 127.0.0.1 /Hdcloud/getprice
INFO: [ app_init ] --START--
INFO: Run Behavior\BuildLiteBehavior [ RunTime:0.000016s ]
INFO: [ app_init ] --END-- [ RunTime:0.000482s ]
INFO: [ app_begin ] --START--
INFO: Run Behavior\ReadHtmlCacheBehavior [ RunTime:0.000612s ]
INFO: [ app_begin ] --END-- [ RunTime:0.000664s ]
SQL: SHOW COLUMNS FROM `jdcstandard` [ RunTime:0.0120s ]
SQL: SHOW COLUMNS FROM `jdcprice` [ RunTime:0.0127s ]
SQL: SELECT `price` FROM `jdcstandard` WHERE ( standard='g.n1.medium' ) LIMIT 1   [ RunTime:0.0017s ]
SQL: SELECT `bgp` FROM `jdcprice` WHERE ( id=1 ) LIMIT 1   [ RunTime:0.0005s ]

[ 2018-07-16T17:16:30+08:00 ] 127.0.0.1 /Hdcloud/getimage
INFO: [ app_init ] --START--
INFO: Run Behavior\BuildLiteBehavior [ RunTime:0.000012s ]
INFO: [ app_init ] --END-- [ RunTime:0.000462s ]
INFO: [ app_begin ] --START--
INFO: Run Behavior\ReadHtmlCacheBehavior [ RunTime:0.000796s ]
INFO: [ app_begin ] --END-- [ RunTime:0.000855s ]

[ 2018-07-16T17:16:31+08:00 ] 127.0.0.1 /Hdcloud/getstandard
INFO: [ app_init ] --START--
INFO: Run Behavior\BuildLiteBehavior [ RunTime:0.000027s ]
INFO: [ app_init ] --END-- [ RunTime:0.000772s ]
INFO: [ app_begin ] --START--
INFO: Run Behavior\ReadHtmlCacheBehavior [ RunTime:0.001137s ]
INFO: [ app_begin ] --END-- [ RunTime:0.001236s ]

[ 2018-07-16T17:16:31+08:00 ] 127.0.0.1 /Hdcloud/getimage
INFO: [ app_init ] --START--
INFO: Run Behavior\BuildLiteBehavior [ RunTime:0.000013s ]
INFO: [ app_init ] --END-- [ RunTime:0.000429s ]
INFO: [ app_begin ] --START--
INFO: Run Behavior\ReadHtmlCacheBehavior [ RunTime:0.000610s ]
INFO: [ app_begin ] --END-- [ RunTime:0.000661s ]

[ 2018-07-16T17:16:32+08:00 ] 127.0.0.1 /Hdcloud/getprice
INFO: [ app_init ] --START--
INFO: Run Behavior\BuildLiteBehavior [ RunTime:0.000013s ]
INFO: [ app_init ] --END-- [ RunTime:0.000485s ]
INFO: [ app_begin ] --START--
INFO: Run Behavior\ReadHtmlCacheBehavior [ RunTime:0.000623s ]
INFO: [ app_begin ] --END-- [ RunTime:0.000677s ]
SQL: SHOW COLUMNS FROM `jdcstandard` [ RunTime:0.0056s ]
SQL: SHOW COLUMNS FROM `jdcprice` [ RunTime:0.0059s ]
SQL: SELECT `price` FROM `jdcstandard` WHERE ( standard='g.n1.medium' ) LIMIT 1   [ RunTime:0.0009s ]
SQL: SELECT `bgp` FROM `jdcprice` WHERE ( id=1 ) LIMIT 1   [ RunTime:0.0005s ]

[ 2018-07-16T17:16:33+08:00 ] 127.0.0.1 /Hdcloud/getstandard
INFO: [ app_init ] --START--
INFO: Run Behavior\BuildLiteBehavior [ RunTime:0.000017s ]
INFO: [ app_init ] --END-- [ RunTime:0.000533s ]
INFO: [ app_begin ] --START--
INFO: Run Behavior\ReadHtmlCacheBehavior [ RunTime:0.000748s ]
INFO: [ app_begin ] --END-- [ RunTime:0.000810s ]

[ 2018-07-16T17:16:34+08:00 ] 127.0.0.1 /Hdcloud/getprice
INFO: [ app_init ] --START--
INFO: Run Behavior\BuildLiteBehavior [ RunTime:0.000012s ]
INFO: [ app_init ] --END-- [ RunTime:0.000400s ]
INFO: [ app_begin ] --START--
INFO: Run Behavior\ReadHtmlCacheBehavior [ RunTime:0.000556s ]
INFO: [ app_begin ] --END-- [ RunTime:0.000603s ]
SQL: SHOW COLUMNS FROM `jdcstandard` [ RunTime:0.0112s ]
SQL: SHOW COLUMNS FROM `jdcprice` [ RunTime:0.0118s ]
SQL: SELECT `price` FROM `jdcstandard` WHERE ( standard='g.n1.medium' ) LIMIT 1   [ RunTime:0.0021s ]
SQL: SELECT `bgp` FROM `jdcprice` WHERE ( id=1 ) LIMIT 1   [ RunTime:0.0014s ]

[ 2018-07-16T17:16:35+08:00 ] 127.0.0.1 /Hdcloud/getprice
INFO: [ app_init ] --START--
INFO: Run Behavior\BuildLiteBehavior [ RunTime:0.000012s ]
INFO: [ app_init ] --END-- [ RunTime:0.000423s ]
INFO: [ app_begin ] --START--
INFO: Run Behavior\ReadHtmlCacheBehavior [ RunTime:0.000586s ]
INFO: [ app_begin ] --END-- [ RunTime:0.000634s ]
SQL: SHOW COLUMNS FROM `jdcstandard` [ RunTime:0.0112s ]
SQL: SHOW COLUMNS FROM `jdcprice` [ RunTime:0.0133s ]
SQL: SELECT `price` FROM `jdcstandard` WHERE ( standard='g.n1.medium' ) LIMIT 1   [ RunTime:0.0021s ]
SQL: SELECT `bgp` FROM `jdcprice` WHERE ( id=1 ) LIMIT 1   [ RunTime:0.0012s ]

[ 2018-07-16T17:16:36+08:00 ] 127.0.0.1 /Hdcloud/getprice
INFO: [ app_init ] --START--
INFO: Run Behavior\BuildLiteBehavior [ RunTime:0.000012s ]
INFO: [ app_init ] --END-- [ RunTime:0.000425s ]
INFO: [ app_begin ] --START--
INFO: Run Behavior\ReadHtmlCacheBehavior [ RunTime:0.000603s ]
INFO: [ app_begin ] --END-- [ RunTime:0.000655s ]
SQL: SHOW COLUMNS FROM `jdcstandard` [ RunTime:0.0117s ]
SQL: SHOW COLUMNS FROM `jdcprice` [ RunTime:0.0120s ]
SQL: SELECT `price` FROM `jdcstandard` WHERE ( standard='g.n1.medium' ) LIMIT 1   [ RunTime:0.0020s ]
SQL: SELECT `bgp` FROM `jdcprice` WHERE ( id=1 ) LIMIT 1   [ RunTime:0.0013s ]

[ 2018-07-16T17:27:23+08:00 ] 127.0.0.1 /Home/Index/index.html
INFO: [ app_init ] --START--
INFO: Run Behavior\BuildLiteBehavior [ RunTime:0.000012s ]
INFO: [ app_init ] --END-- [ RunTime:0.000404s ]
INFO: [ app_begin ] --START--
INFO: Run Behavior\ReadHtmlCacheBehavior [ RunTime:0.000548s ]
INFO: [ app_begin ] --END-- [ RunTime:0.000600s ]
INFO: [ view_parse ] --START--
INFO: [ template_filter ] --START--
INFO: Run Behavior\ContentReplaceBehavior [ RunTime:0.000222s ]
INFO: [ template_filter ] --END-- [ RunTime:0.000275s ]
INFO: Run Behavior\ParseTemplateBehavior [ RunTime:0.017626s ]
INFO: [ view_parse ] --END-- [ RunTime:0.017673s ]
INFO: [ view_filter ] --START--
INFO: Run Behavior\WriteHtmlCacheBehavior [ RunTime:0.000441s ]
INFO: [ view_filter ] --END-- [ RunTime:0.000481s ]
INFO: [ app_end ] --START--
INFO: Run Behavior\ShowPageTraceBehavior [ RunTime:0.000823s ]
INFO: [ app_end ] --END-- [ RunTime:0.000884s ]

[ 2018-07-16T17:27:39+08:00 ] 127.0.0.1 /Application/Admin/View/Public/images/icon_control.png
INFO: [ app_init ] --START--
INFO: Run Behavior\BuildLiteBehavior [ RunTime:0.000014s ]
INFO: [ app_init ] --END-- [ RunTime:0.000422s ]

[ 2018-07-16T17:27:51+08:00 ] 127.0.0.1 /Application/Admin/View/Public/images/icon_control.png
INFO: [ app_init ] --START--
INFO: Run Behavior\BuildLiteBehavior [ RunTime:0.000013s ]
INFO: [ app_init ] --END-- [ RunTime:0.000439s ]

[ 2018-07-16T17:28:06+08:00 ] 127.0.0.1 /Application/Admin/View/Public/images/icon_control.png
INFO: [ app_init ] --START--
INFO: Run Behavior\BuildLiteBehavior [ RunTime:0.000019s ]
INFO: [ app_init ] --END-- [ RunTime:0.000537s ]

