[ 2018-08-23T10:51:01+08:00 ] 127.0.0.1 /
INFO: [ app_init ] --START--
INFO: Run Behavior\BuildLiteBehavior [ RunTime:0.000018s ]
INFO: [ app_init ] --END-- [ RunTime:0.014219s ]
INFO: [ app_begin ] --START--
INFO: Run Behavior\ReadHtmlCacheBehavior [ RunTime:0.004016s ]
INFO: [ app_begin ] --END-- [ RunTime:0.004158s ]
INFO: [ view_parse ] --START--
INFO: [ template_filter ] --START--
INFO: Run Behavior\ContentReplaceBehavior [ RunTime:0.000309s ]
INFO: [ template_filter ] --END-- [ RunTime:0.000377s ]
NOTIC: [8] Undefined index: loginuser D:\myenv\apache\htdocs\pgyidc\Application\Runtime\Cache\Home\2a94b8bda04ff446dcedd42276fc99ee.php 第 369 行.
INFO: Run Behavior\ParseTemplateBehavior [ RunTime:0.065311s ]
INFO: [ view_parse ] --END-- [ RunTime:0.065383s ]
INFO: [ view_filter ] --START--
INFO: Run Behavior\WriteHtmlCacheBehavior [ RunTime:0.001245s ]
INFO: [ view_filter ] --END-- [ RunTime:0.001294s ]
INFO: [ app_end ] --START--
INFO: Run Behavior\ShowPageTraceBehavior [ RunTime:0.001493s ]
INFO: [ app_end ] --END-- [ RunTime:0.001589s ]

[ 2018-08-23T10:51:06+08:00 ] 127.0.0.1 /favicon.ico
INFO: [ app_init ] --START--
INFO: Run Behavior\BuildLiteBehavior [ RunTime:0.000015s ]
INFO: [ app_init ] --END-- [ RunTime:0.000604s ]

[ 2018-08-23T10:51:27+08:00 ] 127.0.0.1 /Application/Admin/View/Public/images/icon_control.png
INFO: [ app_init ] --START--
INFO: Run Behavior\BuildLiteBehavior [ RunTime:0.000015s ]
INFO: [ app_init ] --END-- [ RunTime:0.000541s ]

[ 2018-08-23T10:51:45+08:00 ] 127.0.0.1 /Application/Admin/View/Public/images/icon_control.png
INFO: [ app_init ] --START--
INFO: Run Behavior\BuildLiteBehavior [ RunTime:0.000016s ]
INFO: [ app_init ] --END-- [ RunTime:0.000485s ]

[ 2018-08-23T11:06:25+08:00 ] 127.0.0.1 /favicon.ico
INFO: [ app_init ] --START--
INFO: Run Behavior\BuildLiteBehavior [ RunTime:0.000013s ]
INFO: [ app_init ] --END-- [ RunTime:0.000483s ]

