[ 2018-12-14T15:43:31+08:00 ] 127.0.0.1 /
INFO: [ app_init ] --START--
INFO: Run Behavior\BuildLiteBehavior [ RunTime:0.000015s ]
INFO: [ app_init ] --END-- [ RunTime:0.001008s ]
INFO: [ app_begin ] --START--
INFO: Run Behavior\ReadHtmlCacheBehavior [ RunTime:0.001028s ]
INFO: [ app_begin ] --END-- [ RunTime:0.001096s ]
INFO: [ view_parse ] --START--
INFO: [ template_filter ] --START--
INFO: Run Behavior\ContentReplaceBehavior [ RunTime:0.000259s ]
INFO: [ template_filter ] --END-- [ RunTime:0.000344s ]
NOTIC: [8] Undefined index: loginuser D:\myenv\apache\htdocs\pgyidc\Application\Runtime\Cache\Home\2a94b8bda04ff446dcedd42276fc99ee.php 第 370 行.
INFO: Run Behavior\ParseTemplateBehavior [ RunTime:0.103751s ]
INFO: [ view_parse ] --END-- [ RunTime:0.103812s ]
INFO: [ view_filter ] --START--
INFO: Run Behavior\WriteHtmlCacheBehavior [ RunTime:0.001130s ]
INFO: [ view_filter ] --END-- [ RunTime:0.001175s ]
INFO: [ app_end ] --START--
INFO: Run Behavior\ShowPageTraceBehavior [ RunTime:0.001648s ]
INFO: [ app_end ] --END-- [ RunTime:0.001722s ]

[ 2018-12-14T15:43:33+08:00 ] 127.0.0.1 /Index/serverbuy.html
INFO: [ app_init ] --START--
INFO: Run Behavior\BuildLiteBehavior [ RunTime:0.000012s ]
INFO: [ app_init ] --END-- [ RunTime:0.000507s ]
INFO: [ app_begin ] --START--
INFO: Run Behavior\ReadHtmlCacheBehavior [ RunTime:0.000694s ]
INFO: [ app_begin ] --END-- [ RunTime:0.000753s ]
INFO: [ view_parse ] --START--
INFO: [ template_filter ] --START--
INFO: Run Behavior\ContentReplaceBehavior [ RunTime:0.000287s ]
INFO: [ template_filter ] --END-- [ RunTime:0.000345s ]
NOTIC: [8] Undefined index: loginuser D:\myenv\apache\htdocs\pgyidc\Application\Runtime\Cache\Home\84492f59e1a4a3ddbba6c61742423575.php 第 370 行.
INFO: Run Behavior\ParseTemplateBehavior [ RunTime:0.035677s ]
INFO: [ view_parse ] --END-- [ RunTime:0.035754s ]
INFO: [ view_filter ] --START--
INFO: Run Behavior\WriteHtmlCacheBehavior [ RunTime:0.000620s ]
INFO: [ view_filter ] --END-- [ RunTime:0.000677s ]
INFO: [ app_end ] --START--
INFO: Run Behavior\ShowPageTraceBehavior [ RunTime:0.001102s ]
INFO: [ app_end ] --END-- [ RunTime:0.001203s ]

[ 2018-12-14T15:43:34+08:00 ] 127.0.0.1 /Index/getrentprice
INFO: [ app_init ] --START--
INFO: Run Behavior\BuildLiteBehavior [ RunTime:0.000015s ]
INFO: [ app_init ] --END-- [ RunTime:0.000607s ]
INFO: [ app_begin ] --START--
INFO: Run Behavior\ReadHtmlCacheBehavior [ RunTime:0.000662s ]
INFO: [ app_begin ] --END-- [ RunTime:0.000720s ]
SQL: SHOW COLUMNS FROM `rentprice` [ RunTime:0.0520s ]
SQL: SELECT `price` FROM `rentprice` WHERE `road` = '宿迁多线100G' AND `cpu` = 'L5630*2' AND `ram` = '8G' AND `ssd` = '120G固态' AND `ip` = '0个' LIMIT 1   [ RunTime:0.0945s ]

[ 2018-12-14T15:43:37+08:00 ] 127.0.0.1 /Index/getrentprice
INFO: [ app_init ] --START--
INFO: Run Behavior\BuildLiteBehavior [ RunTime:0.000014s ]
INFO: [ app_init ] --END-- [ RunTime:0.000489s ]
INFO: [ app_begin ] --START--
INFO: Run Behavior\ReadHtmlCacheBehavior [ RunTime:0.000669s ]
INFO: [ app_begin ] --END-- [ RunTime:0.000719s ]
SQL: SHOW COLUMNS FROM `rentprice` [ RunTime:0.0137s ]
SQL: SELECT `price` FROM `rentprice` WHERE `road` = '杭州BGP120G' AND `cpu` = 'L5630*2' AND `ram` = '32G' AND `ssd` = '120G固态' AND `ip` = '1个' LIMIT 1   [ RunTime:0.0028s ]

[ 2018-12-14T15:43:40+08:00 ] 127.0.0.1 /Index/serverbuy.html
INFO: [ app_init ] --START--
INFO: Run Behavior\BuildLiteBehavior [ RunTime:0.000014s ]
INFO: [ app_init ] --END-- [ RunTime:0.000471s ]
INFO: [ app_begin ] --START--
INFO: Run Behavior\ReadHtmlCacheBehavior [ RunTime:0.000735s ]
INFO: [ app_begin ] --END-- [ RunTime:0.000802s ]
INFO: [ view_parse ] --START--
INFO: [ template_filter ] --START--
INFO: Run Behavior\ContentReplaceBehavior [ RunTime:0.000264s ]
INFO: [ template_filter ] --END-- [ RunTime:0.000342s ]
NOTIC: [8] Undefined index: loginuser D:\myenv\apache\htdocs\pgyidc\Application\Runtime\Cache\Home\84492f59e1a4a3ddbba6c61742423575.php 第 370 行.
INFO: Run Behavior\ParseTemplateBehavior [ RunTime:0.022538s ]
INFO: [ view_parse ] --END-- [ RunTime:0.022593s ]
INFO: [ view_filter ] --START--
INFO: Run Behavior\WriteHtmlCacheBehavior [ RunTime:0.000634s ]
INFO: [ view_filter ] --END-- [ RunTime:0.000683s ]
INFO: [ app_end ] --START--
INFO: Run Behavior\ShowPageTraceBehavior [ RunTime:0.000898s ]
INFO: [ app_end ] --END-- [ RunTime:0.000964s ]

[ 2018-12-14T15:43:41+08:00 ] 127.0.0.1 /Index/getrentprice
INFO: [ app_init ] --START--
INFO: Run Behavior\BuildLiteBehavior [ RunTime:0.000014s ]
INFO: [ app_init ] --END-- [ RunTime:0.000529s ]
INFO: [ app_begin ] --START--
INFO: Run Behavior\ReadHtmlCacheBehavior [ RunTime:0.000711s ]
INFO: [ app_begin ] --END-- [ RunTime:0.000766s ]
SQL: SHOW COLUMNS FROM `rentprice` [ RunTime:0.0155s ]
SQL: SELECT `price` FROM `rentprice` WHERE `road` = '宿迁多线100G' AND `cpu` = 'L5630*2' AND `ram` = '8G' AND `ssd` = '120G固态' AND `ip` = '0个' LIMIT 1   [ RunTime:0.0033s ]

[ 2018-12-14T15:44:00+08:00 ] 127.0.0.1 /Index/serverbuy.html
INFO: [ app_init ] --START--
INFO: Run Behavior\BuildLiteBehavior [ RunTime:0.000025s ]
INFO: [ app_init ] --END-- [ RunTime:0.000706s ]
INFO: [ app_begin ] --START--
INFO: Run Behavior\ReadHtmlCacheBehavior [ RunTime:0.000783s ]
INFO: [ app_begin ] --END-- [ RunTime:0.000854s ]
INFO: [ view_parse ] --START--
INFO: [ template_filter ] --START--
INFO: Run Behavior\ContentReplaceBehavior [ RunTime:0.000276s ]
INFO: [ template_filter ] --END-- [ RunTime:0.000357s ]
NOTIC: [8] Undefined index: loginuser D:\myenv\apache\htdocs\pgyidc\Application\Runtime\Cache\Home\84492f59e1a4a3ddbba6c61742423575.php 第 370 行.
INFO: Run Behavior\ParseTemplateBehavior [ RunTime:0.043560s ]
INFO: [ view_parse ] --END-- [ RunTime:0.043614s ]
INFO: [ view_filter ] --START--
INFO: Run Behavior\WriteHtmlCacheBehavior [ RunTime:0.000480s ]
INFO: [ view_filter ] --END-- [ RunTime:0.000523s ]
INFO: [ app_end ] --START--
INFO: Run Behavior\ShowPageTraceBehavior [ RunTime:0.000855s ]
INFO: [ app_end ] --END-- [ RunTime:0.000938s ]

[ 2018-12-14T15:44:01+08:00 ] 127.0.0.1 /Index/getrentprice
INFO: [ app_init ] --START--
INFO: Run Behavior\BuildLiteBehavior [ RunTime:0.000015s ]
INFO: [ app_init ] --END-- [ RunTime:0.000530s ]
INFO: [ app_begin ] --START--
INFO: Run Behavior\ReadHtmlCacheBehavior [ RunTime:0.000875s ]
INFO: [ app_begin ] --END-- [ RunTime:0.000961s ]
SQL: SHOW COLUMNS FROM `rentprice` [ RunTime:0.0132s ]
SQL: SELECT `price` FROM `rentprice` WHERE `road` = '宿迁多线100G' AND `cpu` = 'L5630*2' AND `ram` = '8G' AND `ssd` = '120G固态' AND `ip` = '0个' LIMIT 1   [ RunTime:0.0030s ]

[ 2018-12-14T15:44:17+08:00 ] 127.0.0.1 /Index/serverbuy.html
INFO: [ app_init ] --START--
INFO: Run Behavior\BuildLiteBehavior [ RunTime:0.000022s ]
INFO: [ app_init ] --END-- [ RunTime:0.000649s ]
INFO: [ app_begin ] --START--
INFO: Run Behavior\ReadHtmlCacheBehavior [ RunTime:0.000801s ]
INFO: [ app_begin ] --END-- [ RunTime:0.000873s ]
INFO: [ view_parse ] --START--
INFO: [ template_filter ] --START--
INFO: Run Behavior\ContentReplaceBehavior [ RunTime:0.000268s ]
INFO: [ template_filter ] --END-- [ RunTime:0.000336s ]
NOTIC: [8] Undefined index: loginuser D:\myenv\apache\htdocs\pgyidc\Application\Runtime\Cache\Home\84492f59e1a4a3ddbba6c61742423575.php 第 370 行.
INFO: Run Behavior\ParseTemplateBehavior [ RunTime:0.022217s ]
INFO: [ view_parse ] --END-- [ RunTime:0.022267s ]
INFO: [ view_filter ] --START--
INFO: Run Behavior\WriteHtmlCacheBehavior [ RunTime:0.000562s ]
INFO: [ view_filter ] --END-- [ RunTime:0.000606s ]
INFO: [ app_end ] --START--
INFO: Run Behavior\ShowPageTraceBehavior [ RunTime:0.000965s ]
INFO: [ app_end ] --END-- [ RunTime:0.001065s ]

[ 2018-12-14T15:44:18+08:00 ] 127.0.0.1 /Index/getrentprice
INFO: [ app_init ] --START--
INFO: Run Behavior\BuildLiteBehavior [ RunTime:0.000014s ]
INFO: [ app_init ] --END-- [ RunTime:0.000447s ]
INFO: [ app_begin ] --START--
INFO: Run Behavior\ReadHtmlCacheBehavior [ RunTime:0.000720s ]
INFO: [ app_begin ] --END-- [ RunTime:0.000778s ]
SQL: SHOW COLUMNS FROM `rentprice` [ RunTime:0.0147s ]
SQL: SELECT `price` FROM `rentprice` WHERE `road` = '宿迁多线100G' AND `cpu` = 'L5630*2' AND `ram` = '8G' AND `ssd` = '120G固态' AND `ip` = '0个' LIMIT 1   [ RunTime:0.0031s ]

[ 2018-12-14T15:44:27+08:00 ] 127.0.0.1 /Index/getrentprice
INFO: [ app_init ] --START--
INFO: Run Behavior\BuildLiteBehavior [ RunTime:0.000026s ]
INFO: [ app_init ] --END-- [ RunTime:0.001106s ]
INFO: [ app_begin ] --START--
INFO: Run Behavior\ReadHtmlCacheBehavior [ RunTime:0.001722s ]
INFO: [ app_begin ] --END-- [ RunTime:0.001839s ]
SQL: SHOW COLUMNS FROM `rentprice` [ RunTime:0.0141s ]
SQL: SELECT `price` FROM `rentprice` WHERE `road` = '杭州BGP120G' AND `cpu` = 'L5630*2' AND `ram` = '32G' AND `ssd` = '120G固态' AND `ip` = '1个' LIMIT 1   [ RunTime:0.0032s ]

[ 2018-12-14T15:44:34+08:00 ] 127.0.0.1 /Index/getrentprice
INFO: [ app_init ] --START--
INFO: Run Behavior\BuildLiteBehavior [ RunTime:0.000014s ]
INFO: [ app_init ] --END-- [ RunTime:0.000570s ]
INFO: [ app_begin ] --START--
INFO: Run Behavior\ReadHtmlCacheBehavior [ RunTime:0.000836s ]
INFO: [ app_begin ] --END-- [ RunTime:0.000894s ]
SQL: SHOW COLUMNS FROM `rentprice` [ RunTime:0.0144s ]
SQL: SELECT `price` FROM `rentprice` WHERE `road` = '杭州BGP320G' AND `cpu` = 'L5630*2' AND `ram` = '32G' AND `ssd` = '120G固态' AND `ip` = '1个' LIMIT 1   [ RunTime:0.0033s ]

[ 2018-12-14T15:44:42+08:00 ] 127.0.0.1 /Index/getrentprice
INFO: [ app_init ] --START--
INFO: Run Behavior\BuildLiteBehavior [ RunTime:0.000015s ]
INFO: [ app_init ] --END-- [ RunTime:0.000513s ]
INFO: [ app_begin ] --START--
INFO: Run Behavior\ReadHtmlCacheBehavior [ RunTime:0.000999s ]
INFO: [ app_begin ] --END-- [ RunTime:0.001098s ]
SQL: SHOW COLUMNS FROM `rentprice` [ RunTime:0.0069s ]
SQL: SELECT `price` FROM `rentprice` WHERE `road` = '杭州BGP400G' AND `cpu` = 'L5630*2' AND `ram` = '32G' AND `ssd` = '120G固态' AND `ip` = '1个' LIMIT 1   [ RunTime:0.0016s ]

[ 2018-12-14T15:44:48+08:00 ] 127.0.0.1 /Index/getrentprice
INFO: [ app_init ] --START--
INFO: Run Behavior\BuildLiteBehavior [ RunTime:0.000014s ]
INFO: [ app_init ] --END-- [ RunTime:0.000518s ]
INFO: [ app_begin ] --START--
INFO: Run Behavior\ReadHtmlCacheBehavior [ RunTime:0.000803s ]
INFO: [ app_begin ] --END-- [ RunTime:0.000864s ]
SQL: SHOW COLUMNS FROM `rentprice` [ RunTime:0.0141s ]
SQL: SELECT `price` FROM `rentprice` WHERE `road` = '杭州BGP180G' AND `cpu` = 'L5630*2' AND `ram` = '32G' AND `ssd` = '120G固态' AND `ip` = '1个' LIMIT 1   [ RunTime:0.0033s ]

[ 2018-12-14T15:44:52+08:00 ] 127.0.0.1 /Index/getrentprice
INFO: [ app_init ] --START--
INFO: Run Behavior\BuildLiteBehavior [ RunTime:0.000015s ]
INFO: [ app_init ] --END-- [ RunTime:0.000570s ]
INFO: [ app_begin ] --START--
INFO: Run Behavior\ReadHtmlCacheBehavior [ RunTime:0.000969s ]
INFO: [ app_begin ] --END-- [ RunTime:0.001056s ]
SQL: SHOW COLUMNS FROM `rentprice` [ RunTime:0.0146s ]
SQL: SELECT `price` FROM `rentprice` WHERE `road` = '杭州BGP320G' AND `cpu` = 'L5630*2' AND `ram` = '32G' AND `ssd` = '120G固态' AND `ip` = '1个' LIMIT 1   [ RunTime:0.0035s ]

[ 2018-12-14T15:48:55+08:00 ] 127.0.0.1 /Index/serverbuy.html
INFO: [ app_init ] --START--
INFO: Run Behavior\BuildLiteBehavior [ RunTime:0.000016s ]
INFO: [ app_init ] --END-- [ RunTime:0.000514s ]
INFO: [ app_begin ] --START--
INFO: Run Behavior\ReadHtmlCacheBehavior [ RunTime:0.000867s ]
INFO: [ app_begin ] --END-- [ RunTime:0.000931s ]
INFO: [ view_parse ] --START--
INFO: [ template_filter ] --START--
INFO: Run Behavior\ContentReplaceBehavior [ RunTime:0.000250s ]
INFO: [ template_filter ] --END-- [ RunTime:0.000317s ]
NOTIC: [8] Undefined index: loginuser D:\myenv\apache\htdocs\pgyidc\Application\Runtime\Cache\Home\84492f59e1a4a3ddbba6c61742423575.php 第 370 行.
INFO: Run Behavior\ParseTemplateBehavior [ RunTime:0.063853s ]
INFO: [ view_parse ] --END-- [ RunTime:0.063946s ]
INFO: [ view_filter ] --START--
INFO: Run Behavior\WriteHtmlCacheBehavior [ RunTime:0.000690s ]
INFO: [ view_filter ] --END-- [ RunTime:0.000735s ]
INFO: [ app_end ] --START--
INFO: Run Behavior\ShowPageTraceBehavior [ RunTime:0.001050s ]
INFO: [ app_end ] --END-- [ RunTime:0.001162s ]

[ 2018-12-14T15:48:56+08:00 ] 127.0.0.1 /Index/getrentprice
INFO: [ app_init ] --START--
INFO: Run Behavior\BuildLiteBehavior [ RunTime:0.000014s ]
INFO: [ app_init ] --END-- [ RunTime:0.000462s ]
INFO: [ app_begin ] --START--
INFO: Run Behavior\ReadHtmlCacheBehavior [ RunTime:0.000767s ]
INFO: [ app_begin ] --END-- [ RunTime:0.000829s ]
SQL: SHOW COLUMNS FROM `rentprice` [ RunTime:0.0693s ]
SQL: SELECT `price` FROM `rentprice` WHERE `road` = '宿迁多线100G' AND `cpu` = 'L5630*2' AND `ram` = '8G' AND `ssd` = '120G固态' AND `ip` = '0个' LIMIT 1   [ RunTime:0.0034s ]

[ 2018-12-14T15:48:59+08:00 ] 127.0.0.1 /Index/getrentprice
INFO: [ app_init ] --START--
INFO: Run Behavior\BuildLiteBehavior [ RunTime:0.000020s ]
INFO: [ app_init ] --END-- [ RunTime:0.000574s ]
INFO: [ app_begin ] --START--
INFO: Run Behavior\ReadHtmlCacheBehavior [ RunTime:0.000893s ]
INFO: [ app_begin ] --END-- [ RunTime:0.001024s ]
SQL: SHOW COLUMNS FROM `rentprice` [ RunTime:0.0135s ]
SQL: SELECT `price` FROM `rentprice` WHERE `road` = '宿迁多线100G' AND `cpu` = 'L5630*2' AND `ram` = '8G' AND `ssd` = '120G固态' AND `ip` = '1个' LIMIT 1   [ RunTime:0.0017s ]
NOTIC: [8] Undefined variable: dfprice D:\myenv\apache\htdocs\pgyidc\Application\Home\Controller\IndexController.class.php 第 323 行.

[ 2018-12-14T15:49:02+08:00 ] 127.0.0.1 /Index/getrentprice
INFO: [ app_init ] --START--
INFO: Run Behavior\BuildLiteBehavior [ RunTime:0.000014s ]
INFO: [ app_init ] --END-- [ RunTime:0.000472s ]
INFO: [ app_begin ] --START--
INFO: Run Behavior\ReadHtmlCacheBehavior [ RunTime:0.000783s ]
INFO: [ app_begin ] --END-- [ RunTime:0.000852s ]
SQL: SHOW COLUMNS FROM `rentprice` [ RunTime:0.0140s ]
SQL: SELECT `price` FROM `rentprice` WHERE `road` = '杭州BGP100G' AND `cpu` = 'L5630*2' AND `ram` = '8G' AND `ssd` = '120G固态' AND `ip` = '1个' LIMIT 1   [ RunTime:0.0032s ]

[ 2018-12-14T15:49:03+08:00 ] 127.0.0.1 /Index/getrentprice
INFO: [ app_init ] --START--
INFO: Run Behavior\BuildLiteBehavior [ RunTime:0.000023s ]
INFO: [ app_init ] --END-- [ RunTime:0.000716s ]
INFO: [ app_begin ] --START--
INFO: Run Behavior\ReadHtmlCacheBehavior [ RunTime:0.001073s ]
INFO: [ app_begin ] --END-- [ RunTime:0.001183s ]
SQL: SHOW COLUMNS FROM `rentprice` [ RunTime:0.0139s ]
SQL: SELECT `price` FROM `rentprice` WHERE `road` = '杭州BGP120G' AND `cpu` = 'L5630*2' AND `ram` = '32G' AND `ssd` = '120G固态' AND `ip` = '1个' LIMIT 1   [ RunTime:0.0031s ]

[ 2018-12-14T15:49:04+08:00 ] 127.0.0.1 /Index/getrentprice
INFO: [ app_init ] --START--
INFO: Run Behavior\BuildLiteBehavior [ RunTime:0.000022s ]
INFO: [ app_init ] --END-- [ RunTime:0.000706s ]
INFO: [ app_begin ] --START--
INFO: Run Behavior\ReadHtmlCacheBehavior [ RunTime:0.001027s ]
INFO: [ app_begin ] --END-- [ RunTime:0.001135s ]
SQL: SHOW COLUMNS FROM `rentprice` [ RunTime:0.0140s ]
SQL: SELECT `price` FROM `rentprice` WHERE `road` = '杭州BGP120G' AND `cpu` = 'L5630*2' AND `ram` = '32G' AND `ssd` = '120G固态' AND `ip` = '1个' LIMIT 1   [ RunTime:0.0034s ]

[ 2018-12-14T15:49:05+08:00 ] 127.0.0.1 /Index/getrentprice
INFO: [ app_init ] --START--
INFO: Run Behavior\BuildLiteBehavior [ RunTime:0.000029s ]
INFO: [ app_init ] --END-- [ RunTime:0.001154s ]
INFO: [ app_begin ] --START--
INFO: Run Behavior\ReadHtmlCacheBehavior [ RunTime:0.001776s ]
INFO: [ app_begin ] --END-- [ RunTime:0.001935s ]
SQL: SHOW COLUMNS FROM `rentprice` [ RunTime:0.0072s ]
SQL: SELECT `price` FROM `rentprice` WHERE `road` = '杭州BGP120G' AND `cpu` = 'L5630*2' AND `ram` = '32G' AND `ssd` = '120G固态' AND `ip` = '1个' LIMIT 1   [ RunTime:0.0014s ]

[ 2018-12-14T15:49:06+08:00 ] 127.0.0.1 /Index/getrentprice
INFO: [ app_init ] --START--
INFO: Run Behavior\BuildLiteBehavior [ RunTime:0.000027s ]
INFO: [ app_init ] --END-- [ RunTime:0.001079s ]
INFO: [ app_begin ] --START--
INFO: Run Behavior\ReadHtmlCacheBehavior [ RunTime:0.002130s ]
INFO: [ app_begin ] --END-- [ RunTime:0.002260s ]
SQL: SHOW COLUMNS FROM `rentprice` [ RunTime:0.0141s ]
SQL: SELECT `price` FROM `rentprice` WHERE `road` = '杭州BGP100G' AND `cpu` = 'L5630*2' AND `ram` = '8G' AND `ssd` = '120G固态' AND `ip` = '1个' LIMIT 1   [ RunTime:0.0030s ]

[ 2018-12-14T15:49:08+08:00 ] 127.0.0.1 /Index/getrentprice
INFO: [ app_init ] --START--
INFO: Run Behavior\BuildLiteBehavior [ RunTime:0.000015s ]
INFO: [ app_init ] --END-- [ RunTime:0.000597s ]
INFO: [ app_begin ] --START--
INFO: Run Behavior\ReadHtmlCacheBehavior [ RunTime:0.001127s ]
INFO: [ app_begin ] --END-- [ RunTime:0.001195s ]
SQL: SHOW COLUMNS FROM `rentprice` [ RunTime:0.0138s ]
SQL: SELECT `price` FROM `rentprice` WHERE `road` = '杭州BGP120G' AND `cpu` = 'L5630*2' AND `ram` = '8G' AND `ssd` = '120G固态' AND `ip` = '1个' LIMIT 1   [ RunTime:0.0032s ]

[ 2018-12-14T15:49:09+08:00 ] 127.0.0.1 /Index/getrentprice
INFO: [ app_init ] --START--
INFO: Run Behavior\BuildLiteBehavior [ RunTime:0.000017s ]
INFO: [ app_init ] --END-- [ RunTime:0.000634s ]
INFO: [ app_begin ] --START--
INFO: Run Behavior\ReadHtmlCacheBehavior [ RunTime:0.000973s ]
INFO: [ app_begin ] --END-- [ RunTime:0.001052s ]
SQL: SHOW COLUMNS FROM `rentprice` [ RunTime:0.0095s ]
SQL: SELECT `price` FROM `rentprice` WHERE `road` = '杭州BGP120G' AND `cpu` = 'L5630*2' AND `ram` = '32G' AND `ssd` = '120G固态' AND `ip` = '1个' LIMIT 1   [ RunTime:0.0030s ]

[ 2018-12-14T15:49:10+08:00 ] 127.0.0.1 /Index/getrentprice
INFO: [ app_init ] --START--
INFO: Run Behavior\BuildLiteBehavior [ RunTime:0.000020s ]
INFO: [ app_init ] --END-- [ RunTime:0.000558s ]
INFO: [ app_begin ] --START--
INFO: Run Behavior\ReadHtmlCacheBehavior [ RunTime:0.000687s ]
INFO: [ app_begin ] --END-- [ RunTime:0.000743s ]
SQL: SHOW COLUMNS FROM `rentprice` [ RunTime:0.0144s ]
SQL: SELECT `price` FROM `rentprice` WHERE `road` = '宿迁BGP120G' AND `cpu` = 'L5630*2' AND `ram` = '32G' AND `ssd` = '120G固态' AND `ip` = '1个' LIMIT 1   [ RunTime:0.0031s ]

[ 2018-12-14T15:49:11+08:00 ] 127.0.0.1 /Index/getrentprice
INFO: [ app_init ] --START--
INFO: Run Behavior\BuildLiteBehavior [ RunTime:0.000013s ]
INFO: [ app_init ] --END-- [ RunTime:0.000455s ]
INFO: [ app_begin ] --START--
INFO: Run Behavior\ReadHtmlCacheBehavior [ RunTime:0.000813s ]
INFO: [ app_begin ] --END-- [ RunTime:0.000893s ]
SQL: SHOW COLUMNS FROM `rentprice` [ RunTime:0.0145s ]
SQL: SELECT `price` FROM `rentprice` WHERE `road` = '宿迁BGP120G' AND `cpu` = 'L5630*2' AND `ram` = '32G' AND `ssd` = '120G固态' AND `ip` = '1个' LIMIT 1   [ RunTime:0.0033s ]

[ 2018-12-14T15:49:12+08:00 ] 127.0.0.1 /Index/getrentprice
INFO: [ app_init ] --START--
INFO: Run Behavior\BuildLiteBehavior [ RunTime:0.000013s ]
INFO: [ app_init ] --END-- [ RunTime:0.000524s ]
INFO: [ app_begin ] --START--
INFO: Run Behavior\ReadHtmlCacheBehavior [ RunTime:0.000675s ]
INFO: [ app_begin ] --END-- [ RunTime:0.000735s ]
SQL: SHOW COLUMNS FROM `rentprice` [ RunTime:0.0140s ]
SQL: SELECT `price` FROM `rentprice` WHERE `road` = '宿迁BGP20G' AND `cpu` = 'L5630*2' AND `ram` = '32G' AND `ssd` = '120G固态' AND `ip` = '1个' LIMIT 1   [ RunTime:0.0029s ]

[ 2018-12-14T15:49:13+08:00 ] 127.0.0.1 /Index/getrentprice
INFO: [ app_init ] --START--
INFO: Run Behavior\BuildLiteBehavior [ RunTime:0.000018s ]
INFO: [ app_init ] --END-- [ RunTime:0.000649s ]
INFO: [ app_begin ] --START--
INFO: Run Behavior\ReadHtmlCacheBehavior [ RunTime:0.001188s ]
INFO: [ app_begin ] --END-- [ RunTime:0.001266s ]
SQL: SHOW COLUMNS FROM `rentprice` [ RunTime:0.0144s ]
SQL: SELECT `price` FROM `rentprice` WHERE `road` = '宿迁BGP20G' AND `cpu` = 'L5630*2' AND `ram` = '8G' AND `ssd` = '120G固态' AND `ip` = '1个' LIMIT 1   [ RunTime:0.0029s ]

[ 2018-12-14T15:49:14+08:00 ] 127.0.0.1 /Index/getrentprice
INFO: [ app_init ] --START--
INFO: Run Behavior\BuildLiteBehavior [ RunTime:0.000014s ]
INFO: [ app_init ] --END-- [ RunTime:0.000529s ]
INFO: [ app_begin ] --START--
INFO: Run Behavior\ReadHtmlCacheBehavior [ RunTime:0.000963s ]
INFO: [ app_begin ] --END-- [ RunTime:0.001023s ]
SQL: SHOW COLUMNS FROM `rentprice` [ RunTime:0.0150s ]
SQL: SELECT `price` FROM `rentprice` WHERE `road` = '宿迁BGP20G' AND `cpu` = 'L5630*2' AND `ram` = '8G' AND `ssd` = '120G固态' AND `ip` = '1个' LIMIT 1   [ RunTime:0.0026s ]

[ 2018-12-14T15:49:15+08:00 ] 127.0.0.1 /Index/getrentprice
INFO: [ app_init ] --START--
INFO: Run Behavior\BuildLiteBehavior [ RunTime:0.000014s ]
INFO: [ app_init ] --END-- [ RunTime:0.000531s ]
INFO: [ app_begin ] --START--
INFO: Run Behavior\ReadHtmlCacheBehavior [ RunTime:0.000790s ]
INFO: [ app_begin ] --END-- [ RunTime:0.000845s ]
SQL: SHOW COLUMNS FROM `rentprice` [ RunTime:0.0142s ]
SQL: SELECT `price` FROM `rentprice` WHERE `road` = '宿迁BGP20G' AND `cpu` = 'L5630*2' AND `ram` = '8G' AND `ssd` = '120G固态' AND `ip` = '1个' LIMIT 1   [ RunTime:0.0024s ]

[ 2018-12-14T15:49:16+08:00 ] 127.0.0.1 /Index/getrentprice
INFO: [ app_init ] --START--
INFO: Run Behavior\BuildLiteBehavior [ RunTime:0.000018s ]
INFO: [ app_init ] --END-- [ RunTime:0.000605s ]
INFO: [ app_begin ] --START--
INFO: Run Behavior\ReadHtmlCacheBehavior [ RunTime:0.000898s ]
INFO: [ app_begin ] --END-- [ RunTime:0.000980s ]
SQL: SHOW COLUMNS FROM `rentprice` [ RunTime:0.0145s ]
SQL: SELECT `price` FROM `rentprice` WHERE `road` = '宿迁BGP20G' AND `cpu` = 'L5630*2' AND `ram` = '8G' AND `ssd` = '120G固态' AND `ip` = '1个' LIMIT 1   [ RunTime:0.0028s ]

[ 2018-12-14T15:49:17+08:00 ] 127.0.0.1 /Index/getrentprice
INFO: [ app_init ] --START--
INFO: Run Behavior\BuildLiteBehavior [ RunTime:0.000014s ]
INFO: [ app_init ] --END-- [ RunTime:0.000517s ]
INFO: [ app_begin ] --START--
INFO: Run Behavior\ReadHtmlCacheBehavior [ RunTime:0.000762s ]
INFO: [ app_begin ] --END-- [ RunTime:0.000824s ]
SQL: SHOW COLUMNS FROM `rentprice` [ RunTime:0.0142s ]
SQL: SELECT `price` FROM `rentprice` WHERE `road` = '杭州BGP20G' AND `cpu` = 'L5630*2' AND `ram` = '8G' AND `ssd` = '120G固态' AND `ip` = '1个' LIMIT 1   [ RunTime:0.0030s ]

[ 2018-12-14T15:49:18+08:00 ] 127.0.0.1 /Index/getrentprice
INFO: [ app_init ] --START--
INFO: Run Behavior\BuildLiteBehavior [ RunTime:0.000015s ]
INFO: [ app_init ] --END-- [ RunTime:0.000510s ]
INFO: [ app_begin ] --START--
INFO: Run Behavior\ReadHtmlCacheBehavior [ RunTime:0.000720s ]
INFO: [ app_begin ] --END-- [ RunTime:0.000784s ]
SQL: SHOW COLUMNS FROM `rentprice` [ RunTime:0.0145s ]
SQL: SELECT `price` FROM `rentprice` WHERE `road` = '杭州BGP20G' AND `cpu` = 'L5630*2' AND `ram` = '8G' AND `ssd` = '120G固态' AND `ip` = '1个' LIMIT 1   [ RunTime:0.0033s ]

[ 2018-12-14T15:49:19+08:00 ] 127.0.0.1 /Index/getrentprice
INFO: [ app_init ] --START--
INFO: Run Behavior\BuildLiteBehavior [ RunTime:0.000029s ]
INFO: [ app_init ] --END-- [ RunTime:0.000846s ]
INFO: [ app_begin ] --START--
INFO: Run Behavior\ReadHtmlCacheBehavior [ RunTime:0.001327s ]
INFO: [ app_begin ] --END-- [ RunTime:0.001424s ]
SQL: SHOW COLUMNS FROM `rentprice` [ RunTime:0.0153s ]
SQL: SELECT `price` FROM `rentprice` WHERE `road` = '杭州BGP120G' AND `cpu` = 'L5630*2' AND `ram` = '8G' AND `ssd` = '120G固态' AND `ip` = '1个' LIMIT 1   [ RunTime:0.0034s ]

[ 2018-12-14T15:49:20+08:00 ] 127.0.0.1 /Index/getrentprice
INFO: [ app_init ] --START--
INFO: Run Behavior\BuildLiteBehavior [ RunTime:0.000018s ]
INFO: [ app_init ] --END-- [ RunTime:0.000818s ]
INFO: [ app_begin ] --START--
INFO: Run Behavior\ReadHtmlCacheBehavior [ RunTime:0.001184s ]
INFO: [ app_begin ] --END-- [ RunTime:0.001262s ]
SQL: SHOW COLUMNS FROM `rentprice` [ RunTime:0.0144s ]
SQL: SELECT `price` FROM `rentprice` WHERE `road` = '杭州BGP120G' AND `cpu` = 'L5630*2' AND `ram` = '32G' AND `ssd` = '120G固态' AND `ip` = '1个' LIMIT 1   [ RunTime:0.0034s ]

[ 2018-12-14T15:49:21+08:00 ] 127.0.0.1 /Index/getrentprice
INFO: [ app_init ] --START--
INFO: Run Behavior\BuildLiteBehavior [ RunTime:0.000025s ]
INFO: [ app_init ] --END-- [ RunTime:0.000632s ]
INFO: [ app_begin ] --START--
INFO: Run Behavior\ReadHtmlCacheBehavior [ RunTime:0.000925s ]
INFO: [ app_begin ] --END-- [ RunTime:0.000990s ]
SQL: SHOW COLUMNS FROM `rentprice` [ RunTime:0.0068s ]
SQL: SELECT `price` FROM `rentprice` WHERE `road` = '杭州BGP120G' AND `cpu` = 'L5630*2' AND `ram` = '32G' AND `ssd` = '120G固态' AND `ip` = '1个' LIMIT 1   [ RunTime:0.0013s ]

[ 2018-12-14T15:49:22+08:00 ] 127.0.0.1 /Index/getrentprice
INFO: [ app_init ] --START--
INFO: Run Behavior\BuildLiteBehavior [ RunTime:0.000018s ]
INFO: [ app_init ] --END-- [ RunTime:0.000591s ]
INFO: [ app_begin ] --START--
INFO: Run Behavior\ReadHtmlCacheBehavior [ RunTime:0.000927s ]
INFO: [ app_begin ] --END-- [ RunTime:0.001010s ]
SQL: SHOW COLUMNS FROM `rentprice` [ RunTime:0.0072s ]
SQL: SELECT `price` FROM `rentprice` WHERE `road` = '杭州BGP120G' AND `cpu` = 'L5630*2' AND `ram` = '32G' AND `ssd` = '120G固态' AND `ip` = '1个' LIMIT 1   [ RunTime:0.0015s ]

[ 2018-12-14T15:49:23+08:00 ] 127.0.0.1 /Index/getrentprice
INFO: [ app_init ] --START--
INFO: Run Behavior\BuildLiteBehavior [ RunTime:0.000028s ]
INFO: [ app_init ] --END-- [ RunTime:0.001018s ]
INFO: [ app_begin ] --START--
INFO: Run Behavior\ReadHtmlCacheBehavior [ RunTime:0.000822s ]
INFO: [ app_begin ] --END-- [ RunTime:0.000889s ]
SQL: SHOW COLUMNS FROM `rentprice` [ RunTime:0.0070s ]
SQL: SELECT `price` FROM `rentprice` WHERE `road` = '杭州BGP120G' AND `cpu` = 'L5630*2' AND `ram` = '32G' AND `ssd` = '120G固态' AND `ip` = '1个' LIMIT 1   [ RunTime:0.0013s ]

[ 2018-12-14T15:49:24+08:00 ] 127.0.0.1 /Index/getrentprice
INFO: [ app_init ] --START--
INFO: Run Behavior\BuildLiteBehavior [ RunTime:0.000014s ]
INFO: [ app_init ] --END-- [ RunTime:0.000515s ]
INFO: [ app_begin ] --START--
INFO: Run Behavior\ReadHtmlCacheBehavior [ RunTime:0.000644s ]
INFO: [ app_begin ] --END-- [ RunTime:0.000695s ]
SQL: SHOW COLUMNS FROM `rentprice` [ RunTime:0.0149s ]
SQL: SELECT `price` FROM `rentprice` WHERE `road` = '福州双线120G' AND `cpu` = 'L5630*2' AND `ram` = '32G' AND `ssd` = '120G固态' AND `ip` = '2个' LIMIT 1   [ RunTime:0.0014s ]

[ 2018-12-14T15:49:25+08:00 ] 127.0.0.1 /Index/getrentprice
INFO: [ app_init ] --START--
INFO: Run Behavior\BuildLiteBehavior [ RunTime:0.000016s ]
INFO: [ app_init ] --END-- [ RunTime:0.000547s ]
INFO: [ app_begin ] --START--
INFO: Run Behavior\ReadHtmlCacheBehavior [ RunTime:0.001036s ]
INFO: [ app_begin ] --END-- [ RunTime:0.001097s ]
SQL: SHOW COLUMNS FROM `rentprice` [ RunTime:0.0070s ]
SQL: SELECT `price` FROM `rentprice` WHERE `road` = '福州双线120G' AND `cpu` = 'L5630*2' AND `ram` = '32G' AND `ssd` = '120G固态' AND `ip` = '2个' LIMIT 1   [ RunTime:0.0015s ]

[ 2018-12-14T15:49:26+08:00 ] 127.0.0.1 /Index/getrentprice
INFO: [ app_init ] --START--
INFO: Run Behavior\BuildLiteBehavior [ RunTime:0.000016s ]
INFO: [ app_init ] --END-- [ RunTime:0.000527s ]
INFO: [ app_begin ] --START--
INFO: Run Behavior\ReadHtmlCacheBehavior [ RunTime:0.001010s ]
INFO: [ app_begin ] --END-- [ RunTime:0.001071s ]
SQL: SHOW COLUMNS FROM `rentprice` [ RunTime:0.0067s ]
SQL: SELECT `price` FROM `rentprice` WHERE `road` = '福州双线260G集群' AND `cpu` = 'L5630*2' AND `ram` = '32G' AND `ssd` = '120G固态' AND `ip` = '2个' LIMIT 1   [ RunTime:0.0012s ]

[ 2018-12-14T15:49:27+08:00 ] 127.0.0.1 /Index/getrentprice
INFO: [ app_init ] --START--
INFO: Run Behavior\BuildLiteBehavior [ RunTime:0.000021s ]
INFO: [ app_init ] --END-- [ RunTime:0.000727s ]
INFO: [ app_begin ] --START--
INFO: Run Behavior\ReadHtmlCacheBehavior [ RunTime:0.000816s ]
INFO: [ app_begin ] --END-- [ RunTime:0.000875s ]
SQL: SHOW COLUMNS FROM `rentprice` [ RunTime:0.0258s ]
SQL: SELECT `price` FROM `rentprice` WHERE `road` = '福州双线260G集群' AND `cpu` = 'L5630*2' AND `ram` = '8G' AND `ssd` = '120G固态' AND `ip` = '2个' LIMIT 1   [ RunTime:0.0029s ]

[ 2018-12-14T15:49:29+08:00 ] 127.0.0.1 /Index/getrentprice
INFO: [ app_init ] --START--
INFO: Run Behavior\BuildLiteBehavior [ RunTime:0.000013s ]
INFO: [ app_init ] --END-- [ RunTime:0.000451s ]
INFO: [ app_begin ] --START--
INFO: Run Behavior\ReadHtmlCacheBehavior [ RunTime:0.000703s ]
INFO: [ app_begin ] --END-- [ RunTime:0.000761s ]
SQL: SHOW COLUMNS FROM `rentprice` [ RunTime:0.0136s ]
SQL: SELECT `price` FROM `rentprice` WHERE `road` = '福州双线260G集群' AND `cpu` = 'L5630*2' AND `ram` = '8G' AND `ssd` = '120G固态' AND `ip` = '2个' LIMIT 1   [ RunTime:0.0025s ]

[ 2018-12-14T15:49:30+08:00 ] 127.0.0.1 /Index/getrentprice
INFO: [ app_init ] --START--
INFO: Run Behavior\BuildLiteBehavior [ RunTime:0.000013s ]
INFO: [ app_init ] --END-- [ RunTime:0.000442s ]
INFO: [ app_begin ] --START--
INFO: Run Behavior\ReadHtmlCacheBehavior [ RunTime:0.000636s ]
INFO: [ app_begin ] --END-- [ RunTime:0.000692s ]
SQL: SHOW COLUMNS FROM `rentprice` [ RunTime:0.0156s ]
SQL: SELECT `price` FROM `rentprice` WHERE `road` = '福州双线260G集群' AND `cpu` = 'L5630*2' AND `ram` = '8G' AND `ssd` = '120G固态' AND `ip` = '2个' LIMIT 1   [ RunTime:0.0032s ]

[ 2018-12-14T15:49:31+08:00 ] 127.0.0.1 /Index/getrentprice
INFO: [ app_init ] --START--
INFO: Run Behavior\BuildLiteBehavior [ RunTime:0.000025s ]
INFO: [ app_init ] --END-- [ RunTime:0.000686s ]
INFO: [ app_begin ] --START--
INFO: Run Behavior\ReadHtmlCacheBehavior [ RunTime:0.000628s ]
INFO: [ app_begin ] --END-- [ RunTime:0.000678s ]
SQL: SHOW COLUMNS FROM `rentprice` [ RunTime:0.0143s ]
SQL: SELECT `price` FROM `rentprice` WHERE `road` = '福州双线260G集群' AND `cpu` = 'L5630*2' AND `ram` = '8G' AND `ssd` = '120G固态' AND `ip` = '2个' LIMIT 1   [ RunTime:0.0030s ]

[ 2018-12-14T15:49:32+08:00 ] 127.0.0.1 /Index/getrentprice
INFO: [ app_init ] --START--
INFO: Run Behavior\BuildLiteBehavior [ RunTime:0.000015s ]
INFO: [ app_init ] --END-- [ RunTime:0.000626s ]
INFO: [ app_begin ] --START--
INFO: Run Behavior\ReadHtmlCacheBehavior [ RunTime:0.001186s ]
INFO: [ app_begin ] --END-- [ RunTime:0.001261s ]
SQL: SHOW COLUMNS FROM `rentprice` [ RunTime:0.0137s ]
SQL: SELECT `price` FROM `rentprice` WHERE `road` = '杭州BGP260G集群' AND `cpu` = 'L5630*2' AND `ram` = '8G' AND `ssd` = '120G固态' AND `ip` = '1个' LIMIT 1   [ RunTime:0.0028s ]

[ 2018-12-14T15:49:33+08:00 ] 127.0.0.1 /Index/getrentprice
INFO: [ app_init ] --START--
INFO: Run Behavior\BuildLiteBehavior [ RunTime:0.000014s ]
INFO: [ app_init ] --END-- [ RunTime:0.000479s ]
INFO: [ app_begin ] --START--
INFO: Run Behavior\ReadHtmlCacheBehavior [ RunTime:0.000973s ]
INFO: [ app_begin ] --END-- [ RunTime:0.001033s ]
SQL: SHOW COLUMNS FROM `rentprice` [ RunTime:0.0152s ]
SQL: SELECT `price` FROM `rentprice` WHERE `road` = '杭州BGP260G集群' AND `cpu` = 'L5630*2' AND `ram` = '8G' AND `ssd` = '120G固态' AND `ip` = '1个' LIMIT 1   [ RunTime:0.0036s ]

[ 2018-12-14T15:49:34+08:00 ] 127.0.0.1 /Index/getrentprice
INFO: [ app_init ] --START--
INFO: Run Behavior\BuildLiteBehavior [ RunTime:0.000015s ]
INFO: [ app_init ] --END-- [ RunTime:0.000581s ]
INFO: [ app_begin ] --START--
INFO: Run Behavior\ReadHtmlCacheBehavior [ RunTime:0.000814s ]
INFO: [ app_begin ] --END-- [ RunTime:0.000871s ]
SQL: SHOW COLUMNS FROM `rentprice` [ RunTime:0.0154s ]
SQL: SELECT `price` FROM `rentprice` WHERE `road` = '杭州BGP120G' AND `cpu` = 'L5630*2' AND `ram` = '8G' AND `ssd` = '120G固态' AND `ip` = '1个' LIMIT 1   [ RunTime:0.0041s ]

[ 2018-12-14T15:49:35+08:00 ] 127.0.0.1 /Index/getrentprice
INFO: [ app_init ] --START--
INFO: Run Behavior\BuildLiteBehavior [ RunTime:0.000018s ]
INFO: [ app_init ] --END-- [ RunTime:0.000616s ]
INFO: [ app_begin ] --START--
INFO: Run Behavior\ReadHtmlCacheBehavior [ RunTime:0.001030s ]
INFO: [ app_begin ] --END-- [ RunTime:0.001100s ]
SQL: SHOW COLUMNS FROM `rentprice` [ RunTime:0.0187s ]
SQL: SELECT `price` FROM `rentprice` WHERE `road` = '杭州BGP120G' AND `cpu` = 'L5630*2' AND `ram` = '32G' AND `ssd` = '120G固态' AND `ip` = '1个' LIMIT 1   [ RunTime:0.0019s ]

[ 2018-12-14T15:49:36+08:00 ] 127.0.0.1 /Index/getrentprice
INFO: [ app_init ] --START--
INFO: Run Behavior\BuildLiteBehavior [ RunTime:0.000023s ]
INFO: [ app_init ] --END-- [ RunTime:0.000594s ]
INFO: [ app_begin ] --START--
INFO: Run Behavior\ReadHtmlCacheBehavior [ RunTime:0.000756s ]
INFO: [ app_begin ] --END-- [ RunTime:0.000822s ]
SQL: SHOW COLUMNS FROM `rentprice` [ RunTime:0.0151s ]
SQL: SELECT `price` FROM `rentprice` WHERE `road` = '杭州BGP120G' AND `cpu` = 'L5630*2' AND `ram` = '32G' AND `ssd` = '120G固态' AND `ip` = '1个' LIMIT 1   [ RunTime:0.0033s ]

[ 2018-12-14T15:49:37+08:00 ] 127.0.0.1 /Index/getrentprice
INFO: [ app_init ] --START--
INFO: Run Behavior\BuildLiteBehavior [ RunTime:0.000019s ]
INFO: [ app_init ] --END-- [ RunTime:0.000708s ]
INFO: [ app_begin ] --START--
INFO: Run Behavior\ReadHtmlCacheBehavior [ RunTime:0.000660s ]
INFO: [ app_begin ] --END-- [ RunTime:0.000718s ]
SQL: SHOW COLUMNS FROM `rentprice` [ RunTime:0.0064s ]
SQL: SELECT `price` FROM `rentprice` WHERE `road` = '杭州BGP120G' AND `cpu` = 'L5630*2' AND `ram` = '32G' AND `ssd` = '120G固态' AND `ip` = '1个' LIMIT 1   [ RunTime:0.0013s ]

[ 2018-12-14T15:49:38+08:00 ] 127.0.0.1 /Index/getrentprice
INFO: [ app_init ] --START--
INFO: Run Behavior\BuildLiteBehavior [ RunTime:0.000020s ]
INFO: [ app_init ] --END-- [ RunTime:0.000726s ]
INFO: [ app_begin ] --START--
INFO: Run Behavior\ReadHtmlCacheBehavior [ RunTime:0.001201s ]
INFO: [ app_begin ] --END-- [ RunTime:0.001273s ]
SQL: SHOW COLUMNS FROM `rentprice` [ RunTime:0.0149s ]
SQL: SELECT `price` FROM `rentprice` WHERE `road` = '杭州BGP120G' AND `cpu` = 'L5630*2' AND `ram` = '32G' AND `ssd` = '120G固态' AND `ip` = '1个' LIMIT 1   [ RunTime:0.0035s ]

[ 2018-12-14T15:50:04+08:00 ] 127.0.0.1 /Index/serverbuy.html
INFO: [ app_init ] --START--
INFO: Run Behavior\BuildLiteBehavior [ RunTime:0.000014s ]
INFO: [ app_init ] --END-- [ RunTime:0.000504s ]
INFO: [ app_begin ] --START--
INFO: Run Behavior\ReadHtmlCacheBehavior [ RunTime:0.000957s ]
INFO: [ app_begin ] --END-- [ RunTime:0.001024s ]
INFO: [ view_parse ] --START--
INFO: [ template_filter ] --START--
INFO: Run Behavior\ContentReplaceBehavior [ RunTime:0.000263s ]
INFO: [ template_filter ] --END-- [ RunTime:0.000335s ]
NOTIC: [8] Undefined index: loginuser D:\myenv\apache\htdocs\pgyidc\Application\Runtime\Cache\Home\84492f59e1a4a3ddbba6c61742423575.php 第 370 行.
INFO: Run Behavior\ParseTemplateBehavior [ RunTime:0.027810s ]
INFO: [ view_parse ] --END-- [ RunTime:0.027862s ]
INFO: [ view_filter ] --START--
INFO: Run Behavior\WriteHtmlCacheBehavior [ RunTime:0.000723s ]
INFO: [ view_filter ] --END-- [ RunTime:0.000765s ]
INFO: [ app_end ] --START--
INFO: Run Behavior\ShowPageTraceBehavior [ RunTime:0.001314s ]
INFO: [ app_end ] --END-- [ RunTime:0.001446s ]

[ 2018-12-14T15:50:06+08:00 ] 127.0.0.1 /Index/getrentprice
INFO: [ app_init ] --START--
INFO: Run Behavior\BuildLiteBehavior [ RunTime:0.000014s ]
INFO: [ app_init ] --END-- [ RunTime:0.000510s ]
INFO: [ app_begin ] --START--
INFO: Run Behavior\ReadHtmlCacheBehavior [ RunTime:0.000936s ]
INFO: [ app_begin ] --END-- [ RunTime:0.000998s ]
SQL: SHOW COLUMNS FROM `rentprice` [ RunTime:0.0199s ]
SQL: SELECT `price` FROM `rentprice` WHERE `road` = '宿迁多线100G' AND `cpu` = 'L5630*2' AND `ram` = '8G' AND `ssd` = '120G固态' AND `ip` = '0个' LIMIT 1   [ RunTime:0.0031s ]

[ 2018-12-14T15:50:11+08:00 ] 127.0.0.1 /Index/getrentprice
INFO: [ app_init ] --START--
INFO: Run Behavior\BuildLiteBehavior [ RunTime:0.000023s ]
INFO: [ app_init ] --END-- [ RunTime:0.000767s ]
INFO: [ app_begin ] --START--
INFO: Run Behavior\ReadHtmlCacheBehavior [ RunTime:0.000866s ]
INFO: [ app_begin ] --END-- [ RunTime:0.000962s ]
SQL: SHOW COLUMNS FROM `rentprice` [ RunTime:0.0143s ]
SQL: SELECT `price` FROM `rentprice` WHERE `road` = '杭州BGP120G' AND `cpu` = 'L5630*2' AND `ram` = '32G' AND `ssd` = '120G固态' AND `ip` = '1个' LIMIT 1   [ RunTime:0.0032s ]

[ 2018-12-14T15:50:12+08:00 ] 127.0.0.1 /Index/getrentprice
INFO: [ app_init ] --START--
INFO: Run Behavior\BuildLiteBehavior [ RunTime:0.000046s ]
INFO: [ app_init ] --END-- [ RunTime:0.000875s ]
INFO: [ app_begin ] --START--
INFO: Run Behavior\ReadHtmlCacheBehavior [ RunTime:0.001733s ]
INFO: [ app_begin ] --END-- [ RunTime:0.001881s ]
SQL: SHOW COLUMNS FROM `rentprice` [ RunTime:0.0140s ]
SQL: SELECT `price` FROM `rentprice` WHERE `road` = '杭州BGP120G' AND `cpu` = 'L5630*2' AND `ram` = '32G' AND `ssd` = '120G固态' AND `ip` = '1个' LIMIT 1   [ RunTime:0.0033s ]

[ 2018-12-14T15:50:16+08:00 ] 127.0.0.1 /Index/getrentprice
INFO: [ app_init ] --START--
INFO: Run Behavior\BuildLiteBehavior [ RunTime:0.000020s ]
INFO: [ app_init ] --END-- [ RunTime:0.000694s ]
INFO: [ app_begin ] --START--
INFO: Run Behavior\ReadHtmlCacheBehavior [ RunTime:0.000713s ]
INFO: [ app_begin ] --END-- [ RunTime:0.000797s ]
SQL: SHOW COLUMNS FROM `rentprice` [ RunTime:0.0153s ]
SQL: SELECT `price` FROM `rentprice` WHERE `road` = '福州双线260G集群' AND `cpu` = 'L5630*2' AND `ram` = '8G' AND `ssd` = '120G固态' AND `ip` = '2个' LIMIT 1   [ RunTime:0.0032s ]

[ 2018-12-14T15:50:17+08:00 ] 127.0.0.1 /Index/getrentprice
INFO: [ app_init ] --START--
INFO: Run Behavior\BuildLiteBehavior [ RunTime:0.000023s ]
INFO: [ app_init ] --END-- [ RunTime:0.000639s ]
INFO: [ app_begin ] --START--
INFO: Run Behavior\ReadHtmlCacheBehavior [ RunTime:0.001161s ]
INFO: [ app_begin ] --END-- [ RunTime:0.001242s ]
SQL: SHOW COLUMNS FROM `rentprice` [ RunTime:0.0144s ]
SQL: SELECT `price` FROM `rentprice` WHERE `road` = '福州双线260G集群' AND `cpu` = 'L5630*2' AND `ram` = '8G' AND `ssd` = '120G固态' AND `ip` = '2个' LIMIT 1   [ RunTime:0.0031s ]

[ 2018-12-14T15:50:35+08:00 ] 127.0.0.1 /Index/getrentprice
INFO: [ app_init ] --START--
INFO: Run Behavior\BuildLiteBehavior [ RunTime:0.000027s ]
INFO: [ app_init ] --END-- [ RunTime:0.000760s ]
INFO: [ app_begin ] --START--
INFO: Run Behavior\ReadHtmlCacheBehavior [ RunTime:0.001167s ]
INFO: [ app_begin ] --END-- [ RunTime:0.001348s ]
SQL: SHOW COLUMNS FROM `rentprice` [ RunTime:0.2299s ]
SQL: SELECT `price` FROM `rentprice` WHERE `road` = '杭州BGP120G' AND `cpu` = 'L5630*2' AND `ram` = '32G' AND `ssd` = '120G固态' AND `ip` = '1个' LIMIT 1   [ RunTime:0.0013s ]

[ 2018-12-14T15:50:36+08:00 ] 127.0.0.1 /Index/getrentprice
INFO: [ app_init ] --START--
INFO: Run Behavior\BuildLiteBehavior [ RunTime:0.000019s ]
INFO: [ app_init ] --END-- [ RunTime:0.000661s ]
INFO: [ app_begin ] --START--
INFO: Run Behavior\ReadHtmlCacheBehavior [ RunTime:0.001418s ]
INFO: [ app_begin ] --END-- [ RunTime:0.001573s ]
SQL: SHOW COLUMNS FROM `rentprice` [ RunTime:0.0093s ]
SQL: SELECT `price` FROM `rentprice` WHERE `road` = '杭州BGP120G' AND `cpu` = 'L5630*2' AND `ram` = '32G' AND `ssd` = '120G固态' AND `ip` = '1个' LIMIT 1   [ RunTime:0.0026s ]

[ 2018-12-14T15:50:38+08:00 ] 127.0.0.1 /Index/getrentprice
INFO: [ app_init ] --START--
INFO: Run Behavior\BuildLiteBehavior [ RunTime:0.000014s ]
INFO: [ app_init ] --END-- [ RunTime:0.000545s ]
INFO: [ app_begin ] --START--
INFO: Run Behavior\ReadHtmlCacheBehavior [ RunTime:0.001129s ]
INFO: [ app_begin ] --END-- [ RunTime:0.001194s ]
SQL: SHOW COLUMNS FROM `rentprice` [ RunTime:0.0142s ]
SQL: SELECT `price` FROM `rentprice` WHERE `road` = '杭州BGP180G' AND `cpu` = 'L5630*2' AND `ram` = '32G' AND `ssd` = '120G固态' AND `ip` = '1个' LIMIT 1   [ RunTime:0.0026s ]

[ 2018-12-14T15:50:42+08:00 ] 127.0.0.1 /Index/getrentprice
INFO: [ app_init ] --START--
INFO: Run Behavior\BuildLiteBehavior [ RunTime:0.000022s ]
INFO: [ app_init ] --END-- [ RunTime:0.000750s ]
INFO: [ app_begin ] --START--
INFO: Run Behavior\ReadHtmlCacheBehavior [ RunTime:0.001052s ]
INFO: [ app_begin ] --END-- [ RunTime:0.001124s ]
SQL: SHOW COLUMNS FROM `rentprice` [ RunTime:0.0134s ]
SQL: SELECT `price` FROM `rentprice` WHERE `road` = '杭州BGP320G' AND `cpu` = 'L5630*2' AND `ram` = '32G' AND `ssd` = '120G固态' AND `ip` = '1个' LIMIT 1   [ RunTime:0.0030s ]

[ 2018-12-14T15:51:38+08:00 ] 127.0.0.1 /Index/serverbuy.html
INFO: [ app_init ] --START--
INFO: Run Behavior\BuildLiteBehavior [ RunTime:0.000017s ]
INFO: [ app_init ] --END-- [ RunTime:0.000574s ]
INFO: [ app_begin ] --START--
INFO: Run Behavior\ReadHtmlCacheBehavior [ RunTime:0.001240s ]
INFO: [ app_begin ] --END-- [ RunTime:0.001349s ]
INFO: [ view_parse ] --START--
INFO: [ template_filter ] --START--
INFO: Run Behavior\ContentReplaceBehavior [ RunTime:0.000272s ]
INFO: [ template_filter ] --END-- [ RunTime:0.000343s ]
NOTIC: [8] Undefined index: loginuser D:\myenv\apache\htdocs\pgyidc\Application\Runtime\Cache\Home\84492f59e1a4a3ddbba6c61742423575.php 第 370 行.
INFO: Run Behavior\ParseTemplateBehavior [ RunTime:0.022925s ]
INFO: [ view_parse ] --END-- [ RunTime:0.022983s ]
INFO: [ view_filter ] --START--
INFO: Run Behavior\WriteHtmlCacheBehavior [ RunTime:0.000791s ]
INFO: [ view_filter ] --END-- [ RunTime:0.000837s ]
INFO: [ app_end ] --START--
INFO: Run Behavior\ShowPageTraceBehavior [ RunTime:0.001065s ]
INFO: [ app_end ] --END-- [ RunTime:0.001146s ]

[ 2018-12-14T15:51:39+08:00 ] 127.0.0.1 /Index/getrentprice
INFO: [ app_init ] --START--
INFO: Run Behavior\BuildLiteBehavior [ RunTime:0.000013s ]
INFO: [ app_init ] --END-- [ RunTime:0.000581s ]
INFO: [ app_begin ] --START--
INFO: Run Behavior\ReadHtmlCacheBehavior [ RunTime:0.000968s ]
INFO: [ app_begin ] --END-- [ RunTime:0.001047s ]
SQL: SHOW COLUMNS FROM `rentprice` [ RunTime:0.0132s ]
SQL: SELECT `price` FROM `rentprice` WHERE `road` = '宿迁多线100G' AND `cpu` = 'L5630*2' AND `ram` = '8G' AND `ssd` = '120G固态' AND `ip` = '0个' LIMIT 1   [ RunTime:0.0014s ]

[ 2018-12-14T15:51:43+08:00 ] 127.0.0.1 /Index/getrentprice
INFO: [ app_init ] --START--
INFO: Run Behavior\BuildLiteBehavior [ RunTime:0.000015s ]
INFO: [ app_init ] --END-- [ RunTime:0.000725s ]
INFO: [ app_begin ] --START--
INFO: Run Behavior\ReadHtmlCacheBehavior [ RunTime:0.001451s ]
INFO: [ app_begin ] --END-- [ RunTime:0.001566s ]
SQL: SHOW COLUMNS FROM `rentprice` [ RunTime:0.0081s ]
SQL: SELECT `price` FROM `rentprice` WHERE `road` = '杭州BGP120G' AND `cpu` = 'L5630*2' AND `ram` = '8G' AND `ssd` = '120G固态' AND `ip` = '1个' LIMIT 1   [ RunTime:0.0013s ]

[ 2018-12-14T15:51:44+08:00 ] 127.0.0.1 /Index/getrentprice
INFO: [ app_init ] --START--
INFO: Run Behavior\BuildLiteBehavior [ RunTime:0.000015s ]
INFO: [ app_init ] --END-- [ RunTime:0.000535s ]
INFO: [ app_begin ] --START--
INFO: Run Behavior\ReadHtmlCacheBehavior [ RunTime:0.000890s ]
INFO: [ app_begin ] --END-- [ RunTime:0.000964s ]
SQL: SHOW COLUMNS FROM `rentprice` [ RunTime:0.0071s ]
SQL: SELECT `price` FROM `rentprice` WHERE `road` = '杭州BGP120G' AND `cpu` = 'L5630*2' AND `ram` = '32G' AND `ssd` = '120G固态' AND `ip` = '1个' LIMIT 1   [ RunTime:0.0016s ]

[ 2018-12-14T15:51:47+08:00 ] 127.0.0.1 /Index/getrentprice
INFO: [ app_init ] --START--
INFO: Run Behavior\BuildLiteBehavior [ RunTime:0.000017s ]
INFO: [ app_init ] --END-- [ RunTime:0.000528s ]
INFO: [ app_begin ] --START--
INFO: Run Behavior\ReadHtmlCacheBehavior [ RunTime:0.000755s ]
INFO: [ app_begin ] --END-- [ RunTime:0.000831s ]
SQL: SHOW COLUMNS FROM `rentprice` [ RunTime:0.0098s ]
SQL: SELECT `price` FROM `rentprice` WHERE `road` = '杭州BGP320G' AND `cpu` = 'L5630*2' AND `ram` = '32G' AND `ssd` = '120G固态' AND `ip` = '1个' LIMIT 1   [ RunTime:0.0012s ]

[ 2018-12-14T15:51:55+08:00 ] 127.0.0.1 /Index/serverbuy.html
INFO: [ app_init ] --START--
INFO: Run Behavior\BuildLiteBehavior [ RunTime:0.000014s ]
INFO: [ app_init ] --END-- [ RunTime:0.000649s ]
INFO: [ app_begin ] --START--
INFO: Run Behavior\ReadHtmlCacheBehavior [ RunTime:0.000930s ]
INFO: [ app_begin ] --END-- [ RunTime:0.000992s ]
INFO: [ view_parse ] --START--
INFO: [ template_filter ] --START--
INFO: Run Behavior\ContentReplaceBehavior [ RunTime:0.000264s ]
INFO: [ template_filter ] --END-- [ RunTime:0.000333s ]
NOTIC: [8] Undefined index: loginuser D:\myenv\apache\htdocs\pgyidc\Application\Runtime\Cache\Home\84492f59e1a4a3ddbba6c61742423575.php 第 370 行.
INFO: Run Behavior\ParseTemplateBehavior [ RunTime:0.026148s ]
INFO: [ view_parse ] --END-- [ RunTime:0.026205s ]
INFO: [ view_filter ] --START--
INFO: Run Behavior\WriteHtmlCacheBehavior [ RunTime:0.000583s ]
INFO: [ view_filter ] --END-- [ RunTime:0.000629s ]
INFO: [ app_end ] --START--
INFO: Run Behavior\ShowPageTraceBehavior [ RunTime:0.001018s ]
INFO: [ app_end ] --END-- [ RunTime:0.001128s ]

[ 2018-12-14T15:51:56+08:00 ] 127.0.0.1 /Index/getrentprice
INFO: [ app_init ] --START--
INFO: Run Behavior\BuildLiteBehavior [ RunTime:0.000014s ]
INFO: [ app_init ] --END-- [ RunTime:0.000495s ]
INFO: [ app_begin ] --START--
INFO: Run Behavior\ReadHtmlCacheBehavior [ RunTime:0.000664s ]
INFO: [ app_begin ] --END-- [ RunTime:0.000729s ]
SQL: SHOW COLUMNS FROM `rentprice` [ RunTime:0.0142s ]
SQL: SELECT `price` FROM `rentprice` WHERE `road` = '宿迁多线100G' AND `cpu` = 'L5630*2' AND `ram` = '8G' AND `ssd` = '120G固态' AND `ip` = '0个' LIMIT 1   [ RunTime:0.0039s ]

[ 2018-12-14T15:52:05+08:00 ] 127.0.0.1 /Index/serverbuy.html
INFO: [ app_init ] --START--
INFO: Run Behavior\BuildLiteBehavior [ RunTime:0.000017s ]
INFO: [ app_init ] --END-- [ RunTime:0.000575s ]
INFO: [ app_begin ] --START--
INFO: Run Behavior\ReadHtmlCacheBehavior [ RunTime:0.000814s ]
INFO: [ app_begin ] --END-- [ RunTime:0.000905s ]
INFO: [ view_parse ] --START--
INFO: [ template_filter ] --START--
INFO: Run Behavior\ContentReplaceBehavior [ RunTime:0.000257s ]
INFO: [ template_filter ] --END-- [ RunTime:0.000328s ]
NOTIC: [8] Undefined index: loginuser D:\myenv\apache\htdocs\pgyidc\Application\Runtime\Cache\Home\84492f59e1a4a3ddbba6c61742423575.php 第 370 行.
INFO: Run Behavior\ParseTemplateBehavior [ RunTime:0.022871s ]
INFO: [ view_parse ] --END-- [ RunTime:0.022928s ]
INFO: [ view_filter ] --START--
INFO: Run Behavior\WriteHtmlCacheBehavior [ RunTime:0.000520s ]
INFO: [ view_filter ] --END-- [ RunTime:0.000562s ]
INFO: [ app_end ] --START--
INFO: Run Behavior\ShowPageTraceBehavior [ RunTime:0.000981s ]
INFO: [ app_end ] --END-- [ RunTime:0.001058s ]

[ 2018-12-14T15:52:06+08:00 ] 127.0.0.1 /Index/getrentprice
INFO: [ app_init ] --START--
INFO: Run Behavior\BuildLiteBehavior [ RunTime:0.000013s ]
INFO: [ app_init ] --END-- [ RunTime:0.000522s ]
INFO: [ app_begin ] --START--
INFO: Run Behavior\ReadHtmlCacheBehavior [ RunTime:0.000780s ]
INFO: [ app_begin ] --END-- [ RunTime:0.000864s ]
SQL: SHOW COLUMNS FROM `rentprice` [ RunTime:0.0147s ]
SQL: SELECT `price` FROM `rentprice` WHERE `road` = '宿迁多线100G' AND `cpu` = 'L5630*2' AND `ram` = '8G' AND `ssd` = '120G固态' AND `ip` = '0个' LIMIT 1   [ RunTime:0.0034s ]

[ 2018-12-14T15:52:20+08:00 ] 127.0.0.1 /Index/getrentprice
INFO: [ app_init ] --START--
INFO: Run Behavior\BuildLiteBehavior [ RunTime:0.000016s ]
INFO: [ app_init ] --END-- [ RunTime:0.000726s ]
INFO: [ app_begin ] --START--
INFO: Run Behavior\ReadHtmlCacheBehavior [ RunTime:0.000751s ]
INFO: [ app_begin ] --END-- [ RunTime:0.000830s ]
SQL: SHOW COLUMNS FROM `rentprice` [ RunTime:0.0070s ]
SQL: SELECT `price` FROM `rentprice` WHERE `road` = '宿迁多线150G' AND `cpu` = 'L5630*2' AND `ram` = '8G' AND `ssd` = '120G固态' AND `ip` = '0个' LIMIT 1   [ RunTime:0.0017s ]

[ 2018-12-14T15:52:26+08:00 ] 127.0.0.1 /Index/getrentprice
INFO: [ app_init ] --START--
INFO: Run Behavior\BuildLiteBehavior [ RunTime:0.000016s ]
INFO: [ app_init ] --END-- [ RunTime:0.000676s ]
INFO: [ app_begin ] --START--
INFO: Run Behavior\ReadHtmlCacheBehavior [ RunTime:0.001024s ]
INFO: [ app_begin ] --END-- [ RunTime:0.001148s ]
SQL: SHOW COLUMNS FROM `rentprice` [ RunTime:0.0132s ]
SQL: SELECT `price` FROM `rentprice` WHERE `road` = '杭州BGP120G' AND `cpu` = 'L5630*2' AND `ram` = '8G' AND `ssd` = '120G固态' AND `ip` = '1个' LIMIT 1   [ RunTime:0.0028s ]

[ 2018-12-14T15:52:27+08:00 ] 127.0.0.1 /Index/getrentprice
INFO: [ app_init ] --START--
INFO: Run Behavior\BuildLiteBehavior [ RunTime:0.000018s ]
INFO: [ app_init ] --END-- [ RunTime:0.000541s ]
INFO: [ app_begin ] --START--
INFO: Run Behavior\ReadHtmlCacheBehavior [ RunTime:0.001144s ]
INFO: [ app_begin ] --END-- [ RunTime:0.001228s ]
SQL: SHOW COLUMNS FROM `rentprice` [ RunTime:0.0148s ]
SQL: SELECT `price` FROM `rentprice` WHERE `road` = '杭州BGP120G' AND `cpu` = 'L5630*2' AND `ram` = '32G' AND `ssd` = '120G固态' AND `ip` = '1个' LIMIT 1   [ RunTime:0.0035s ]

[ 2018-12-14T15:52:31+08:00 ] 127.0.0.1 /Index/getrentprice
INFO: [ app_init ] --START--
INFO: Run Behavior\BuildLiteBehavior [ RunTime:0.000016s ]
INFO: [ app_init ] --END-- [ RunTime:0.000576s ]
INFO: [ app_begin ] --START--
INFO: Run Behavior\ReadHtmlCacheBehavior [ RunTime:0.001171s ]
INFO: [ app_begin ] --END-- [ RunTime:0.001264s ]
SQL: SHOW COLUMNS FROM `rentprice` [ RunTime:0.0386s ]
SQL: SELECT `price` FROM `rentprice` WHERE `road` = '杭州BGP320G' AND `cpu` = 'L5630*2' AND `ram` = '32G' AND `ssd` = '120G固态' AND `ip` = '1个' LIMIT 1   [ RunTime:0.0027s ]

[ 2018-12-14T15:52:35+08:00 ] 127.0.0.1 /Index/getrentprice
INFO: [ app_init ] --START--
INFO: Run Behavior\BuildLiteBehavior [ RunTime:0.000014s ]
INFO: [ app_init ] --END-- [ RunTime:0.000520s ]
INFO: [ app_begin ] --START--
INFO: Run Behavior\ReadHtmlCacheBehavior [ RunTime:0.001054s ]
INFO: [ app_begin ] --END-- [ RunTime:0.001132s ]
SQL: SHOW COLUMNS FROM `rentprice` [ RunTime:0.0127s ]
SQL: SELECT `price` FROM `rentprice` WHERE `road` = '杭州BGP400G' AND `cpu` = 'L5630*2' AND `ram` = '32G' AND `ssd` = '120G固态' AND `ip` = '1个' LIMIT 1   [ RunTime:0.0027s ]

[ 2018-12-14T15:52:37+08:00 ] 127.0.0.1 /Index/getrentprice
INFO: [ app_init ] --START--
INFO: Run Behavior\BuildLiteBehavior [ RunTime:0.000016s ]
INFO: [ app_init ] --END-- [ RunTime:0.000651s ]
INFO: [ app_begin ] --START--
INFO: Run Behavior\ReadHtmlCacheBehavior [ RunTime:0.000945s ]
INFO: [ app_begin ] --END-- [ RunTime:0.001015s ]
SQL: SHOW COLUMNS FROM `rentprice` [ RunTime:0.0155s ]
SQL: SELECT `price` FROM `rentprice` WHERE `road` = '杭州BGP180G' AND `cpu` = 'L5630*2' AND `ram` = '32G' AND `ssd` = '120G固态' AND `ip` = '1个' LIMIT 1   [ RunTime:0.0033s ]

[ 2018-12-14T15:53:05+08:00 ] 127.0.0.1 /Index/serverbuy.html
INFO: [ app_init ] --START--
INFO: Run Behavior\BuildLiteBehavior [ RunTime:0.000019s ]
INFO: [ app_init ] --END-- [ RunTime:0.000560s ]
INFO: [ app_begin ] --START--
INFO: Run Behavior\ReadHtmlCacheBehavior [ RunTime:0.001148s ]
INFO: [ app_begin ] --END-- [ RunTime:0.001234s ]
INFO: [ view_parse ] --START--
INFO: [ template_filter ] --START--
INFO: Run Behavior\ContentReplaceBehavior [ RunTime:0.000251s ]
INFO: [ template_filter ] --END-- [ RunTime:0.000319s ]
NOTIC: [8] Undefined index: loginuser D:\myenv\apache\htdocs\pgyidc\Application\Runtime\Cache\Home\84492f59e1a4a3ddbba6c61742423575.php 第 370 行.
INFO: Run Behavior\ParseTemplateBehavior [ RunTime:0.022496s ]
INFO: [ view_parse ] --END-- [ RunTime:0.022552s ]
INFO: [ view_filter ] --START--
INFO: Run Behavior\WriteHtmlCacheBehavior [ RunTime:0.000775s ]
INFO: [ view_filter ] --END-- [ RunTime:0.000818s ]
INFO: [ app_end ] --START--
INFO: Run Behavior\ShowPageTraceBehavior [ RunTime:0.001373s ]
INFO: [ app_end ] --END-- [ RunTime:0.001471s ]

[ 2018-12-14T15:53:06+08:00 ] 127.0.0.1 /Index/getrentprice
INFO: [ app_init ] --START--
INFO: Run Behavior\BuildLiteBehavior [ RunTime:0.000017s ]
INFO: [ app_init ] --END-- [ RunTime:0.000529s ]
INFO: [ app_begin ] --START--
INFO: Run Behavior\ReadHtmlCacheBehavior [ RunTime:0.000888s ]
INFO: [ app_begin ] --END-- [ RunTime:0.000948s ]
SQL: SHOW COLUMNS FROM `rentprice` [ RunTime:0.0143s ]
SQL: SELECT `price` FROM `rentprice` WHERE `road` = '宿迁多线100G' AND `cpu` = 'L5630*2' AND `ram` = '8G' AND `ssd` = '120G固态' AND `ip` = '0个' LIMIT 1   [ RunTime:0.0037s ]

[ 2018-12-14T15:53:09+08:00 ] 127.0.0.1 /Index/getrentprice
INFO: [ app_init ] --START--
INFO: Run Behavior\BuildLiteBehavior [ RunTime:0.000017s ]
INFO: [ app_init ] --END-- [ RunTime:0.000566s ]
INFO: [ app_begin ] --START--
INFO: Run Behavior\ReadHtmlCacheBehavior [ RunTime:0.000965s ]
INFO: [ app_begin ] --END-- [ RunTime:0.001038s ]
SQL: SHOW COLUMNS FROM `rentprice` [ RunTime:0.0143s ]
SQL: SELECT `price` FROM `rentprice` WHERE `road` = '杭州BGP120G' AND `cpu` = 'L5630*2' AND `ram` = '32G' AND `ssd` = '120G固态' AND `ip` = '1个' LIMIT 1   [ RunTime:0.0035s ]

[ 2018-12-14T15:53:12+08:00 ] 127.0.0.1 /Index/getrentprice
INFO: [ app_init ] --START--
INFO: Run Behavior\BuildLiteBehavior [ RunTime:0.000013s ]
INFO: [ app_init ] --END-- [ RunTime:0.000599s ]
INFO: [ app_begin ] --START--
INFO: Run Behavior\ReadHtmlCacheBehavior [ RunTime:0.000682s ]
INFO: [ app_begin ] --END-- [ RunTime:0.000747s ]
SQL: SHOW COLUMNS FROM `rentprice` [ RunTime:0.0141s ]
SQL: SELECT `price` FROM `rentprice` WHERE `road` = '杭州BGP320G' AND `cpu` = 'L5630*2' AND `ram` = '32G' AND `ssd` = '120G固态' AND `ip` = '1个' LIMIT 1   [ RunTime:0.0029s ]

[ 2018-12-14T15:53:13+08:00 ] 127.0.0.1 /Index/getrentprice
INFO: [ app_init ] --START--
INFO: Run Behavior\BuildLiteBehavior [ RunTime:0.000016s ]
INFO: [ app_init ] --END-- [ RunTime:0.000630s ]
INFO: [ app_begin ] --START--
INFO: Run Behavior\ReadHtmlCacheBehavior [ RunTime:0.000925s ]
INFO: [ app_begin ] --END-- [ RunTime:0.000988s ]
SQL: SHOW COLUMNS FROM `rentprice` [ RunTime:0.0085s ]
SQL: SELECT `price` FROM `rentprice` WHERE `road` = '杭州BGP320G' AND `cpu` = 'L5630*2' AND `ram` = '32G' AND `ssd` = '120G固态' AND `ip` = '1个' LIMIT 1   [ RunTime:0.0016s ]

[ 2018-12-14T15:53:19+08:00 ] 127.0.0.1 /Index/getrentprice
INFO: [ app_init ] --START--
INFO: Run Behavior\BuildLiteBehavior [ RunTime:0.000021s ]
INFO: [ app_init ] --END-- [ RunTime:0.000777s ]
INFO: [ app_begin ] --START--
INFO: Run Behavior\ReadHtmlCacheBehavior [ RunTime:0.000878s ]
INFO: [ app_begin ] --END-- [ RunTime:0.000958s ]
SQL: SHOW COLUMNS FROM `rentprice` [ RunTime:0.0140s ]
SQL: SELECT `price` FROM `rentprice` WHERE `road` = '杭州BGP400G' AND `cpu` = 'L5630*2' AND `ram` = '32G' AND `ssd` = '120G固态' AND `ip` = '1个' LIMIT 1   [ RunTime:0.0032s ]

[ 2018-12-14T15:53:20+08:00 ] 127.0.0.1 /Index/getrentprice
INFO: [ app_init ] --START--
INFO: Run Behavior\BuildLiteBehavior [ RunTime:0.000024s ]
INFO: [ app_init ] --END-- [ RunTime:0.000773s ]
INFO: [ app_begin ] --START--
INFO: Run Behavior\ReadHtmlCacheBehavior [ RunTime:0.001107s ]
INFO: [ app_begin ] --END-- [ RunTime:0.001176s ]
SQL: SHOW COLUMNS FROM `rentprice` [ RunTime:0.0137s ]
SQL: SELECT `price` FROM `rentprice` WHERE `road` = '杭州BGP400G' AND `cpu` = 'L5630*2' AND `ram` = '32G' AND `ssd` = '120G固态' AND `ip` = '1个' LIMIT 1   [ RunTime:0.0028s ]

[ 2018-12-14T15:53:28+08:00 ] 127.0.0.1 /Index/getrentprice
INFO: [ app_init ] --START--
INFO: Run Behavior\BuildLiteBehavior [ RunTime:0.000020s ]
INFO: [ app_init ] --END-- [ RunTime:0.000717s ]
INFO: [ app_begin ] --START--
INFO: Run Behavior\ReadHtmlCacheBehavior [ RunTime:0.000872s ]
INFO: [ app_begin ] --END-- [ RunTime:0.000941s ]
SQL: SHOW COLUMNS FROM `rentprice` [ RunTime:0.0136s ]
SQL: SELECT `price` FROM `rentprice` WHERE `road` = '杭州BGP120G' AND `cpu` = 'L5630*2' AND `ram` = '32G' AND `ssd` = '120G固态' AND `ip` = '1个' LIMIT 1   [ RunTime:0.0028s ]

[ 2018-12-14T15:53:29+08:00 ] 127.0.0.1 /Index/getrentprice
INFO: [ app_init ] --START--
INFO: Run Behavior\BuildLiteBehavior [ RunTime:0.000023s ]
INFO: [ app_init ] --END-- [ RunTime:0.000746s ]
INFO: [ app_begin ] --START--
INFO: Run Behavior\ReadHtmlCacheBehavior [ RunTime:0.001082s ]
INFO: [ app_begin ] --END-- [ RunTime:0.001153s ]
SQL: SHOW COLUMNS FROM `rentprice` [ RunTime:0.0084s ]
SQL: SELECT `price` FROM `rentprice` WHERE `road` = '杭州BGP120G' AND `cpu` = 'L5630*2' AND `ram` = '32G' AND `ssd` = '120G固态' AND `ip` = '1个' LIMIT 1   [ RunTime:0.0015s ]

[ 2018-12-14T15:53:30+08:00 ] 127.0.0.1 /Index/getrentprice
INFO: [ app_init ] --START--
INFO: Run Behavior\BuildLiteBehavior [ RunTime:0.000014s ]
INFO: [ app_init ] --END-- [ RunTime:0.000477s ]
INFO: [ app_begin ] --START--
INFO: Run Behavior\ReadHtmlCacheBehavior [ RunTime:0.000902s ]
INFO: [ app_begin ] --END-- [ RunTime:0.000957s ]
SQL: SHOW COLUMNS FROM `rentprice` [ RunTime:0.0077s ]
SQL: SELECT `price` FROM `rentprice` WHERE `road` = '福州双线260G集群' AND `cpu` = 'L5630*2' AND `ram` = '8G' AND `ssd` = '120G固态' AND `ip` = '2个' LIMIT 1   [ RunTime:0.0014s ]

[ 2018-12-14T15:53:33+08:00 ] 127.0.0.1 /Index/getrentprice
INFO: [ app_init ] --START--
INFO: Run Behavior\BuildLiteBehavior [ RunTime:0.000019s ]
INFO: [ app_init ] --END-- [ RunTime:0.000706s ]
INFO: [ app_begin ] --START--
INFO: Run Behavior\ReadHtmlCacheBehavior [ RunTime:0.000992s ]
INFO: [ app_begin ] --END-- [ RunTime:0.001143s ]
SQL: SHOW COLUMNS FROM `rentprice` [ RunTime:0.0071s ]
SQL: SELECT `price` FROM `rentprice` WHERE `road` = '福州双线300G集群' AND `cpu` = 'L5630*2' AND `ram` = '8G' AND `ssd` = '120G固态' AND `ip` = '2个' LIMIT 1   [ RunTime:0.0014s ]

[ 2018-12-14T15:53:34+08:00 ] 127.0.0.1 /Index/getrentprice
INFO: [ app_init ] --START--
INFO: Run Behavior\BuildLiteBehavior [ RunTime:0.000022s ]
INFO: [ app_init ] --END-- [ RunTime:0.000719s ]
INFO: [ app_begin ] --START--
INFO: Run Behavior\ReadHtmlCacheBehavior [ RunTime:0.001388s ]
INFO: [ app_begin ] --END-- [ RunTime:0.001511s ]
SQL: SHOW COLUMNS FROM `rentprice` [ RunTime:0.0149s ]
SQL: SELECT `price` FROM `rentprice` WHERE `road` = '福州双线300G集群' AND `cpu` = 'L5630*2' AND `ram` = '8G' AND `ssd` = '120G固态' AND `ip` = '2个' LIMIT 1   [ RunTime:0.0034s ]

[ 2018-12-14T15:53:35+08:00 ] 127.0.0.1 /Index/getrentprice
INFO: [ app_init ] --START--
INFO: Run Behavior\BuildLiteBehavior [ RunTime:0.000022s ]
INFO: [ app_init ] --END-- [ RunTime:0.000679s ]
INFO: [ app_begin ] --START--
INFO: Run Behavior\ReadHtmlCacheBehavior [ RunTime:0.001193s ]
INFO: [ app_begin ] --END-- [ RunTime:0.001276s ]
SQL: SHOW COLUMNS FROM `rentprice` [ RunTime:0.0151s ]
SQL: SELECT `price` FROM `rentprice` WHERE `road` = '福州双线300G集群' AND `cpu` = 'L5630*2' AND `ram` = '8G' AND `ssd` = '120G固态' AND `ip` = '2个' LIMIT 1   [ RunTime:0.0029s ]

