[ 2018-08-08T15:41:40+08:00 ] 127.0.0.1 /Admin/login.html
INFO: [ app_init ] --START--
INFO: Run Behavior\BuildLiteBehavior [ RunTime:0.000013s ]
INFO: [ app_init ] --END-- [ RunTime:0.000470s ]
INFO: [ app_begin ] --START--
INFO: Run Behavior\ReadHtmlCacheBehavior [ RunTime:0.000944s ]
INFO: [ app_begin ] --END-- [ RunTime:0.001015s ]
INFO: [ view_parse ] --START--
INFO: [ template_filter ] --START--
INFO: Run Behavior\ContentReplaceBehavior [ RunTime:0.000053s ]
INFO: [ template_filter ] --END-- [ RunTime:0.000122s ]
INFO: Run Behavior\ParseTemplateBehavior [ RunTime:0.027734s ]
INFO: [ view_parse ] --END-- [ RunTime:0.027815s ]
INFO: [ view_filter ] --START--
INFO: Run Behavior\WriteHtmlCacheBehavior [ RunTime:0.000930s ]
INFO: [ view_filter ] --END-- [ RunTime:0.001009s ]
INFO: [ app_end ] --START--
INFO: Run Behavior\ShowPageTraceBehavior [ RunTime:0.001059s ]
INFO: [ app_end ] --END-- [ RunTime:0.001129s ]

[ 2018-08-08T15:41:41+08:00 ] 127.0.0.1 /Admin/User/verify.html
INFO: [ app_init ] --START--
INFO: Run Behavior\BuildLiteBehavior [ RunTime:0.000022s ]
INFO: [ app_init ] --END-- [ RunTime:0.000696s ]
INFO: [ app_begin ] --START--
INFO: Run Behavior\ReadHtmlCacheBehavior [ RunTime:0.001820s ]
INFO: [ app_begin ] --END-- [ RunTime:0.001985s ]
INFO: [ app_end ] --START--
INFO: Run Behavior\ShowPageTraceBehavior [ RunTime:0.001110s ]
INFO: [ app_end ] --END-- [ RunTime:0.001202s ]

[ 2018-08-08T15:42:40+08:00 ] 127.0.0.1 /Admin/User/verify.html?time=
INFO: [ app_init ] --START--
INFO: Run Behavior\BuildLiteBehavior [ RunTime:0.000012s ]
INFO: [ app_init ] --END-- [ RunTime:0.000538s ]
INFO: [ app_begin ] --START--
INFO: Run Behavior\ReadHtmlCacheBehavior [ RunTime:0.000731s ]
INFO: [ app_begin ] --END-- [ RunTime:0.000783s ]
INFO: [ app_end ] --START--
INFO: Run Behavior\ShowPageTraceBehavior [ RunTime:0.000855s ]
INFO: [ app_end ] --END-- [ RunTime:0.000921s ]

[ 2018-08-08T15:42:46+08:00 ] 127.0.0.1 /Admin/User/loginin
INFO: [ app_init ] --START--
INFO: Run Behavior\BuildLiteBehavior [ RunTime:0.000014s ]
INFO: [ app_init ] --END-- [ RunTime:0.000433s ]
INFO: [ app_begin ] --START--
INFO: Run Behavior\ReadHtmlCacheBehavior [ RunTime:0.000631s ]
INFO: [ app_begin ] --END-- [ RunTime:0.000684s ]
SQL: SHOW COLUMNS FROM `users` [ RunTime:0.0078s ]
SQL: SELECT `UserID` FROM `users` WHERE (  `UserName` = 'xiaocai' OR `LinkMail` = 'xiaocai' ) AND ( UserPsw ='39538ed9af2f892dcc904ee38926f867' ) LIMIT 1   [ RunTime:0.0010s ]
SQL: SELECT * FROM `users` WHERE (  `UserName` = 'xiaocai' OR `LinkMail` = 'xiaocai' ) AND ( UserPsw ='39538ed9af2f892dcc904ee38926f867' ) LIMIT 1   [ RunTime:0.0011s ]
SQL: SHOW COLUMNS FROM `users` [ RunTime:0.0064s ]
NOTIC: [8] Undefined index: validate D:\myenv\apache\htdocs\pgyidc\ThinkPHP\Library\Think\Model.class.php 第 1185 行.
NOTIC: [8] Undefined index: auto D:\myenv\apache\htdocs\pgyidc\ThinkPHP\Library\Think\Model.class.php 第 1128 行.
SQL: UPDATE `users` SET `LastTime`='1533714166',`WebGuid`='11D937EB0-3FD7-B3FF-FB4A-01E5AA6AD090',`EffectiveTime`='2018-08-09 15:42:46' WHERE ( UserID= 1 ) [ RunTime:0.0381s ]

[ 2018-08-08T15:42:47+08:00 ] 127.0.0.1 /Admin/index/index
INFO: [ app_init ] --START--
INFO: Run Behavior\BuildLiteBehavior [ RunTime:0.000013s ]
INFO: [ app_init ] --END-- [ RunTime:0.000414s ]
INFO: [ app_begin ] --START--
INFO: Run Behavior\ReadHtmlCacheBehavior [ RunTime:0.000634s ]
INFO: [ app_begin ] --END-- [ RunTime:0.000688s ]
NOTIC: [8] A session had already been started - ignoring session_start() D:\myenv\apache\htdocs\pgyidc\Application\Admin\Controller\BaseController.class.php 第 7 行.
SQL: SHOW COLUMNS FROM `paylog` [ RunTime:0.0079s ]
SQL: SELECT SUM(money) as my FROM `paylog` WHERE ( userid=1 and datatype=0 )  [ RunTime:0.0010s ]
SQL: SELECT SUM(money) as my FROM `paylog` WHERE ( userid=1 and datatype=1 )  [ RunTime:0.0008s ]
SQL: SHOW COLUMNS FROM `users` [ RunTime:0.0066s ]
SQL: SELECT * FROM `users` WHERE ( UserID=1 ) LIMIT 1   [ RunTime:0.0010s ]
INFO: [ view_parse ] --START--
INFO: [ template_filter ] --START--
INFO: Run Behavior\ContentReplaceBehavior [ RunTime:0.000155s ]
INFO: [ template_filter ] --END-- [ RunTime:0.000210s ]
NOTIC: [8] Undefined variable: cloud D:\myenv\apache\htdocs\pgyidc\Application\Runtime\Cache\Admin\b595b808c2ebeeeb0478ffc30bb4e87a.php 第 208 行.
NOTIC: [8] Undefined variable: physical D:\myenv\apache\htdocs\pgyidc\Application\Runtime\Cache\Admin\b595b808c2ebeeeb0478ffc30bb4e87a.php 第 220 行.
NOTIC: [8] Undefined variable: firewall D:\myenv\apache\htdocs\pgyidc\Application\Runtime\Cache\Admin\b595b808c2ebeeeb0478ffc30bb4e87a.php 第 240 行.
NOTIC: [8] Undefined variable: blockabroadip D:\myenv\apache\htdocs\pgyidc\Application\Runtime\Cache\Admin\b595b808c2ebeeeb0478ffc30bb4e87a.php 第 257 行.
NOTIC: [8] Undefined variable: guanwang D:\myenv\apache\htdocs\pgyidc\Application\Runtime\Cache\Admin\b595b808c2ebeeeb0478ffc30bb4e87a.php 第 269 行.
NOTIC: [8] Undefined variable: product D:\myenv\apache\htdocs\pgyidc\Application\Runtime\Cache\Admin\b595b808c2ebeeeb0478ffc30bb4e87a.php 第 284 行.
NOTIC: [8] Undefined variable: usercenter D:\myenv\apache\htdocs\pgyidc\Application\Runtime\Cache\Admin\b595b808c2ebeeeb0478ffc30bb4e87a.php 第 302 行.
INFO: Run Behavior\ParseTemplateBehavior [ RunTime:0.081984s ]
INFO: [ view_parse ] --END-- [ RunTime:0.082035s ]
INFO: [ view_filter ] --START--
INFO: Run Behavior\WriteHtmlCacheBehavior [ RunTime:0.000589s ]
INFO: [ view_filter ] --END-- [ RunTime:0.000630s ]
INFO: [ app_end ] --START--
INFO: Run Behavior\ShowPageTraceBehavior [ RunTime:0.000732s ]
INFO: [ app_end ] --END-- [ RunTime:0.000790s ]

[ 2018-08-08T15:42:50+08:00 ] 127.0.0.1 /Admin/Cloud/cloudmanage.html
INFO: [ app_init ] --START--
INFO: Run Behavior\BuildLiteBehavior [ RunTime:0.000014s ]
INFO: [ app_init ] --END-- [ RunTime:0.000532s ]
INFO: [ app_begin ] --START--
INFO: Run Behavior\ReadHtmlCacheBehavior [ RunTime:0.000844s ]
INFO: [ app_begin ] --END-- [ RunTime:0.000932s ]
NOTIC: [8] A session had already been started - ignoring session_start() D:\myenv\apache\htdocs\pgyidc\Application\Admin\Controller\BaseController.class.php 第 7 行.
SQL: SHOW COLUMNS FROM `users` [ RunTime:0.0075s ]
SQL: SELECT `UserID`,`EffectiveTime` FROM `users` WHERE ( UserName ='xiaocai' AND WebGuid  ='19450B2D7-CF9A-820B-7320-DA9C56343415' ) LIMIT 1   [ RunTime:0.0010s ]

[ 2018-08-08T15:42:50+08:00 ] 127.0.0.1 /Admin/Cloud/cloudmanage.html
INFO: [ app_init ] --START--
INFO: Run Behavior\BuildLiteBehavior [ RunTime:0.000013s ]
INFO: [ app_init ] --END-- [ RunTime:0.000411s ]
INFO: [ app_begin ] --START--
INFO: Run Behavior\ReadHtmlCacheBehavior [ RunTime:0.000661s ]
INFO: [ app_begin ] --END-- [ RunTime:0.000713s ]
NOTIC: [8] A session had already been started - ignoring session_start() D:\myenv\apache\htdocs\pgyidc\Application\Admin\Controller\BaseController.class.php 第 7 行.

[ 2018-08-08T15:42:50+08:00 ] 127.0.0.1 /admin/login.html
INFO: [ app_init ] --START--
INFO: Run Behavior\BuildLiteBehavior [ RunTime:0.000012s ]
INFO: [ app_init ] --END-- [ RunTime:0.000419s ]
INFO: [ app_begin ] --START--
INFO: Run Behavior\ReadHtmlCacheBehavior [ RunTime:0.000613s ]
INFO: [ app_begin ] --END-- [ RunTime:0.000665s ]
INFO: [ view_parse ] --START--
INFO: [ template_filter ] --START--
INFO: Run Behavior\ContentReplaceBehavior [ RunTime:0.000053s ]
INFO: [ template_filter ] --END-- [ RunTime:0.000104s ]
INFO: Run Behavior\ParseTemplateBehavior [ RunTime:0.006669s ]
INFO: [ view_parse ] --END-- [ RunTime:0.006736s ]
INFO: [ view_filter ] --START--
INFO: Run Behavior\WriteHtmlCacheBehavior [ RunTime:0.000727s ]
INFO: [ view_filter ] --END-- [ RunTime:0.000783s ]
INFO: [ app_end ] --START--
INFO: Run Behavior\ShowPageTraceBehavior [ RunTime:0.000642s ]
INFO: [ app_end ] --END-- [ RunTime:0.000685s ]

[ 2018-08-08T15:42:50+08:00 ] 127.0.0.1 /Admin/User/verify.html
INFO: [ app_init ] --START--
INFO: Run Behavior\BuildLiteBehavior [ RunTime:0.000020s ]
INFO: [ app_init ] --END-- [ RunTime:0.000554s ]
INFO: [ app_begin ] --START--
INFO: Run Behavior\ReadHtmlCacheBehavior [ RunTime:0.000785s ]
INFO: [ app_begin ] --END-- [ RunTime:0.000870s ]
INFO: [ app_end ] --START--
INFO: Run Behavior\ShowPageTraceBehavior [ RunTime:0.001088s ]
INFO: [ app_end ] --END-- [ RunTime:0.001185s ]

[ 2018-08-08T15:42:54+08:00 ] 127.0.0.1 /Admin/User/verify.html?time=
INFO: [ app_init ] --START--
INFO: Run Behavior\BuildLiteBehavior [ RunTime:0.000013s ]
INFO: [ app_init ] --END-- [ RunTime:0.000426s ]
INFO: [ app_begin ] --START--
INFO: Run Behavior\ReadHtmlCacheBehavior [ RunTime:0.000621s ]
INFO: [ app_begin ] --END-- [ RunTime:0.000672s ]
INFO: [ app_end ] --START--
INFO: Run Behavior\ShowPageTraceBehavior [ RunTime:0.000706s ]
INFO: [ app_end ] --END-- [ RunTime:0.000770s ]

[ 2018-08-08T15:42:59+08:00 ] 127.0.0.1 /admin/User/loginin
INFO: [ app_init ] --START--
INFO: Run Behavior\BuildLiteBehavior [ RunTime:0.000021s ]
INFO: [ app_init ] --END-- [ RunTime:0.000629s ]
INFO: [ app_begin ] --START--
INFO: Run Behavior\ReadHtmlCacheBehavior [ RunTime:0.000666s ]
INFO: [ app_begin ] --END-- [ RunTime:0.000717s ]
SQL: SHOW COLUMNS FROM `users` [ RunTime:0.0067s ]

[ 2018-08-08T15:43:04+08:00 ] 127.0.0.1 /admin/User/loginin
INFO: [ app_init ] --START--
INFO: Run Behavior\BuildLiteBehavior [ RunTime:0.000013s ]
INFO: [ app_init ] --END-- [ RunTime:0.000436s ]
INFO: [ app_begin ] --START--
INFO: Run Behavior\ReadHtmlCacheBehavior [ RunTime:0.000637s ]
INFO: [ app_begin ] --END-- [ RunTime:0.000694s ]
SQL: SHOW COLUMNS FROM `users` [ RunTime:0.0069s ]
SQL: SELECT `UserID` FROM `users` WHERE (  `UserName` = 'xiaocai' OR `LinkMail` = 'xiaocai' ) AND ( UserPsw ='39538ed9af2f892dcc904ee38926f867' ) LIMIT 1   [ RunTime:0.0006s ]
SQL: SELECT * FROM `users` WHERE (  `UserName` = 'xiaocai' OR `LinkMail` = 'xiaocai' ) AND ( UserPsw ='39538ed9af2f892dcc904ee38926f867' ) LIMIT 1   [ RunTime:0.0007s ]

[ 2018-08-08T15:43:05+08:00 ] 127.0.0.1 /admin/index/index
INFO: [ app_init ] --START--
INFO: Run Behavior\BuildLiteBehavior [ RunTime:0.000014s ]
INFO: [ app_init ] --END-- [ RunTime:0.000430s ]
INFO: [ app_begin ] --START--
INFO: Run Behavior\ReadHtmlCacheBehavior [ RunTime:0.000639s ]
INFO: [ app_begin ] --END-- [ RunTime:0.000695s ]
NOTIC: [8] A session had already been started - ignoring session_start() D:\myenv\apache\htdocs\pgyidc\Application\Admin\Controller\BaseController.class.php 第 7 行.
SQL: SHOW COLUMNS FROM `paylog` [ RunTime:0.0067s ]
SQL: SELECT SUM(money) as my FROM `paylog` WHERE ( userid=1 and datatype=0 )  [ RunTime:0.0010s ]
SQL: SELECT SUM(money) as my FROM `paylog` WHERE ( userid=1 and datatype=1 )  [ RunTime:0.0008s ]
SQL: SHOW COLUMNS FROM `users` [ RunTime:0.0068s ]
SQL: SELECT * FROM `users` WHERE ( UserID=1 ) LIMIT 1   [ RunTime:0.0011s ]
INFO: [ view_parse ] --START--
INFO: [ template_filter ] --START--
INFO: Run Behavior\ContentReplaceBehavior [ RunTime:0.000155s ]
INFO: [ template_filter ] --END-- [ RunTime:0.000211s ]
NOTIC: [8] Undefined variable: cloud D:\myenv\apache\htdocs\pgyidc\Application\Runtime\Cache\Admin\b595b808c2ebeeeb0478ffc30bb4e87a.php 第 208 行.
NOTIC: [8] Undefined variable: physical D:\myenv\apache\htdocs\pgyidc\Application\Runtime\Cache\Admin\b595b808c2ebeeeb0478ffc30bb4e87a.php 第 220 行.
NOTIC: [8] Undefined variable: firewall D:\myenv\apache\htdocs\pgyidc\Application\Runtime\Cache\Admin\b595b808c2ebeeeb0478ffc30bb4e87a.php 第 240 行.
NOTIC: [8] Undefined variable: blockabroadip D:\myenv\apache\htdocs\pgyidc\Application\Runtime\Cache\Admin\b595b808c2ebeeeb0478ffc30bb4e87a.php 第 257 行.
NOTIC: [8] Undefined variable: guanwang D:\myenv\apache\htdocs\pgyidc\Application\Runtime\Cache\Admin\b595b808c2ebeeeb0478ffc30bb4e87a.php 第 269 行.
NOTIC: [8] Undefined variable: product D:\myenv\apache\htdocs\pgyidc\Application\Runtime\Cache\Admin\b595b808c2ebeeeb0478ffc30bb4e87a.php 第 284 行.
NOTIC: [8] Undefined variable: usercenter D:\myenv\apache\htdocs\pgyidc\Application\Runtime\Cache\Admin\b595b808c2ebeeeb0478ffc30bb4e87a.php 第 302 行.
INFO: Run Behavior\ParseTemplateBehavior [ RunTime:0.018078s ]
INFO: [ view_parse ] --END-- [ RunTime:0.018128s ]
INFO: [ view_filter ] --START--
INFO: Run Behavior\WriteHtmlCacheBehavior [ RunTime:0.000546s ]
INFO: [ view_filter ] --END-- [ RunTime:0.000589s ]
INFO: [ app_end ] --START--
INFO: Run Behavior\ShowPageTraceBehavior [ RunTime:0.000672s ]
INFO: [ app_end ] --END-- [ RunTime:0.000727s ]

[ 2018-08-08T15:43:08+08:00 ] 127.0.0.1 /Admin/Cloud/cloudmanage.html
INFO: [ app_init ] --START--
INFO: Run Behavior\BuildLiteBehavior [ RunTime:0.000013s ]
INFO: [ app_init ] --END-- [ RunTime:0.000408s ]
INFO: [ app_begin ] --START--
INFO: Run Behavior\ReadHtmlCacheBehavior [ RunTime:0.000643s ]
INFO: [ app_begin ] --END-- [ RunTime:0.000701s ]
NOTIC: [8] A session had already been started - ignoring session_start() D:\myenv\apache\htdocs\pgyidc\Application\Admin\Controller\BaseController.class.php 第 7 行.
SQL: SHOW COLUMNS FROM `users` [ RunTime:0.0066s ]
SQL: SELECT `UserID`,`EffectiveTime` FROM `users` WHERE ( UserName ='xiaocai' AND WebGuid  ='11D937EB0-3FD7-B3FF-FB4A-01E5AA6AD090' ) LIMIT 1   [ RunTime:0.0009s ]
SQL: SHOW COLUMNS FROM `cloudlog` [ RunTime:0.0062s ]
NOTIC: [2] Invalid argument supplied for foreach() D:\myenv\apache\htdocs\pgyidc\Application\Admin\Controller\CloudController.class.php 第 22 行.
NOTIC: [2] array_slice() expects parameter 1 to be array, null given D:\myenv\apache\htdocs\pgyidc\Application\Admin\Controller\CloudController.class.php 第 36 行.
INFO: [ view_parse ] --START--
INFO: [ template_filter ] --START--
INFO: Run Behavior\ContentReplaceBehavior [ RunTime:0.000154s ]
INFO: [ template_filter ] --END-- [ RunTime:0.000217s ]
NOTIC: [8] Undefined variable: physical D:\myenv\apache\htdocs\pgyidc\Application\Runtime\Cache\Admin\d85208f2c736e322ac27dcb5e87ca9bb.php 第 220 行.
NOTIC: [8] Undefined variable: firewall D:\myenv\apache\htdocs\pgyidc\Application\Runtime\Cache\Admin\d85208f2c736e322ac27dcb5e87ca9bb.php 第 240 行.
NOTIC: [8] Undefined variable: blockabroadip D:\myenv\apache\htdocs\pgyidc\Application\Runtime\Cache\Admin\d85208f2c736e322ac27dcb5e87ca9bb.php 第 257 行.
NOTIC: [8] Undefined variable: guanwang D:\myenv\apache\htdocs\pgyidc\Application\Runtime\Cache\Admin\d85208f2c736e322ac27dcb5e87ca9bb.php 第 269 行.
NOTIC: [8] Undefined variable: product D:\myenv\apache\htdocs\pgyidc\Application\Runtime\Cache\Admin\d85208f2c736e322ac27dcb5e87ca9bb.php 第 284 行.
NOTIC: [8] Undefined variable: usercenter D:\myenv\apache\htdocs\pgyidc\Application\Runtime\Cache\Admin\d85208f2c736e322ac27dcb5e87ca9bb.php 第 302 行.
NOTIC: [8] Undefined variable: keyword D:\myenv\apache\htdocs\pgyidc\Application\Runtime\Cache\Admin\d85208f2c736e322ac27dcb5e87ca9bb.php 第 349 行.
INFO: Run Behavior\ParseTemplateBehavior [ RunTime:0.027747s ]
INFO: [ view_parse ] --END-- [ RunTime:0.027820s ]
INFO: [ view_filter ] --START--
INFO: Run Behavior\WriteHtmlCacheBehavior [ RunTime:0.000597s ]
INFO: [ view_filter ] --END-- [ RunTime:0.000639s ]
INFO: [ app_end ] --START--
INFO: Run Behavior\ShowPageTraceBehavior [ RunTime:0.000660s ]
INFO: [ app_end ] --END-- [ RunTime:0.000720s ]

[ 2018-08-08T15:43:29+08:00 ] 127.0.0.1 /Admin/Jdcloud/jdcloudmanage.html
INFO: [ app_init ] --START--
INFO: Run Behavior\BuildLiteBehavior [ RunTime:0.000012s ]
INFO: [ app_init ] --END-- [ RunTime:0.000454s ]
INFO: [ app_begin ] --START--
INFO: Run Behavior\ReadHtmlCacheBehavior [ RunTime:0.000612s ]
INFO: [ app_begin ] --END-- [ RunTime:0.000668s ]
NOTIC: [2048] Declaration of Admin\Controller\jdcloudController::get() should be compatible with that of Think\Controller::get() D:\myenv\apache\htdocs\pgyidc\Application\Admin\Controller\JdcloudController.class.php 第 4 行.
NOTIC: [8] A session had already been started - ignoring session_start() D:\myenv\apache\htdocs\pgyidc\Application\Admin\Controller\BaseController.class.php 第 7 行.
SQL: SHOW COLUMNS FROM `users` [ RunTime:0.0063s ]
SQL: SELECT `UserID`,`EffectiveTime` FROM `users` WHERE ( UserName ='xiaocai' AND WebGuid  ='11D937EB0-3FD7-B3FF-FB4A-01E5AA6AD090' ) LIMIT 1   [ RunTime:0.0011s ]
SQL: SHOW COLUMNS FROM `jdcloudlog` [ RunTime:0.0065s ]
SQL: SELECT COUNT(*) AS tp_count FROM `jdcloudlog` WHERE ( UserID=1 and regionid='cn-north-1' ) LIMIT 1   [ RunTime:0.0009s ]
SQL: SELECT `CloudNo` FROM `jdcloudlog` WHERE ( UserID=1 and regionid='cn-north-1' ) LIMIT 0,15   [ RunTime:0.0007s ]
INFO: [ view_parse ] --START--
INFO: [ template_filter ] --START--
INFO: Run Behavior\ContentReplaceBehavior [ RunTime:0.000160s ]
INFO: [ template_filter ] --END-- [ RunTime:0.000227s ]
NOTIC: [8] Undefined variable: physical D:\myenv\apache\htdocs\pgyidc\Application\Runtime\Cache\Admin\e9ed93fffdaf904087e680c43fa9e77f.php 第 220 行.
NOTIC: [8] Undefined variable: firewall D:\myenv\apache\htdocs\pgyidc\Application\Runtime\Cache\Admin\e9ed93fffdaf904087e680c43fa9e77f.php 第 240 行.
NOTIC: [8] Undefined variable: blockabroadip D:\myenv\apache\htdocs\pgyidc\Application\Runtime\Cache\Admin\e9ed93fffdaf904087e680c43fa9e77f.php 第 257 行.
NOTIC: [8] Undefined variable: guanwang D:\myenv\apache\htdocs\pgyidc\Application\Runtime\Cache\Admin\e9ed93fffdaf904087e680c43fa9e77f.php 第 269 行.
NOTIC: [8] Undefined variable: product D:\myenv\apache\htdocs\pgyidc\Application\Runtime\Cache\Admin\e9ed93fffdaf904087e680c43fa9e77f.php 第 284 行.
NOTIC: [8] Undefined variable: usercenter D:\myenv\apache\htdocs\pgyidc\Application\Runtime\Cache\Admin\e9ed93fffdaf904087e680c43fa9e77f.php 第 302 行.
NOTIC: [8] Undefined variable: keyword D:\myenv\apache\htdocs\pgyidc\Application\Runtime\Cache\Admin\e9ed93fffdaf904087e680c43fa9e77f.php 第 482 行.
INFO: Run Behavior\ParseTemplateBehavior [ RunTime:0.048807s ]
INFO: [ view_parse ] --END-- [ RunTime:0.048873s ]
INFO: [ view_filter ] --START--
INFO: Run Behavior\WriteHtmlCacheBehavior [ RunTime:0.000597s ]
INFO: [ view_filter ] --END-- [ RunTime:0.000640s ]
INFO: [ app_end ] --START--
INFO: Run Behavior\ShowPageTraceBehavior [ RunTime:0.000640s ]
INFO: [ app_end ] --END-- [ RunTime:0.000688s ]

[ 2018-08-08T15:43:30+08:00 ] 127.0.0.1 /Admin/Cloud/cloudmanage.html
INFO: [ app_init ] --START--
INFO: Run Behavior\BuildLiteBehavior [ RunTime:0.000013s ]
INFO: [ app_init ] --END-- [ RunTime:0.000457s ]
INFO: [ app_begin ] --START--
INFO: Run Behavior\ReadHtmlCacheBehavior [ RunTime:0.000829s ]
INFO: [ app_begin ] --END-- [ RunTime:0.000884s ]
NOTIC: [8] A session had already been started - ignoring session_start() D:\myenv\apache\htdocs\pgyidc\Application\Admin\Controller\BaseController.class.php 第 7 行.
SQL: SHOW COLUMNS FROM `users` [ RunTime:0.0071s ]
SQL: SELECT `UserID`,`EffectiveTime` FROM `users` WHERE ( UserName ='xiaocai' AND WebGuid  ='11D937EB0-3FD7-B3FF-FB4A-01E5AA6AD090' ) LIMIT 1   [ RunTime:0.0010s ]
SQL: SHOW COLUMNS FROM `cloudlog` [ RunTime:0.0063s ]
NOTIC: [2] Invalid argument supplied for foreach() D:\myenv\apache\htdocs\pgyidc\Application\Admin\Controller\CloudController.class.php 第 22 行.
NOTIC: [2] array_slice() expects parameter 1 to be array, null given D:\myenv\apache\htdocs\pgyidc\Application\Admin\Controller\CloudController.class.php 第 36 行.
INFO: [ view_parse ] --START--
INFO: [ template_filter ] --START--
INFO: Run Behavior\ContentReplaceBehavior [ RunTime:0.000154s ]
INFO: [ template_filter ] --END-- [ RunTime:0.000212s ]
NOTIC: [8] Undefined variable: physical D:\myenv\apache\htdocs\pgyidc\Application\Runtime\Cache\Admin\d85208f2c736e322ac27dcb5e87ca9bb.php 第 220 行.
NOTIC: [8] Undefined variable: firewall D:\myenv\apache\htdocs\pgyidc\Application\Runtime\Cache\Admin\d85208f2c736e322ac27dcb5e87ca9bb.php 第 240 行.
NOTIC: [8] Undefined variable: blockabroadip D:\myenv\apache\htdocs\pgyidc\Application\Runtime\Cache\Admin\d85208f2c736e322ac27dcb5e87ca9bb.php 第 257 行.
NOTIC: [8] Undefined variable: guanwang D:\myenv\apache\htdocs\pgyidc\Application\Runtime\Cache\Admin\d85208f2c736e322ac27dcb5e87ca9bb.php 第 269 行.
NOTIC: [8] Undefined variable: product D:\myenv\apache\htdocs\pgyidc\Application\Runtime\Cache\Admin\d85208f2c736e322ac27dcb5e87ca9bb.php 第 284 行.
NOTIC: [8] Undefined variable: usercenter D:\myenv\apache\htdocs\pgyidc\Application\Runtime\Cache\Admin\d85208f2c736e322ac27dcb5e87ca9bb.php 第 302 行.
NOTIC: [8] Undefined variable: keyword D:\myenv\apache\htdocs\pgyidc\Application\Runtime\Cache\Admin\d85208f2c736e322ac27dcb5e87ca9bb.php 第 349 行.
INFO: Run Behavior\ParseTemplateBehavior [ RunTime:0.019078s ]
INFO: [ view_parse ] --END-- [ RunTime:0.019130s ]
INFO: [ view_filter ] --START--
INFO: Run Behavior\WriteHtmlCacheBehavior [ RunTime:0.000689s ]
INFO: [ view_filter ] --END-- [ RunTime:0.000734s ]
INFO: [ app_end ] --START--
INFO: Run Behavior\ShowPageTraceBehavior [ RunTime:0.000839s ]
INFO: [ app_end ] --END-- [ RunTime:0.000886s ]

[ 2018-08-08T15:43:31+08:00 ] 127.0.0.1 /Admin/Cloud/cloudmanage.html
INFO: [ app_init ] --START--
INFO: Run Behavior\BuildLiteBehavior [ RunTime:0.000019s ]
INFO: [ app_init ] --END-- [ RunTime:0.000582s ]
INFO: [ app_begin ] --START--
INFO: Run Behavior\ReadHtmlCacheBehavior [ RunTime:0.000779s ]
INFO: [ app_begin ] --END-- [ RunTime:0.000839s ]
NOTIC: [8] A session had already been started - ignoring session_start() D:\myenv\apache\htdocs\pgyidc\Application\Admin\Controller\BaseController.class.php 第 7 行.
SQL: SHOW COLUMNS FROM `users` [ RunTime:0.0075s ]
SQL: SELECT `UserID`,`EffectiveTime` FROM `users` WHERE ( UserName ='xiaocai' AND WebGuid  ='11D937EB0-3FD7-B3FF-FB4A-01E5AA6AD090' ) LIMIT 1   [ RunTime:0.0011s ]
SQL: SHOW COLUMNS FROM `cloudlog` [ RunTime:0.0067s ]
NOTIC: [2] Invalid argument supplied for foreach() D:\myenv\apache\htdocs\pgyidc\Application\Admin\Controller\CloudController.class.php 第 22 行.
NOTIC: [2] array_slice() expects parameter 1 to be array, null given D:\myenv\apache\htdocs\pgyidc\Application\Admin\Controller\CloudController.class.php 第 36 行.
INFO: [ view_parse ] --START--
INFO: [ template_filter ] --START--
INFO: Run Behavior\ContentReplaceBehavior [ RunTime:0.000148s ]
INFO: [ template_filter ] --END-- [ RunTime:0.000205s ]
NOTIC: [8] Undefined variable: physical D:\myenv\apache\htdocs\pgyidc\Application\Runtime\Cache\Admin\d85208f2c736e322ac27dcb5e87ca9bb.php 第 220 行.
NOTIC: [8] Undefined variable: firewall D:\myenv\apache\htdocs\pgyidc\Application\Runtime\Cache\Admin\d85208f2c736e322ac27dcb5e87ca9bb.php 第 240 行.
NOTIC: [8] Undefined variable: blockabroadip D:\myenv\apache\htdocs\pgyidc\Application\Runtime\Cache\Admin\d85208f2c736e322ac27dcb5e87ca9bb.php 第 257 行.
NOTIC: [8] Undefined variable: guanwang D:\myenv\apache\htdocs\pgyidc\Application\Runtime\Cache\Admin\d85208f2c736e322ac27dcb5e87ca9bb.php 第 269 行.
NOTIC: [8] Undefined variable: product D:\myenv\apache\htdocs\pgyidc\Application\Runtime\Cache\Admin\d85208f2c736e322ac27dcb5e87ca9bb.php 第 284 行.
NOTIC: [8] Undefined variable: usercenter D:\myenv\apache\htdocs\pgyidc\Application\Runtime\Cache\Admin\d85208f2c736e322ac27dcb5e87ca9bb.php 第 302 行.
NOTIC: [8] Undefined variable: keyword D:\myenv\apache\htdocs\pgyidc\Application\Runtime\Cache\Admin\d85208f2c736e322ac27dcb5e87ca9bb.php 第 349 行.
INFO: Run Behavior\ParseTemplateBehavior [ RunTime:0.022764s ]
INFO: [ view_parse ] --END-- [ RunTime:0.022816s ]
INFO: [ view_filter ] --START--
INFO: Run Behavior\WriteHtmlCacheBehavior [ RunTime:0.000618s ]
INFO: [ view_filter ] --END-- [ RunTime:0.000662s ]
INFO: [ app_end ] --START--
INFO: Run Behavior\ShowPageTraceBehavior [ RunTime:0.000820s ]
INFO: [ app_end ] --END-- [ RunTime:0.000877s ]

[ 2018-08-08T15:43:32+08:00 ] 127.0.0.1 /Admin/Physical/ordercontrol.html
INFO: [ app_init ] --START--
INFO: Run Behavior\BuildLiteBehavior [ RunTime:0.000013s ]
INFO: [ app_init ] --END-- [ RunTime:0.000515s ]
INFO: [ app_begin ] --START--
INFO: Run Behavior\ReadHtmlCacheBehavior [ RunTime:0.000721s ]
INFO: [ app_begin ] --END-- [ RunTime:0.000774s ]
NOTIC: [2048] Declaration of Admin\Controller\PhysicalController::get() should be compatible with that of Think\Controller::get() D:\myenv\apache\htdocs\pgyidc\Application\Admin\Controller\PhysicalController.class.php 第 4 行.
NOTIC: [8] A session had already been started - ignoring session_start() D:\myenv\apache\htdocs\pgyidc\Application\Admin\Controller\BaseController.class.php 第 7 行.
SQL: SHOW COLUMNS FROM `users` [ RunTime:0.0067s ]
SQL: SELECT `UserID`,`EffectiveTime` FROM `users` WHERE ( UserName ='xiaocai' AND WebGuid  ='11D937EB0-3FD7-B3FF-FB4A-01E5AA6AD090' ) LIMIT 1   [ RunTime:0.0009s ]
NOTIC: [8] Undefined variable: key D:\myenv\apache\htdocs\pgyidc\Application\Admin\Controller\PhysicalController.class.php 第 12 行.
INFO: [ view_parse ] --START--
INFO: [ template_filter ] --START--
INFO: Run Behavior\ContentReplaceBehavior [ RunTime:0.000209s ]
INFO: [ template_filter ] --END-- [ RunTime:0.000272s ]
NOTIC: [8] Undefined variable: cloud D:\myenv\apache\htdocs\pgyidc\Application\Runtime\Cache\Admin\6b903a3475e1575dd1323af883a6f85a.php 第 208 行.
NOTIC: [8] Undefined variable: firewall D:\myenv\apache\htdocs\pgyidc\Application\Runtime\Cache\Admin\6b903a3475e1575dd1323af883a6f85a.php 第 240 行.
NOTIC: [8] Undefined variable: blockabroadip D:\myenv\apache\htdocs\pgyidc\Application\Runtime\Cache\Admin\6b903a3475e1575dd1323af883a6f85a.php 第 257 行.
NOTIC: [8] Undefined variable: guanwang D:\myenv\apache\htdocs\pgyidc\Application\Runtime\Cache\Admin\6b903a3475e1575dd1323af883a6f85a.php 第 269 行.
NOTIC: [8] Undefined variable: product D:\myenv\apache\htdocs\pgyidc\Application\Runtime\Cache\Admin\6b903a3475e1575dd1323af883a6f85a.php 第 284 行.
NOTIC: [8] Undefined variable: usercenter D:\myenv\apache\htdocs\pgyidc\Application\Runtime\Cache\Admin\6b903a3475e1575dd1323af883a6f85a.php 第 302 行.
INFO: Run Behavior\ParseTemplateBehavior [ RunTime:0.040657s ]
INFO: [ view_parse ] --END-- [ RunTime:0.040718s ]
INFO: [ view_filter ] --START--
INFO: Run Behavior\WriteHtmlCacheBehavior [ RunTime:0.000559s ]
INFO: [ view_filter ] --END-- [ RunTime:0.000604s ]
INFO: [ app_end ] --START--
INFO: Run Behavior\ShowPageTraceBehavior [ RunTime:0.000908s ]
INFO: [ app_end ] --END-- [ RunTime:0.000975s ]

[ 2018-08-08T15:43:36+08:00 ] 127.0.0.1 /Admin/Cloud/cloudmanage.html
INFO: [ app_init ] --START--
INFO: Run Behavior\BuildLiteBehavior [ RunTime:0.000012s ]
INFO: [ app_init ] --END-- [ RunTime:0.000460s ]
INFO: [ app_begin ] --START--
INFO: Run Behavior\ReadHtmlCacheBehavior [ RunTime:0.000642s ]
INFO: [ app_begin ] --END-- [ RunTime:0.000694s ]
NOTIC: [8] A session had already been started - ignoring session_start() D:\myenv\apache\htdocs\pgyidc\Application\Admin\Controller\BaseController.class.php 第 7 行.
SQL: SHOW COLUMNS FROM `users` [ RunTime:0.0061s ]
SQL: SELECT `UserID`,`EffectiveTime` FROM `users` WHERE ( UserName ='xiaocai' AND WebGuid  ='11D937EB0-3FD7-B3FF-FB4A-01E5AA6AD090' ) LIMIT 1   [ RunTime:0.0011s ]
SQL: SHOW COLUMNS FROM `cloudlog` [ RunTime:0.0059s ]
NOTIC: [2] Invalid argument supplied for foreach() D:\myenv\apache\htdocs\pgyidc\Application\Admin\Controller\CloudController.class.php 第 22 行.
NOTIC: [2] array_slice() expects parameter 1 to be array, null given D:\myenv\apache\htdocs\pgyidc\Application\Admin\Controller\CloudController.class.php 第 36 行.
INFO: [ view_parse ] --START--
INFO: [ template_filter ] --START--
INFO: Run Behavior\ContentReplaceBehavior [ RunTime:0.000143s ]
INFO: [ template_filter ] --END-- [ RunTime:0.000199s ]
NOTIC: [8] Undefined variable: physical D:\myenv\apache\htdocs\pgyidc\Application\Runtime\Cache\Admin\d85208f2c736e322ac27dcb5e87ca9bb.php 第 220 行.
NOTIC: [8] Undefined variable: firewall D:\myenv\apache\htdocs\pgyidc\Application\Runtime\Cache\Admin\d85208f2c736e322ac27dcb5e87ca9bb.php 第 240 行.
NOTIC: [8] Undefined variable: blockabroadip D:\myenv\apache\htdocs\pgyidc\Application\Runtime\Cache\Admin\d85208f2c736e322ac27dcb5e87ca9bb.php 第 257 行.
NOTIC: [8] Undefined variable: guanwang D:\myenv\apache\htdocs\pgyidc\Application\Runtime\Cache\Admin\d85208f2c736e322ac27dcb5e87ca9bb.php 第 269 行.
NOTIC: [8] Undefined variable: product D:\myenv\apache\htdocs\pgyidc\Application\Runtime\Cache\Admin\d85208f2c736e322ac27dcb5e87ca9bb.php 第 284 行.
NOTIC: [8] Undefined variable: usercenter D:\myenv\apache\htdocs\pgyidc\Application\Runtime\Cache\Admin\d85208f2c736e322ac27dcb5e87ca9bb.php 第 302 行.
NOTIC: [8] Undefined variable: keyword D:\myenv\apache\htdocs\pgyidc\Application\Runtime\Cache\Admin\d85208f2c736e322ac27dcb5e87ca9bb.php 第 349 行.
INFO: Run Behavior\ParseTemplateBehavior [ RunTime:0.018447s ]
INFO: [ view_parse ] --END-- [ RunTime:0.018498s ]
INFO: [ view_filter ] --START--
INFO: Run Behavior\WriteHtmlCacheBehavior [ RunTime:0.000481s ]
INFO: [ view_filter ] --END-- [ RunTime:0.000525s ]
INFO: [ app_end ] --START--
INFO: Run Behavior\ShowPageTraceBehavior [ RunTime:0.000904s ]
INFO: [ app_end ] --END-- [ RunTime:0.000984s ]

[ 2018-08-08T16:30:57+08:00 ] 127.0.0.1 /Admin/Index/index.html
INFO: [ app_init ] --START--
INFO: Run Behavior\BuildLiteBehavior [ RunTime:0.000013s ]
INFO: [ app_init ] --END-- [ RunTime:0.000499s ]
INFO: [ app_begin ] --START--
INFO: Run Behavior\ReadHtmlCacheBehavior [ RunTime:0.000790s ]
INFO: [ app_begin ] --END-- [ RunTime:0.000848s ]
NOTIC: [8] A session had already been started - ignoring session_start() D:\myenv\apache\htdocs\pgyidc\Application\Admin\Controller\BaseController.class.php 第 7 行.
SQL: SHOW COLUMNS FROM `paylog` [ RunTime:0.0071s ]
SQL: SELECT SUM(money) as my FROM `paylog` WHERE ( userid=1 and datatype=0 )  [ RunTime:0.0010s ]
SQL: SELECT SUM(money) as my FROM `paylog` WHERE ( userid=1 and datatype=1 )  [ RunTime:0.0008s ]
SQL: SHOW COLUMNS FROM `users` [ RunTime:0.0069s ]
SQL: SELECT * FROM `users` WHERE ( UserID=1 ) LIMIT 1   [ RunTime:0.0012s ]
INFO: [ view_parse ] --START--
INFO: [ template_filter ] --START--
INFO: Run Behavior\ContentReplaceBehavior [ RunTime:0.000157s ]
INFO: [ template_filter ] --END-- [ RunTime:0.000210s ]
NOTIC: [8] Undefined variable: cloud D:\myenv\apache\htdocs\pgyidc\Application\Runtime\Cache\Admin\b595b808c2ebeeeb0478ffc30bb4e87a.php 第 208 行.
NOTIC: [8] Undefined variable: physical D:\myenv\apache\htdocs\pgyidc\Application\Runtime\Cache\Admin\b595b808c2ebeeeb0478ffc30bb4e87a.php 第 220 行.
NOTIC: [8] Undefined variable: firewall D:\myenv\apache\htdocs\pgyidc\Application\Runtime\Cache\Admin\b595b808c2ebeeeb0478ffc30bb4e87a.php 第 240 行.
NOTIC: [8] Undefined variable: blockabroadip D:\myenv\apache\htdocs\pgyidc\Application\Runtime\Cache\Admin\b595b808c2ebeeeb0478ffc30bb4e87a.php 第 257 行.
NOTIC: [8] Undefined variable: guanwang D:\myenv\apache\htdocs\pgyidc\Application\Runtime\Cache\Admin\b595b808c2ebeeeb0478ffc30bb4e87a.php 第 269 行.
NOTIC: [8] Undefined variable: product D:\myenv\apache\htdocs\pgyidc\Application\Runtime\Cache\Admin\b595b808c2ebeeeb0478ffc30bb4e87a.php 第 284 行.
NOTIC: [8] Undefined variable: usercenter D:\myenv\apache\htdocs\pgyidc\Application\Runtime\Cache\Admin\b595b808c2ebeeeb0478ffc30bb4e87a.php 第 302 行.
INFO: Run Behavior\ParseTemplateBehavior [ RunTime:0.018040s ]
INFO: [ view_parse ] --END-- [ RunTime:0.018089s ]
INFO: [ view_filter ] --START--
INFO: Run Behavior\WriteHtmlCacheBehavior [ RunTime:0.000586s ]
INFO: [ view_filter ] --END-- [ RunTime:0.000628s ]
INFO: [ app_end ] --START--
INFO: Run Behavior\ShowPageTraceBehavior [ RunTime:0.000894s ]
INFO: [ app_end ] --END-- [ RunTime:0.000969s ]

