[ 2018-07-03T09:24:57+08:00 ] 127.0.0.1 /Admin/login.html
INFO: [ app_init ] --START--
INFO: Run Behavior\BuildLiteBehavior [ RunTime:0.000012s ]
INFO: [ app_init ] --END-- [ RunTime:0.000425s ]
INFO: [ app_begin ] --START--
INFO: Run Behavior\ReadHtmlCacheBehavior [ RunTime:0.000611s ]
INFO: [ app_begin ] --END-- [ RunTime:0.000666s ]
INFO: [ view_parse ] --START--
INFO: [ template_filter ] --START--
INFO: Run Behavior\ContentReplaceBehavior [ RunTime:0.000052s ]
INFO: [ template_filter ] --END-- [ RunTime:0.000102s ]
INFO: Run Behavior\ParseTemplateBehavior [ RunTime:0.014390s ]
INFO: [ view_parse ] --END-- [ RunTime:0.014443s ]
INFO: [ view_filter ] --START--
INFO: Run Behavior\WriteHtmlCacheBehavior [ RunTime:0.000456s ]
INFO: [ view_filter ] --END-- [ RunTime:0.000503s ]
INFO: [ app_end ] --START--
INFO: Run Behavior\ShowPageTraceBehavior [ RunTime:0.000714s ]
INFO: [ app_end ] --END-- [ RunTime:0.000764s ]

[ 2018-07-03T09:24:59+08:00 ] 127.0.0.1 /Admin/User/loginin
INFO: [ app_init ] --START--
INFO: Run Behavior\BuildLiteBehavior [ RunTime:0.000019s ]
INFO: [ app_init ] --END-- [ RunTime:0.000555s ]
INFO: [ app_begin ] --START--
INFO: Run Behavior\ReadHtmlCacheBehavior [ RunTime:0.000587s ]
INFO: [ app_begin ] --END-- [ RunTime:0.000638s ]
SQL: SHOW COLUMNS FROM `users` [ RunTime:0.0364s ]
SQL: SELECT `UserID` FROM `users` WHERE (  `UserName` = 'xiaocai' OR `LinkMail` = 'xiaocai' ) AND ( UserPsw ='39538ed9af2f892dcc904ee38926f867' ) LIMIT 1   [ RunTime:0.0019s ]
SQL: SELECT * FROM `users` WHERE (  `UserName` = 'xiaocai' OR `LinkMail` = 'xiaocai' ) AND ( UserPsw ='39538ed9af2f892dcc904ee38926f867' ) LIMIT 1   [ RunTime:0.0015s ]
SQL: SHOW COLUMNS FROM `users` [ RunTime:0.0120s ]
NOTIC: [8] Undefined index: validate D:\myenv\apache\htdocs\pgyidc\ThinkPHP\Library\Think\Model.class.php 第 1185 行.
NOTIC: [8] Undefined index: auto D:\myenv\apache\htdocs\pgyidc\ThinkPHP\Library\Think\Model.class.php 第 1128 行.
SQL: UPDATE `users` SET `LastTime`='1530581099',`WebGuid`='113D06E4E-E23E-DA5A-4E5D-8BBB7CD7457A',`EffectiveTime`='2018-07-04 09:24:59' WHERE ( UserID= 1 ) [ RunTime:0.0428s ]

[ 2018-07-03T09:25:01+08:00 ] 127.0.0.1 /Admin/index/index
INFO: [ app_init ] --START--
INFO: Run Behavior\BuildLiteBehavior [ RunTime:0.000015s ]
INFO: [ app_init ] --END-- [ RunTime:0.000524s ]
INFO: [ app_begin ] --START--
INFO: Run Behavior\ReadHtmlCacheBehavior [ RunTime:0.000775s ]
INFO: [ app_begin ] --END-- [ RunTime:0.000845s ]
SQL: SHOW COLUMNS FROM `paylog` [ RunTime:0.0317s ]
SQL: SELECT SUM(money) as my FROM `paylog` WHERE ( userid=1 and datatype=0 )  [ RunTime:0.0023s ]
SQL: SELECT SUM(money) as my FROM `paylog` WHERE ( userid=1 and datatype=1 )  [ RunTime:0.0014s ]
SQL: SHOW COLUMNS FROM `users` [ RunTime:0.0124s ]
SQL: SELECT * FROM `users` WHERE ( UserID=1 ) LIMIT 1   [ RunTime:0.0023s ]
INFO: [ view_parse ] --START--
INFO: [ template_filter ] --START--
INFO: Run Behavior\ContentReplaceBehavior [ RunTime:0.000324s ]
INFO: [ template_filter ] --END-- [ RunTime:0.000440s ]
NOTIC: [8] Undefined variable: cloud D:\myenv\apache\htdocs\pgyidc\Application\Runtime\Cache\Admin\b595b808c2ebeeeb0478ffc30bb4e87a.php 第 207 行.
NOTIC: [8] Undefined variable: physical D:\myenv\apache\htdocs\pgyidc\Application\Runtime\Cache\Admin\b595b808c2ebeeeb0478ffc30bb4e87a.php 第 216 行.
NOTIC: [8] Undefined variable: firewall D:\myenv\apache\htdocs\pgyidc\Application\Runtime\Cache\Admin\b595b808c2ebeeeb0478ffc30bb4e87a.php 第 236 行.
NOTIC: [8] Undefined variable: blockabroadip D:\myenv\apache\htdocs\pgyidc\Application\Runtime\Cache\Admin\b595b808c2ebeeeb0478ffc30bb4e87a.php 第 253 行.
NOTIC: [8] Undefined variable: guanwang D:\myenv\apache\htdocs\pgyidc\Application\Runtime\Cache\Admin\b595b808c2ebeeeb0478ffc30bb4e87a.php 第 265 行.
NOTIC: [8] Undefined variable: product D:\myenv\apache\htdocs\pgyidc\Application\Runtime\Cache\Admin\b595b808c2ebeeeb0478ffc30bb4e87a.php 第 280 行.
NOTIC: [8] Undefined variable: usercenter D:\myenv\apache\htdocs\pgyidc\Application\Runtime\Cache\Admin\b595b808c2ebeeeb0478ffc30bb4e87a.php 第 298 行.
INFO: Run Behavior\ParseTemplateBehavior [ RunTime:0.072490s ]
INFO: [ view_parse ] --END-- [ RunTime:0.072567s ]
INFO: [ view_filter ] --START--
INFO: Run Behavior\WriteHtmlCacheBehavior [ RunTime:0.000473s ]
INFO: [ view_filter ] --END-- [ RunTime:0.000516s ]
INFO: [ app_end ] --START--
INFO: Run Behavior\ShowPageTraceBehavior [ RunTime:0.000700s ]
INFO: [ app_end ] --END-- [ RunTime:0.000761s ]

[ 2018-07-03T10:26:45+08:00 ] 127.0.0.1 /Admin/index/index
INFO: [ app_init ] --START--
INFO: Run Behavior\BuildLiteBehavior [ RunTime:0.000019s ]
INFO: [ app_init ] --END-- [ RunTime:0.000711s ]
INFO: [ app_begin ] --START--
INFO: Run Behavior\ReadHtmlCacheBehavior [ RunTime:0.001262s ]
INFO: [ app_begin ] --END-- [ RunTime:0.001337s ]
SQL: SHOW COLUMNS FROM `paylog` [ RunTime:0.0151s ]
SQL: SELECT SUM(money) as my FROM `paylog` WHERE ( userid=1 and datatype=0 )  [ RunTime:0.0027s ]
SQL: SELECT SUM(money) as my FROM `paylog` WHERE ( userid=1 and datatype=1 )  [ RunTime:0.0014s ]
SQL: SHOW COLUMNS FROM `users` [ RunTime:0.0139s ]
SQL: SELECT * FROM `users` WHERE ( UserID=1 ) LIMIT 1   [ RunTime:0.0014s ]
INFO: [ view_parse ] --START--
INFO: [ template_filter ] --START--
INFO: Run Behavior\ContentReplaceBehavior [ RunTime:0.000188s ]
INFO: [ template_filter ] --END-- [ RunTime:0.000256s ]
NOTIC: [8] Undefined variable: cloud D:\myenv\apache\htdocs\pgyidc\Application\Runtime\Cache\Admin\b595b808c2ebeeeb0478ffc30bb4e87a.php 第 207 行.
NOTIC: [8] Undefined variable: physical D:\myenv\apache\htdocs\pgyidc\Application\Runtime\Cache\Admin\b595b808c2ebeeeb0478ffc30bb4e87a.php 第 216 行.
NOTIC: [8] Undefined variable: firewall D:\myenv\apache\htdocs\pgyidc\Application\Runtime\Cache\Admin\b595b808c2ebeeeb0478ffc30bb4e87a.php 第 236 行.
NOTIC: [8] Undefined variable: blockabroadip D:\myenv\apache\htdocs\pgyidc\Application\Runtime\Cache\Admin\b595b808c2ebeeeb0478ffc30bb4e87a.php 第 253 行.
NOTIC: [8] Undefined variable: guanwang D:\myenv\apache\htdocs\pgyidc\Application\Runtime\Cache\Admin\b595b808c2ebeeeb0478ffc30bb4e87a.php 第 265 行.
NOTIC: [8] Undefined variable: product D:\myenv\apache\htdocs\pgyidc\Application\Runtime\Cache\Admin\b595b808c2ebeeeb0478ffc30bb4e87a.php 第 280 行.
NOTIC: [8] Undefined variable: usercenter D:\myenv\apache\htdocs\pgyidc\Application\Runtime\Cache\Admin\b595b808c2ebeeeb0478ffc30bb4e87a.php 第 298 行.
INFO: Run Behavior\ParseTemplateBehavior [ RunTime:0.022073s ]
INFO: [ view_parse ] --END-- [ RunTime:0.022144s ]
INFO: [ view_filter ] --START--
INFO: Run Behavior\WriteHtmlCacheBehavior [ RunTime:0.000734s ]
INFO: [ view_filter ] --END-- [ RunTime:0.000790s ]
INFO: [ app_end ] --START--
INFO: Run Behavior\ShowPageTraceBehavior [ RunTime:0.000928s ]
INFO: [ app_end ] --END-- [ RunTime:0.001001s ]

[ 2018-07-03T11:16:21+08:00 ] 127.0.0.1 /Admin/officweb/cloudlist.html
INFO: [ app_init ] --START--
INFO: Run Behavior\BuildLiteBehavior [ RunTime:0.000012s ]
INFO: [ app_init ] --END-- [ RunTime:0.000437s ]
INFO: [ app_begin ] --START--
INFO: Run Behavior\ReadHtmlCacheBehavior [ RunTime:0.000704s ]
INFO: [ app_begin ] --END-- [ RunTime:0.000759s ]
SQL: SHOW COLUMNS FROM `configinfo` [ RunTime:0.0151s ]
SQL: SHOW COLUMNS FROM `configlist` [ RunTime:0.0156s ]
SQL: SELECT `ID`,`Title` FROM `configlist` WHERE ( Property=0 ) ORDER BY Px ASC  [ RunTime:0.0029s ]
SQL: SELECT `CID`,`Title` FROM `configinfo` WHERE `DataType` = 0 AND `NavData` = 1 AND `DataName` = 0 ORDER BY CID ASC  [ RunTime:0.0013s ]
NOTIC: [8] Undefined variable: datatype D:\myenv\apache\htdocs\pgyidc\Application\Admin\Controller\OfficwebController.class.php 第 282 行.
INFO: [ view_parse ] --START--
INFO: [ template_filter ] --START--
INFO: Run Behavior\ContentReplaceBehavior [ RunTime:0.000152s ]
INFO: [ template_filter ] --END-- [ RunTime:0.000214s ]
NOTIC: [8] Undefined variable: cloud D:\myenv\apache\htdocs\pgyidc\Application\Runtime\Cache\Admin\d835a3852ff4fa9b0924afb033133a4c.php 第 207 行.
NOTIC: [8] Undefined variable: physical D:\myenv\apache\htdocs\pgyidc\Application\Runtime\Cache\Admin\d835a3852ff4fa9b0924afb033133a4c.php 第 216 行.
NOTIC: [8] Undefined variable: firewall D:\myenv\apache\htdocs\pgyidc\Application\Runtime\Cache\Admin\d835a3852ff4fa9b0924afb033133a4c.php 第 236 行.
NOTIC: [8] Undefined variable: blockabroadip D:\myenv\apache\htdocs\pgyidc\Application\Runtime\Cache\Admin\d835a3852ff4fa9b0924afb033133a4c.php 第 253 行.
NOTIC: [8] Undefined variable: guanwang D:\myenv\apache\htdocs\pgyidc\Application\Runtime\Cache\Admin\d835a3852ff4fa9b0924afb033133a4c.php 第 265 行.
NOTIC: [8] Undefined variable: usercenter D:\myenv\apache\htdocs\pgyidc\Application\Runtime\Cache\Admin\d835a3852ff4fa9b0924afb033133a4c.php 第 298 行.
NOTIC: [8] Undefined index: quotid D:\myenv\apache\htdocs\pgyidc\Application\Runtime\Cache\Admin\d835a3852ff4fa9b0924afb033133a4c.php 第 374 行.
NOTIC: [8] Undefined index: quotid D:\myenv\apache\htdocs\pgyidc\Application\Runtime\Cache\Admin\d835a3852ff4fa9b0924afb033133a4c.php 第 374 行.
INFO: Run Behavior\ParseTemplateBehavior [ RunTime:0.041850s ]
INFO: [ view_parse ] --END-- [ RunTime:0.041939s ]
INFO: [ view_filter ] --START--
INFO: Run Behavior\WriteHtmlCacheBehavior [ RunTime:0.000600s ]
INFO: [ view_filter ] --END-- [ RunTime:0.000650s ]
INFO: [ app_end ] --START--
INFO: Run Behavior\ShowPageTraceBehavior [ RunTime:0.000807s ]
INFO: [ app_end ] --END-- [ RunTime:0.000866s ]

[ 2018-07-03T11:16:24+08:00 ] 127.0.0.1 /Admin/officweb/jdcloudlist.html
INFO: [ app_init ] --START--
INFO: Run Behavior\BuildLiteBehavior [ RunTime:0.000013s ]
INFO: [ app_init ] --END-- [ RunTime:0.000406s ]
INFO: [ app_begin ] --START--
INFO: Run Behavior\ReadHtmlCacheBehavior [ RunTime:0.000672s ]
INFO: [ app_begin ] --END-- [ RunTime:0.000729s ]
SQL: SHOW COLUMNS FROM `jdcstandard` [ RunTime:0.0149s ]
SQL: SELECT * FROM `jdcstandard`  [ RunTime:0.0035s ]
SQL: SELECT COUNT(*) AS tp_count FROM `jdcstandard` WHERE `standardtype` LIKE '%%' OR `standard` LIKE '%%' LIMIT 1   [ RunTime:0.0013s ]
SQL: SELECT * FROM `jdcstandard` WHERE `standardtype` LIKE '%%' OR `standard` LIKE '%%' ORDER BY id DESC LIMIT 0,15   [ RunTime:0.0014s ]
SQL: SHOW COLUMNS FROM `jdcprice` [ RunTime:0.0119s ]
SQL: SELECT * FROM `jdcprice`  [ RunTime:0.0019s ]
NOTIC: [8] Undefined variable: fid D:\myenv\apache\htdocs\pgyidc\Application\Admin\Controller\OfficwebController.class.php 第 311 行.
INFO: [ view_parse ] --START--
INFO: [ template_filter ] --START--
INFO: Run Behavior\ContentReplaceBehavior [ RunTime:0.000201s ]
INFO: [ template_filter ] --END-- [ RunTime:0.000271s ]
NOTIC: [8] Undefined variable: cloud D:\myenv\apache\htdocs\pgyidc\Application\Runtime\Cache\Admin\24688f774a7f6f9f9509b6bef05c55c8.php 第 207 行.
NOTIC: [8] Undefined variable: physical D:\myenv\apache\htdocs\pgyidc\Application\Runtime\Cache\Admin\24688f774a7f6f9f9509b6bef05c55c8.php 第 216 行.
NOTIC: [8] Undefined variable: firewall D:\myenv\apache\htdocs\pgyidc\Application\Runtime\Cache\Admin\24688f774a7f6f9f9509b6bef05c55c8.php 第 236 行.
NOTIC: [8] Undefined variable: blockabroadip D:\myenv\apache\htdocs\pgyidc\Application\Runtime\Cache\Admin\24688f774a7f6f9f9509b6bef05c55c8.php 第 253 行.
NOTIC: [8] Undefined variable: guanwang D:\myenv\apache\htdocs\pgyidc\Application\Runtime\Cache\Admin\24688f774a7f6f9f9509b6bef05c55c8.php 第 265 行.
NOTIC: [8] Undefined variable: usercenter D:\myenv\apache\htdocs\pgyidc\Application\Runtime\Cache\Admin\24688f774a7f6f9f9509b6bef05c55c8.php 第 298 行.
NOTIC: [8] Undefined variable: keyword D:\myenv\apache\htdocs\pgyidc\Application\Runtime\Cache\Admin\24688f774a7f6f9f9509b6bef05c55c8.php 第 384 行.
INFO: Run Behavior\ParseTemplateBehavior [ RunTime:0.023882s ]
INFO: [ view_parse ] --END-- [ RunTime:0.023950s ]
INFO: [ view_filter ] --START--
INFO: Run Behavior\WriteHtmlCacheBehavior [ RunTime:0.000533s ]
INFO: [ view_filter ] --END-- [ RunTime:0.000619s ]
INFO: [ app_end ] --START--
INFO: Run Behavior\ShowPageTraceBehavior [ RunTime:0.000821s ]
INFO: [ app_end ] --END-- [ RunTime:0.000893s ]

[ 2018-07-03T11:16:29+08:00 ] 127.0.0.1 /Admin/Officweb/jdcloudlist/p/2.html
INFO: [ app_init ] --START--
INFO: Run Behavior\BuildLiteBehavior [ RunTime:0.000012s ]
INFO: [ app_init ] --END-- [ RunTime:0.000572s ]
INFO: [ app_begin ] --START--
INFO: Run Behavior\ReadHtmlCacheBehavior [ RunTime:0.000593s ]
INFO: [ app_begin ] --END-- [ RunTime:0.000646s ]
SQL: SHOW COLUMNS FROM `jdcstandard` [ RunTime:0.0079s ]
SQL: SELECT * FROM `jdcstandard`  [ RunTime:0.0017s ]
SQL: SELECT COUNT(*) AS tp_count FROM `jdcstandard` WHERE `standardtype` LIKE '%%' OR `standard` LIKE '%%' LIMIT 1   [ RunTime:0.0010s ]
SQL: SELECT * FROM `jdcstandard` WHERE `standardtype` LIKE '%%' OR `standard` LIKE '%%' ORDER BY id DESC LIMIT 15,15   [ RunTime:0.0011s ]
SQL: SHOW COLUMNS FROM `jdcprice` [ RunTime:0.0071s ]
SQL: SELECT * FROM `jdcprice`  [ RunTime:0.0014s ]
NOTIC: [8] Undefined variable: fid D:\myenv\apache\htdocs\pgyidc\Application\Admin\Controller\OfficwebController.class.php 第 311 行.
INFO: [ view_parse ] --START--
INFO: [ template_filter ] --START--
INFO: Run Behavior\ContentReplaceBehavior [ RunTime:0.000152s ]
INFO: [ template_filter ] --END-- [ RunTime:0.000205s ]
NOTIC: [8] Undefined variable: cloud D:\myenv\apache\htdocs\pgyidc\Application\Runtime\Cache\Admin\24688f774a7f6f9f9509b6bef05c55c8.php 第 207 行.
NOTIC: [8] Undefined variable: physical D:\myenv\apache\htdocs\pgyidc\Application\Runtime\Cache\Admin\24688f774a7f6f9f9509b6bef05c55c8.php 第 216 行.
NOTIC: [8] Undefined variable: firewall D:\myenv\apache\htdocs\pgyidc\Application\Runtime\Cache\Admin\24688f774a7f6f9f9509b6bef05c55c8.php 第 236 行.
NOTIC: [8] Undefined variable: blockabroadip D:\myenv\apache\htdocs\pgyidc\Application\Runtime\Cache\Admin\24688f774a7f6f9f9509b6bef05c55c8.php 第 253 行.
NOTIC: [8] Undefined variable: guanwang D:\myenv\apache\htdocs\pgyidc\Application\Runtime\Cache\Admin\24688f774a7f6f9f9509b6bef05c55c8.php 第 265 行.
NOTIC: [8] Undefined variable: usercenter D:\myenv\apache\htdocs\pgyidc\Application\Runtime\Cache\Admin\24688f774a7f6f9f9509b6bef05c55c8.php 第 298 行.
NOTIC: [8] Undefined variable: keyword D:\myenv\apache\htdocs\pgyidc\Application\Runtime\Cache\Admin\24688f774a7f6f9f9509b6bef05c55c8.php 第 384 行.
INFO: Run Behavior\ParseTemplateBehavior [ RunTime:0.023306s ]
INFO: [ view_parse ] --END-- [ RunTime:0.023361s ]
INFO: [ view_filter ] --START--
INFO: Run Behavior\WriteHtmlCacheBehavior [ RunTime:0.000455s ]
INFO: [ view_filter ] --END-- [ RunTime:0.000501s ]
INFO: [ app_end ] --START--
INFO: Run Behavior\ShowPageTraceBehavior [ RunTime:0.000757s ]
INFO: [ app_end ] --END-- [ RunTime:0.000831s ]

