[ 2018-06-11T09:01:43+08:00 ] 127.0.0.1 /Admin/login.html
INFO: [ app_init ] --START--
INFO: Run Behavior\BuildLiteBehavior [ RunTime:0.000013s ]
INFO: [ app_init ] --END-- [ RunTime:0.000507s ]
INFO: [ app_begin ] --START--
INFO: Run Behavior\ReadHtmlCacheBehavior [ RunTime:0.000780s ]
INFO: [ app_begin ] --END-- [ RunTime:0.000836s ]
INFO: [ view_parse ] --START--
INFO: [ template_filter ] --START--
INFO: Run Behavior\ContentReplaceBehavior [ RunTime:0.000055s ]
INFO: [ template_filter ] --END-- [ RunTime:0.000119s ]
INFO: Run Behavior\ParseTemplateBehavior [ RunTime:0.021364s ]
INFO: [ view_parse ] --END-- [ RunTime:0.021422s ]
INFO: [ view_filter ] --START--
INFO: Run Behavior\WriteHtmlCacheBehavior [ RunTime:0.000602s ]
INFO: [ view_filter ] --END-- [ RunTime:0.000648s ]
INFO: [ app_end ] --START--
INFO: Run Behavior\ShowPageTraceBehavior [ RunTime:0.000834s ]
INFO: [ app_end ] --END-- [ RunTime:0.000882s ]

[ 2018-06-11T09:01:46+08:00 ] 127.0.0.1 /Admin/User/loginin
INFO: [ app_init ] --START--
INFO: Run Behavior\BuildLiteBehavior [ RunTime:0.000013s ]
INFO: [ app_init ] --END-- [ RunTime:0.000482s ]
INFO: [ app_begin ] --START--
INFO: Run Behavior\ReadHtmlCacheBehavior [ RunTime:0.000974s ]
INFO: [ app_begin ] --END-- [ RunTime:0.001030s ]
SQL: SHOW COLUMNS FROM `users` [ RunTime:0.0653s ]
SQL: SELECT `UserID` FROM `users` WHERE (  `UserName` = 'kefu8' OR `LinkMail` = 'kefu8' ) AND ( UserPsw ='bffb9f1084a24e1e4c3c37ad269b2d87' ) LIMIT 1   [ RunTime:0.0021s ]
SQL: SELECT * FROM `users` WHERE (  `UserName` = 'kefu8' OR `LinkMail` = 'kefu8' ) AND ( UserPsw ='bffb9f1084a24e1e4c3c37ad269b2d87' ) LIMIT 1   [ RunTime:0.0016s ]
SQL: SHOW COLUMNS FROM `users` [ RunTime:0.0125s ]
NOTIC: [8] Undefined index: validate D:\myenv\apache\htdocs\pgyidc\ThinkPHP\Library\Think\Model.class.php 第 1185 行.
NOTIC: [8] Undefined index: auto D:\myenv\apache\htdocs\pgyidc\ThinkPHP\Library\Think\Model.class.php 第 1128 行.
SQL: UPDATE `users` SET `LastTime`='1528678906',`WebGuid`='497958E2B-19B6-C37A-54C1-8BEC212EC0C2',`EffectiveTime`='2018-06-12 09:01:46' WHERE ( UserID= 4 ) [ RunTime:0.0423s ]

[ 2018-06-11T09:01:47+08:00 ] 127.0.0.1 /Admin/index/index
INFO: [ app_init ] --START--
INFO: Run Behavior\BuildLiteBehavior [ RunTime:0.000028s ]
INFO: [ app_init ] --END-- [ RunTime:0.000926s ]
INFO: [ app_begin ] --START--
INFO: Run Behavior\ReadHtmlCacheBehavior [ RunTime:0.000673s ]
INFO: [ app_begin ] --END-- [ RunTime:0.000733s ]
SQL: SHOW COLUMNS FROM `paylog` [ RunTime:0.0335s ]
SQL: SELECT SUM(money) as my FROM `paylog` WHERE ( userid=4 and datatype=0 )  [ RunTime:0.0024s ]
SQL: SELECT SUM(money) as my FROM `paylog` WHERE ( userid=4 and datatype=1 )  [ RunTime:0.0011s ]
SQL: SHOW COLUMNS FROM `users` [ RunTime:0.0128s ]
SQL: SELECT * FROM `users` WHERE ( UserID=4 ) LIMIT 1   [ RunTime:0.0025s ]
INFO: [ view_parse ] --START--
INFO: [ template_filter ] --START--
INFO: Run Behavior\ContentReplaceBehavior [ RunTime:0.000345s ]
INFO: [ template_filter ] --END-- [ RunTime:0.000461s ]
NOTIC: [8] Undefined variable: datatype D:\myenv\apache\htdocs\pgyidc\Application\Runtime\Cache\Admin\b595b808c2ebeeeb0478ffc30bb4e87a.php 第 730 行.
NOTIC: [8] Undefined variable: fid D:\myenv\apache\htdocs\pgyidc\Application\Runtime\Cache\Admin\b595b808c2ebeeeb0478ffc30bb4e87a.php 第 731 行.
INFO: Run Behavior\ParseTemplateBehavior [ RunTime:0.078470s ]
INFO: [ view_parse ] --END-- [ RunTime:0.078558s ]
INFO: [ view_filter ] --START--
INFO: Run Behavior\WriteHtmlCacheBehavior [ RunTime:0.001146s ]
INFO: [ view_filter ] --END-- [ RunTime:0.001240s ]
INFO: [ app_end ] --START--
INFO: Run Behavior\ShowPageTraceBehavior [ RunTime:0.001095s ]
INFO: [ app_end ] --END-- [ RunTime:0.001188s ]

[ 2018-06-11T09:01:51+08:00 ] 127.0.0.1 /Admin/Cloud/cloudmanage.html
INFO: [ app_init ] --START--
INFO: Run Behavior\BuildLiteBehavior [ RunTime:0.000013s ]
INFO: [ app_init ] --END-- [ RunTime:0.000420s ]
INFO: [ app_begin ] --START--
INFO: Run Behavior\ReadHtmlCacheBehavior [ RunTime:0.000658s ]
INFO: [ app_begin ] --END-- [ RunTime:0.000713s ]
SQL: SHOW COLUMNS FROM `cloudlog` [ RunTime:0.0484s ]
NOTIC: [2] Invalid argument supplied for foreach() D:\myenv\apache\htdocs\pgyidc\Application\Admin\Controller\CloudController.class.php 第 21 行.
NOTIC: [2] array_slice() expects parameter 1 to be array, null given D:\myenv\apache\htdocs\pgyidc\Application\Admin\Controller\CloudController.class.php 第 35 行.
INFO: [ view_parse ] --START--
INFO: [ template_filter ] --START--
INFO: Run Behavior\ContentReplaceBehavior [ RunTime:0.000148s ]
INFO: [ template_filter ] --END-- [ RunTime:0.000203s ]
NOTIC: [8] Undefined variable: datatype D:\myenv\apache\htdocs\pgyidc\Application\Runtime\Cache\Admin\d85208f2c736e322ac27dcb5e87ca9bb.php 第 669 行.
NOTIC: [8] Undefined variable: fid D:\myenv\apache\htdocs\pgyidc\Application\Runtime\Cache\Admin\d85208f2c736e322ac27dcb5e87ca9bb.php 第 670 行.
INFO: Run Behavior\ParseTemplateBehavior [ RunTime:0.026386s ]
INFO: [ view_parse ] --END-- [ RunTime:0.026441s ]
INFO: [ view_filter ] --START--
INFO: Run Behavior\WriteHtmlCacheBehavior [ RunTime:0.000497s ]
INFO: [ view_filter ] --END-- [ RunTime:0.000540s ]
INFO: [ app_end ] --START--
INFO: Run Behavior\ShowPageTraceBehavior [ RunTime:0.000778s ]
INFO: [ app_end ] --END-- [ RunTime:0.000850s ]

[ 2018-06-11T09:02:24+08:00 ] 127.0.0.1 /Admin/Cloud/cloudmanage.html
INFO: [ app_init ] --START--
INFO: Run Behavior\BuildLiteBehavior [ RunTime:0.000013s ]
INFO: [ app_init ] --END-- [ RunTime:0.000510s ]
INFO: [ app_begin ] --START--
INFO: Run Behavior\ReadHtmlCacheBehavior [ RunTime:0.000629s ]
INFO: [ app_begin ] --END-- [ RunTime:0.000691s ]
SQL: SHOW COLUMNS FROM `cloudlog` [ RunTime:0.0128s ]
NOTIC: [2] Invalid argument supplied for foreach() D:\myenv\apache\htdocs\pgyidc\Application\Admin\Controller\CloudController.class.php 第 21 行.
NOTIC: [2] array_slice() expects parameter 1 to be array, null given D:\myenv\apache\htdocs\pgyidc\Application\Admin\Controller\CloudController.class.php 第 35 行.
INFO: [ view_parse ] --START--
INFO: [ template_filter ] --START--
INFO: Run Behavior\ContentReplaceBehavior [ RunTime:0.000200s ]
INFO: [ template_filter ] --END-- [ RunTime:0.000273s ]
NOTIC: [8] Undefined variable: datatype D:\myenv\apache\htdocs\pgyidc\Application\Runtime\Cache\Admin\d85208f2c736e322ac27dcb5e87ca9bb.php 第 669 行.
NOTIC: [8] Undefined variable: fid D:\myenv\apache\htdocs\pgyidc\Application\Runtime\Cache\Admin\d85208f2c736e322ac27dcb5e87ca9bb.php 第 670 行.
INFO: Run Behavior\ParseTemplateBehavior [ RunTime:0.029088s ]
INFO: [ view_parse ] --END-- [ RunTime:0.029177s ]
INFO: [ view_filter ] --START--
INFO: Run Behavior\WriteHtmlCacheBehavior [ RunTime:0.000719s ]
INFO: [ view_filter ] --END-- [ RunTime:0.000776s ]
INFO: [ app_end ] --START--
INFO: Run Behavior\ShowPageTraceBehavior [ RunTime:0.000921s ]
INFO: [ app_end ] --END-- [ RunTime:0.000998s ]

[ 2018-06-11T09:02:38+08:00 ] 127.0.0.1 /Admin/Index/exited.html
INFO: [ app_init ] --START--
INFO: Run Behavior\BuildLiteBehavior [ RunTime:0.000013s ]
INFO: [ app_init ] --END-- [ RunTime:0.000438s ]
INFO: [ app_begin ] --START--
INFO: Run Behavior\ReadHtmlCacheBehavior [ RunTime:0.000647s ]
INFO: [ app_begin ] --END-- [ RunTime:0.000704s ]

[ 2018-06-11T09:02:40+08:00 ] 127.0.0.1 /Admin/login.html
INFO: [ app_init ] --START--
INFO: Run Behavior\BuildLiteBehavior [ RunTime:0.000013s ]
INFO: [ app_init ] --END-- [ RunTime:0.000446s ]
INFO: [ app_begin ] --START--
INFO: Run Behavior\ReadHtmlCacheBehavior [ RunTime:0.000645s ]
INFO: [ app_begin ] --END-- [ RunTime:0.000707s ]
INFO: [ view_parse ] --START--
INFO: [ template_filter ] --START--
INFO: Run Behavior\ContentReplaceBehavior [ RunTime:0.000047s ]
INFO: [ template_filter ] --END-- [ RunTime:0.000093s ]
INFO: Run Behavior\ParseTemplateBehavior [ RunTime:0.005615s ]
INFO: [ view_parse ] --END-- [ RunTime:0.005661s ]
INFO: [ view_filter ] --START--
INFO: Run Behavior\WriteHtmlCacheBehavior [ RunTime:0.000393s ]
INFO: [ view_filter ] --END-- [ RunTime:0.000433s ]
INFO: [ app_end ] --START--
INFO: Run Behavior\ShowPageTraceBehavior [ RunTime:0.000683s ]
INFO: [ app_end ] --END-- [ RunTime:0.000725s ]

[ 2018-06-11T09:02:44+08:00 ] 127.0.0.1 /Admin/User/loginin
INFO: [ app_init ] --START--
INFO: Run Behavior\BuildLiteBehavior [ RunTime:0.000014s ]
INFO: [ app_init ] --END-- [ RunTime:0.000496s ]
INFO: [ app_begin ] --START--
INFO: Run Behavior\ReadHtmlCacheBehavior [ RunTime:0.000623s ]
INFO: [ app_begin ] --END-- [ RunTime:0.000675s ]
SQL: SHOW COLUMNS FROM `users` [ RunTime:0.0108s ]
SQL: SELECT `UserID` FROM `users` WHERE (  `UserName` = 'xiaocai' OR `LinkMail` = 'xiaocai' ) AND ( UserPsw ='39538ed9af2f892dcc904ee38926f867' ) LIMIT 1   [ RunTime:0.0008s ]
SQL: SELECT * FROM `users` WHERE (  `UserName` = 'xiaocai' OR `LinkMail` = 'xiaocai' ) AND ( UserPsw ='39538ed9af2f892dcc904ee38926f867' ) LIMIT 1   [ RunTime:0.0009s ]
SQL: SHOW COLUMNS FROM `users` [ RunTime:0.0060s ]
NOTIC: [8] Undefined index: validate D:\myenv\apache\htdocs\pgyidc\ThinkPHP\Library\Think\Model.class.php 第 1185 行.
NOTIC: [8] Undefined index: auto D:\myenv\apache\htdocs\pgyidc\ThinkPHP\Library\Think\Model.class.php 第 1128 行.
SQL: UPDATE `users` SET `LastTime`='1528678964',`WebGuid`='1175F679B-5315-0F30-82BC-C05C8771A2AA',`EffectiveTime`='2018-06-12 09:02:44' WHERE ( UserID= 1 ) [ RunTime:0.0377s ]

[ 2018-06-11T09:02:45+08:00 ] 127.0.0.1 /Admin/index/index
INFO: [ app_init ] --START--
INFO: Run Behavior\BuildLiteBehavior [ RunTime:0.000039s ]
INFO: [ app_init ] --END-- [ RunTime:0.001279s ]
INFO: [ app_begin ] --START--
INFO: Run Behavior\ReadHtmlCacheBehavior [ RunTime:0.001349s ]
INFO: [ app_begin ] --END-- [ RunTime:0.001468s ]
SQL: SHOW COLUMNS FROM `paylog` [ RunTime:0.0122s ]
SQL: SELECT SUM(money) as my FROM `paylog` WHERE ( userid=1 and datatype=0 )  [ RunTime:0.0022s ]
SQL: SELECT SUM(money) as my FROM `paylog` WHERE ( userid=1 and datatype=1 )  [ RunTime:0.0009s ]
SQL: SHOW COLUMNS FROM `users` [ RunTime:0.0127s ]
SQL: SELECT * FROM `users` WHERE ( UserID=1 ) LIMIT 1   [ RunTime:0.0024s ]
INFO: [ view_parse ] --START--
INFO: [ template_filter ] --START--
INFO: Run Behavior\ContentReplaceBehavior [ RunTime:0.000184s ]
INFO: [ template_filter ] --END-- [ RunTime:0.000250s ]
NOTIC: [8] Undefined variable: datatype D:\myenv\apache\htdocs\pgyidc\Application\Runtime\Cache\Admin\b595b808c2ebeeeb0478ffc30bb4e87a.php 第 730 行.
NOTIC: [8] Undefined variable: fid D:\myenv\apache\htdocs\pgyidc\Application\Runtime\Cache\Admin\b595b808c2ebeeeb0478ffc30bb4e87a.php 第 731 行.
INFO: Run Behavior\ParseTemplateBehavior [ RunTime:0.026411s ]
INFO: [ view_parse ] --END-- [ RunTime:0.026491s ]
INFO: [ view_filter ] --START--
INFO: Run Behavior\WriteHtmlCacheBehavior [ RunTime:0.000538s ]
INFO: [ view_filter ] --END-- [ RunTime:0.000589s ]
INFO: [ app_end ] --START--
INFO: Run Behavior\ShowPageTraceBehavior [ RunTime:0.000792s ]
INFO: [ app_end ] --END-- [ RunTime:0.000856s ]

[ 2018-06-11T09:02:49+08:00 ] 127.0.0.1 /Admin/index/index
INFO: [ app_init ] --START--
INFO: Run Behavior\BuildLiteBehavior [ RunTime:0.000017s ]
INFO: [ app_init ] --END-- [ RunTime:0.000560s ]
INFO: [ app_begin ] --START--
INFO: Run Behavior\ReadHtmlCacheBehavior [ RunTime:0.001129s ]
INFO: [ app_begin ] --END-- [ RunTime:0.001208s ]
SQL: SHOW COLUMNS FROM `paylog` [ RunTime:0.1184s ]
SQL: SELECT SUM(money) as my FROM `paylog` WHERE ( userid=1 and datatype=0 )  [ RunTime:0.0023s ]
SQL: SELECT SUM(money) as my FROM `paylog` WHERE ( userid=1 and datatype=1 )  [ RunTime:0.0010s ]
SQL: SHOW COLUMNS FROM `users` [ RunTime:0.0130s ]
SQL: SELECT * FROM `users` WHERE ( UserID=1 ) LIMIT 1   [ RunTime:0.0026s ]
INFO: [ view_parse ] --START--
INFO: [ template_filter ] --START--
INFO: Run Behavior\ContentReplaceBehavior [ RunTime:0.000143s ]
INFO: [ template_filter ] --END-- [ RunTime:0.000198s ]
NOTIC: [8] Undefined variable: datatype D:\myenv\apache\htdocs\pgyidc\Application\Runtime\Cache\Admin\b595b808c2ebeeeb0478ffc30bb4e87a.php 第 730 行.
NOTIC: [8] Undefined variable: fid D:\myenv\apache\htdocs\pgyidc\Application\Runtime\Cache\Admin\b595b808c2ebeeeb0478ffc30bb4e87a.php 第 731 行.
INFO: Run Behavior\ParseTemplateBehavior [ RunTime:0.027491s ]
INFO: [ view_parse ] --END-- [ RunTime:0.027565s ]
INFO: [ view_filter ] --START--
INFO: Run Behavior\WriteHtmlCacheBehavior [ RunTime:0.000413s ]
INFO: [ view_filter ] --END-- [ RunTime:0.000453s ]
INFO: [ app_end ] --START--
INFO: Run Behavior\ShowPageTraceBehavior [ RunTime:0.000676s ]
INFO: [ app_end ] --END-- [ RunTime:0.000726s ]

[ 2018-06-11T09:14:01+08:00 ] 127.0.0.1 /Admin/index/index
INFO: [ app_init ] --START--
INFO: Run Behavior\BuildLiteBehavior [ RunTime:0.000017s ]
INFO: [ app_init ] --END-- [ RunTime:0.000606s ]
INFO: [ app_begin ] --START--
INFO: Run Behavior\ReadHtmlCacheBehavior [ RunTime:0.000924s ]
INFO: [ app_begin ] --END-- [ RunTime:0.000995s ]
SQL: SHOW COLUMNS FROM `paylog` [ RunTime:0.0136s ]
SQL: SELECT SUM(money) as my FROM `paylog` WHERE ( userid=1 and datatype=0 )  [ RunTime:0.0022s ]
SQL: SELECT SUM(money) as my FROM `paylog` WHERE ( userid=1 and datatype=1 )  [ RunTime:0.0016s ]
SQL: SHOW COLUMNS FROM `users` [ RunTime:0.0111s ]
SQL: SELECT * FROM `users` WHERE ( UserID=1 ) LIMIT 1   [ RunTime:0.0012s ]
INFO: [ view_parse ] --START--
INFO: [ template_filter ] --START--
INFO: Run Behavior\ContentReplaceBehavior [ RunTime:0.000174s ]
INFO: [ template_filter ] --END-- [ RunTime:0.000231s ]
NOTIC: [8] Undefined variable: datatype D:\myenv\apache\htdocs\pgyidc\Application\Runtime\Cache\Admin\b595b808c2ebeeeb0478ffc30bb4e87a.php 第 754 行.
NOTIC: [8] Undefined variable: fid D:\myenv\apache\htdocs\pgyidc\Application\Runtime\Cache\Admin\b595b808c2ebeeeb0478ffc30bb4e87a.php 第 755 行.
INFO: Run Behavior\ParseTemplateBehavior [ RunTime:0.018113s ]
INFO: [ view_parse ] --END-- [ RunTime:0.018171s ]
INFO: [ view_filter ] --START--
INFO: Run Behavior\WriteHtmlCacheBehavior [ RunTime:0.000637s ]
INFO: [ view_filter ] --END-- [ RunTime:0.000686s ]
INFO: [ app_end ] --START--
INFO: Run Behavior\ShowPageTraceBehavior [ RunTime:0.000865s ]
INFO: [ app_end ] --END-- [ RunTime:0.000948s ]

[ 2018-06-11T09:15:39+08:00 ] 127.0.0.1 /Admin/index/index
INFO: [ app_init ] --START--
INFO: Run Behavior\BuildLiteBehavior [ RunTime:0.000014s ]
INFO: [ app_init ] --END-- [ RunTime:0.000434s ]
INFO: [ app_begin ] --START--
INFO: Run Behavior\ReadHtmlCacheBehavior [ RunTime:0.000750s ]
INFO: [ app_begin ] --END-- [ RunTime:0.000804s ]
SQL: SHOW COLUMNS FROM `paylog` [ RunTime:0.0130s ]
SQL: SELECT SUM(money) as my FROM `paylog` WHERE ( userid=1 and datatype=0 )  [ RunTime:0.0022s ]
SQL: SELECT SUM(money) as my FROM `paylog` WHERE ( userid=1 and datatype=1 )  [ RunTime:0.0018s ]
SQL: SHOW COLUMNS FROM `users` [ RunTime:0.0129s ]
SQL: SELECT * FROM `users` WHERE ( UserID=1 ) LIMIT 1   [ RunTime:0.0024s ]
INFO: [ view_parse ] --START--
INFO: [ template_filter ] --START--
INFO: Run Behavior\ContentReplaceBehavior [ RunTime:0.000176s ]
INFO: [ template_filter ] --END-- [ RunTime:0.000240s ]
NOTIC: [8] Undefined variable: datatype D:\myenv\apache\htdocs\pgyidc\Application\Runtime\Cache\Admin\b595b808c2ebeeeb0478ffc30bb4e87a.php 第 754 行.
NOTIC: [8] Undefined variable: fid D:\myenv\apache\htdocs\pgyidc\Application\Runtime\Cache\Admin\b595b808c2ebeeeb0478ffc30bb4e87a.php 第 755 行.
INFO: Run Behavior\ParseTemplateBehavior [ RunTime:0.027388s ]
INFO: [ view_parse ] --END-- [ RunTime:0.027471s ]
INFO: [ view_filter ] --START--
INFO: Run Behavior\WriteHtmlCacheBehavior [ RunTime:0.000555s ]
INFO: [ view_filter ] --END-- [ RunTime:0.000604s ]
INFO: [ app_end ] --START--
INFO: Run Behavior\ShowPageTraceBehavior [ RunTime:0.000809s ]
INFO: [ app_end ] --END-- [ RunTime:0.000865s ]

[ 2018-06-11T09:15:42+08:00 ] 127.0.0.1 /Admin/Physical/ordercontrol.html
INFO: [ app_init ] --START--
INFO: Run Behavior\BuildLiteBehavior [ RunTime:0.000012s ]
INFO: [ app_init ] --END-- [ RunTime:0.000418s ]
INFO: [ app_begin ] --START--
INFO: Run Behavior\ReadHtmlCacheBehavior [ RunTime:0.000676s ]
INFO: [ app_begin ] --END-- [ RunTime:0.000737s ]
INFO: [ view_parse ] --START--
INFO: [ template_filter ] --START--
INFO: Run Behavior\ContentReplaceBehavior [ RunTime:0.000288s ]
INFO: [ template_filter ] --END-- [ RunTime:0.000402s ]
NOTIC: [8] Undefined variable: model D:\myenv\apache\htdocs\pgyidc\Application\Runtime\Cache\Admin\6b903a3475e1575dd1323af883a6f85a.php 第 322 行.
NOTIC: [8] Undefined variable: page D:\myenv\apache\htdocs\pgyidc\Application\Runtime\Cache\Admin\6b903a3475e1575dd1323af883a6f85a.php 第 339 行.
NOTIC: [8] Undefined variable: datatype D:\myenv\apache\htdocs\pgyidc\Application\Runtime\Cache\Admin\6b903a3475e1575dd1323af883a6f85a.php 第 668 行.
NOTIC: [8] Undefined variable: fid D:\myenv\apache\htdocs\pgyidc\Application\Runtime\Cache\Admin\6b903a3475e1575dd1323af883a6f85a.php 第 669 行.
INFO: Run Behavior\ParseTemplateBehavior [ RunTime:0.077104s ]
INFO: [ view_parse ] --END-- [ RunTime:0.077184s ]
INFO: [ view_filter ] --START--
INFO: Run Behavior\WriteHtmlCacheBehavior [ RunTime:0.001012s ]
INFO: [ view_filter ] --END-- [ RunTime:0.001109s ]
INFO: [ app_end ] --START--
INFO: Run Behavior\ShowPageTraceBehavior [ RunTime:0.001673s ]
INFO: [ app_end ] --END-- [ RunTime:0.001782s ]

[ 2018-06-11T09:15:43+08:00 ] 127.0.0.1 /Admin/Physical/servercontrol.html
INFO: [ app_init ] --START--
INFO: Run Behavior\BuildLiteBehavior [ RunTime:0.000012s ]
INFO: [ app_init ] --END-- [ RunTime:0.000445s ]
INFO: [ app_begin ] --START--
INFO: Run Behavior\ReadHtmlCacheBehavior [ RunTime:0.000678s ]
INFO: [ app_begin ] --END-- [ RunTime:0.000734s ]
INFO: [ view_parse ] --START--
INFO: [ template_filter ] --START--
INFO: Run Behavior\ContentReplaceBehavior [ RunTime:0.000223s ]
INFO: [ template_filter ] --END-- [ RunTime:0.000289s ]
NOTIC: [8] Undefined variable: model D:\myenv\apache\htdocs\pgyidc\Application\Runtime\Cache\Admin\125a60f6faa2cec735006ee73309cc9b.php 第 344 行.
NOTIC: [8] Undefined variable: page D:\myenv\apache\htdocs\pgyidc\Application\Runtime\Cache\Admin\125a60f6faa2cec735006ee73309cc9b.php 第 353 行.
NOTIC: [8] Undefined variable: datatype D:\myenv\apache\htdocs\pgyidc\Application\Runtime\Cache\Admin\125a60f6faa2cec735006ee73309cc9b.php 第 683 行.
NOTIC: [8] Undefined variable: fid D:\myenv\apache\htdocs\pgyidc\Application\Runtime\Cache\Admin\125a60f6faa2cec735006ee73309cc9b.php 第 684 行.
INFO: Run Behavior\ParseTemplateBehavior [ RunTime:0.026642s ]
INFO: [ view_parse ] --END-- [ RunTime:0.026695s ]
INFO: [ view_filter ] --START--
INFO: Run Behavior\WriteHtmlCacheBehavior [ RunTime:0.000413s ]
INFO: [ view_filter ] --END-- [ RunTime:0.000455s ]
INFO: [ app_end ] --START--
INFO: Run Behavior\ShowPageTraceBehavior [ RunTime:0.000789s ]
INFO: [ app_end ] --END-- [ RunTime:0.000839s ]

[ 2018-06-11T09:15:43+08:00 ] 127.0.0.1 /Admin/Physical/workingsheet.html
INFO: [ app_init ] --START--
INFO: Run Behavior\BuildLiteBehavior [ RunTime:0.000012s ]
INFO: [ app_init ] --END-- [ RunTime:0.000439s ]
INFO: [ app_begin ] --START--
INFO: Run Behavior\ReadHtmlCacheBehavior [ RunTime:0.000641s ]
INFO: [ app_begin ] --END-- [ RunTime:0.000695s ]
INFO: [ view_parse ] --START--
INFO: [ template_filter ] --START--
INFO: Run Behavior\ContentReplaceBehavior [ RunTime:0.000133s ]
INFO: [ template_filter ] --END-- [ RunTime:0.000190s ]
NOTIC: [8] Undefined variable: datatype D:\myenv\apache\htdocs\pgyidc\Application\Runtime\Cache\Admin\90ed56d27002acb1b01c54c55566af11.php 第 631 行.
NOTIC: [8] Undefined variable: fid D:\myenv\apache\htdocs\pgyidc\Application\Runtime\Cache\Admin\90ed56d27002acb1b01c54c55566af11.php 第 632 行.
INFO: Run Behavior\ParseTemplateBehavior [ RunTime:0.023331s ]
INFO: [ view_parse ] --END-- [ RunTime:0.023380s ]
INFO: [ view_filter ] --START--
INFO: Run Behavior\WriteHtmlCacheBehavior [ RunTime:0.000451s ]
INFO: [ view_filter ] --END-- [ RunTime:0.000494s ]
INFO: [ app_end ] --START--
INFO: Run Behavior\ShowPageTraceBehavior [ RunTime:0.000825s ]
INFO: [ app_end ] --END-- [ RunTime:0.000882s ]

[ 2018-06-11T09:15:47+08:00 ] 127.0.0.1 /Admin/Physical/attacktow.html
INFO: [ app_init ] --START--
INFO: Run Behavior\BuildLiteBehavior [ RunTime:0.000012s ]
INFO: [ app_init ] --END-- [ RunTime:0.000519s ]
INFO: [ app_begin ] --START--
INFO: Run Behavior\ReadHtmlCacheBehavior [ RunTime:0.000669s ]
INFO: [ app_begin ] --END-- [ RunTime:0.000724s ]
INFO: [ view_parse ] --START--
INFO: [ template_filter ] --START--
INFO: Run Behavior\ContentReplaceBehavior [ RunTime:0.000277s ]
INFO: [ template_filter ] --END-- [ RunTime:0.000388s ]
NOTIC: [8] Undefined variable: datatype D:\myenv\apache\htdocs\pgyidc\Application\Runtime\Cache\Admin\6ab952bed7a23c31bca0f4b159697bf2.php 第 656 行.
NOTIC: [8] Undefined variable: fid D:\myenv\apache\htdocs\pgyidc\Application\Runtime\Cache\Admin\6ab952bed7a23c31bca0f4b159697bf2.php 第 657 行.
INFO: Run Behavior\ParseTemplateBehavior [ RunTime:0.089944s ]
INFO: [ view_parse ] --END-- [ RunTime:0.090023s ]
INFO: [ view_filter ] --START--
INFO: Run Behavior\WriteHtmlCacheBehavior [ RunTime:0.001002s ]
INFO: [ view_filter ] --END-- [ RunTime:0.001097s ]
INFO: [ app_end ] --START--
INFO: Run Behavior\ShowPageTraceBehavior [ RunTime:0.001653s ]
INFO: [ app_end ] --END-- [ RunTime:0.001795s ]

[ 2018-06-11T09:15:51+08:00 ] 127.0.0.1 /Admin/Physical/physical.html
INFO: [ app_init ] --START--
INFO: Run Behavior\BuildLiteBehavior [ RunTime:0.000013s ]
INFO: [ app_init ] --END-- [ RunTime:0.000450s ]
INFO: [ app_begin ] --START--
INFO: Run Behavior\ReadHtmlCacheBehavior [ RunTime:0.000631s ]
INFO: [ app_begin ] --END-- [ RunTime:0.000688s ]
ERR: 非法操作:physical

[ 2018-06-11T09:16:11+08:00 ] 127.0.0.1 /Admin/Physical/attacktow.html
INFO: [ app_init ] --START--
INFO: Run Behavior\BuildLiteBehavior [ RunTime:0.000015s ]
INFO: [ app_init ] --END-- [ RunTime:0.000594s ]
INFO: [ app_begin ] --START--
INFO: Run Behavior\ReadHtmlCacheBehavior [ RunTime:0.000943s ]
INFO: [ app_begin ] --END-- [ RunTime:0.001012s ]
INFO: [ view_parse ] --START--
INFO: [ template_filter ] --START--
INFO: Run Behavior\ContentReplaceBehavior [ RunTime:0.000124s ]
INFO: [ template_filter ] --END-- [ RunTime:0.000180s ]
NOTIC: [8] Undefined variable: datatype D:\myenv\apache\htdocs\pgyidc\Application\Runtime\Cache\Admin\6ab952bed7a23c31bca0f4b159697bf2.php 第 656 行.
NOTIC: [8] Undefined variable: fid D:\myenv\apache\htdocs\pgyidc\Application\Runtime\Cache\Admin\6ab952bed7a23c31bca0f4b159697bf2.php 第 657 行.
INFO: Run Behavior\ParseTemplateBehavior [ RunTime:0.015805s ]
INFO: [ view_parse ] --END-- [ RunTime:0.015858s ]
INFO: [ view_filter ] --START--
INFO: Run Behavior\WriteHtmlCacheBehavior [ RunTime:0.000554s ]
INFO: [ view_filter ] --END-- [ RunTime:0.000596s ]
INFO: [ app_end ] --START--
INFO: Run Behavior\ShowPageTraceBehavior [ RunTime:0.000787s ]
INFO: [ app_end ] --END-- [ RunTime:0.000851s ]

[ 2018-06-11T09:16:12+08:00 ] 127.0.0.1 /Admin/Physical/attackrecord.html
INFO: [ app_init ] --START--
INFO: Run Behavior\BuildLiteBehavior [ RunTime:0.000012s ]
INFO: [ app_init ] --END-- [ RunTime:0.000444s ]
INFO: [ app_begin ] --START--
INFO: Run Behavior\ReadHtmlCacheBehavior [ RunTime:0.000650s ]
INFO: [ app_begin ] --END-- [ RunTime:0.000709s ]
INFO: [ view_parse ] --START--
INFO: [ template_filter ] --START--
INFO: Run Behavior\ContentReplaceBehavior [ RunTime:0.000132s ]
INFO: [ template_filter ] --END-- [ RunTime:0.000189s ]
NOTIC: [8] Undefined variable: datatype D:\myenv\apache\htdocs\pgyidc\Application\Runtime\Cache\Admin\f70d04f7fbb480818f37b51a0b4ed18e.php 第 632 行.
NOTIC: [8] Undefined variable: fid D:\myenv\apache\htdocs\pgyidc\Application\Runtime\Cache\Admin\f70d04f7fbb480818f37b51a0b4ed18e.php 第 633 行.
INFO: Run Behavior\ParseTemplateBehavior [ RunTime:0.020496s ]
INFO: [ view_parse ] --END-- [ RunTime:0.020545s ]
INFO: [ view_filter ] --START--
INFO: Run Behavior\WriteHtmlCacheBehavior [ RunTime:0.000452s ]
INFO: [ view_filter ] --END-- [ RunTime:0.000495s ]
INFO: [ app_end ] --START--
INFO: Run Behavior\ShowPageTraceBehavior [ RunTime:0.000770s ]
INFO: [ app_end ] --END-- [ RunTime:0.000837s ]

[ 2018-06-11T09:16:13+08:00 ] 127.0.0.1 /Admin/Physical/attacktow.html
INFO: [ app_init ] --START--
INFO: Run Behavior\BuildLiteBehavior [ RunTime:0.000012s ]
INFO: [ app_init ] --END-- [ RunTime:0.000426s ]
INFO: [ app_begin ] --START--
INFO: Run Behavior\ReadHtmlCacheBehavior [ RunTime:0.000643s ]
INFO: [ app_begin ] --END-- [ RunTime:0.000713s ]
INFO: [ view_parse ] --START--
INFO: [ template_filter ] --START--
INFO: Run Behavior\ContentReplaceBehavior [ RunTime:0.000138s ]
INFO: [ template_filter ] --END-- [ RunTime:0.000196s ]
NOTIC: [8] Undefined variable: datatype D:\myenv\apache\htdocs\pgyidc\Application\Runtime\Cache\Admin\6ab952bed7a23c31bca0f4b159697bf2.php 第 656 行.
NOTIC: [8] Undefined variable: fid D:\myenv\apache\htdocs\pgyidc\Application\Runtime\Cache\Admin\6ab952bed7a23c31bca0f4b159697bf2.php 第 657 行.
INFO: Run Behavior\ParseTemplateBehavior [ RunTime:0.014318s ]
INFO: [ view_parse ] --END-- [ RunTime:0.014371s ]
INFO: [ view_filter ] --START--
INFO: Run Behavior\WriteHtmlCacheBehavior [ RunTime:0.000443s ]
INFO: [ view_filter ] --END-- [ RunTime:0.000486s ]
INFO: [ app_end ] --START--
INFO: Run Behavior\ShowPageTraceBehavior [ RunTime:0.000751s ]
INFO: [ app_end ] --END-- [ RunTime:0.000829s ]

[ 2018-06-11T09:16:14+08:00 ] 127.0.0.1 /Admin/Physical/workingsheet.html
INFO: [ app_init ] --START--
INFO: Run Behavior\BuildLiteBehavior [ RunTime:0.000012s ]
INFO: [ app_init ] --END-- [ RunTime:0.000447s ]
INFO: [ app_begin ] --START--
INFO: Run Behavior\ReadHtmlCacheBehavior [ RunTime:0.000653s ]
INFO: [ app_begin ] --END-- [ RunTime:0.000708s ]
INFO: [ view_parse ] --START--
INFO: [ template_filter ] --START--
INFO: Run Behavior\ContentReplaceBehavior [ RunTime:0.000130s ]
INFO: [ template_filter ] --END-- [ RunTime:0.000188s ]
NOTIC: [8] Undefined variable: datatype D:\myenv\apache\htdocs\pgyidc\Application\Runtime\Cache\Admin\90ed56d27002acb1b01c54c55566af11.php 第 631 行.
NOTIC: [8] Undefined variable: fid D:\myenv\apache\htdocs\pgyidc\Application\Runtime\Cache\Admin\90ed56d27002acb1b01c54c55566af11.php 第 632 行.
INFO: Run Behavior\ParseTemplateBehavior [ RunTime:0.014015s ]
INFO: [ view_parse ] --END-- [ RunTime:0.014068s ]
INFO: [ view_filter ] --START--
INFO: Run Behavior\WriteHtmlCacheBehavior [ RunTime:0.000436s ]
INFO: [ view_filter ] --END-- [ RunTime:0.000480s ]
INFO: [ app_end ] --START--
INFO: Run Behavior\ShowPageTraceBehavior [ RunTime:0.000680s ]
INFO: [ app_end ] --END-- [ RunTime:0.000738s ]

[ 2018-06-11T09:16:14+08:00 ] 127.0.0.1 /Admin/Physical/servercontrol.html
INFO: [ app_init ] --START--
INFO: Run Behavior\BuildLiteBehavior [ RunTime:0.000012s ]
INFO: [ app_init ] --END-- [ RunTime:0.000425s ]
INFO: [ app_begin ] --START--
INFO: Run Behavior\ReadHtmlCacheBehavior [ RunTime:0.000608s ]
INFO: [ app_begin ] --END-- [ RunTime:0.000659s ]
INFO: [ view_parse ] --START--
INFO: [ template_filter ] --START--
INFO: Run Behavior\ContentReplaceBehavior [ RunTime:0.000131s ]
INFO: [ template_filter ] --END-- [ RunTime:0.000179s ]
NOTIC: [8] Undefined variable: model D:\myenv\apache\htdocs\pgyidc\Application\Runtime\Cache\Admin\125a60f6faa2cec735006ee73309cc9b.php 第 344 行.
NOTIC: [8] Undefined variable: page D:\myenv\apache\htdocs\pgyidc\Application\Runtime\Cache\Admin\125a60f6faa2cec735006ee73309cc9b.php 第 353 行.
NOTIC: [8] Undefined variable: datatype D:\myenv\apache\htdocs\pgyidc\Application\Runtime\Cache\Admin\125a60f6faa2cec735006ee73309cc9b.php 第 683 行.
NOTIC: [8] Undefined variable: fid D:\myenv\apache\htdocs\pgyidc\Application\Runtime\Cache\Admin\125a60f6faa2cec735006ee73309cc9b.php 第 684 行.
INFO: Run Behavior\ParseTemplateBehavior [ RunTime:0.014387s ]
INFO: [ view_parse ] --END-- [ RunTime:0.014433s ]
INFO: [ view_filter ] --START--
INFO: Run Behavior\WriteHtmlCacheBehavior [ RunTime:0.000413s ]
INFO: [ view_filter ] --END-- [ RunTime:0.000453s ]
INFO: [ app_end ] --START--
INFO: Run Behavior\ShowPageTraceBehavior [ RunTime:0.000839s ]
INFO: [ app_end ] --END-- [ RunTime:0.000906s ]

[ 2018-06-11T09:16:15+08:00 ] 127.0.0.1 /Admin/Physical/ordercontrol.html
INFO: [ app_init ] --START--
INFO: Run Behavior\BuildLiteBehavior [ RunTime:0.000012s ]
INFO: [ app_init ] --END-- [ RunTime:0.000410s ]
INFO: [ app_begin ] --START--
INFO: Run Behavior\ReadHtmlCacheBehavior [ RunTime:0.000607s ]
INFO: [ app_begin ] --END-- [ RunTime:0.000662s ]
INFO: [ view_parse ] --START--
INFO: [ template_filter ] --START--
INFO: Run Behavior\ContentReplaceBehavior [ RunTime:0.000132s ]
INFO: [ template_filter ] --END-- [ RunTime:0.000184s ]
NOTIC: [8] Undefined variable: model D:\myenv\apache\htdocs\pgyidc\Application\Runtime\Cache\Admin\6b903a3475e1575dd1323af883a6f85a.php 第 322 行.
NOTIC: [8] Undefined variable: page D:\myenv\apache\htdocs\pgyidc\Application\Runtime\Cache\Admin\6b903a3475e1575dd1323af883a6f85a.php 第 339 行.
NOTIC: [8] Undefined variable: datatype D:\myenv\apache\htdocs\pgyidc\Application\Runtime\Cache\Admin\6b903a3475e1575dd1323af883a6f85a.php 第 668 行.
NOTIC: [8] Undefined variable: fid D:\myenv\apache\htdocs\pgyidc\Application\Runtime\Cache\Admin\6b903a3475e1575dd1323af883a6f85a.php 第 669 行.
INFO: Run Behavior\ParseTemplateBehavior [ RunTime:0.015210s ]
INFO: [ view_parse ] --END-- [ RunTime:0.015258s ]
INFO: [ view_filter ] --START--
INFO: Run Behavior\WriteHtmlCacheBehavior [ RunTime:0.000411s ]
INFO: [ view_filter ] --END-- [ RunTime:0.000452s ]
INFO: [ app_end ] --START--
INFO: Run Behavior\ShowPageTraceBehavior [ RunTime:0.000742s ]
INFO: [ app_end ] --END-- [ RunTime:0.000792s ]

[ 2018-06-11T09:22:03+08:00 ] 127.0.0.1 /Admin/Physical/ordercontrol.html
INFO: [ app_init ] --START--
INFO: Run Behavior\BuildLiteBehavior [ RunTime:0.000025s ]
INFO: [ app_init ] --END-- [ RunTime:0.001019s ]
INFO: [ app_begin ] --START--
INFO: Run Behavior\ReadHtmlCacheBehavior [ RunTime:0.001614s ]
INFO: [ app_begin ] --END-- [ RunTime:0.001731s ]
INFO: [ view_parse ] --START--
INFO: [ template_filter ] --START--
INFO: Run Behavior\ContentReplaceBehavior [ RunTime:0.000334s ]
INFO: [ template_filter ] --END-- [ RunTime:0.000453s ]
NOTIC: [8] Undefined variable: model D:\myenv\apache\htdocs\pgyidc\Application\Runtime\Cache\Admin\6b903a3475e1575dd1323af883a6f85a.php 第 341 行.
NOTIC: [8] Undefined variable: page D:\myenv\apache\htdocs\pgyidc\Application\Runtime\Cache\Admin\6b903a3475e1575dd1323af883a6f85a.php 第 358 行.
NOTIC: [8] Undefined variable: datatype D:\myenv\apache\htdocs\pgyidc\Application\Runtime\Cache\Admin\6b903a3475e1575dd1323af883a6f85a.php 第 687 行.
NOTIC: [8] Undefined variable: fid D:\myenv\apache\htdocs\pgyidc\Application\Runtime\Cache\Admin\6b903a3475e1575dd1323af883a6f85a.php 第 688 行.
INFO: Run Behavior\ParseTemplateBehavior [ RunTime:0.035533s ]
INFO: [ view_parse ] --END-- [ RunTime:0.035674s ]
INFO: [ view_filter ] --START--
INFO: Run Behavior\WriteHtmlCacheBehavior [ RunTime:0.001218s ]
INFO: [ view_filter ] --END-- [ RunTime:0.001316s ]
INFO: [ app_end ] --START--
INFO: Run Behavior\ShowPageTraceBehavior [ RunTime:0.001655s ]
INFO: [ app_end ] --END-- [ RunTime:0.001776s ]

[ 2018-06-11T09:22:05+08:00 ] 127.0.0.1 /Admin/Physical/ordercontrol.html
INFO: [ app_init ] --START--
INFO: Run Behavior\BuildLiteBehavior [ RunTime:0.000015s ]
INFO: [ app_init ] --END-- [ RunTime:0.000531s ]
INFO: [ app_begin ] --START--
INFO: Run Behavior\ReadHtmlCacheBehavior [ RunTime:0.000822s ]
INFO: [ app_begin ] --END-- [ RunTime:0.000892s ]
INFO: [ view_parse ] --START--
INFO: [ template_filter ] --START--
INFO: Run Behavior\ContentReplaceBehavior [ RunTime:0.000201s ]
INFO: [ template_filter ] --END-- [ RunTime:0.000267s ]
NOTIC: [8] Undefined variable: model D:\myenv\apache\htdocs\pgyidc\Application\Runtime\Cache\Admin\6b903a3475e1575dd1323af883a6f85a.php 第 341 行.
NOTIC: [8] Undefined variable: page D:\myenv\apache\htdocs\pgyidc\Application\Runtime\Cache\Admin\6b903a3475e1575dd1323af883a6f85a.php 第 358 行.
NOTIC: [8] Undefined variable: datatype D:\myenv\apache\htdocs\pgyidc\Application\Runtime\Cache\Admin\6b903a3475e1575dd1323af883a6f85a.php 第 687 行.
NOTIC: [8] Undefined variable: fid D:\myenv\apache\htdocs\pgyidc\Application\Runtime\Cache\Admin\6b903a3475e1575dd1323af883a6f85a.php 第 688 行.
INFO: Run Behavior\ParseTemplateBehavior [ RunTime:0.020140s ]
INFO: [ view_parse ] --END-- [ RunTime:0.020203s ]
INFO: [ view_filter ] --START--
INFO: Run Behavior\WriteHtmlCacheBehavior [ RunTime:0.000637s ]
INFO: [ view_filter ] --END-- [ RunTime:0.000698s ]
INFO: [ app_end ] --START--
INFO: Run Behavior\ShowPageTraceBehavior [ RunTime:0.000737s ]
INFO: [ app_end ] --END-- [ RunTime:0.000811s ]

[ 2018-06-11T09:22:08+08:00 ] 127.0.0.1 /Admin/Index/index.html
INFO: [ app_init ] --START--
INFO: Run Behavior\BuildLiteBehavior [ RunTime:0.000012s ]
INFO: [ app_init ] --END-- [ RunTime:0.000426s ]
INFO: [ app_begin ] --START--
INFO: Run Behavior\ReadHtmlCacheBehavior [ RunTime:0.000674s ]
INFO: [ app_begin ] --END-- [ RunTime:0.000731s ]
SQL: SHOW COLUMNS FROM `paylog` [ RunTime:0.0089s ]
SQL: SELECT SUM(money) as my FROM `paylog` WHERE ( userid=1 and datatype=0 )  [ RunTime:0.0013s ]
SQL: SELECT SUM(money) as my FROM `paylog` WHERE ( userid=1 and datatype=1 )  [ RunTime:0.0008s ]
SQL: SHOW COLUMNS FROM `users` [ RunTime:0.0066s ]
SQL: SELECT * FROM `users` WHERE ( UserID=1 ) LIMIT 1   [ RunTime:0.0014s ]
INFO: [ view_parse ] --START--
INFO: [ template_filter ] --START--
INFO: Run Behavior\ContentReplaceBehavior [ RunTime:0.000146s ]
INFO: [ template_filter ] --END-- [ RunTime:0.000217s ]
NOTIC: [8] Undefined variable: datatype D:\myenv\apache\htdocs\pgyidc\Application\Runtime\Cache\Admin\b595b808c2ebeeeb0478ffc30bb4e87a.php 第 773 行.
NOTIC: [8] Undefined variable: fid D:\myenv\apache\htdocs\pgyidc\Application\Runtime\Cache\Admin\b595b808c2ebeeeb0478ffc30bb4e87a.php 第 774 行.
INFO: Run Behavior\ParseTemplateBehavior [ RunTime:0.016498s ]
INFO: [ view_parse ] --END-- [ RunTime:0.016551s ]
INFO: [ view_filter ] --START--
INFO: Run Behavior\WriteHtmlCacheBehavior [ RunTime:0.000483s ]
INFO: [ view_filter ] --END-- [ RunTime:0.000527s ]
INFO: [ app_end ] --START--
INFO: Run Behavior\ShowPageTraceBehavior [ RunTime:0.000795s ]
INFO: [ app_end ] --END-- [ RunTime:0.000867s ]

[ 2018-06-11T09:22:10+08:00 ] 127.0.0.1 /Admin/Firewall/goldenshield.html
INFO: [ app_init ] --START--
INFO: Run Behavior\BuildLiteBehavior [ RunTime:0.000012s ]
INFO: [ app_init ] --END-- [ RunTime:0.000427s ]
INFO: [ app_begin ] --START--
INFO: Run Behavior\ReadHtmlCacheBehavior [ RunTime:0.000628s ]
INFO: [ app_begin ] --END-- [ RunTime:0.000681s ]
INFO: [ view_parse ] --START--
INFO: [ template_filter ] --START--
INFO: Run Behavior\ContentReplaceBehavior [ RunTime:0.000209s ]
INFO: [ template_filter ] --END-- [ RunTime:0.000298s ]
NOTIC: [8] Undefined variable: datatype D:\myenv\apache\htdocs\pgyidc\Application\Runtime\Cache\Admin\63324c4caf19a9ca55ccebc7518f6571.php 第 673 行.
NOTIC: [8] Undefined variable: fid D:\myenv\apache\htdocs\pgyidc\Application\Runtime\Cache\Admin\63324c4caf19a9ca55ccebc7518f6571.php 第 674 行.
INFO: Run Behavior\ParseTemplateBehavior [ RunTime:0.037696s ]
INFO: [ view_parse ] --END-- [ RunTime:0.037743s ]
INFO: [ view_filter ] --START--
INFO: Run Behavior\WriteHtmlCacheBehavior [ RunTime:0.000397s ]
INFO: [ view_filter ] --END-- [ RunTime:0.000438s ]
INFO: [ app_end ] --START--
INFO: Run Behavior\ShowPageTraceBehavior [ RunTime:0.000808s ]
INFO: [ app_end ] --END-- [ RunTime:0.000883s ]

[ 2018-06-11T09:22:11+08:00 ] 127.0.0.1 /Admin/Firewall/blacklist.html
INFO: [ app_init ] --START--
INFO: Run Behavior\BuildLiteBehavior [ RunTime:0.000012s ]
INFO: [ app_init ] --END-- [ RunTime:0.000460s ]
INFO: [ app_begin ] --START--
INFO: Run Behavior\ReadHtmlCacheBehavior [ RunTime:0.000671s ]
INFO: [ app_begin ] --END-- [ RunTime:0.000726s ]
INFO: [ view_parse ] --START--
INFO: [ template_filter ] --START--
INFO: Run Behavior\ContentReplaceBehavior [ RunTime:0.000282s ]
INFO: [ template_filter ] --END-- [ RunTime:0.000390s ]
NOTIC: [8] Undefined variable: datatype D:\myenv\apache\htdocs\pgyidc\Application\Runtime\Cache\Admin\de7f534b4bada5a7a038e7f1177860d9.php 第 653 行.
NOTIC: [8] Undefined variable: fid D:\myenv\apache\htdocs\pgyidc\Application\Runtime\Cache\Admin\de7f534b4bada5a7a038e7f1177860d9.php 第 654 行.
INFO: Run Behavior\ParseTemplateBehavior [ RunTime:0.060813s ]
INFO: [ view_parse ] --END-- [ RunTime:0.060895s ]
INFO: [ view_filter ] --START--
INFO: Run Behavior\WriteHtmlCacheBehavior [ RunTime:0.000998s ]
INFO: [ view_filter ] --END-- [ RunTime:0.001094s ]
INFO: [ app_end ] --START--
INFO: Run Behavior\ShowPageTraceBehavior [ RunTime:0.001519s ]
INFO: [ app_end ] --END-- [ RunTime:0.001650s ]

[ 2018-06-11T09:22:14+08:00 ] 127.0.0.1 /Admin/Firewall/whitelistadd.html
INFO: [ app_init ] --START--
INFO: Run Behavior\BuildLiteBehavior [ RunTime:0.000012s ]
INFO: [ app_init ] --END-- [ RunTime:0.000471s ]
INFO: [ app_begin ] --START--
INFO: Run Behavior\ReadHtmlCacheBehavior [ RunTime:0.000664s ]
INFO: [ app_begin ] --END-- [ RunTime:0.000719s ]
INFO: [ view_parse ] --START--
INFO: [ template_filter ] --START--
INFO: Run Behavior\ContentReplaceBehavior [ RunTime:0.000139s ]
INFO: [ template_filter ] --END-- [ RunTime:0.000195s ]
NOTIC: [8] Undefined variable: datatype D:\myenv\apache\htdocs\pgyidc\Application\Runtime\Cache\Admin\079c1ad89d223f11080cb4bffe4f40ea.php 第 653 行.
NOTIC: [8] Undefined variable: fid D:\myenv\apache\htdocs\pgyidc\Application\Runtime\Cache\Admin\079c1ad89d223f11080cb4bffe4f40ea.php 第 654 行.
INFO: Run Behavior\ParseTemplateBehavior [ RunTime:0.028745s ]
INFO: [ view_parse ] --END-- [ RunTime:0.028796s ]
INFO: [ view_filter ] --START--
INFO: Run Behavior\WriteHtmlCacheBehavior [ RunTime:0.000551s ]
INFO: [ view_filter ] --END-- [ RunTime:0.000597s ]
INFO: [ app_end ] --START--
INFO: Run Behavior\ShowPageTraceBehavior [ RunTime:0.000763s ]
INFO: [ app_end ] --END-- [ RunTime:0.000839s ]

[ 2018-06-11T09:22:14+08:00 ] 127.0.0.1 /Admin/Firewall/whitelistaddyz.html
INFO: [ app_init ] --START--
INFO: Run Behavior\BuildLiteBehavior [ RunTime:0.000012s ]
INFO: [ app_init ] --END-- [ RunTime:0.000421s ]
INFO: [ app_begin ] --START--
INFO: Run Behavior\ReadHtmlCacheBehavior [ RunTime:0.000649s ]
INFO: [ app_begin ] --END-- [ RunTime:0.000704s ]
INFO: [ view_parse ] --START--
INFO: [ template_filter ] --START--
INFO: Run Behavior\ContentReplaceBehavior [ RunTime:0.000285s ]
INFO: [ template_filter ] --END-- [ RunTime:0.000394s ]
NOTIC: [8] Undefined variable: datatype D:\myenv\apache\htdocs\pgyidc\Application\Runtime\Cache\Admin\15b1a8f018c4e27faa283a01fcc452f4.php 第 653 行.
NOTIC: [8] Undefined variable: fid D:\myenv\apache\htdocs\pgyidc\Application\Runtime\Cache\Admin\15b1a8f018c4e27faa283a01fcc452f4.php 第 654 行.
INFO: Run Behavior\ParseTemplateBehavior [ RunTime:0.094668s ]
INFO: [ view_parse ] --END-- [ RunTime:0.094750s ]
INFO: [ view_filter ] --START--
INFO: Run Behavior\WriteHtmlCacheBehavior [ RunTime:0.001005s ]
INFO: [ view_filter ] --END-- [ RunTime:0.001100s ]
INFO: [ app_end ] --START--
INFO: Run Behavior\ShowPageTraceBehavior [ RunTime:0.001672s ]
INFO: [ app_end ] --END-- [ RunTime:0.001790s ]

[ 2018-06-11T09:26:06+08:00 ] 127.0.0.1 /Admin/Firewall/whitelistaddyz.html
INFO: [ app_init ] --START--
INFO: Run Behavior\BuildLiteBehavior [ RunTime:0.000014s ]
INFO: [ app_init ] --END-- [ RunTime:0.000469s ]
INFO: [ app_begin ] --START--
INFO: Run Behavior\ReadHtmlCacheBehavior [ RunTime:0.000723s ]
INFO: [ app_begin ] --END-- [ RunTime:0.000776s ]
INFO: [ view_parse ] --START--
INFO: [ template_filter ] --START--
INFO: Run Behavior\ContentReplaceBehavior [ RunTime:0.000135s ]
INFO: [ template_filter ] --END-- [ RunTime:0.000195s ]
NOTIC: [8] Undefined variable: datatype D:\myenv\apache\htdocs\pgyidc\Application\Runtime\Cache\Admin\15b1a8f018c4e27faa283a01fcc452f4.php 第 666 行.
NOTIC: [8] Undefined variable: fid D:\myenv\apache\htdocs\pgyidc\Application\Runtime\Cache\Admin\15b1a8f018c4e27faa283a01fcc452f4.php 第 667 行.
INFO: Run Behavior\ParseTemplateBehavior [ RunTime:0.015583s ]
INFO: [ view_parse ] --END-- [ RunTime:0.015633s ]
INFO: [ view_filter ] --START--
INFO: Run Behavior\WriteHtmlCacheBehavior [ RunTime:0.000548s ]
INFO: [ view_filter ] --END-- [ RunTime:0.000592s ]
INFO: [ app_end ] --START--
INFO: Run Behavior\ShowPageTraceBehavior [ RunTime:0.000756s ]
INFO: [ app_end ] --END-- [ RunTime:0.000806s ]

[ 2018-06-11T09:26:10+08:00 ] 127.0.0.1 /Admin/Index/index.html
INFO: [ app_init ] --START--
INFO: Run Behavior\BuildLiteBehavior [ RunTime:0.000012s ]
INFO: [ app_init ] --END-- [ RunTime:0.000456s ]
INFO: [ app_begin ] --START--
INFO: Run Behavior\ReadHtmlCacheBehavior [ RunTime:0.000673s ]
INFO: [ app_begin ] --END-- [ RunTime:0.000728s ]
SQL: SHOW COLUMNS FROM `paylog` [ RunTime:0.0131s ]
SQL: SELECT SUM(money) as my FROM `paylog` WHERE ( userid=1 and datatype=0 )  [ RunTime:0.0019s ]
SQL: SELECT SUM(money) as my FROM `paylog` WHERE ( userid=1 and datatype=1 )  [ RunTime:0.0016s ]
SQL: SHOW COLUMNS FROM `users` [ RunTime:0.0085s ]
SQL: SELECT * FROM `users` WHERE ( UserID=1 ) LIMIT 1   [ RunTime:0.0012s ]
INFO: [ view_parse ] --START--
INFO: [ template_filter ] --START--
INFO: Run Behavior\ContentReplaceBehavior [ RunTime:0.000172s ]
INFO: [ template_filter ] --END-- [ RunTime:0.000232s ]
NOTIC: [8] Undefined variable: datatype D:\myenv\apache\htdocs\pgyidc\Application\Runtime\Cache\Admin\b595b808c2ebeeeb0478ffc30bb4e87a.php 第 786 行.
NOTIC: [8] Undefined variable: fid D:\myenv\apache\htdocs\pgyidc\Application\Runtime\Cache\Admin\b595b808c2ebeeeb0478ffc30bb4e87a.php 第 787 行.
INFO: Run Behavior\ParseTemplateBehavior [ RunTime:0.018707s ]
INFO: [ view_parse ] --END-- [ RunTime:0.018762s ]
INFO: [ view_filter ] --START--
INFO: Run Behavior\WriteHtmlCacheBehavior [ RunTime:0.000488s ]
INFO: [ view_filter ] --END-- [ RunTime:0.000534s ]
INFO: [ app_end ] --START--
INFO: Run Behavior\ShowPageTraceBehavior [ RunTime:0.000748s ]
INFO: [ app_end ] --END-- [ RunTime:0.000807s ]

[ 2018-06-11T09:26:14+08:00 ] 127.0.0.1 /Admin/Blockabroadip/baip.html
INFO: [ app_init ] --START--
INFO: Run Behavior\BuildLiteBehavior [ RunTime:0.000012s ]
INFO: [ app_init ] --END-- [ RunTime:0.000415s ]
INFO: [ app_begin ] --START--
INFO: Run Behavior\ReadHtmlCacheBehavior [ RunTime:0.000615s ]
INFO: [ app_begin ] --END-- [ RunTime:0.000671s ]
ERR: 非法操作:baip

[ 2018-06-11T09:26:20+08:00 ] 127.0.0.1 /Admin/Blockabroadip/setips.html
INFO: [ app_init ] --START--
INFO: Run Behavior\BuildLiteBehavior [ RunTime:0.000013s ]
INFO: [ app_init ] --END-- [ RunTime:0.000458s ]
INFO: [ app_begin ] --START--
INFO: Run Behavior\ReadHtmlCacheBehavior [ RunTime:0.000652s ]
INFO: [ app_begin ] --END-- [ RunTime:0.000711s ]
INFO: [ view_parse ] --START--
INFO: [ template_filter ] --START--
INFO: Run Behavior\ContentReplaceBehavior [ RunTime:0.000149s ]
INFO: [ template_filter ] --END-- [ RunTime:0.000203s ]
NOTIC: [8] Undefined variable: datatype D:\myenv\apache\htdocs\pgyidc\Application\Runtime\Cache\Admin\08f5cbfc5ab12609cc2f4c3c6093ce73.php 第 694 行.
NOTIC: [8] Undefined variable: fid D:\myenv\apache\htdocs\pgyidc\Application\Runtime\Cache\Admin\08f5cbfc5ab12609cc2f4c3c6093ce73.php 第 695 行.
INFO: Run Behavior\ParseTemplateBehavior [ RunTime:0.021802s ]
INFO: [ view_parse ] --END-- [ RunTime:0.021852s ]
INFO: [ view_filter ] --START--
INFO: Run Behavior\WriteHtmlCacheBehavior [ RunTime:0.000469s ]
INFO: [ view_filter ] --END-- [ RunTime:0.000512s ]
INFO: [ app_end ] --START--
INFO: Run Behavior\ShowPageTraceBehavior [ RunTime:0.000715s ]
INFO: [ app_end ] --END-- [ RunTime:0.000775s ]

[ 2018-06-11T09:26:47+08:00 ] 127.0.0.1 /Admin/Index/index.html
INFO: [ app_init ] --START--
INFO: Run Behavior\BuildLiteBehavior [ RunTime:0.000012s ]
INFO: [ app_init ] --END-- [ RunTime:0.000442s ]
INFO: [ app_begin ] --START--
INFO: Run Behavior\ReadHtmlCacheBehavior [ RunTime:0.000674s ]
INFO: [ app_begin ] --END-- [ RunTime:0.000731s ]
SQL: SHOW COLUMNS FROM `paylog` [ RunTime:0.0137s ]
SQL: SELECT SUM(money) as my FROM `paylog` WHERE ( userid=1 and datatype=0 )  [ RunTime:0.0024s ]
SQL: SELECT SUM(money) as my FROM `paylog` WHERE ( userid=1 and datatype=1 )  [ RunTime:0.0017s ]
SQL: SHOW COLUMNS FROM `users` [ RunTime:0.0131s ]
SQL: SELECT * FROM `users` WHERE ( UserID=1 ) LIMIT 1   [ RunTime:0.0018s ]
INFO: [ view_parse ] --START--
INFO: [ template_filter ] --START--
INFO: Run Behavior\ContentReplaceBehavior [ RunTime:0.000147s ]
INFO: [ template_filter ] --END-- [ RunTime:0.000193s ]
NOTIC: [8] Undefined variable: datatype D:\myenv\apache\htdocs\pgyidc\Application\Runtime\Cache\Admin\b595b808c2ebeeeb0478ffc30bb4e87a.php 第 786 行.
NOTIC: [8] Undefined variable: fid D:\myenv\apache\htdocs\pgyidc\Application\Runtime\Cache\Admin\b595b808c2ebeeeb0478ffc30bb4e87a.php 第 787 行.
INFO: Run Behavior\ParseTemplateBehavior [ RunTime:0.016253s ]
INFO: [ view_parse ] --END-- [ RunTime:0.016304s ]
INFO: [ view_filter ] --START--
INFO: Run Behavior\WriteHtmlCacheBehavior [ RunTime:0.000407s ]
INFO: [ view_filter ] --END-- [ RunTime:0.000448s ]
INFO: [ app_end ] --START--
INFO: Run Behavior\ShowPageTraceBehavior [ RunTime:0.000785s ]
INFO: [ app_end ] --END-- [ RunTime:0.000845s ]

[ 2018-06-11T09:26:48+08:00 ] 127.0.0.1 /Admin/Blockabroadip/blockabroadip.html
INFO: [ app_init ] --START--
INFO: Run Behavior\BuildLiteBehavior [ RunTime:0.000013s ]
INFO: [ app_init ] --END-- [ RunTime:0.000473s ]
INFO: [ app_begin ] --START--
INFO: Run Behavior\ReadHtmlCacheBehavior [ RunTime:0.000653s ]
INFO: [ app_begin ] --END-- [ RunTime:0.000711s ]
INFO: [ view_parse ] --START--
INFO: [ template_filter ] --START--
INFO: Run Behavior\ContentReplaceBehavior [ RunTime:0.000327s ]
INFO: [ template_filter ] --END-- [ RunTime:0.000447s ]
NOTIC: [8] Undefined variable: datatype D:\myenv\apache\htdocs\pgyidc\Application\Runtime\Cache\Admin\d596ebe2b1c8d2d5919c90006f22fe36.php 第 677 行.
NOTIC: [8] Undefined variable: fid D:\myenv\apache\htdocs\pgyidc\Application\Runtime\Cache\Admin\d596ebe2b1c8d2d5919c90006f22fe36.php 第 678 行.
INFO: Run Behavior\ParseTemplateBehavior [ RunTime:0.093463s ]
INFO: [ view_parse ] --END-- [ RunTime:0.093541s ]
INFO: [ view_filter ] --START--
INFO: Run Behavior\WriteHtmlCacheBehavior [ RunTime:0.000959s ]
INFO: [ view_filter ] --END-- [ RunTime:0.001055s ]
INFO: [ app_end ] --START--
INFO: Run Behavior\ShowPageTraceBehavior [ RunTime:0.001511s ]
INFO: [ app_end ] --END-- [ RunTime:0.001639s ]

[ 2018-06-11T09:26:49+08:00 ] 127.0.0.1 /Admin/Blockabroadip/setips.html
INFO: [ app_init ] --START--
INFO: Run Behavior\BuildLiteBehavior [ RunTime:0.000012s ]
INFO: [ app_init ] --END-- [ RunTime:0.000412s ]
INFO: [ app_begin ] --START--
INFO: Run Behavior\ReadHtmlCacheBehavior [ RunTime:0.000624s ]
INFO: [ app_begin ] --END-- [ RunTime:0.000679s ]
INFO: [ view_parse ] --START--
INFO: [ template_filter ] --START--
INFO: Run Behavior\ContentReplaceBehavior [ RunTime:0.000156s ]
INFO: [ template_filter ] --END-- [ RunTime:0.000207s ]
NOTIC: [8] Undefined variable: datatype D:\myenv\apache\htdocs\pgyidc\Application\Runtime\Cache\Admin\08f5cbfc5ab12609cc2f4c3c6093ce73.php 第 694 行.
NOTIC: [8] Undefined variable: fid D:\myenv\apache\htdocs\pgyidc\Application\Runtime\Cache\Admin\08f5cbfc5ab12609cc2f4c3c6093ce73.php 第 695 行.
INFO: Run Behavior\ParseTemplateBehavior [ RunTime:0.016023s ]
INFO: [ view_parse ] --END-- [ RunTime:0.016074s ]
INFO: [ view_filter ] --START--
INFO: Run Behavior\WriteHtmlCacheBehavior [ RunTime:0.000521s ]
INFO: [ view_filter ] --END-- [ RunTime:0.000567s ]
INFO: [ app_end ] --START--
INFO: Run Behavior\ShowPageTraceBehavior [ RunTime:0.000799s ]
INFO: [ app_end ] --END-- [ RunTime:0.000873s ]

[ 2018-06-11T09:26:50+08:00 ] 127.0.0.1 /Admin/Blockabroadip/blockabroadip.html
INFO: [ app_init ] --START--
INFO: Run Behavior\BuildLiteBehavior [ RunTime:0.000013s ]
INFO: [ app_init ] --END-- [ RunTime:0.000483s ]
INFO: [ app_begin ] --START--
INFO: Run Behavior\ReadHtmlCacheBehavior [ RunTime:0.000676s ]
INFO: [ app_begin ] --END-- [ RunTime:0.000734s ]
INFO: [ view_parse ] --START--
INFO: [ template_filter ] --START--
INFO: Run Behavior\ContentReplaceBehavior [ RunTime:0.000180s ]
INFO: [ template_filter ] --END-- [ RunTime:0.000272s ]
NOTIC: [8] Undefined variable: datatype D:\myenv\apache\htdocs\pgyidc\Application\Runtime\Cache\Admin\d596ebe2b1c8d2d5919c90006f22fe36.php 第 677 行.
NOTIC: [8] Undefined variable: fid D:\myenv\apache\htdocs\pgyidc\Application\Runtime\Cache\Admin\d596ebe2b1c8d2d5919c90006f22fe36.php 第 678 行.
INFO: Run Behavior\ParseTemplateBehavior [ RunTime:0.016152s ]
INFO: [ view_parse ] --END-- [ RunTime:0.016210s ]
INFO: [ view_filter ] --START--
INFO: Run Behavior\WriteHtmlCacheBehavior [ RunTime:0.000513s ]
INFO: [ view_filter ] --END-- [ RunTime:0.000558s ]
INFO: [ app_end ] --START--
INFO: Run Behavior\ShowPageTraceBehavior [ RunTime:0.000948s ]
INFO: [ app_end ] --END-- [ RunTime:0.001046s ]

[ 2018-06-11T09:26:54+08:00 ] 127.0.0.1 /Admin/Blockabroadip/setips.html
INFO: [ app_init ] --START--
INFO: Run Behavior\BuildLiteBehavior [ RunTime:0.000011s ]
INFO: [ app_init ] --END-- [ RunTime:0.000488s ]
INFO: [ app_begin ] --START--
INFO: Run Behavior\ReadHtmlCacheBehavior [ RunTime:0.000617s ]
INFO: [ app_begin ] --END-- [ RunTime:0.000669s ]
INFO: [ view_parse ] --START--
INFO: [ template_filter ] --START--
INFO: Run Behavior\ContentReplaceBehavior [ RunTime:0.000165s ]
INFO: [ template_filter ] --END-- [ RunTime:0.000232s ]
NOTIC: [8] Undefined variable: datatype D:\myenv\apache\htdocs\pgyidc\Application\Runtime\Cache\Admin\08f5cbfc5ab12609cc2f4c3c6093ce73.php 第 694 行.
NOTIC: [8] Undefined variable: fid D:\myenv\apache\htdocs\pgyidc\Application\Runtime\Cache\Admin\08f5cbfc5ab12609cc2f4c3c6093ce73.php 第 695 行.
INFO: Run Behavior\ParseTemplateBehavior [ RunTime:0.015411s ]
INFO: [ view_parse ] --END-- [ RunTime:0.015458s ]
INFO: [ view_filter ] --START--
INFO: Run Behavior\WriteHtmlCacheBehavior [ RunTime:0.000507s ]
INFO: [ view_filter ] --END-- [ RunTime:0.000571s ]
INFO: [ app_end ] --START--
INFO: Run Behavior\ShowPageTraceBehavior [ RunTime:0.000812s ]
INFO: [ app_end ] --END-- [ RunTime:0.000891s ]

[ 2018-06-11T09:26:58+08:00 ] 127.0.0.1 /Admin/Blockabroadip/blockabroadip.html
INFO: [ app_init ] --START--
INFO: Run Behavior\BuildLiteBehavior [ RunTime:0.000012s ]
INFO: [ app_init ] --END-- [ RunTime:0.000442s ]
INFO: [ app_begin ] --START--
INFO: Run Behavior\ReadHtmlCacheBehavior [ RunTime:0.000728s ]
INFO: [ app_begin ] --END-- [ RunTime:0.000784s ]
INFO: [ view_parse ] --START--
INFO: [ template_filter ] --START--
INFO: Run Behavior\ContentReplaceBehavior [ RunTime:0.000160s ]
INFO: [ template_filter ] --END-- [ RunTime:0.000219s ]
NOTIC: [8] Undefined variable: datatype D:\myenv\apache\htdocs\pgyidc\Application\Runtime\Cache\Admin\d596ebe2b1c8d2d5919c90006f22fe36.php 第 677 行.
NOTIC: [8] Undefined variable: fid D:\myenv\apache\htdocs\pgyidc\Application\Runtime\Cache\Admin\d596ebe2b1c8d2d5919c90006f22fe36.php 第 678 行.
INFO: Run Behavior\ParseTemplateBehavior [ RunTime:0.015829s ]
INFO: [ view_parse ] --END-- [ RunTime:0.015897s ]
INFO: [ view_filter ] --START--
INFO: Run Behavior\WriteHtmlCacheBehavior [ RunTime:0.000492s ]
INFO: [ view_filter ] --END-- [ RunTime:0.000538s ]
INFO: [ app_end ] --START--
INFO: Run Behavior\ShowPageTraceBehavior [ RunTime:0.000733s ]
INFO: [ app_end ] --END-- [ RunTime:0.000797s ]

[ 2018-06-11T09:27:00+08:00 ] 127.0.0.1 /Admin/Blockabroadip/setips.html
INFO: [ app_init ] --START--
INFO: Run Behavior\BuildLiteBehavior [ RunTime:0.000013s ]
INFO: [ app_init ] --END-- [ RunTime:0.000443s ]
INFO: [ app_begin ] --START--
INFO: Run Behavior\ReadHtmlCacheBehavior [ RunTime:0.000620s ]
INFO: [ app_begin ] --END-- [ RunTime:0.000675s ]
INFO: [ view_parse ] --START--
INFO: [ template_filter ] --START--
INFO: Run Behavior\ContentReplaceBehavior [ RunTime:0.000159s ]
INFO: [ template_filter ] --END-- [ RunTime:0.000217s ]
NOTIC: [8] Undefined variable: datatype D:\myenv\apache\htdocs\pgyidc\Application\Runtime\Cache\Admin\08f5cbfc5ab12609cc2f4c3c6093ce73.php 第 694 行.
NOTIC: [8] Undefined variable: fid D:\myenv\apache\htdocs\pgyidc\Application\Runtime\Cache\Admin\08f5cbfc5ab12609cc2f4c3c6093ce73.php 第 695 行.
INFO: Run Behavior\ParseTemplateBehavior [ RunTime:0.015874s ]
INFO: [ view_parse ] --END-- [ RunTime:0.015927s ]
INFO: [ view_filter ] --START--
INFO: Run Behavior\WriteHtmlCacheBehavior [ RunTime:0.000494s ]
INFO: [ view_filter ] --END-- [ RunTime:0.000541s ]
INFO: [ app_end ] --START--
INFO: Run Behavior\ShowPageTraceBehavior [ RunTime:0.000736s ]
INFO: [ app_end ] --END-- [ RunTime:0.000796s ]

[ 2018-06-11T09:27:02+08:00 ] 127.0.0.1 /Admin/Blockabroadip/blockabroadip.html
INFO: [ app_init ] --START--
INFO: Run Behavior\BuildLiteBehavior [ RunTime:0.000012s ]
INFO: [ app_init ] --END-- [ RunTime:0.000448s ]
INFO: [ app_begin ] --START--
INFO: Run Behavior\ReadHtmlCacheBehavior [ RunTime:0.000626s ]
INFO: [ app_begin ] --END-- [ RunTime:0.000680s ]
INFO: [ view_parse ] --START--
INFO: [ template_filter ] --START--
INFO: Run Behavior\ContentReplaceBehavior [ RunTime:0.000159s ]
INFO: [ template_filter ] --END-- [ RunTime:0.000219s ]
NOTIC: [8] Undefined variable: datatype D:\myenv\apache\htdocs\pgyidc\Application\Runtime\Cache\Admin\d596ebe2b1c8d2d5919c90006f22fe36.php 第 677 行.
NOTIC: [8] Undefined variable: fid D:\myenv\apache\htdocs\pgyidc\Application\Runtime\Cache\Admin\d596ebe2b1c8d2d5919c90006f22fe36.php 第 678 行.
INFO: Run Behavior\ParseTemplateBehavior [ RunTime:0.015658s ]
INFO: [ view_parse ] --END-- [ RunTime:0.015709s ]
INFO: [ view_filter ] --START--
INFO: Run Behavior\WriteHtmlCacheBehavior [ RunTime:0.000414s ]
INFO: [ view_filter ] --END-- [ RunTime:0.000455s ]
INFO: [ app_end ] --START--
INFO: Run Behavior\ShowPageTraceBehavior [ RunTime:0.000708s ]
INFO: [ app_end ] --END-- [ RunTime:0.000768s ]

[ 2018-06-11T09:27:04+08:00 ] 127.0.0.1 /Admin/Firewall/goldenshield.html
INFO: [ app_init ] --START--
INFO: Run Behavior\BuildLiteBehavior [ RunTime:0.000012s ]
INFO: [ app_init ] --END-- [ RunTime:0.000412s ]
INFO: [ app_begin ] --START--
INFO: Run Behavior\ReadHtmlCacheBehavior [ RunTime:0.000619s ]
INFO: [ app_begin ] --END-- [ RunTime:0.000674s ]
INFO: [ view_parse ] --START--
INFO: [ template_filter ] --START--
INFO: Run Behavior\ContentReplaceBehavior [ RunTime:0.000137s ]
INFO: [ template_filter ] --END-- [ RunTime:0.000194s ]
NOTIC: [8] Undefined variable: datatype D:\myenv\apache\htdocs\pgyidc\Application\Runtime\Cache\Admin\63324c4caf19a9ca55ccebc7518f6571.php 第 686 行.
NOTIC: [8] Undefined variable: fid D:\myenv\apache\htdocs\pgyidc\Application\Runtime\Cache\Admin\63324c4caf19a9ca55ccebc7518f6571.php 第 687 行.
INFO: Run Behavior\ParseTemplateBehavior [ RunTime:0.015430s ]
INFO: [ view_parse ] --END-- [ RunTime:0.015477s ]
INFO: [ view_filter ] --START--
INFO: Run Behavior\WriteHtmlCacheBehavior [ RunTime:0.000417s ]
INFO: [ view_filter ] --END-- [ RunTime:0.000458s ]
INFO: [ app_end ] --START--
INFO: Run Behavior\ShowPageTraceBehavior [ RunTime:0.000903s ]
INFO: [ app_end ] --END-- [ RunTime:0.000995s ]

[ 2018-06-11T09:27:05+08:00 ] 127.0.0.1 /Admin/Firewall/blacklist.html
INFO: [ app_init ] --START--
INFO: Run Behavior\BuildLiteBehavior [ RunTime:0.000013s ]
INFO: [ app_init ] --END-- [ RunTime:0.000456s ]
INFO: [ app_begin ] --START--
INFO: Run Behavior\ReadHtmlCacheBehavior [ RunTime:0.000655s ]
INFO: [ app_begin ] --END-- [ RunTime:0.000712s ]
INFO: [ view_parse ] --START--
INFO: [ template_filter ] --START--
INFO: Run Behavior\ContentReplaceBehavior [ RunTime:0.000140s ]
INFO: [ template_filter ] --END-- [ RunTime:0.000192s ]
NOTIC: [8] Undefined variable: datatype D:\myenv\apache\htdocs\pgyidc\Application\Runtime\Cache\Admin\de7f534b4bada5a7a038e7f1177860d9.php 第 666 行.
NOTIC: [8] Undefined variable: fid D:\myenv\apache\htdocs\pgyidc\Application\Runtime\Cache\Admin\de7f534b4bada5a7a038e7f1177860d9.php 第 667 行.
INFO: Run Behavior\ParseTemplateBehavior [ RunTime:0.015446s ]
INFO: [ view_parse ] --END-- [ RunTime:0.015501s ]
INFO: [ view_filter ] --START--
INFO: Run Behavior\WriteHtmlCacheBehavior [ RunTime:0.000445s ]
INFO: [ view_filter ] --END-- [ RunTime:0.000488s ]
INFO: [ app_end ] --START--
INFO: Run Behavior\ShowPageTraceBehavior [ RunTime:0.000680s ]
INFO: [ app_end ] --END-- [ RunTime:0.000740s ]

[ 2018-06-11T09:27:06+08:00 ] 127.0.0.1 /Admin/Firewall/blacklist.html
INFO: [ app_init ] --START--
INFO: Run Behavior\BuildLiteBehavior [ RunTime:0.000012s ]
INFO: [ app_init ] --END-- [ RunTime:0.000524s ]
INFO: [ app_begin ] --START--
INFO: Run Behavior\ReadHtmlCacheBehavior [ RunTime:0.000718s ]
INFO: [ app_begin ] --END-- [ RunTime:0.000776s ]
INFO: [ view_parse ] --START--
INFO: [ template_filter ] --START--
INFO: Run Behavior\ContentReplaceBehavior [ RunTime:0.000139s ]
INFO: [ template_filter ] --END-- [ RunTime:0.000188s ]
NOTIC: [8] Undefined variable: datatype D:\myenv\apache\htdocs\pgyidc\Application\Runtime\Cache\Admin\de7f534b4bada5a7a038e7f1177860d9.php 第 666 行.
NOTIC: [8] Undefined variable: fid D:\myenv\apache\htdocs\pgyidc\Application\Runtime\Cache\Admin\de7f534b4bada5a7a038e7f1177860d9.php 第 667 行.
INFO: Run Behavior\ParseTemplateBehavior [ RunTime:0.015367s ]
INFO: [ view_parse ] --END-- [ RunTime:0.015423s ]
INFO: [ view_filter ] --START--
INFO: Run Behavior\WriteHtmlCacheBehavior [ RunTime:0.000487s ]
INFO: [ view_filter ] --END-- [ RunTime:0.000532s ]
INFO: [ app_end ] --START--
INFO: Run Behavior\ShowPageTraceBehavior [ RunTime:0.000817s ]
INFO: [ app_end ] --END-- [ RunTime:0.000907s ]

[ 2018-06-11T09:27:07+08:00 ] 127.0.0.1 /Admin/Firewall/whitelistadd.html
INFO: [ app_init ] --START--
INFO: Run Behavior\BuildLiteBehavior [ RunTime:0.000012s ]
INFO: [ app_init ] --END-- [ RunTime:0.000448s ]
INFO: [ app_begin ] --START--
INFO: Run Behavior\ReadHtmlCacheBehavior [ RunTime:0.000669s ]
INFO: [ app_begin ] --END-- [ RunTime:0.000727s ]
INFO: [ view_parse ] --START--
INFO: [ template_filter ] --START--
INFO: Run Behavior\ContentReplaceBehavior [ RunTime:0.000139s ]
INFO: [ template_filter ] --END-- [ RunTime:0.000186s ]
NOTIC: [8] Undefined variable: datatype D:\myenv\apache\htdocs\pgyidc\Application\Runtime\Cache\Admin\079c1ad89d223f11080cb4bffe4f40ea.php 第 666 行.
NOTIC: [8] Undefined variable: fid D:\myenv\apache\htdocs\pgyidc\Application\Runtime\Cache\Admin\079c1ad89d223f11080cb4bffe4f40ea.php 第 667 行.
INFO: Run Behavior\ParseTemplateBehavior [ RunTime:0.015314s ]
INFO: [ view_parse ] --END-- [ RunTime:0.015363s ]
INFO: [ view_filter ] --START--
INFO: Run Behavior\WriteHtmlCacheBehavior [ RunTime:0.000447s ]
INFO: [ view_filter ] --END-- [ RunTime:0.000490s ]
INFO: [ app_end ] --START--
INFO: Run Behavior\ShowPageTraceBehavior [ RunTime:0.000846s ]
INFO: [ app_end ] --END-- [ RunTime:0.000915s ]

[ 2018-06-11T09:27:07+08:00 ] 127.0.0.1 /Admin/Firewall/whitelistaddyz.html
INFO: [ app_init ] --START--
INFO: Run Behavior\BuildLiteBehavior [ RunTime:0.000013s ]
INFO: [ app_init ] --END-- [ RunTime:0.000447s ]
INFO: [ app_begin ] --START--
INFO: Run Behavior\ReadHtmlCacheBehavior [ RunTime:0.000636s ]
INFO: [ app_begin ] --END-- [ RunTime:0.000691s ]
INFO: [ view_parse ] --START--
INFO: [ template_filter ] --START--
INFO: Run Behavior\ContentReplaceBehavior [ RunTime:0.000140s ]
INFO: [ template_filter ] --END-- [ RunTime:0.000191s ]
NOTIC: [8] Undefined variable: datatype D:\myenv\apache\htdocs\pgyidc\Application\Runtime\Cache\Admin\15b1a8f018c4e27faa283a01fcc452f4.php 第 666 行.
NOTIC: [8] Undefined variable: fid D:\myenv\apache\htdocs\pgyidc\Application\Runtime\Cache\Admin\15b1a8f018c4e27faa283a01fcc452f4.php 第 667 行.
INFO: Run Behavior\ParseTemplateBehavior [ RunTime:0.015638s ]
INFO: [ view_parse ] --END-- [ RunTime:0.015690s ]
INFO: [ view_filter ] --START--
INFO: Run Behavior\WriteHtmlCacheBehavior [ RunTime:0.000527s ]
INFO: [ view_filter ] --END-- [ RunTime:0.000574s ]
INFO: [ app_end ] --START--
INFO: Run Behavior\ShowPageTraceBehavior [ RunTime:0.000882s ]
INFO: [ app_end ] --END-- [ RunTime:0.000962s ]

[ 2018-06-11T09:27:10+08:00 ] 127.0.0.1 /Admin/Blockabroadip/blockabroadip.html
INFO: [ app_init ] --START--
INFO: Run Behavior\BuildLiteBehavior [ RunTime:0.000013s ]
INFO: [ app_init ] --END-- [ RunTime:0.000465s ]
INFO: [ app_begin ] --START--
INFO: Run Behavior\ReadHtmlCacheBehavior [ RunTime:0.000671s ]
INFO: [ app_begin ] --END-- [ RunTime:0.000726s ]
INFO: [ view_parse ] --START--
INFO: [ template_filter ] --START--
INFO: Run Behavior\ContentReplaceBehavior [ RunTime:0.000160s ]
INFO: [ template_filter ] --END-- [ RunTime:0.000219s ]
NOTIC: [8] Undefined variable: datatype D:\myenv\apache\htdocs\pgyidc\Application\Runtime\Cache\Admin\d596ebe2b1c8d2d5919c90006f22fe36.php 第 677 行.
NOTIC: [8] Undefined variable: fid D:\myenv\apache\htdocs\pgyidc\Application\Runtime\Cache\Admin\d596ebe2b1c8d2d5919c90006f22fe36.php 第 678 行.
INFO: Run Behavior\ParseTemplateBehavior [ RunTime:0.015900s ]
INFO: [ view_parse ] --END-- [ RunTime:0.015950s ]
INFO: [ view_filter ] --START--
INFO: Run Behavior\WriteHtmlCacheBehavior [ RunTime:0.000548s ]
INFO: [ view_filter ] --END-- [ RunTime:0.000591s ]
INFO: [ app_end ] --START--
INFO: Run Behavior\ShowPageTraceBehavior [ RunTime:0.000762s ]
INFO: [ app_end ] --END-- [ RunTime:0.000837s ]

[ 2018-06-11T09:27:10+08:00 ] 127.0.0.1 /Admin/Blockabroadip/setips.html
INFO: [ app_init ] --START--
INFO: Run Behavior\BuildLiteBehavior [ RunTime:0.000013s ]
INFO: [ app_init ] --END-- [ RunTime:0.000448s ]
INFO: [ app_begin ] --START--
INFO: Run Behavior\ReadHtmlCacheBehavior [ RunTime:0.000652s ]
INFO: [ app_begin ] --END-- [ RunTime:0.000708s ]
INFO: [ view_parse ] --START--
INFO: [ template_filter ] --START--
INFO: Run Behavior\ContentReplaceBehavior [ RunTime:0.000182s ]
INFO: [ template_filter ] --END-- [ RunTime:0.000246s ]
NOTIC: [8] Undefined variable: datatype D:\myenv\apache\htdocs\pgyidc\Application\Runtime\Cache\Admin\08f5cbfc5ab12609cc2f4c3c6093ce73.php 第 694 行.
NOTIC: [8] Undefined variable: fid D:\myenv\apache\htdocs\pgyidc\Application\Runtime\Cache\Admin\08f5cbfc5ab12609cc2f4c3c6093ce73.php 第 695 行.
INFO: Run Behavior\ParseTemplateBehavior [ RunTime:0.015490s ]
INFO: [ view_parse ] --END-- [ RunTime:0.015537s ]
INFO: [ view_filter ] --START--
INFO: Run Behavior\WriteHtmlCacheBehavior [ RunTime:0.000444s ]
INFO: [ view_filter ] --END-- [ RunTime:0.000484s ]
INFO: [ app_end ] --START--
INFO: Run Behavior\ShowPageTraceBehavior [ RunTime:0.000655s ]
INFO: [ app_end ] --END-- [ RunTime:0.000711s ]

[ 2018-06-11T09:28:14+08:00 ] 127.0.0.1 /Admin/Blockabroadip/setips.html
INFO: [ app_init ] --START--
INFO: Run Behavior\BuildLiteBehavior [ RunTime:0.000020s ]
INFO: [ app_init ] --END-- [ RunTime:0.000611s ]
INFO: [ app_begin ] --START--
INFO: Run Behavior\ReadHtmlCacheBehavior [ RunTime:0.000738s ]
INFO: [ app_begin ] --END-- [ RunTime:0.000799s ]
INFO: [ view_parse ] --START--
INFO: [ template_filter ] --START--
INFO: Run Behavior\ContentReplaceBehavior [ RunTime:0.000145s ]
INFO: [ template_filter ] --END-- [ RunTime:0.000206s ]
NOTIC: [8] Undefined variable: datatype D:\myenv\apache\htdocs\pgyidc\Application\Runtime\Cache\Admin\08f5cbfc5ab12609cc2f4c3c6093ce73.php 第 694 行.
NOTIC: [8] Undefined variable: fid D:\myenv\apache\htdocs\pgyidc\Application\Runtime\Cache\Admin\08f5cbfc5ab12609cc2f4c3c6093ce73.php 第 695 行.
INFO: Run Behavior\ParseTemplateBehavior [ RunTime:0.016164s ]
INFO: [ view_parse ] --END-- [ RunTime:0.016217s ]
INFO: [ view_filter ] --START--
INFO: Run Behavior\WriteHtmlCacheBehavior [ RunTime:0.000517s ]
INFO: [ view_filter ] --END-- [ RunTime:0.000559s ]
INFO: [ app_end ] --START--
INFO: Run Behavior\ShowPageTraceBehavior [ RunTime:0.000735s ]
INFO: [ app_end ] --END-- [ RunTime:0.000786s ]

[ 2018-06-11T09:28:17+08:00 ] 127.0.0.1 /Admin/Index/index.html
INFO: [ app_init ] --START--
INFO: Run Behavior\BuildLiteBehavior [ RunTime:0.000012s ]
INFO: [ app_init ] --END-- [ RunTime:0.000448s ]
INFO: [ app_begin ] --START--
INFO: Run Behavior\ReadHtmlCacheBehavior [ RunTime:0.000663s ]
INFO: [ app_begin ] --END-- [ RunTime:0.000720s ]
SQL: SHOW COLUMNS FROM `paylog` [ RunTime:0.0127s ]
SQL: SELECT SUM(money) as my FROM `paylog` WHERE ( userid=1 and datatype=0 )  [ RunTime:0.0022s ]
SQL: SELECT SUM(money) as my FROM `paylog` WHERE ( userid=1 and datatype=1 )  [ RunTime:0.0011s ]
SQL: SHOW COLUMNS FROM `users` [ RunTime:0.0120s ]
SQL: SELECT * FROM `users` WHERE ( UserID=1 ) LIMIT 1   [ RunTime:0.0018s ]
INFO: [ view_parse ] --START--
INFO: [ template_filter ] --START--
INFO: Run Behavior\ContentReplaceBehavior [ RunTime:0.000175s ]
INFO: [ template_filter ] --END-- [ RunTime:0.000233s ]
NOTIC: [8] Undefined variable: datatype D:\myenv\apache\htdocs\pgyidc\Application\Runtime\Cache\Admin\b595b808c2ebeeeb0478ffc30bb4e87a.php 第 786 行.
NOTIC: [8] Undefined variable: fid D:\myenv\apache\htdocs\pgyidc\Application\Runtime\Cache\Admin\b595b808c2ebeeeb0478ffc30bb4e87a.php 第 787 行.
INFO: Run Behavior\ParseTemplateBehavior [ RunTime:0.018782s ]
INFO: [ view_parse ] --END-- [ RunTime:0.018838s ]
INFO: [ view_filter ] --START--
INFO: Run Behavior\WriteHtmlCacheBehavior [ RunTime:0.000494s ]
INFO: [ view_filter ] --END-- [ RunTime:0.000543s ]
INFO: [ app_end ] --START--
INFO: Run Behavior\ShowPageTraceBehavior [ RunTime:0.000725s ]
INFO: [ app_end ] --END-- [ RunTime:0.000782s ]

[ 2018-06-11T09:29:33+08:00 ] 127.0.0.1 /Admin/Firewall/goldenshield.html
INFO: [ app_init ] --START--
INFO: Run Behavior\BuildLiteBehavior [ RunTime:0.000011s ]
INFO: [ app_init ] --END-- [ RunTime:0.000445s ]
INFO: [ app_begin ] --START--
INFO: Run Behavior\ReadHtmlCacheBehavior [ RunTime:0.000648s ]
INFO: [ app_begin ] --END-- [ RunTime:0.000703s ]
INFO: [ view_parse ] --START--
INFO: [ template_filter ] --START--
INFO: Run Behavior\ContentReplaceBehavior [ RunTime:0.000156s ]
INFO: [ template_filter ] --END-- [ RunTime:0.000212s ]
NOTIC: [8] Undefined variable: datatype D:\myenv\apache\htdocs\pgyidc\Application\Runtime\Cache\Admin\63324c4caf19a9ca55ccebc7518f6571.php 第 686 行.
NOTIC: [8] Undefined variable: fid D:\myenv\apache\htdocs\pgyidc\Application\Runtime\Cache\Admin\63324c4caf19a9ca55ccebc7518f6571.php 第 687 行.
INFO: Run Behavior\ParseTemplateBehavior [ RunTime:0.015855s ]
INFO: [ view_parse ] --END-- [ RunTime:0.015905s ]
INFO: [ view_filter ] --START--
INFO: Run Behavior\WriteHtmlCacheBehavior [ RunTime:0.000437s ]
INFO: [ view_filter ] --END-- [ RunTime:0.000484s ]
INFO: [ app_end ] --START--
INFO: Run Behavior\ShowPageTraceBehavior [ RunTime:0.000711s ]
INFO: [ app_end ] --END-- [ RunTime:0.000769s ]

[ 2018-06-11T09:29:33+08:00 ] 127.0.0.1 /Admin/Firewall/blacklist.html
INFO: [ app_init ] --START--
INFO: Run Behavior\BuildLiteBehavior [ RunTime:0.000013s ]
INFO: [ app_init ] --END-- [ RunTime:0.000420s ]
INFO: [ app_begin ] --START--
INFO: Run Behavior\ReadHtmlCacheBehavior [ RunTime:0.000728s ]
INFO: [ app_begin ] --END-- [ RunTime:0.000786s ]
INFO: [ view_parse ] --START--
INFO: [ template_filter ] --START--
INFO: Run Behavior\ContentReplaceBehavior [ RunTime:0.000130s ]
INFO: [ template_filter ] --END-- [ RunTime:0.000186s ]
NOTIC: [8] Undefined variable: datatype D:\myenv\apache\htdocs\pgyidc\Application\Runtime\Cache\Admin\de7f534b4bada5a7a038e7f1177860d9.php 第 666 行.
NOTIC: [8] Undefined variable: fid D:\myenv\apache\htdocs\pgyidc\Application\Runtime\Cache\Admin\de7f534b4bada5a7a038e7f1177860d9.php 第 667 行.
INFO: Run Behavior\ParseTemplateBehavior [ RunTime:0.015397s ]
INFO: [ view_parse ] --END-- [ RunTime:0.015449s ]
INFO: [ view_filter ] --START--
INFO: Run Behavior\WriteHtmlCacheBehavior [ RunTime:0.000476s ]
INFO: [ view_filter ] --END-- [ RunTime:0.000518s ]
INFO: [ app_end ] --START--
INFO: Run Behavior\ShowPageTraceBehavior [ RunTime:0.000749s ]
INFO: [ app_end ] --END-- [ RunTime:0.000796s ]

[ 2018-06-11T16:22:59+08:00 ] 127.0.0.1 /Admin/Index/index.html
INFO: [ app_init ] --START--
INFO: Run Behavior\BuildLiteBehavior [ RunTime:0.000013s ]
INFO: [ app_init ] --END-- [ RunTime:0.000471s ]
INFO: [ app_begin ] --START--
INFO: Run Behavior\ReadHtmlCacheBehavior [ RunTime:0.000730s ]
INFO: [ app_begin ] --END-- [ RunTime:0.000789s ]
SQL: SHOW COLUMNS FROM `paylog` [ RunTime:0.0067s ]
SQL: SELECT SUM(money) as my FROM `paylog` WHERE ( userid=1 and datatype=0 )  [ RunTime:0.0010s ]
SQL: SELECT SUM(money) as my FROM `paylog` WHERE ( userid=1 and datatype=1 )  [ RunTime:0.0005s ]
SQL: SHOW COLUMNS FROM `users` [ RunTime:0.0065s ]
SQL: SELECT * FROM `users` WHERE ( UserID=1 ) LIMIT 1   [ RunTime:0.0013s ]
INFO: [ view_parse ] --START--
INFO: [ template_filter ] --START--
INFO: Run Behavior\ContentReplaceBehavior [ RunTime:0.000160s ]
INFO: [ template_filter ] --END-- [ RunTime:0.000218s ]
NOTIC: [8] Undefined variable: datatype D:\myenv\apache\htdocs\pgyidc\Application\Runtime\Cache\Admin\b595b808c2ebeeeb0478ffc30bb4e87a.php 第 786 行.
NOTIC: [8] Undefined variable: fid D:\myenv\apache\htdocs\pgyidc\Application\Runtime\Cache\Admin\b595b808c2ebeeeb0478ffc30bb4e87a.php 第 787 行.
INFO: Run Behavior\ParseTemplateBehavior [ RunTime:0.017475s ]
INFO: [ view_parse ] --END-- [ RunTime:0.017529s ]
INFO: [ view_filter ] --START--
INFO: Run Behavior\WriteHtmlCacheBehavior [ RunTime:0.000559s ]
INFO: [ view_filter ] --END-- [ RunTime:0.000605s ]
INFO: [ app_end ] --START--
INFO: Run Behavior\ShowPageTraceBehavior [ RunTime:0.000906s ]
INFO: [ app_end ] --END-- [ RunTime:0.000973s ]

[ 2018-06-11T16:23:10+08:00 ] 127.0.0.1 /Admin/officweb/memberlist.html
INFO: [ app_init ] --START--
INFO: Run Behavior\BuildLiteBehavior [ RunTime:0.000011s ]
INFO: [ app_init ] --END-- [ RunTime:0.000468s ]
INFO: [ app_begin ] --START--
INFO: Run Behavior\ReadHtmlCacheBehavior [ RunTime:0.000647s ]
INFO: [ app_begin ] --END-- [ RunTime:0.000703s ]
SQL: SHOW COLUMNS FROM `users` [ RunTime:0.0125s ]
SQL: SHOW COLUMNS FROM `paylog` [ RunTime:0.0132s ]
SQL: SELECT COUNT(*) AS tp_count FROM `users` WHERE `UserName` LIKE '%%' OR `LinkMail` LIKE '%%' LIMIT 1   [ RunTime:0.0020s ]
SQL: SELECT * FROM `users` WHERE `UserName` LIKE '%%' OR `LinkMail` LIKE '%%' ORDER BY UserID DESC LIMIT 0,15   [ RunTime:0.0016s ]
SQL: SELECT SUM(money) as my FROM `paylog` WHERE ( userid=8 and datatype=0 )  [ RunTime:0.0010s ]
SQL: SELECT SUM(money) as my FROM `paylog` WHERE ( userid=8 and datatype=1 )  [ RunTime:0.0010s ]
SQL: SELECT SUM(money) as my FROM `paylog` WHERE ( userid=7 and datatype=0 )  [ RunTime:0.0010s ]
SQL: SELECT SUM(money) as my FROM `paylog` WHERE ( userid=7 and datatype=1 )  [ RunTime:0.0010s ]
SQL: SELECT SUM(money) as my FROM `paylog` WHERE ( userid=6 and datatype=0 )  [ RunTime:0.0008s ]
SQL: SELECT SUM(money) as my FROM `paylog` WHERE ( userid=6 and datatype=1 )  [ RunTime:0.0008s ]
SQL: SELECT SUM(money) as my FROM `paylog` WHERE ( userid=5 and datatype=0 )  [ RunTime:0.0006s ]
SQL: SELECT SUM(money) as my FROM `paylog` WHERE ( userid=5 and datatype=1 )  [ RunTime:0.0005s ]
SQL: SELECT SUM(money) as my FROM `paylog` WHERE ( userid=4 and datatype=0 )  [ RunTime:0.0005s ]
SQL: SELECT SUM(money) as my FROM `paylog` WHERE ( userid=4 and datatype=1 )  [ RunTime:0.0005s ]
SQL: SELECT SUM(money) as my FROM `paylog` WHERE ( userid=3 and datatype=0 )  [ RunTime:0.0006s ]
SQL: SELECT SUM(money) as my FROM `paylog` WHERE ( userid=3 and datatype=1 )  [ RunTime:0.0005s ]
SQL: SELECT SUM(money) as my FROM `paylog` WHERE ( userid=1 and datatype=0 )  [ RunTime:0.0005s ]
SQL: SELECT SUM(money) as my FROM `paylog` WHERE ( userid=1 and datatype=1 )  [ RunTime:0.0005s ]
INFO: [ view_parse ] --START--
INFO: [ template_filter ] --START--
INFO: Run Behavior\ContentReplaceBehavior [ RunTime:0.000200s ]
INFO: [ template_filter ] --END-- [ RunTime:0.000271s ]
NOTIC: [8] Undefined variable: datatype D:\myenv\apache\htdocs\pgyidc\Application\Runtime\Cache\Admin\653b4dd43436a923df7668e367f26b52.php 第 711 行.
NOTIC: [8] Undefined variable: fid D:\myenv\apache\htdocs\pgyidc\Application\Runtime\Cache\Admin\653b4dd43436a923df7668e367f26b52.php 第 712 行.
INFO: Run Behavior\ParseTemplateBehavior [ RunTime:0.040217s ]
INFO: [ view_parse ] --END-- [ RunTime:0.040311s ]
INFO: [ view_filter ] --START--
INFO: Run Behavior\WriteHtmlCacheBehavior [ RunTime:0.000646s ]
INFO: [ view_filter ] --END-- [ RunTime:0.000707s ]
INFO: [ app_end ] --START--
INFO: Run Behavior\ShowPageTraceBehavior [ RunTime:0.000670s ]
INFO: [ app_end ] --END-- [ RunTime:0.000733s ]

[ 2018-06-11T16:23:12+08:00 ] 127.0.0.1 /Admin/officweb/cloudlist.html
INFO: [ app_init ] --START--
INFO: Run Behavior\BuildLiteBehavior [ RunTime:0.000013s ]
INFO: [ app_init ] --END-- [ RunTime:0.000468s ]
INFO: [ app_begin ] --START--
INFO: Run Behavior\ReadHtmlCacheBehavior [ RunTime:0.000648s ]
INFO: [ app_begin ] --END-- [ RunTime:0.000705s ]
SQL: SHOW COLUMNS FROM `configinfo` [ RunTime:0.0132s ]
SQL: SHOW COLUMNS FROM `configlist` [ RunTime:0.0133s ]
SQL: SELECT `ID`,`Title` FROM `configlist` WHERE ( Property=0 ) ORDER BY Px ASC  [ RunTime:0.0018s ]
SQL: SELECT `CID`,`Title` FROM `configinfo` WHERE `DataType` = 0 AND `NavData` = 1 AND `DataName` = 0 ORDER BY CID ASC  [ RunTime:0.0007s ]
NOTIC: [8] Undefined variable: datatype D:\myenv\apache\htdocs\pgyidc\Application\Admin\Controller\OfficwebController.class.php 第 282 行.
INFO: [ view_parse ] --START--
INFO: [ template_filter ] --START--
INFO: Run Behavior\ContentReplaceBehavior [ RunTime:0.000142s ]
INFO: [ template_filter ] --END-- [ RunTime:0.000191s ]
NOTIC: [8] Undefined index: quotid D:\myenv\apache\htdocs\pgyidc\Application\Runtime\Cache\Admin\d835a3852ff4fa9b0924afb033133a4c.php 第 377 行.
NOTIC: [8] Undefined index: quotid D:\myenv\apache\htdocs\pgyidc\Application\Runtime\Cache\Admin\d835a3852ff4fa9b0924afb033133a4c.php 第 377 行.
INFO: Run Behavior\ParseTemplateBehavior [ RunTime:0.025061s ]
INFO: [ view_parse ] --END-- [ RunTime:0.025112s ]
INFO: [ view_filter ] --START--
INFO: Run Behavior\WriteHtmlCacheBehavior [ RunTime:0.000455s ]
INFO: [ view_filter ] --END-- [ RunTime:0.000497s ]
INFO: [ app_end ] --START--
INFO: Run Behavior\ShowPageTraceBehavior [ RunTime:0.000740s ]
INFO: [ app_end ] --END-- [ RunTime:0.000804s ]

[ 2018-06-11T16:23:15+08:00 ] 127.0.0.1 /Admin/Officweb/cloudinfo/cid/1/fid/1.html
INFO: [ app_init ] --START--
INFO: Run Behavior\BuildLiteBehavior [ RunTime:0.000012s ]
INFO: [ app_init ] --END-- [ RunTime:0.000435s ]
INFO: [ app_begin ] --START--
INFO: Run Behavior\ReadHtmlCacheBehavior [ RunTime:0.000615s ]
INFO: [ app_begin ] --END-- [ RunTime:0.000667s ]
SQL: SHOW COLUMNS FROM `configinfo` [ RunTime:0.0132s ]
SQL: SELECT `Title` FROM `configinfo` WHERE ( CID =1 ) LIMIT 1   [ RunTime:0.0021s ]
SQL: SELECT `DataName`,`Title` FROM `configinfo` WHERE ( FatherID =1 and NavData=1 )  [ RunTime:0.0014s ]
SQL: SHOW COLUMNS FROM `coreprice` [ RunTime:0.0128s ]
SQL: SELECT * FROM `coreprice` WHERE ( CID =1 )  [ RunTime:0.0017s ]
SQL: SHOW COLUMNS FROM `price` [ RunTime:0.0078s ]
SQL: SELECT `DataName`,`Prix` FROM `price` WHERE ( CID =1 )  [ RunTime:0.0013s ]
SQL: SHOW COLUMNS FROM `configlist` [ RunTime:0.0074s ]
SQL: SELECT `ID`,`Title` FROM `configlist` ORDER BY ID ASC  [ RunTime:0.0014s ]
INFO: [ view_parse ] --START--
INFO: [ template_filter ] --START--
INFO: Run Behavior\ContentReplaceBehavior [ RunTime:0.000243s ]
INFO: [ template_filter ] --END-- [ RunTime:0.000314s ]
NOTIC: [8] Undefined index: core21 D:\myenv\apache\htdocs\pgyidc\Application\Runtime\Cache\Admin\4aab5680290bcdbbf84e009b97c33b21.php 第 481 行.
NOTIC: [8] Undefined index: snapshot D:\myenv\apache\htdocs\pgyidc\Application\Runtime\Cache\Admin\4aab5680290bcdbbf84e009b97c33b21.php 第 569 行.
NOTIC: [8] Undefined index: full D:\myenv\apache\htdocs\pgyidc\Application\Runtime\Cache\Admin\4aab5680290bcdbbf84e009b97c33b21.php 第 577 行.
NOTIC: [8] Undefined variable: datatype D:\myenv\apache\htdocs\pgyidc\Application\Runtime\Cache\Admin\4aab5680290bcdbbf84e009b97c33b21.php 第 946 行.
INFO: Run Behavior\ParseTemplateBehavior [ RunTime:0.043267s ]
INFO: [ view_parse ] --END-- [ RunTime:0.043328s ]
INFO: [ view_filter ] --START--
INFO: Run Behavior\WriteHtmlCacheBehavior [ RunTime:0.000486s ]
INFO: [ view_filter ] --END-- [ RunTime:0.000531s ]
INFO: [ app_end ] --START--
INFO: Run Behavior\ShowPageTraceBehavior [ RunTime:0.000709s ]
INFO: [ app_end ] --END-- [ RunTime:0.000775s ]

[ 2018-06-11T16:23:27+08:00 ] 127.0.0.1 /Admin/Officweb/cloudadd.html
INFO: [ app_init ] --START--
INFO: Run Behavior\BuildLiteBehavior [ RunTime:0.000013s ]
INFO: [ app_init ] --END-- [ RunTime:0.000486s ]
INFO: [ app_begin ] --START--
INFO: Run Behavior\ReadHtmlCacheBehavior [ RunTime:0.000732s ]
INFO: [ app_begin ] --END-- [ RunTime:0.000790s ]
SQL: SHOW COLUMNS FROM `configinfo` [ RunTime:0.0139s ]
SQL: SELECT `CID`,`Title` FROM `configinfo` WHERE ( DataName =0 and NavData =1 and DataType =0 and CID =1 ) LIMIT 1   [ RunTime:0.0022s ]
SQL: UPDATE `configinfo` SET `NavData`='1',`Title`='宿迁三线BGP10G',`DataName`='0',`DataType`='0' WHERE ( CID=1 ) [ RunTime:0.0017s ]
SQL: SELECT `CID`,`Title` FROM `configinfo` WHERE ( DataName =1 and NavData =1 and DataType =0 and FatherID =1 ) LIMIT 1   [ RunTime:0.0016s ]
SQL: UPDATE `configinfo` SET `NavData`='1',`Title`='10/10',`DataName`='1',`DataType`='0',`FatherID`='1' WHERE ( CID=11 ) [ RunTime:0.0014s ]
SQL: SELECT `CID`,`Title` FROM `configinfo` WHERE ( DataName =2 and NavData =1 and DataType =0 and FatherID =1 ) LIMIT 1   [ RunTime:0.0013s ]
SQL: UPDATE `configinfo` SET `NavData`='1',`Title`='30G/50G',`DataName`='2',`DataType`='0',`FatherID`='1' WHERE ( CID=12 ) [ RunTime:0.0013s ]
SQL: SELECT `CID`,`Title` FROM `configinfo` WHERE ( DataName =3 and NavData =1 and DataType =0 and FatherID =1 ) LIMIT 1   [ RunTime:0.0014s ]
SQL: UPDATE `configinfo` SET `NavData`='1',`Title`='1个/2个',`DataName`='3',`DataType`='0',`FatherID`='1' WHERE ( CID=13 ) [ RunTime:0.0012s ]
SQL: SHOW COLUMNS FROM `price` [ RunTime:0.0095s ]
SQL: SELECT `PID`,`Prix` FROM `price` WHERE ( DataName =3 and CID =1 and DataType =0 ) LIMIT 1   [ RunTime:0.0014s ]
SQL: UPDATE `price` SET `CID`='1',`DataType`='0',`Prix`='260',`DataName`='3' WHERE ( PID=9 ) [ RunTime:0.0008s ]
SQL: SELECT `PID`,`Prix` FROM `price` WHERE ( DataName =0 and CID =1 and DataType =0 ) LIMIT 1   [ RunTime:0.0008s ]
SQL: UPDATE `price` SET `CID`='1',`DataType`='0',`Prix`='50',`DataName`='0' WHERE ( PID=6 ) [ RunTime:0.0007s ]
SQL: SELECT `PID`,`Prix` FROM `price` WHERE ( DataName =4 and CID =1 and DataType =0 ) LIMIT 1   [ RunTime:0.0008s ]
SQL: UPDATE `price` SET `CID`='1',`DataType`='0',`Prix`='10',`DataName`='4' WHERE ( PID=7 ) [ RunTime:0.0009s ]
SQL: SELECT `PID`,`Prix` FROM `price` WHERE ( DataName =5 and CID =1 and DataType =0 ) LIMIT 1   [ RunTime:0.0009s ]
SQL: UPDATE `price` SET `CID`='1',`DataType`='0',`Prix`='200',`DataName`='5' WHERE ( PID=8 ) [ RunTime:0.0008s ]
SQL: SELECT `PID`,`Prix` FROM `price` WHERE ( DataName =1 and CID =1 and DataType =0 ) LIMIT 1   [ RunTime:0.0008s ]
SQL: SELECT `PID`,`Prix` FROM `price` WHERE ( DataName =6 and CID =1 and DataType =0 ) LIMIT 1   [ RunTime:0.0009s ]
SQL: SELECT `PID`,`Prix` FROM `price` WHERE ( DataName =2 and CID =1 and DataType =0 ) LIMIT 1   [ RunTime:0.0008s ]
SQL: UPDATE `price` SET `CID`='1',`DataType`='0',`Prix`='1',`DataName`='2' WHERE ( PID=5 ) [ RunTime:0.0008s ]
SQL: SHOW COLUMNS FROM `coreprice` [ RunTime:0.0078s ]
SQL: SELECT `ID` FROM `coreprice` WHERE ( Kernel =2.000000 and Gigabyte =1.000000 and CID =1 ) LIMIT 1   [ RunTime:0.0010s ]
SQL: SELECT `ID` FROM `coreprice` WHERE ( Kernel =2.000000 and Gigabyte =2.000000 and CID =1 ) LIMIT 1   [ RunTime:0.0007s ]
SQL: UPDATE `coreprice` SET `CID`='1',`Prix`='30',`Kernel`='2',`Gigabyte`='2' WHERE ( ID=22 ) [ RunTime:0.0007s ]
SQL: SELECT `ID` FROM `coreprice` WHERE ( Kernel =2.000000 and Gigabyte =4.000000 and CID =1 ) LIMIT 1   [ RunTime:0.0006s ]
SQL: UPDATE `coreprice` SET `CID`='1',`Prix`='90',`Kernel`='2',`Gigabyte`='4' WHERE ( ID=23 ) [ RunTime:0.0006s ]
SQL: SELECT `ID` FROM `coreprice` WHERE ( Kernel =2.000000 and Gigabyte =8.000000 and CID =1 ) LIMIT 1   [ RunTime:0.0006s ]
SQL: UPDATE `coreprice` SET `CID`='1',`Prix`='210',`Kernel`='2',`Gigabyte`='8' WHERE ( ID=24 ) [ RunTime:0.0006s ]
SQL: SELECT `ID` FROM `coreprice` WHERE ( Kernel =4.000000 and Gigabyte =1.000000 and CID =1 ) LIMIT 1   [ RunTime:0.0007s ]
SQL: UPDATE `coreprice` SET `CID`='1',`Prix`='60',`Kernel`='4',`Gigabyte`='1' WHERE ( ID=25 ) [ RunTime:0.0006s ]
SQL: SELECT `ID` FROM `coreprice` WHERE ( Kernel =4.000000 and Gigabyte =2.000000 and CID =1 ) LIMIT 1   [ RunTime:0.0006s ]
SQL: UPDATE `coreprice` SET `CID`='1',`Prix`='90',`Kernel`='4',`Gigabyte`='2' WHERE ( ID=26 ) [ RunTime:0.0006s ]
SQL: SELECT `ID` FROM `coreprice` WHERE ( Kernel =4.000000 and Gigabyte =4.000000 and CID =1 ) LIMIT 1   [ RunTime:0.0006s ]
SQL: UPDATE `coreprice` SET `CID`='1',`Prix`='150',`Kernel`='4',`Gigabyte`='4' WHERE ( ID=27 ) [ RunTime:0.0007s ]
SQL: SELECT `ID` FROM `coreprice` WHERE ( Kernel =4.000000 and Gigabyte =8.000000 and CID =1 ) LIMIT 1   [ RunTime:0.0007s ]
SQL: UPDATE `coreprice` SET `CID`='1',`Prix`='270',`Kernel`='4',`Gigabyte`='8' WHERE ( ID=28 ) [ RunTime:0.0006s ]
SQL: SELECT `ID` FROM `coreprice` WHERE ( Kernel =8.000000 and Gigabyte =1.000000 and CID =1 ) LIMIT 1   [ RunTime:0.0006s ]
SQL: UPDATE `coreprice` SET `CID`='1',`Prix`='180',`Kernel`='8',`Gigabyte`='1' WHERE ( ID=29 ) [ RunTime:0.0006s ]
SQL: SELECT `ID` FROM `coreprice` WHERE ( Kernel =8.000000 and Gigabyte =2.000000 and CID =1 ) LIMIT 1   [ RunTime:0.0006s ]
SQL: UPDATE `coreprice` SET `CID`='1',`Prix`='210',`Kernel`='8',`Gigabyte`='2' WHERE ( ID=30 ) [ RunTime:0.0006s ]
SQL: SELECT `ID` FROM `coreprice` WHERE ( Kernel =8.000000 and Gigabyte =4.000000 and CID =1 ) LIMIT 1   [ RunTime:0.0006s ]
SQL: UPDATE `coreprice` SET `CID`='1',`Prix`='270',`Kernel`='8',`Gigabyte`='4' WHERE ( ID=31 ) [ RunTime:0.0006s ]
SQL: SELECT `ID` FROM `coreprice` WHERE ( Kernel =8.000000 and Gigabyte =8.000000 and CID =1 ) LIMIT 1   [ RunTime:0.0006s ]
SQL: DELETE FROM `coreprice` WHERE ( ID=32 ) [ RunTime:0.0341s ]
INFO: [ view_parse ] --START--
INFO: [ template_filter ] --START--
INFO: Run Behavior\ContentReplaceBehavior [ RunTime:0.000092s ]
INFO: [ template_filter ] --END-- [ RunTime:0.000203s ]
INFO: Run Behavior\ParseTemplateBehavior [ RunTime:0.023835s ]
INFO: [ view_parse ] --END-- [ RunTime:0.023933s ]
INFO: [ view_filter ] --START--
INFO: Run Behavior\WriteHtmlCacheBehavior [ RunTime:0.000844s ]
INFO: [ view_filter ] --END-- [ RunTime:0.000937s ]
INFO: [ app_end ] --START--
INFO: Run Behavior\ShowPageTraceBehavior [ RunTime:0.001321s ]
INFO: [ app_end ] --END-- [ RunTime:0.001417s ]

[ 2018-06-11T16:23:30+08:00 ] 127.0.0.1 /Admin/Officweb/cloudlist.html
INFO: [ app_init ] --START--
INFO: Run Behavior\BuildLiteBehavior [ RunTime:0.000024s ]
INFO: [ app_init ] --END-- [ RunTime:0.000898s ]
INFO: [ app_begin ] --START--
INFO: Run Behavior\ReadHtmlCacheBehavior [ RunTime:0.001330s ]
INFO: [ app_begin ] --END-- [ RunTime:0.001452s ]
SQL: SHOW COLUMNS FROM `configinfo` [ RunTime:0.0132s ]
SQL: SHOW COLUMNS FROM `configlist` [ RunTime:0.0131s ]
SQL: SELECT `ID`,`Title` FROM `configlist` WHERE ( Property=0 ) ORDER BY Px ASC  [ RunTime:0.0028s ]
SQL: SELECT `CID`,`Title` FROM `configinfo` WHERE `DataType` = 0 AND `NavData` = 1 AND `DataName` = 0 ORDER BY CID ASC  [ RunTime:0.0016s ]
NOTIC: [8] Undefined variable: datatype D:\myenv\apache\htdocs\pgyidc\Application\Admin\Controller\OfficwebController.class.php 第 282 行.
INFO: [ view_parse ] --START--
INFO: [ template_filter ] --START--
INFO: Run Behavior\ContentReplaceBehavior [ RunTime:0.000158s ]
INFO: [ template_filter ] --END-- [ RunTime:0.000212s ]
NOTIC: [8] Undefined index: quotid D:\myenv\apache\htdocs\pgyidc\Application\Runtime\Cache\Admin\d835a3852ff4fa9b0924afb033133a4c.php 第 377 行.
NOTIC: [8] Undefined index: quotid D:\myenv\apache\htdocs\pgyidc\Application\Runtime\Cache\Admin\d835a3852ff4fa9b0924afb033133a4c.php 第 377 行.
INFO: Run Behavior\ParseTemplateBehavior [ RunTime:0.019279s ]
INFO: [ view_parse ] --END-- [ RunTime:0.019334s ]
INFO: [ view_filter ] --START--
INFO: Run Behavior\WriteHtmlCacheBehavior [ RunTime:0.000537s ]
INFO: [ view_filter ] --END-- [ RunTime:0.000584s ]
INFO: [ app_end ] --START--
INFO: Run Behavior\ShowPageTraceBehavior [ RunTime:0.000814s ]
INFO: [ app_end ] --END-- [ RunTime:0.000883s ]

[ 2018-06-11T16:23:34+08:00 ] 127.0.0.1 /Admin/Officweb/cloudinfo/cid/1/fid/1.html
INFO: [ app_init ] --START--
INFO: Run Behavior\BuildLiteBehavior [ RunTime:0.000012s ]
INFO: [ app_init ] --END-- [ RunTime:0.000467s ]
INFO: [ app_begin ] --START--
INFO: Run Behavior\ReadHtmlCacheBehavior [ RunTime:0.000677s ]
INFO: [ app_begin ] --END-- [ RunTime:0.000733s ]
SQL: SHOW COLUMNS FROM `configinfo` [ RunTime:0.0065s ]
SQL: SELECT `Title` FROM `configinfo` WHERE ( CID =1 ) LIMIT 1   [ RunTime:0.0011s ]
SQL: SELECT `DataName`,`Title` FROM `configinfo` WHERE ( FatherID =1 and NavData=1 )  [ RunTime:0.0008s ]
SQL: SHOW COLUMNS FROM `coreprice` [ RunTime:0.0062s ]
SQL: SELECT * FROM `coreprice` WHERE ( CID =1 )  [ RunTime:0.0013s ]
SQL: SHOW COLUMNS FROM `price` [ RunTime:0.0061s ]
SQL: SELECT `DataName`,`Prix` FROM `price` WHERE ( CID =1 )  [ RunTime:0.0011s ]
SQL: SHOW COLUMNS FROM `configlist` [ RunTime:0.0060s ]
SQL: SELECT `ID`,`Title` FROM `configlist` ORDER BY ID ASC  [ RunTime:0.0011s ]
INFO: [ view_parse ] --START--
INFO: [ template_filter ] --START--
INFO: Run Behavior\ContentReplaceBehavior [ RunTime:0.000190s ]
INFO: [ template_filter ] --END-- [ RunTime:0.000248s ]
NOTIC: [8] Undefined index: core21 D:\myenv\apache\htdocs\pgyidc\Application\Runtime\Cache\Admin\4aab5680290bcdbbf84e009b97c33b21.php 第 481 行.
NOTIC: [8] Undefined index: core88 D:\myenv\apache\htdocs\pgyidc\Application\Runtime\Cache\Admin\4aab5680290bcdbbf84e009b97c33b21.php 第 509 行.
NOTIC: [8] Undefined index: snapshot D:\myenv\apache\htdocs\pgyidc\Application\Runtime\Cache\Admin\4aab5680290bcdbbf84e009b97c33b21.php 第 569 行.
NOTIC: [8] Undefined index: full D:\myenv\apache\htdocs\pgyidc\Application\Runtime\Cache\Admin\4aab5680290bcdbbf84e009b97c33b21.php 第 577 行.
NOTIC: [8] Undefined variable: datatype D:\myenv\apache\htdocs\pgyidc\Application\Runtime\Cache\Admin\4aab5680290bcdbbf84e009b97c33b21.php 第 946 行.
INFO: Run Behavior\ParseTemplateBehavior [ RunTime:0.019787s ]
INFO: [ view_parse ] --END-- [ RunTime:0.019840s ]
INFO: [ view_filter ] --START--
INFO: Run Behavior\WriteHtmlCacheBehavior [ RunTime:0.000475s ]
INFO: [ view_filter ] --END-- [ RunTime:0.000519s ]
INFO: [ app_end ] --START--
INFO: Run Behavior\ShowPageTraceBehavior [ RunTime:0.000720s ]
INFO: [ app_end ] --END-- [ RunTime:0.000786s ]

[ 2018-06-11T16:24:32+08:00 ] 127.0.0.1 /Admin/Index/index.html
INFO: [ app_init ] --START--
INFO: Run Behavior\BuildLiteBehavior [ RunTime:0.000012s ]
INFO: [ app_init ] --END-- [ RunTime:0.000395s ]
INFO: [ app_begin ] --START--
INFO: Run Behavior\ReadHtmlCacheBehavior [ RunTime:0.000596s ]
INFO: [ app_begin ] --END-- [ RunTime:0.000651s ]
SQL: SHOW COLUMNS FROM `paylog` [ RunTime:0.0133s ]
SQL: SELECT SUM(money) as my FROM `paylog` WHERE ( userid=1 and datatype=0 )  [ RunTime:0.0022s ]
SQL: SELECT SUM(money) as my FROM `paylog` WHERE ( userid=1 and datatype=1 )  [ RunTime:0.0018s ]
SQL: SHOW COLUMNS FROM `users` [ RunTime:0.0134s ]
SQL: SELECT * FROM `users` WHERE ( UserID=1 ) LIMIT 1   [ RunTime:0.0029s ]
INFO: [ view_parse ] --START--
INFO: [ template_filter ] --START--
INFO: Run Behavior\ContentReplaceBehavior [ RunTime:0.000178s ]
INFO: [ template_filter ] --END-- [ RunTime:0.000247s ]
NOTIC: [8] Undefined variable: datatype D:\myenv\apache\htdocs\pgyidc\Application\Runtime\Cache\Admin\b595b808c2ebeeeb0478ffc30bb4e87a.php 第 786 行.
NOTIC: [8] Undefined variable: fid D:\myenv\apache\htdocs\pgyidc\Application\Runtime\Cache\Admin\b595b808c2ebeeeb0478ffc30bb4e87a.php 第 787 行.
INFO: Run Behavior\ParseTemplateBehavior [ RunTime:0.021120s ]
INFO: [ view_parse ] --END-- [ RunTime:0.021226s ]
INFO: [ view_filter ] --START--
INFO: Run Behavior\WriteHtmlCacheBehavior [ RunTime:0.000634s ]
INFO: [ view_filter ] --END-- [ RunTime:0.000691s ]
INFO: [ app_end ] --START--
INFO: Run Behavior\ShowPageTraceBehavior [ RunTime:0.000913s ]
INFO: [ app_end ] --END-- [ RunTime:0.001003s ]

[ 2018-06-11T16:24:43+08:00 ] 127.0.0.1 /Admin/officweb/cloudlist.html
INFO: [ app_init ] --START--
INFO: Run Behavior\BuildLiteBehavior [ RunTime:0.000014s ]
INFO: [ app_init ] --END-- [ RunTime:0.000423s ]
INFO: [ app_begin ] --START--
INFO: Run Behavior\ReadHtmlCacheBehavior [ RunTime:0.000612s ]
INFO: [ app_begin ] --END-- [ RunTime:0.000663s ]
SQL: SHOW COLUMNS FROM `configinfo` [ RunTime:0.0061s ]
SQL: SHOW COLUMNS FROM `configlist` [ RunTime:0.0064s ]
SQL: SELECT `ID`,`Title` FROM `configlist` WHERE ( Property=0 ) ORDER BY Px ASC  [ RunTime:0.0011s ]
SQL: SELECT `CID`,`Title` FROM `configinfo` WHERE `DataType` = 0 AND `NavData` = 1 AND `DataName` = 0 ORDER BY CID ASC  [ RunTime:0.0004s ]
NOTIC: [8] Undefined variable: datatype D:\myenv\apache\htdocs\pgyidc\Application\Admin\Controller\OfficwebController.class.php 第 282 行.
INFO: [ view_parse ] --START--
INFO: [ template_filter ] --START--
INFO: Run Behavior\ContentReplaceBehavior [ RunTime:0.000146s ]
INFO: [ template_filter ] --END-- [ RunTime:0.000201s ]
NOTIC: [8] Undefined index: quotid D:\myenv\apache\htdocs\pgyidc\Application\Runtime\Cache\Admin\d835a3852ff4fa9b0924afb033133a4c.php 第 377 行.
NOTIC: [8] Undefined index: quotid D:\myenv\apache\htdocs\pgyidc\Application\Runtime\Cache\Admin\d835a3852ff4fa9b0924afb033133a4c.php 第 377 行.
INFO: Run Behavior\ParseTemplateBehavior [ RunTime:0.018176s ]
INFO: [ view_parse ] --END-- [ RunTime:0.018233s ]
INFO: [ view_filter ] --START--
INFO: Run Behavior\WriteHtmlCacheBehavior [ RunTime:0.000447s ]
INFO: [ view_filter ] --END-- [ RunTime:0.000489s ]
INFO: [ app_end ] --START--
INFO: Run Behavior\ShowPageTraceBehavior [ RunTime:0.000689s ]
INFO: [ app_end ] --END-- [ RunTime:0.000743s ]

[ 2018-06-11T16:24:45+08:00 ] 127.0.0.1 /Admin/Officweb/cloudinfo/cid/1/fid/1.html
INFO: [ app_init ] --START--
INFO: Run Behavior\BuildLiteBehavior [ RunTime:0.000012s ]
INFO: [ app_init ] --END-- [ RunTime:0.000459s ]
INFO: [ app_begin ] --START--
INFO: Run Behavior\ReadHtmlCacheBehavior [ RunTime:0.000605s ]
INFO: [ app_begin ] --END-- [ RunTime:0.000660s ]
SQL: SHOW COLUMNS FROM `configinfo` [ RunTime:0.0065s ]
SQL: SELECT `Title` FROM `configinfo` WHERE ( CID =1 ) LIMIT 1   [ RunTime:0.0012s ]
SQL: SELECT `DataName`,`Title` FROM `configinfo` WHERE ( FatherID =1 and NavData=1 )  [ RunTime:0.0005s ]
SQL: SHOW COLUMNS FROM `coreprice` [ RunTime:0.0059s ]
SQL: SELECT * FROM `coreprice` WHERE ( CID =1 )  [ RunTime:0.0013s ]
SQL: SHOW COLUMNS FROM `price` [ RunTime:0.0058s ]
SQL: SELECT `DataName`,`Prix` FROM `price` WHERE ( CID =1 )  [ RunTime:0.0012s ]
SQL: SHOW COLUMNS FROM `configlist` [ RunTime:0.0058s ]
SQL: SELECT `ID`,`Title` FROM `configlist` ORDER BY ID ASC  [ RunTime:0.0011s ]
INFO: [ view_parse ] --START--
INFO: [ template_filter ] --START--
INFO: Run Behavior\ContentReplaceBehavior [ RunTime:0.000184s ]
INFO: [ template_filter ] --END-- [ RunTime:0.000243s ]
NOTIC: [8] Undefined index: core21 D:\myenv\apache\htdocs\pgyidc\Application\Runtime\Cache\Admin\4aab5680290bcdbbf84e009b97c33b21.php 第 481 行.
NOTIC: [8] Undefined index: core88 D:\myenv\apache\htdocs\pgyidc\Application\Runtime\Cache\Admin\4aab5680290bcdbbf84e009b97c33b21.php 第 509 行.
NOTIC: [8] Undefined index: snapshot D:\myenv\apache\htdocs\pgyidc\Application\Runtime\Cache\Admin\4aab5680290bcdbbf84e009b97c33b21.php 第 569 行.
NOTIC: [8] Undefined index: full D:\myenv\apache\htdocs\pgyidc\Application\Runtime\Cache\Admin\4aab5680290bcdbbf84e009b97c33b21.php 第 577 行.
NOTIC: [8] Undefined variable: datatype D:\myenv\apache\htdocs\pgyidc\Application\Runtime\Cache\Admin\4aab5680290bcdbbf84e009b97c33b21.php 第 946 行.
INFO: Run Behavior\ParseTemplateBehavior [ RunTime:0.019649s ]
INFO: [ view_parse ] --END-- [ RunTime:0.019697s ]
INFO: [ view_filter ] --START--
INFO: Run Behavior\WriteHtmlCacheBehavior [ RunTime:0.000468s ]
INFO: [ view_filter ] --END-- [ RunTime:0.000514s ]
INFO: [ app_end ] --START--
INFO: Run Behavior\ShowPageTraceBehavior [ RunTime:0.000926s ]
INFO: [ app_end ] --END-- [ RunTime:0.001009s ]

[ 2018-06-11T16:26:33+08:00 ] 127.0.0.1 /Admin/Officweb/cloudadd.html
INFO: [ app_init ] --START--
INFO: Run Behavior\BuildLiteBehavior [ RunTime:0.000014s ]
INFO: [ app_init ] --END-- [ RunTime:0.000503s ]
INFO: [ app_begin ] --START--
INFO: Run Behavior\ReadHtmlCacheBehavior [ RunTime:0.000771s ]
INFO: [ app_begin ] --END-- [ RunTime:0.000834s ]
SQL: SHOW COLUMNS FROM `configinfo` [ RunTime:0.0128s ]
SQL: SELECT `CID`,`Title` FROM `configinfo` WHERE ( DataName =0 and NavData =1 and DataType =0 and CID =1 ) LIMIT 1   [ RunTime:0.0022s ]
SQL: UPDATE `configinfo` SET `NavData`='1',`Title`='宿迁三线BGP10G',`DataName`='0',`DataType`='0' WHERE ( CID=1 ) [ RunTime:0.0016s ]
SQL: SELECT `CID`,`Title` FROM `configinfo` WHERE ( DataName =1 and NavData =1 and DataType =0 and FatherID =1 ) LIMIT 1   [ RunTime:0.0015s ]
SQL: UPDATE `configinfo` SET `NavData`='1',`Title`='10/10',`DataName`='1',`DataType`='0',`FatherID`='1' WHERE ( CID=11 ) [ RunTime:0.0015s ]
SQL: SELECT `CID`,`Title` FROM `configinfo` WHERE ( DataName =2 and NavData =1 and DataType =0 and FatherID =1 ) LIMIT 1   [ RunTime:0.0015s ]
SQL: UPDATE `configinfo` SET `NavData`='1',`Title`='30G/50G',`DataName`='2',`DataType`='0',`FatherID`='1' WHERE ( CID=12 ) [ RunTime:0.0012s ]
SQL: SELECT `CID`,`Title` FROM `configinfo` WHERE ( DataName =3 and NavData =1 and DataType =0 and FatherID =1 ) LIMIT 1   [ RunTime:0.0012s ]
SQL: UPDATE `configinfo` SET `NavData`='1',`Title`='1个/2个',`DataName`='3',`DataType`='0',`FatherID`='1' WHERE ( CID=13 ) [ RunTime:0.0013s ]
SQL: SHOW COLUMNS FROM `price` [ RunTime:0.0125s ]
SQL: SELECT `PID`,`Prix` FROM `price` WHERE ( DataName =3 and CID =1 and DataType =0 ) LIMIT 1   [ RunTime:0.0014s ]
SQL: UPDATE `price` SET `CID`='1',`DataType`='0',`Prix`='260',`DataName`='3' WHERE ( PID=9 ) [ RunTime:0.0010s ]
SQL: SELECT `PID`,`Prix` FROM `price` WHERE ( DataName =0 and CID =1 and DataType =0 ) LIMIT 1   [ RunTime:0.0010s ]
SQL: UPDATE `price` SET `CID`='1',`DataType`='0',`Prix`='50',`DataName`='0' WHERE ( PID=6 ) [ RunTime:0.0009s ]
SQL: SELECT `PID`,`Prix` FROM `price` WHERE ( DataName =4 and CID =1 and DataType =0 ) LIMIT 1   [ RunTime:0.0009s ]
SQL: UPDATE `price` SET `CID`='1',`DataType`='0',`Prix`='10',`DataName`='4' WHERE ( PID=7 ) [ RunTime:0.0009s ]
SQL: SELECT `PID`,`Prix` FROM `price` WHERE ( DataName =5 and CID =1 and DataType =0 ) LIMIT 1   [ RunTime:0.0008s ]
SQL: UPDATE `price` SET `CID`='1',`DataType`='0',`Prix`='200',`DataName`='5' WHERE ( PID=8 ) [ RunTime:0.0009s ]
SQL: SELECT `PID`,`Prix` FROM `price` WHERE ( DataName =1 and CID =1 and DataType =0 ) LIMIT 1   [ RunTime:0.0008s ]
SQL: SELECT `PID`,`Prix` FROM `price` WHERE ( DataName =6 and CID =1 and DataType =0 ) LIMIT 1   [ RunTime:0.0008s ]
SQL: SELECT `PID`,`Prix` FROM `price` WHERE ( DataName =2 and CID =1 and DataType =0 ) LIMIT 1   [ RunTime:0.0007s ]
SQL: UPDATE `price` SET `CID`='1',`DataType`='0',`Prix`='1',`DataName`='2' WHERE ( PID=5 ) [ RunTime:0.0007s ]
SQL: SHOW COLUMNS FROM `coreprice` [ RunTime:0.0079s ]
SQL: SELECT `ID` FROM `coreprice` WHERE ( Kernel =2.000000 and Gigabyte =1.000000 and CID =1 ) LIMIT 1   [ RunTime:0.0012s ]
SQL: SELECT `ID` FROM `coreprice` WHERE ( Kernel =2.000000 and Gigabyte =2.000000 and CID =1 ) LIMIT 1   [ RunTime:0.0009s ]
SQL: UPDATE `coreprice` SET `CID`='1',`Prix`='30',`Kernel`='2',`Gigabyte`='2' WHERE ( ID=22 ) [ RunTime:0.0009s ]
SQL: SELECT `ID` FROM `coreprice` WHERE ( Kernel =2.000000 and Gigabyte =4.000000 and CID =1 ) LIMIT 1   [ RunTime:0.0008s ]
SQL: UPDATE `coreprice` SET `CID`='1',`Prix`='90',`Kernel`='2',`Gigabyte`='4' WHERE ( ID=23 ) [ RunTime:0.0008s ]
SQL: SELECT `ID` FROM `coreprice` WHERE ( Kernel =2.000000 and Gigabyte =8.000000 and CID =1 ) LIMIT 1   [ RunTime:0.0009s ]
SQL: DELETE FROM `coreprice` WHERE ( ID=24 ) [ RunTime:0.0284s ]
SQL: SELECT `ID` FROM `coreprice` WHERE ( Kernel =4.000000 and Gigabyte =1.000000 and CID =1 ) LIMIT 1   [ RunTime:0.0017s ]
SQL: UPDATE `coreprice` SET `CID`='1',`Prix`='60',`Kernel`='4',`Gigabyte`='1' WHERE ( ID=25 ) [ RunTime:0.0017s ]
SQL: SELECT `ID` FROM `coreprice` WHERE ( Kernel =4.000000 and Gigabyte =2.000000 and CID =1 ) LIMIT 1   [ RunTime:0.0015s ]
SQL: UPDATE `coreprice` SET `CID`='1',`Prix`='90',`Kernel`='4',`Gigabyte`='2' WHERE ( ID=26 ) [ RunTime:0.0015s ]
SQL: SELECT `ID` FROM `coreprice` WHERE ( Kernel =4.000000 and Gigabyte =4.000000 and CID =1 ) LIMIT 1   [ RunTime:0.0015s ]
SQL: UPDATE `coreprice` SET `CID`='1',`Prix`='150',`Kernel`='4',`Gigabyte`='4' WHERE ( ID=27 ) [ RunTime:0.0013s ]
SQL: SELECT `ID` FROM `coreprice` WHERE ( Kernel =4.000000 and Gigabyte =8.000000 and CID =1 ) LIMIT 1   [ RunTime:0.0012s ]
SQL: DELETE FROM `coreprice` WHERE ( ID=28 ) [ RunTime:0.0252s ]
SQL: SELECT `ID` FROM `coreprice` WHERE ( Kernel =8.000000 and Gigabyte =1.000000 and CID =1 ) LIMIT 1   [ RunTime:0.0019s ]
SQL: DELETE FROM `coreprice` WHERE ( ID=29 ) [ RunTime:0.0290s ]
SQL: SELECT `ID` FROM `coreprice` WHERE ( Kernel =8.000000 and Gigabyte =2.000000 and CID =1 ) LIMIT 1   [ RunTime:0.0018s ]
SQL: DELETE FROM `coreprice` WHERE ( ID=30 ) [ RunTime:0.0301s ]
SQL: SELECT `ID` FROM `coreprice` WHERE ( Kernel =8.000000 and Gigabyte =4.000000 and CID =1 ) LIMIT 1   [ RunTime:0.0017s ]
SQL: DELETE FROM `coreprice` WHERE ( ID=31 ) [ RunTime:0.0295s ]
SQL: SELECT `ID` FROM `coreprice` WHERE ( Kernel =8.000000 and Gigabyte =8.000000 and CID =1 ) LIMIT 1   [ RunTime:0.0018s ]
INFO: [ view_parse ] --START--
INFO: [ template_filter ] --START--
INFO: Run Behavior\ContentReplaceBehavior [ RunTime:0.000092s ]
INFO: [ template_filter ] --END-- [ RunTime:0.000193s ]
INFO: Run Behavior\ParseTemplateBehavior [ RunTime:0.012805s ]
INFO: [ view_parse ] --END-- [ RunTime:0.012927s ]
INFO: [ view_filter ] --START--
INFO: Run Behavior\WriteHtmlCacheBehavior [ RunTime:0.001022s ]
INFO: [ view_filter ] --END-- [ RunTime:0.001111s ]
INFO: [ app_end ] --START--
INFO: Run Behavior\ShowPageTraceBehavior [ RunTime:0.001491s ]
INFO: [ app_end ] --END-- [ RunTime:0.001586s ]

[ 2018-06-11T16:26:35+08:00 ] 127.0.0.1 /Admin/Officweb/cloudlist.html
INFO: [ app_init ] --START--
INFO: Run Behavior\BuildLiteBehavior [ RunTime:0.000016s ]
INFO: [ app_init ] --END-- [ RunTime:0.000572s ]
INFO: [ app_begin ] --START--
INFO: Run Behavior\ReadHtmlCacheBehavior [ RunTime:0.000829s ]
INFO: [ app_begin ] --END-- [ RunTime:0.000905s ]
SQL: SHOW COLUMNS FROM `configinfo` [ RunTime:0.0131s ]
SQL: SHOW COLUMNS FROM `configlist` [ RunTime:0.0133s ]
SQL: SELECT `ID`,`Title` FROM `configlist` WHERE ( Property=0 ) ORDER BY Px ASC  [ RunTime:0.0024s ]
SQL: SELECT `CID`,`Title` FROM `configinfo` WHERE `DataType` = 0 AND `NavData` = 1 AND `DataName` = 0 ORDER BY CID ASC  [ RunTime:0.0014s ]
NOTIC: [8] Undefined variable: datatype D:\myenv\apache\htdocs\pgyidc\Application\Admin\Controller\OfficwebController.class.php 第 282 行.
INFO: [ view_parse ] --START--
INFO: [ template_filter ] --START--
INFO: Run Behavior\ContentReplaceBehavior [ RunTime:0.000315s ]
INFO: [ template_filter ] --END-- [ RunTime:0.000430s ]
NOTIC: [8] Undefined index: quotid D:\myenv\apache\htdocs\pgyidc\Application\Runtime\Cache\Admin\d835a3852ff4fa9b0924afb033133a4c.php 第 377 行.
NOTIC: [8] Undefined index: quotid D:\myenv\apache\htdocs\pgyidc\Application\Runtime\Cache\Admin\d835a3852ff4fa9b0924afb033133a4c.php 第 377 行.
INFO: Run Behavior\ParseTemplateBehavior [ RunTime:0.038841s ]
INFO: [ view_parse ] --END-- [ RunTime:0.038951s ]
INFO: [ view_filter ] --START--
INFO: Run Behavior\WriteHtmlCacheBehavior [ RunTime:0.000976s ]
INFO: [ view_filter ] --END-- [ RunTime:0.001072s ]
INFO: [ app_end ] --START--
INFO: Run Behavior\ShowPageTraceBehavior [ RunTime:0.001124s ]
INFO: [ app_end ] --END-- [ RunTime:0.001383s ]

