[ 2018-07-05T09:07:14+08:00 ] 127.0.0.1 /Admin/login.html
INFO: [ app_init ] --START--
INFO: Run Behavior\BuildLiteBehavior [ RunTime:0.000013s ]
INFO: [ app_init ] --END-- [ RunTime:0.000465s ]
INFO: [ app_begin ] --START--
INFO: Run Behavior\ReadHtmlCacheBehavior [ RunTime:0.000706s ]
INFO: [ app_begin ] --END-- [ RunTime:0.000762s ]
INFO: [ view_parse ] --START--
INFO: [ template_filter ] --START--
INFO: Run Behavior\ContentReplaceBehavior [ RunTime:0.000057s ]
INFO: [ template_filter ] --END-- [ RunTime:0.000122s ]
INFO: Run Behavior\ParseTemplateBehavior [ RunTime:0.014735s ]
INFO: [ view_parse ] --END-- [ RunTime:0.014795s ]
INFO: [ view_filter ] --START--
INFO: Run Behavior\WriteHtmlCacheBehavior [ RunTime:0.000497s ]
INFO: [ view_filter ] --END-- [ RunTime:0.000545s ]
INFO: [ app_end ] --START--
INFO: Run Behavior\ShowPageTraceBehavior [ RunTime:0.000814s ]
INFO: [ app_end ] --END-- [ RunTime:0.000865s ]

[ 2018-07-05T09:07:16+08:00 ] 127.0.0.1 /Admin/User/loginin
INFO: [ app_init ] --START--
INFO: Run Behavior\BuildLiteBehavior [ RunTime:0.000013s ]
INFO: [ app_init ] --END-- [ RunTime:0.000459s ]
INFO: [ app_begin ] --START--
INFO: Run Behavior\ReadHtmlCacheBehavior [ RunTime:0.000618s ]
INFO: [ app_begin ] --END-- [ RunTime:0.000666s ]
SQL: SHOW COLUMNS FROM `users` [ RunTime:0.0432s ]
SQL: SELECT `UserID` FROM `users` WHERE (  `UserName` = 'xiaocai' OR `LinkMail` = 'xiaocai' ) AND ( UserPsw ='39538ed9af2f892dcc904ee38926f867' ) LIMIT 1   [ RunTime:0.0018s ]
SQL: SELECT * FROM `users` WHERE (  `UserName` = 'xiaocai' OR `LinkMail` = 'xiaocai' ) AND ( UserPsw ='39538ed9af2f892dcc904ee38926f867' ) LIMIT 1   [ RunTime:0.0018s ]
SQL: SHOW COLUMNS FROM `users` [ RunTime:0.0117s ]
NOTIC: [8] Undefined index: validate D:\myenv\apache\htdocs\pgyidc\ThinkPHP\Library\Think\Model.class.php 第 1185 行.
NOTIC: [8] Undefined index: auto D:\myenv\apache\htdocs\pgyidc\ThinkPHP\Library\Think\Model.class.php 第 1128 行.
SQL: UPDATE `users` SET `LastTime`='1530752836',`WebGuid`='1757BE647-2186-47A5-AB16-D3323428D058',`EffectiveTime`='2018-07-06 09:07:16' WHERE ( UserID= 1 ) [ RunTime:0.0335s ]

[ 2018-07-05T09:07:17+08:00 ] 127.0.0.1 /Admin/index/index
INFO: [ app_init ] --START--
INFO: Run Behavior\BuildLiteBehavior [ RunTime:0.000038s ]
INFO: [ app_init ] --END-- [ RunTime:0.000956s ]
INFO: [ app_begin ] --START--
INFO: Run Behavior\ReadHtmlCacheBehavior [ RunTime:0.000926s ]
INFO: [ app_begin ] --END-- [ RunTime:0.001007s ]
SQL: SHOW COLUMNS FROM `paylog` [ RunTime:0.0275s ]
SQL: SELECT SUM(money) as my FROM `paylog` WHERE ( userid=1 and datatype=0 )  [ RunTime:0.0023s ]
SQL: SELECT SUM(money) as my FROM `paylog` WHERE ( userid=1 and datatype=1 )  [ RunTime:0.0009s ]
SQL: SHOW COLUMNS FROM `users` [ RunTime:0.0122s ]
SQL: SELECT * FROM `users` WHERE ( UserID=1 ) LIMIT 1   [ RunTime:0.0022s ]
INFO: [ view_parse ] --START--
INFO: [ template_filter ] --START--
INFO: Run Behavior\ContentReplaceBehavior [ RunTime:0.000346s ]
INFO: [ template_filter ] --END-- [ RunTime:0.000465s ]
NOTIC: [8] Undefined variable: cloud D:\myenv\apache\htdocs\pgyidc\Application\Runtime\Cache\Admin\b595b808c2ebeeeb0478ffc30bb4e87a.php 第 207 行.
NOTIC: [8] Undefined variable: physical D:\myenv\apache\htdocs\pgyidc\Application\Runtime\Cache\Admin\b595b808c2ebeeeb0478ffc30bb4e87a.php 第 216 行.
NOTIC: [8] Undefined variable: firewall D:\myenv\apache\htdocs\pgyidc\Application\Runtime\Cache\Admin\b595b808c2ebeeeb0478ffc30bb4e87a.php 第 236 行.
NOTIC: [8] Undefined variable: blockabroadip D:\myenv\apache\htdocs\pgyidc\Application\Runtime\Cache\Admin\b595b808c2ebeeeb0478ffc30bb4e87a.php 第 253 行.
NOTIC: [8] Undefined variable: guanwang D:\myenv\apache\htdocs\pgyidc\Application\Runtime\Cache\Admin\b595b808c2ebeeeb0478ffc30bb4e87a.php 第 265 行.
NOTIC: [8] Undefined variable: product D:\myenv\apache\htdocs\pgyidc\Application\Runtime\Cache\Admin\b595b808c2ebeeeb0478ffc30bb4e87a.php 第 280 行.
NOTIC: [8] Undefined variable: usercenter D:\myenv\apache\htdocs\pgyidc\Application\Runtime\Cache\Admin\b595b808c2ebeeeb0478ffc30bb4e87a.php 第 298 行.
INFO: Run Behavior\ParseTemplateBehavior [ RunTime:0.071661s ]
INFO: [ view_parse ] --END-- [ RunTime:0.071741s ]
INFO: [ view_filter ] --START--
INFO: Run Behavior\WriteHtmlCacheBehavior [ RunTime:0.000495s ]
INFO: [ view_filter ] --END-- [ RunTime:0.000547s ]
INFO: [ app_end ] --START--
INFO: Run Behavior\ShowPageTraceBehavior [ RunTime:0.000709s ]
INFO: [ app_end ] --END-- [ RunTime:0.000764s ]

[ 2018-07-05T09:08:28+08:00 ] 127.0.0.1 /Admin/officweb/jdcloudlist.html
INFO: [ app_init ] --START--
INFO: Run Behavior\BuildLiteBehavior [ RunTime:0.000013s ]
INFO: [ app_init ] --END-- [ RunTime:0.000423s ]
INFO: [ app_begin ] --START--
INFO: Run Behavior\ReadHtmlCacheBehavior [ RunTime:0.000608s ]
INFO: [ app_begin ] --END-- [ RunTime:0.000675s ]
SQL: SHOW COLUMNS FROM `jdcstandard` [ RunTime:0.0403s ]
SQL: SELECT * FROM `jdcstandard`  [ RunTime:0.0031s ]
SQL: SELECT COUNT(*) AS tp_count FROM `jdcstandard` WHERE `standardtype` LIKE '%%' OR `standard` LIKE '%%' LIMIT 1   [ RunTime:0.0017s ]
SQL: SELECT * FROM `jdcstandard` WHERE `standardtype` LIKE '%%' OR `standard` LIKE '%%' ORDER BY id DESC LIMIT 0,15   [ RunTime:0.0017s ]
SQL: SHOW COLUMNS FROM `jdcprice` [ RunTime:0.0369s ]
SQL: SELECT * FROM `jdcprice`  [ RunTime:0.0027s ]
NOTIC: [8] Undefined variable: fid D:\myenv\apache\htdocs\pgyidc\Application\Admin\Controller\OfficwebController.class.php 第 311 行.
INFO: [ view_parse ] --START--
INFO: [ template_filter ] --START--
INFO: Run Behavior\ContentReplaceBehavior [ RunTime:0.000340s ]
INFO: [ template_filter ] --END-- [ RunTime:0.000460s ]
NOTIC: [8] Undefined variable: cloud D:\myenv\apache\htdocs\pgyidc\Application\Runtime\Cache\Admin\24688f774a7f6f9f9509b6bef05c55c8.php 第 207 行.
NOTIC: [8] Undefined variable: physical D:\myenv\apache\htdocs\pgyidc\Application\Runtime\Cache\Admin\24688f774a7f6f9f9509b6bef05c55c8.php 第 216 行.
NOTIC: [8] Undefined variable: firewall D:\myenv\apache\htdocs\pgyidc\Application\Runtime\Cache\Admin\24688f774a7f6f9f9509b6bef05c55c8.php 第 236 行.
NOTIC: [8] Undefined variable: blockabroadip D:\myenv\apache\htdocs\pgyidc\Application\Runtime\Cache\Admin\24688f774a7f6f9f9509b6bef05c55c8.php 第 253 行.
NOTIC: [8] Undefined variable: guanwang D:\myenv\apache\htdocs\pgyidc\Application\Runtime\Cache\Admin\24688f774a7f6f9f9509b6bef05c55c8.php 第 265 行.
NOTIC: [8] Undefined variable: usercenter D:\myenv\apache\htdocs\pgyidc\Application\Runtime\Cache\Admin\24688f774a7f6f9f9509b6bef05c55c8.php 第 298 行.
NOTIC: [8] Undefined variable: keyword D:\myenv\apache\htdocs\pgyidc\Application\Runtime\Cache\Admin\24688f774a7f6f9f9509b6bef05c55c8.php 第 384 行.
INFO: Run Behavior\ParseTemplateBehavior [ RunTime:0.054301s ]
INFO: [ view_parse ] --END-- [ RunTime:0.054416s ]
INFO: [ view_filter ] --START--
INFO: Run Behavior\WriteHtmlCacheBehavior [ RunTime:0.000866s ]
INFO: [ view_filter ] --END-- [ RunTime:0.000960s ]
INFO: [ app_end ] --START--
INFO: Run Behavior\ShowPageTraceBehavior [ RunTime:0.000675s ]
INFO: [ app_end ] --END-- [ RunTime:0.000760s ]

[ 2018-07-05T09:35:45+08:00 ] 127.0.0.1 /Admin/Officweb/jdcloudlist/p/2.html
INFO: [ app_init ] --START--
INFO: Run Behavior\BuildLiteBehavior [ RunTime:0.000012s ]
INFO: [ app_init ] --END-- [ RunTime:0.000466s ]
INFO: [ app_begin ] --START--
INFO: Run Behavior\ReadHtmlCacheBehavior [ RunTime:0.000725s ]
INFO: [ app_begin ] --END-- [ RunTime:0.000784s ]
SQL: SHOW COLUMNS FROM `jdcstandard` [ RunTime:0.0121s ]
SQL: SELECT * FROM `jdcstandard`  [ RunTime:0.0031s ]
SQL: SELECT COUNT(*) AS tp_count FROM `jdcstandard` WHERE `standardtype` LIKE '%%' OR `standard` LIKE '%%' LIMIT 1   [ RunTime:0.0012s ]
SQL: SELECT * FROM `jdcstandard` WHERE `standardtype` LIKE '%%' OR `standard` LIKE '%%' ORDER BY id DESC LIMIT 15,15   [ RunTime:0.0014s ]
SQL: SHOW COLUMNS FROM `jdcprice` [ RunTime:0.0096s ]
SQL: SELECT * FROM `jdcprice`  [ RunTime:0.0013s ]
NOTIC: [8] Undefined variable: fid D:\myenv\apache\htdocs\pgyidc\Application\Admin\Controller\OfficwebController.class.php 第 311 行.
INFO: [ view_parse ] --START--
INFO: [ template_filter ] --START--
INFO: Run Behavior\ContentReplaceBehavior [ RunTime:0.000166s ]
INFO: [ template_filter ] --END-- [ RunTime:0.000220s ]
NOTIC: [8] Undefined variable: cloud D:\myenv\apache\htdocs\pgyidc\Application\Runtime\Cache\Admin\24688f774a7f6f9f9509b6bef05c55c8.php 第 207 行.
NOTIC: [8] Undefined variable: physical D:\myenv\apache\htdocs\pgyidc\Application\Runtime\Cache\Admin\24688f774a7f6f9f9509b6bef05c55c8.php 第 216 行.
NOTIC: [8] Undefined variable: firewall D:\myenv\apache\htdocs\pgyidc\Application\Runtime\Cache\Admin\24688f774a7f6f9f9509b6bef05c55c8.php 第 236 行.
NOTIC: [8] Undefined variable: blockabroadip D:\myenv\apache\htdocs\pgyidc\Application\Runtime\Cache\Admin\24688f774a7f6f9f9509b6bef05c55c8.php 第 253 行.
NOTIC: [8] Undefined variable: guanwang D:\myenv\apache\htdocs\pgyidc\Application\Runtime\Cache\Admin\24688f774a7f6f9f9509b6bef05c55c8.php 第 265 行.
NOTIC: [8] Undefined variable: usercenter D:\myenv\apache\htdocs\pgyidc\Application\Runtime\Cache\Admin\24688f774a7f6f9f9509b6bef05c55c8.php 第 298 行.
NOTIC: [8] Undefined variable: keyword D:\myenv\apache\htdocs\pgyidc\Application\Runtime\Cache\Admin\24688f774a7f6f9f9509b6bef05c55c8.php 第 384 行.
INFO: Run Behavior\ParseTemplateBehavior [ RunTime:0.019617s ]
INFO: [ view_parse ] --END-- [ RunTime:0.019672s ]
INFO: [ view_filter ] --START--
INFO: Run Behavior\WriteHtmlCacheBehavior [ RunTime:0.000488s ]
INFO: [ view_filter ] --END-- [ RunTime:0.000534s ]
INFO: [ app_end ] --START--
INFO: Run Behavior\ShowPageTraceBehavior [ RunTime:0.000850s ]
INFO: [ app_end ] --END-- [ RunTime:0.000943s ]

[ 2018-07-05T09:35:48+08:00 ] 127.0.0.1 /Admin/Officweb/jdcloudlist/p/3.html
INFO: [ app_init ] --START--
INFO: Run Behavior\BuildLiteBehavior [ RunTime:0.000012s ]
INFO: [ app_init ] --END-- [ RunTime:0.000460s ]
INFO: [ app_begin ] --START--
INFO: Run Behavior\ReadHtmlCacheBehavior [ RunTime:0.000653s ]
INFO: [ app_begin ] --END-- [ RunTime:0.000709s ]
SQL: SHOW COLUMNS FROM `jdcstandard` [ RunTime:0.0124s ]
SQL: SELECT * FROM `jdcstandard`  [ RunTime:0.0029s ]
SQL: SELECT COUNT(*) AS tp_count FROM `jdcstandard` WHERE `standardtype` LIKE '%%' OR `standard` LIKE '%%' LIMIT 1   [ RunTime:0.0015s ]
SQL: SELECT * FROM `jdcstandard` WHERE `standardtype` LIKE '%%' OR `standard` LIKE '%%' ORDER BY id DESC LIMIT 30,15   [ RunTime:0.0016s ]
SQL: SHOW COLUMNS FROM `jdcprice` [ RunTime:0.0117s ]
SQL: SELECT * FROM `jdcprice`  [ RunTime:0.0023s ]
NOTIC: [8] Undefined variable: fid D:\myenv\apache\htdocs\pgyidc\Application\Admin\Controller\OfficwebController.class.php 第 311 行.
INFO: [ view_parse ] --START--
INFO: [ template_filter ] --START--
INFO: Run Behavior\ContentReplaceBehavior [ RunTime:0.000326s ]
INFO: [ template_filter ] --END-- [ RunTime:0.000431s ]
NOTIC: [8] Undefined variable: cloud D:\myenv\apache\htdocs\pgyidc\Application\Runtime\Cache\Admin\24688f774a7f6f9f9509b6bef05c55c8.php 第 207 行.
NOTIC: [8] Undefined variable: physical D:\myenv\apache\htdocs\pgyidc\Application\Runtime\Cache\Admin\24688f774a7f6f9f9509b6bef05c55c8.php 第 216 行.
NOTIC: [8] Undefined variable: firewall D:\myenv\apache\htdocs\pgyidc\Application\Runtime\Cache\Admin\24688f774a7f6f9f9509b6bef05c55c8.php 第 236 行.
NOTIC: [8] Undefined variable: blockabroadip D:\myenv\apache\htdocs\pgyidc\Application\Runtime\Cache\Admin\24688f774a7f6f9f9509b6bef05c55c8.php 第 253 行.
NOTIC: [8] Undefined variable: guanwang D:\myenv\apache\htdocs\pgyidc\Application\Runtime\Cache\Admin\24688f774a7f6f9f9509b6bef05c55c8.php 第 265 行.
NOTIC: [8] Undefined variable: usercenter D:\myenv\apache\htdocs\pgyidc\Application\Runtime\Cache\Admin\24688f774a7f6f9f9509b6bef05c55c8.php 第 298 行.
NOTIC: [8] Undefined variable: keyword D:\myenv\apache\htdocs\pgyidc\Application\Runtime\Cache\Admin\24688f774a7f6f9f9509b6bef05c55c8.php 第 384 行.
INFO: Run Behavior\ParseTemplateBehavior [ RunTime:0.037661s ]
INFO: [ view_parse ] --END-- [ RunTime:0.037767s ]
INFO: [ view_filter ] --START--
INFO: Run Behavior\WriteHtmlCacheBehavior [ RunTime:0.000934s ]
INFO: [ view_filter ] --END-- [ RunTime:0.001030s ]
INFO: [ app_end ] --START--
INFO: Run Behavior\ShowPageTraceBehavior [ RunTime:0.001027s ]
INFO: [ app_end ] --END-- [ RunTime:0.001122s ]

[ 2018-07-05T09:35:50+08:00 ] 127.0.0.1 /Admin/Officweb/jdcloudlist/p/1.html
INFO: [ app_init ] --START--
INFO: Run Behavior\BuildLiteBehavior [ RunTime:0.000012s ]
INFO: [ app_init ] --END-- [ RunTime:0.000430s ]
INFO: [ app_begin ] --START--
INFO: Run Behavior\ReadHtmlCacheBehavior [ RunTime:0.000611s ]
INFO: [ app_begin ] --END-- [ RunTime:0.000665s ]
SQL: SHOW COLUMNS FROM `jdcstandard` [ RunTime:0.0124s ]
SQL: SELECT * FROM `jdcstandard`  [ RunTime:0.0030s ]
SQL: SELECT COUNT(*) AS tp_count FROM `jdcstandard` WHERE `standardtype` LIKE '%%' OR `standard` LIKE '%%' LIMIT 1   [ RunTime:0.0011s ]
SQL: SELECT * FROM `jdcstandard` WHERE `standardtype` LIKE '%%' OR `standard` LIKE '%%' ORDER BY id DESC LIMIT 0,15   [ RunTime:0.0014s ]
SQL: SHOW COLUMNS FROM `jdcprice` [ RunTime:0.0118s ]
SQL: SELECT * FROM `jdcprice`  [ RunTime:0.0026s ]
NOTIC: [8] Undefined variable: fid D:\myenv\apache\htdocs\pgyidc\Application\Admin\Controller\OfficwebController.class.php 第 311 行.
INFO: [ view_parse ] --START--
INFO: [ template_filter ] --START--
INFO: Run Behavior\ContentReplaceBehavior [ RunTime:0.000325s ]
INFO: [ template_filter ] --END-- [ RunTime:0.000425s ]
NOTIC: [8] Undefined variable: cloud D:\myenv\apache\htdocs\pgyidc\Application\Runtime\Cache\Admin\24688f774a7f6f9f9509b6bef05c55c8.php 第 207 行.
NOTIC: [8] Undefined variable: physical D:\myenv\apache\htdocs\pgyidc\Application\Runtime\Cache\Admin\24688f774a7f6f9f9509b6bef05c55c8.php 第 216 行.
NOTIC: [8] Undefined variable: firewall D:\myenv\apache\htdocs\pgyidc\Application\Runtime\Cache\Admin\24688f774a7f6f9f9509b6bef05c55c8.php 第 236 行.
NOTIC: [8] Undefined variable: blockabroadip D:\myenv\apache\htdocs\pgyidc\Application\Runtime\Cache\Admin\24688f774a7f6f9f9509b6bef05c55c8.php 第 253 行.
NOTIC: [8] Undefined variable: guanwang D:\myenv\apache\htdocs\pgyidc\Application\Runtime\Cache\Admin\24688f774a7f6f9f9509b6bef05c55c8.php 第 265 行.
NOTIC: [8] Undefined variable: usercenter D:\myenv\apache\htdocs\pgyidc\Application\Runtime\Cache\Admin\24688f774a7f6f9f9509b6bef05c55c8.php 第 298 行.
NOTIC: [8] Undefined variable: keyword D:\myenv\apache\htdocs\pgyidc\Application\Runtime\Cache\Admin\24688f774a7f6f9f9509b6bef05c55c8.php 第 384 行.
INFO: Run Behavior\ParseTemplateBehavior [ RunTime:0.038504s ]
INFO: [ view_parse ] --END-- [ RunTime:0.038613s ]
INFO: [ view_filter ] --START--
INFO: Run Behavior\WriteHtmlCacheBehavior [ RunTime:0.000921s ]
INFO: [ view_filter ] --END-- [ RunTime:0.001018s ]
INFO: [ app_end ] --START--
INFO: Run Behavior\ShowPageTraceBehavior [ RunTime:0.001473s ]
INFO: [ app_end ] --END-- [ RunTime:0.001581s ]

[ 2018-07-05T09:36:07+08:00 ] 127.0.0.1 /Admin/Officweb/jdcloudlist.html
INFO: [ app_init ] --START--
INFO: Run Behavior\BuildLiteBehavior [ RunTime:0.000013s ]
INFO: [ app_init ] --END-- [ RunTime:0.000418s ]
INFO: [ app_begin ] --START--
INFO: Run Behavior\ReadHtmlCacheBehavior [ RunTime:0.000581s ]
INFO: [ app_begin ] --END-- [ RunTime:0.000637s ]
SQL: SHOW COLUMNS FROM `jdcstandard` [ RunTime:0.0121s ]
SQL: SELECT * FROM `jdcstandard`  [ RunTime:0.0029s ]
SQL: SELECT COUNT(*) AS tp_count FROM `jdcstandard` WHERE `standardtype` LIKE '%计算优化%' OR `standard` LIKE '%计算优化%' LIMIT 1   [ RunTime:0.0016s ]
SQL: SELECT * FROM `jdcstandard` WHERE `standardtype` LIKE '%计算优化%' OR `standard` LIKE '%计算优化%' ORDER BY id DESC LIMIT 0,15   [ RunTime:0.0018s ]
SQL: SHOW COLUMNS FROM `jdcprice` [ RunTime:0.0079s ]
SQL: SELECT * FROM `jdcprice`  [ RunTime:0.0014s ]
NOTIC: [8] Undefined variable: fid D:\myenv\apache\htdocs\pgyidc\Application\Admin\Controller\OfficwebController.class.php 第 311 行.
INFO: [ view_parse ] --START--
INFO: [ template_filter ] --START--
INFO: Run Behavior\ContentReplaceBehavior [ RunTime:0.000192s ]
INFO: [ template_filter ] --END-- [ RunTime:0.000256s ]
NOTIC: [8] Undefined variable: cloud D:\myenv\apache\htdocs\pgyidc\Application\Runtime\Cache\Admin\24688f774a7f6f9f9509b6bef05c55c8.php 第 207 行.
NOTIC: [8] Undefined variable: physical D:\myenv\apache\htdocs\pgyidc\Application\Runtime\Cache\Admin\24688f774a7f6f9f9509b6bef05c55c8.php 第 216 行.
NOTIC: [8] Undefined variable: firewall D:\myenv\apache\htdocs\pgyidc\Application\Runtime\Cache\Admin\24688f774a7f6f9f9509b6bef05c55c8.php 第 236 行.
NOTIC: [8] Undefined variable: blockabroadip D:\myenv\apache\htdocs\pgyidc\Application\Runtime\Cache\Admin\24688f774a7f6f9f9509b6bef05c55c8.php 第 253 行.
NOTIC: [8] Undefined variable: guanwang D:\myenv\apache\htdocs\pgyidc\Application\Runtime\Cache\Admin\24688f774a7f6f9f9509b6bef05c55c8.php 第 265 行.
NOTIC: [8] Undefined variable: usercenter D:\myenv\apache\htdocs\pgyidc\Application\Runtime\Cache\Admin\24688f774a7f6f9f9509b6bef05c55c8.php 第 298 行.
NOTIC: [8] Undefined variable: keyword D:\myenv\apache\htdocs\pgyidc\Application\Runtime\Cache\Admin\24688f774a7f6f9f9509b6bef05c55c8.php 第 384 行.
INFO: Run Behavior\ParseTemplateBehavior [ RunTime:0.022447s ]
INFO: [ view_parse ] --END-- [ RunTime:0.022511s ]
INFO: [ view_filter ] --START--
INFO: Run Behavior\WriteHtmlCacheBehavior [ RunTime:0.000437s ]
INFO: [ view_filter ] --END-- [ RunTime:0.000482s ]
INFO: [ app_end ] --START--
INFO: Run Behavior\ShowPageTraceBehavior [ RunTime:0.000761s ]
INFO: [ app_end ] --END-- [ RunTime:0.000838s ]

[ 2018-07-05T09:36:17+08:00 ] 127.0.0.1 /Admin/Officweb/jdcloudlist.html
INFO: [ app_init ] --START--
INFO: Run Behavior\BuildLiteBehavior [ RunTime:0.000013s ]
INFO: [ app_init ] --END-- [ RunTime:0.000416s ]
INFO: [ app_begin ] --START--
INFO: Run Behavior\ReadHtmlCacheBehavior [ RunTime:0.000575s ]
INFO: [ app_begin ] --END-- [ RunTime:0.000631s ]
SQL: SHOW COLUMNS FROM `jdcstandard` [ RunTime:0.0119s ]
SQL: SELECT * FROM `jdcstandard`  [ RunTime:0.0025s ]
SQL: SELECT COUNT(*) AS tp_count FROM `jdcstandard` WHERE `standardtype` LIKE '%%' OR `standard` LIKE '%%' LIMIT 1   [ RunTime:0.0012s ]
SQL: SELECT * FROM `jdcstandard` WHERE `standardtype` LIKE '%%' OR `standard` LIKE '%%' ORDER BY id DESC LIMIT 0,15   [ RunTime:0.0014s ]
SQL: SHOW COLUMNS FROM `jdcprice` [ RunTime:0.0116s ]
SQL: SELECT * FROM `jdcprice`  [ RunTime:0.0022s ]
NOTIC: [8] Undefined variable: fid D:\myenv\apache\htdocs\pgyidc\Application\Admin\Controller\OfficwebController.class.php 第 311 行.
INFO: [ view_parse ] --START--
INFO: [ template_filter ] --START--
INFO: Run Behavior\ContentReplaceBehavior [ RunTime:0.000331s ]
INFO: [ template_filter ] --END-- [ RunTime:0.000443s ]
NOTIC: [8] Undefined variable: cloud D:\myenv\apache\htdocs\pgyidc\Application\Runtime\Cache\Admin\24688f774a7f6f9f9509b6bef05c55c8.php 第 207 行.
NOTIC: [8] Undefined variable: physical D:\myenv\apache\htdocs\pgyidc\Application\Runtime\Cache\Admin\24688f774a7f6f9f9509b6bef05c55c8.php 第 216 行.
NOTIC: [8] Undefined variable: firewall D:\myenv\apache\htdocs\pgyidc\Application\Runtime\Cache\Admin\24688f774a7f6f9f9509b6bef05c55c8.php 第 236 行.
NOTIC: [8] Undefined variable: blockabroadip D:\myenv\apache\htdocs\pgyidc\Application\Runtime\Cache\Admin\24688f774a7f6f9f9509b6bef05c55c8.php 第 253 行.
NOTIC: [8] Undefined variable: guanwang D:\myenv\apache\htdocs\pgyidc\Application\Runtime\Cache\Admin\24688f774a7f6f9f9509b6bef05c55c8.php 第 265 行.
NOTIC: [8] Undefined variable: usercenter D:\myenv\apache\htdocs\pgyidc\Application\Runtime\Cache\Admin\24688f774a7f6f9f9509b6bef05c55c8.php 第 298 行.
NOTIC: [8] Undefined variable: keyword D:\myenv\apache\htdocs\pgyidc\Application\Runtime\Cache\Admin\24688f774a7f6f9f9509b6bef05c55c8.php 第 384 行.
INFO: Run Behavior\ParseTemplateBehavior [ RunTime:0.038772s ]
INFO: [ view_parse ] --END-- [ RunTime:0.038879s ]
INFO: [ view_filter ] --START--
INFO: Run Behavior\WriteHtmlCacheBehavior [ RunTime:0.000944s ]
INFO: [ view_filter ] --END-- [ RunTime:0.001041s ]
INFO: [ app_end ] --START--
INFO: Run Behavior\ShowPageTraceBehavior [ RunTime:0.000853s ]
INFO: [ app_end ] --END-- [ RunTime:0.000994s ]

[ 2018-07-05T09:36:27+08:00 ] 127.0.0.1 /Admin/Officweb/jdcloudlist/p/2.html
INFO: [ app_init ] --START--
INFO: Run Behavior\BuildLiteBehavior [ RunTime:0.000014s ]
INFO: [ app_init ] --END-- [ RunTime:0.000467s ]
INFO: [ app_begin ] --START--
INFO: Run Behavior\ReadHtmlCacheBehavior [ RunTime:0.000620s ]
INFO: [ app_begin ] --END-- [ RunTime:0.000680s ]
SQL: SHOW COLUMNS FROM `jdcstandard` [ RunTime:0.0323s ]
SQL: SELECT * FROM `jdcstandard`  [ RunTime:0.0022s ]
SQL: SELECT COUNT(*) AS tp_count FROM `jdcstandard` WHERE `standardtype` LIKE '%%' OR `standard` LIKE '%%' LIMIT 1   [ RunTime:0.0007s ]
SQL: SELECT * FROM `jdcstandard` WHERE `standardtype` LIKE '%%' OR `standard` LIKE '%%' ORDER BY id DESC LIMIT 15,15   [ RunTime:0.0009s ]
SQL: SHOW COLUMNS FROM `jdcprice` [ RunTime:0.0111s ]
SQL: SELECT * FROM `jdcprice`  [ RunTime:0.0022s ]
NOTIC: [8] Undefined variable: fid D:\myenv\apache\htdocs\pgyidc\Application\Admin\Controller\OfficwebController.class.php 第 311 行.
INFO: [ view_parse ] --START--
INFO: [ template_filter ] --START--
INFO: Run Behavior\ContentReplaceBehavior [ RunTime:0.000324s ]
INFO: [ template_filter ] --END-- [ RunTime:0.000433s ]
NOTIC: [8] Undefined variable: cloud D:\myenv\apache\htdocs\pgyidc\Application\Runtime\Cache\Admin\24688f774a7f6f9f9509b6bef05c55c8.php 第 207 行.
NOTIC: [8] Undefined variable: physical D:\myenv\apache\htdocs\pgyidc\Application\Runtime\Cache\Admin\24688f774a7f6f9f9509b6bef05c55c8.php 第 216 行.
NOTIC: [8] Undefined variable: firewall D:\myenv\apache\htdocs\pgyidc\Application\Runtime\Cache\Admin\24688f774a7f6f9f9509b6bef05c55c8.php 第 236 行.
NOTIC: [8] Undefined variable: blockabroadip D:\myenv\apache\htdocs\pgyidc\Application\Runtime\Cache\Admin\24688f774a7f6f9f9509b6bef05c55c8.php 第 253 行.
NOTIC: [8] Undefined variable: guanwang D:\myenv\apache\htdocs\pgyidc\Application\Runtime\Cache\Admin\24688f774a7f6f9f9509b6bef05c55c8.php 第 265 行.
NOTIC: [8] Undefined variable: usercenter D:\myenv\apache\htdocs\pgyidc\Application\Runtime\Cache\Admin\24688f774a7f6f9f9509b6bef05c55c8.php 第 298 行.
NOTIC: [8] Undefined variable: keyword D:\myenv\apache\htdocs\pgyidc\Application\Runtime\Cache\Admin\24688f774a7f6f9f9509b6bef05c55c8.php 第 384 行.
INFO: Run Behavior\ParseTemplateBehavior [ RunTime:0.037661s ]
INFO: [ view_parse ] --END-- [ RunTime:0.037769s ]
INFO: [ view_filter ] --START--
INFO: Run Behavior\WriteHtmlCacheBehavior [ RunTime:0.000908s ]
INFO: [ view_filter ] --END-- [ RunTime:0.001004s ]
INFO: [ app_end ] --START--
INFO: Run Behavior\ShowPageTraceBehavior [ RunTime:0.000715s ]
INFO: [ app_end ] --END-- [ RunTime:0.000810s ]

[ 2018-07-05T09:38:42+08:00 ] 127.0.0.1 /Admin/Officweb/jdcloudlist/p/1.html
INFO: [ app_init ] --START--
INFO: Run Behavior\BuildLiteBehavior [ RunTime:0.000012s ]
INFO: [ app_init ] --END-- [ RunTime:0.000480s ]
INFO: [ app_begin ] --START--
INFO: Run Behavior\ReadHtmlCacheBehavior [ RunTime:0.000754s ]
INFO: [ app_begin ] --END-- [ RunTime:0.000809s ]
SQL: SHOW COLUMNS FROM `jdcstandard` [ RunTime:0.0119s ]
SQL: SELECT * FROM `jdcstandard`  [ RunTime:0.0026s ]
SQL: SELECT COUNT(*) AS tp_count FROM `jdcstandard` WHERE `standardtype` LIKE '%%' OR `standard` LIKE '%%' LIMIT 1   [ RunTime:0.0011s ]
SQL: SELECT * FROM `jdcstandard` WHERE `standardtype` LIKE '%%' OR `standard` LIKE '%%' ORDER BY id DESC LIMIT 0,15   [ RunTime:0.0013s ]
SQL: SHOW COLUMNS FROM `jdcprice` [ RunTime:0.0099s ]
SQL: SELECT * FROM `jdcprice`  [ RunTime:0.0014s ]
NOTIC: [8] Undefined variable: fid D:\myenv\apache\htdocs\pgyidc\Application\Admin\Controller\OfficwebController.class.php 第 311 行.
INFO: [ view_parse ] --START--
INFO: [ template_filter ] --START--
INFO: Run Behavior\ContentReplaceBehavior [ RunTime:0.000197s ]
INFO: [ template_filter ] --END-- [ RunTime:0.000265s ]
NOTIC: [8] Undefined variable: cloud D:\myenv\apache\htdocs\pgyidc\Application\Runtime\Cache\Admin\24688f774a7f6f9f9509b6bef05c55c8.php 第 207 行.
NOTIC: [8] Undefined variable: physical D:\myenv\apache\htdocs\pgyidc\Application\Runtime\Cache\Admin\24688f774a7f6f9f9509b6bef05c55c8.php 第 216 行.
NOTIC: [8] Undefined variable: firewall D:\myenv\apache\htdocs\pgyidc\Application\Runtime\Cache\Admin\24688f774a7f6f9f9509b6bef05c55c8.php 第 236 行.
NOTIC: [8] Undefined variable: blockabroadip D:\myenv\apache\htdocs\pgyidc\Application\Runtime\Cache\Admin\24688f774a7f6f9f9509b6bef05c55c8.php 第 253 行.
NOTIC: [8] Undefined variable: guanwang D:\myenv\apache\htdocs\pgyidc\Application\Runtime\Cache\Admin\24688f774a7f6f9f9509b6bef05c55c8.php 第 265 行.
NOTIC: [8] Undefined variable: usercenter D:\myenv\apache\htdocs\pgyidc\Application\Runtime\Cache\Admin\24688f774a7f6f9f9509b6bef05c55c8.php 第 298 行.
NOTIC: [8] Undefined variable: keyword D:\myenv\apache\htdocs\pgyidc\Application\Runtime\Cache\Admin\24688f774a7f6f9f9509b6bef05c55c8.php 第 384 行.
INFO: Run Behavior\ParseTemplateBehavior [ RunTime:0.023453s ]
INFO: [ view_parse ] --END-- [ RunTime:0.023519s ]
INFO: [ view_filter ] --START--
INFO: Run Behavior\WriteHtmlCacheBehavior [ RunTime:0.000668s ]
INFO: [ view_filter ] --END-- [ RunTime:0.000725s ]
INFO: [ app_end ] --START--
INFO: Run Behavior\ShowPageTraceBehavior [ RunTime:0.000761s ]
INFO: [ app_end ] --END-- [ RunTime:0.000825s ]

[ 2018-07-05T09:40:20+08:00 ] 127.0.0.1 /Admin/Officweb/jdcloudlist/p/2.html
INFO: [ app_init ] --START--
INFO: Run Behavior\BuildLiteBehavior [ RunTime:0.000012s ]
INFO: [ app_init ] --END-- [ RunTime:0.000435s ]
INFO: [ app_begin ] --START--
INFO: Run Behavior\ReadHtmlCacheBehavior [ RunTime:0.000604s ]
INFO: [ app_begin ] --END-- [ RunTime:0.000658s ]
SQL: SHOW COLUMNS FROM `jdcstandard` [ RunTime:0.0123s ]
SQL: SELECT * FROM `jdcstandard`  [ RunTime:0.0026s ]
SQL: SELECT COUNT(*) AS tp_count FROM `jdcstandard` WHERE `standardtype` LIKE '%%' OR `standard` LIKE '%%' LIMIT 1   [ RunTime:0.0013s ]
SQL: SELECT * FROM `jdcstandard` WHERE `standardtype` LIKE '%%' OR `standard` LIKE '%%' ORDER BY id DESC LIMIT 15,15   [ RunTime:0.0015s ]
SQL: SHOW COLUMNS FROM `jdcprice` [ RunTime:0.0117s ]
SQL: SELECT * FROM `jdcprice`  [ RunTime:0.0022s ]
NOTIC: [8] Undefined variable: fid D:\myenv\apache\htdocs\pgyidc\Application\Admin\Controller\OfficwebController.class.php 第 311 行.
INFO: [ view_parse ] --START--
INFO: [ template_filter ] --START--
INFO: Run Behavior\ContentReplaceBehavior [ RunTime:0.000172s ]
INFO: [ template_filter ] --END-- [ RunTime:0.000231s ]
NOTIC: [8] Undefined variable: cloud D:\myenv\apache\htdocs\pgyidc\Application\Runtime\Cache\Admin\24688f774a7f6f9f9509b6bef05c55c8.php 第 207 行.
NOTIC: [8] Undefined variable: physical D:\myenv\apache\htdocs\pgyidc\Application\Runtime\Cache\Admin\24688f774a7f6f9f9509b6bef05c55c8.php 第 216 行.
NOTIC: [8] Undefined variable: firewall D:\myenv\apache\htdocs\pgyidc\Application\Runtime\Cache\Admin\24688f774a7f6f9f9509b6bef05c55c8.php 第 236 行.
NOTIC: [8] Undefined variable: blockabroadip D:\myenv\apache\htdocs\pgyidc\Application\Runtime\Cache\Admin\24688f774a7f6f9f9509b6bef05c55c8.php 第 253 行.
NOTIC: [8] Undefined variable: guanwang D:\myenv\apache\htdocs\pgyidc\Application\Runtime\Cache\Admin\24688f774a7f6f9f9509b6bef05c55c8.php 第 265 行.
NOTIC: [8] Undefined variable: usercenter D:\myenv\apache\htdocs\pgyidc\Application\Runtime\Cache\Admin\24688f774a7f6f9f9509b6bef05c55c8.php 第 298 行.
NOTIC: [8] Undefined variable: keyword D:\myenv\apache\htdocs\pgyidc\Application\Runtime\Cache\Admin\24688f774a7f6f9f9509b6bef05c55c8.php 第 384 行.
INFO: Run Behavior\ParseTemplateBehavior [ RunTime:0.019895s ]
INFO: [ view_parse ] --END-- [ RunTime:0.019976s ]
INFO: [ view_filter ] --START--
INFO: Run Behavior\WriteHtmlCacheBehavior [ RunTime:0.000488s ]
INFO: [ view_filter ] --END-- [ RunTime:0.000537s ]
INFO: [ app_end ] --START--
INFO: Run Behavior\ShowPageTraceBehavior [ RunTime:0.000729s ]
INFO: [ app_end ] --END-- [ RunTime:0.000793s ]

[ 2018-07-05T09:40:22+08:00 ] 127.0.0.1 /Admin/Officweb/jdcloudlist/p/3.html
INFO: [ app_init ] --START--
INFO: Run Behavior\BuildLiteBehavior [ RunTime:0.000013s ]
INFO: [ app_init ] --END-- [ RunTime:0.000407s ]
INFO: [ app_begin ] --START--
INFO: Run Behavior\ReadHtmlCacheBehavior [ RunTime:0.000551s ]
INFO: [ app_begin ] --END-- [ RunTime:0.000603s ]
SQL: SHOW COLUMNS FROM `jdcstandard` [ RunTime:0.0063s ]
SQL: SELECT * FROM `jdcstandard`  [ RunTime:0.0010s ]
SQL: SELECT COUNT(*) AS tp_count FROM `jdcstandard` WHERE `standardtype` LIKE '%%' OR `standard` LIKE '%%' LIMIT 1   [ RunTime:0.0005s ]
SQL: SELECT * FROM `jdcstandard` WHERE `standardtype` LIKE '%%' OR `standard` LIKE '%%' ORDER BY id DESC LIMIT 30,15   [ RunTime:0.0006s ]
SQL: SHOW COLUMNS FROM `jdcprice` [ RunTime:0.0057s ]
SQL: SELECT * FROM `jdcprice`  [ RunTime:0.0010s ]
NOTIC: [8] Undefined variable: fid D:\myenv\apache\htdocs\pgyidc\Application\Admin\Controller\OfficwebController.class.php 第 311 行.
INFO: [ view_parse ] --START--
INFO: [ template_filter ] --START--
INFO: Run Behavior\ContentReplaceBehavior [ RunTime:0.000160s ]
INFO: [ template_filter ] --END-- [ RunTime:0.000210s ]
NOTIC: [8] Undefined variable: cloud D:\myenv\apache\htdocs\pgyidc\Application\Runtime\Cache\Admin\24688f774a7f6f9f9509b6bef05c55c8.php 第 207 行.
NOTIC: [8] Undefined variable: physical D:\myenv\apache\htdocs\pgyidc\Application\Runtime\Cache\Admin\24688f774a7f6f9f9509b6bef05c55c8.php 第 216 行.
NOTIC: [8] Undefined variable: firewall D:\myenv\apache\htdocs\pgyidc\Application\Runtime\Cache\Admin\24688f774a7f6f9f9509b6bef05c55c8.php 第 236 行.
NOTIC: [8] Undefined variable: blockabroadip D:\myenv\apache\htdocs\pgyidc\Application\Runtime\Cache\Admin\24688f774a7f6f9f9509b6bef05c55c8.php 第 253 行.
NOTIC: [8] Undefined variable: guanwang D:\myenv\apache\htdocs\pgyidc\Application\Runtime\Cache\Admin\24688f774a7f6f9f9509b6bef05c55c8.php 第 265 行.
NOTIC: [8] Undefined variable: usercenter D:\myenv\apache\htdocs\pgyidc\Application\Runtime\Cache\Admin\24688f774a7f6f9f9509b6bef05c55c8.php 第 298 行.
NOTIC: [8] Undefined variable: keyword D:\myenv\apache\htdocs\pgyidc\Application\Runtime\Cache\Admin\24688f774a7f6f9f9509b6bef05c55c8.php 第 384 行.
INFO: Run Behavior\ParseTemplateBehavior [ RunTime:0.017294s ]
INFO: [ view_parse ] --END-- [ RunTime:0.017342s ]
INFO: [ view_filter ] --START--
INFO: Run Behavior\WriteHtmlCacheBehavior [ RunTime:0.000399s ]
INFO: [ view_filter ] --END-- [ RunTime:0.000439s ]
INFO: [ app_end ] --START--
INFO: Run Behavior\ShowPageTraceBehavior [ RunTime:0.000882s ]
INFO: [ app_end ] --END-- [ RunTime:0.000943s ]

[ 2018-07-05T09:42:15+08:00 ] 127.0.0.1 /Admin/Cloud/cloudmanage.html
INFO: [ app_init ] --START--
INFO: Run Behavior\BuildLiteBehavior [ RunTime:0.000013s ]
INFO: [ app_init ] --END-- [ RunTime:0.000432s ]
INFO: [ app_begin ] --START--
INFO: Run Behavior\ReadHtmlCacheBehavior [ RunTime:0.000651s ]
INFO: [ app_begin ] --END-- [ RunTime:0.000703s ]
SQL: SHOW COLUMNS FROM `cloudlog` [ RunTime:0.0130s ]
NOTIC: [2] Invalid argument supplied for foreach() D:\myenv\apache\htdocs\pgyidc\Application\Admin\Controller\CloudController.class.php 第 22 行.
NOTIC: [2] array_slice() expects parameter 1 to be array, null given D:\myenv\apache\htdocs\pgyidc\Application\Admin\Controller\CloudController.class.php 第 36 行.
INFO: [ view_parse ] --START--
INFO: [ template_filter ] --START--
INFO: Run Behavior\ContentReplaceBehavior [ RunTime:0.000299s ]
INFO: [ template_filter ] --END-- [ RunTime:0.000415s ]
NOTIC: [8] Undefined variable: physical D:\myenv\apache\htdocs\pgyidc\Application\Runtime\Cache\Admin\d85208f2c736e322ac27dcb5e87ca9bb.php 第 216 行.
NOTIC: [8] Undefined variable: firewall D:\myenv\apache\htdocs\pgyidc\Application\Runtime\Cache\Admin\d85208f2c736e322ac27dcb5e87ca9bb.php 第 236 行.
NOTIC: [8] Undefined variable: blockabroadip D:\myenv\apache\htdocs\pgyidc\Application\Runtime\Cache\Admin\d85208f2c736e322ac27dcb5e87ca9bb.php 第 253 行.
NOTIC: [8] Undefined variable: guanwang D:\myenv\apache\htdocs\pgyidc\Application\Runtime\Cache\Admin\d85208f2c736e322ac27dcb5e87ca9bb.php 第 265 行.
NOTIC: [8] Undefined variable: product D:\myenv\apache\htdocs\pgyidc\Application\Runtime\Cache\Admin\d85208f2c736e322ac27dcb5e87ca9bb.php 第 280 行.
NOTIC: [8] Undefined variable: usercenter D:\myenv\apache\htdocs\pgyidc\Application\Runtime\Cache\Admin\d85208f2c736e322ac27dcb5e87ca9bb.php 第 298 行.
NOTIC: [8] Undefined variable: keyword D:\myenv\apache\htdocs\pgyidc\Application\Runtime\Cache\Admin\d85208f2c736e322ac27dcb5e87ca9bb.php 第 340 行.
INFO: Run Behavior\ParseTemplateBehavior [ RunTime:0.064700s ]
INFO: [ view_parse ] --END-- [ RunTime:0.064790s ]
INFO: [ view_filter ] --START--
INFO: Run Behavior\WriteHtmlCacheBehavior [ RunTime:0.000644s ]
INFO: [ view_filter ] --END-- [ RunTime:0.000701s ]
INFO: [ app_end ] --START--
INFO: Run Behavior\ShowPageTraceBehavior [ RunTime:0.001042s ]
INFO: [ app_end ] --END-- [ RunTime:0.001117s ]

[ 2018-07-05T14:12:40+08:00 ] 127.0.0.1 /Admin/login.html
INFO: [ app_init ] --START--
INFO: Run Behavior\BuildLiteBehavior [ RunTime:0.000013s ]
INFO: [ app_init ] --END-- [ RunTime:0.000432s ]
INFO: [ app_begin ] --START--
INFO: Run Behavior\ReadHtmlCacheBehavior [ RunTime:0.000745s ]
INFO: [ app_begin ] --END-- [ RunTime:0.000801s ]
INFO: [ view_parse ] --START--
INFO: [ template_filter ] --START--
INFO: Run Behavior\ContentReplaceBehavior [ RunTime:0.000049s ]
INFO: [ template_filter ] --END-- [ RunTime:0.000096s ]
INFO: Run Behavior\ParseTemplateBehavior [ RunTime:0.006163s ]
INFO: [ view_parse ] --END-- [ RunTime:0.006224s ]
INFO: [ view_filter ] --START--
INFO: Run Behavior\WriteHtmlCacheBehavior [ RunTime:0.000517s ]
INFO: [ view_filter ] --END-- [ RunTime:0.000560s ]
INFO: [ app_end ] --START--
INFO: Run Behavior\ShowPageTraceBehavior [ RunTime:0.000890s ]
INFO: [ app_end ] --END-- [ RunTime:0.000961s ]

[ 2018-07-05T14:12:42+08:00 ] 127.0.0.1 /Admin/User/loginin
INFO: [ app_init ] --START--
INFO: Run Behavior\BuildLiteBehavior [ RunTime:0.000012s ]
INFO: [ app_init ] --END-- [ RunTime:0.000445s ]
INFO: [ app_begin ] --START--
INFO: Run Behavior\ReadHtmlCacheBehavior [ RunTime:0.000618s ]
INFO: [ app_begin ] --END-- [ RunTime:0.000680s ]
SQL: SHOW COLUMNS FROM `users` [ RunTime:0.0152s ]
SQL: SELECT `UserID` FROM `users` WHERE (  `UserName` = 'xiaocai' OR `LinkMail` = 'xiaocai' ) AND ( UserPsw ='39538ed9af2f892dcc904ee38926f867' ) LIMIT 1   [ RunTime:0.0021s ]
SQL: SELECT * FROM `users` WHERE (  `UserName` = 'xiaocai' OR `LinkMail` = 'xiaocai' ) AND ( UserPsw ='39538ed9af2f892dcc904ee38926f867' ) LIMIT 1   [ RunTime:0.0018s ]

[ 2018-07-05T14:12:43+08:00 ] 127.0.0.1 /Admin/index/index
INFO: [ app_init ] --START--
INFO: Run Behavior\BuildLiteBehavior [ RunTime:0.000015s ]
INFO: [ app_init ] --END-- [ RunTime:0.000508s ]
INFO: [ app_begin ] --START--
INFO: Run Behavior\ReadHtmlCacheBehavior [ RunTime:0.000678s ]
INFO: [ app_begin ] --END-- [ RunTime:0.000738s ]
SQL: SHOW COLUMNS FROM `paylog` [ RunTime:0.0156s ]
SQL: SELECT SUM(money) as my FROM `paylog` WHERE ( userid=1 and datatype=0 )  [ RunTime:0.0023s ]
SQL: SELECT SUM(money) as my FROM `paylog` WHERE ( userid=1 and datatype=1 )  [ RunTime:0.0013s ]
SQL: SHOW COLUMNS FROM `users` [ RunTime:0.0099s ]
SQL: SELECT * FROM `users` WHERE ( UserID=1 ) LIMIT 1   [ RunTime:0.0016s ]
INFO: [ view_parse ] --START--
INFO: [ template_filter ] --START--
INFO: Run Behavior\ContentReplaceBehavior [ RunTime:0.000193s ]
INFO: [ template_filter ] --END-- [ RunTime:0.000264s ]
NOTIC: [8] Undefined variable: cloud D:\myenv\apache\htdocs\pgyidc\Application\Runtime\Cache\Admin\b595b808c2ebeeeb0478ffc30bb4e87a.php 第 207 行.
NOTIC: [8] Undefined variable: physical D:\myenv\apache\htdocs\pgyidc\Application\Runtime\Cache\Admin\b595b808c2ebeeeb0478ffc30bb4e87a.php 第 216 行.
NOTIC: [8] Undefined variable: firewall D:\myenv\apache\htdocs\pgyidc\Application\Runtime\Cache\Admin\b595b808c2ebeeeb0478ffc30bb4e87a.php 第 236 行.
NOTIC: [8] Undefined variable: blockabroadip D:\myenv\apache\htdocs\pgyidc\Application\Runtime\Cache\Admin\b595b808c2ebeeeb0478ffc30bb4e87a.php 第 253 行.
NOTIC: [8] Undefined variable: guanwang D:\myenv\apache\htdocs\pgyidc\Application\Runtime\Cache\Admin\b595b808c2ebeeeb0478ffc30bb4e87a.php 第 265 行.
NOTIC: [8] Undefined variable: product D:\myenv\apache\htdocs\pgyidc\Application\Runtime\Cache\Admin\b595b808c2ebeeeb0478ffc30bb4e87a.php 第 280 行.
NOTIC: [8] Undefined variable: usercenter D:\myenv\apache\htdocs\pgyidc\Application\Runtime\Cache\Admin\b595b808c2ebeeeb0478ffc30bb4e87a.php 第 298 行.
INFO: Run Behavior\ParseTemplateBehavior [ RunTime:0.021601s ]
INFO: [ view_parse ] --END-- [ RunTime:0.021659s ]
INFO: [ view_filter ] --START--
INFO: Run Behavior\WriteHtmlCacheBehavior [ RunTime:0.000440s ]
INFO: [ view_filter ] --END-- [ RunTime:0.000483s ]
INFO: [ app_end ] --START--
INFO: Run Behavior\ShowPageTraceBehavior [ RunTime:0.000730s ]
INFO: [ app_end ] --END-- [ RunTime:0.000800s ]

