[ 2018-08-06T15:24:10+08:00 ] 127.0.0.1 /Admin/login.html
INFO: [ app_init ] --START--
INFO: Run Behavior\BuildLiteBehavior [ RunTime:0.000013s ]
INFO: [ app_init ] --END-- [ RunTime:0.000485s ]
INFO: [ app_begin ] --START--
INFO: Run Behavior\ReadHtmlCacheBehavior [ RunTime:0.000803s ]
INFO: [ app_begin ] --END-- [ RunTime:0.000860s ]
INFO: [ view_parse ] --START--
INFO: [ template_filter ] --START--
INFO: Run Behavior\ContentReplaceBehavior [ RunTime:0.000054s ]
INFO: [ template_filter ] --END-- [ RunTime:0.000117s ]
INFO: Run Behavior\ParseTemplateBehavior [ RunTime:0.023727s ]
INFO: [ view_parse ] --END-- [ RunTime:0.023790s ]
INFO: [ view_filter ] --START--
INFO: Run Behavior\WriteHtmlCacheBehavior [ RunTime:0.000643s ]
INFO: [ view_filter ] --END-- [ RunTime:0.000690s ]
INFO: [ app_end ] --START--
INFO: Run Behavior\ShowPageTraceBehavior [ RunTime:0.000907s ]
INFO: [ app_end ] --END-- [ RunTime:0.000957s ]

[ 2018-08-06T15:24:11+08:00 ] 127.0.0.1 /Admin/User/verify.html
INFO: [ app_init ] --START--
INFO: Run Behavior\BuildLiteBehavior [ RunTime:0.000013s ]
INFO: [ app_init ] --END-- [ RunTime:0.000482s ]
INFO: [ app_begin ] --START--
INFO: Run Behavior\ReadHtmlCacheBehavior [ RunTime:0.000828s ]
INFO: [ app_begin ] --END-- [ RunTime:0.000896s ]
INFO: [ app_end ] --START--
INFO: Run Behavior\ShowPageTraceBehavior [ RunTime:0.001397s ]
INFO: [ app_end ] --END-- [ RunTime:0.001485s ]

[ 2018-08-06T15:24:17+08:00 ] 127.0.0.1 /Admin/User/verify.html?time=
INFO: [ app_init ] --START--
INFO: Run Behavior\BuildLiteBehavior [ RunTime:0.000014s ]
INFO: [ app_init ] --END-- [ RunTime:0.000533s ]
INFO: [ app_begin ] --START--
INFO: Run Behavior\ReadHtmlCacheBehavior [ RunTime:0.000833s ]
INFO: [ app_begin ] --END-- [ RunTime:0.000890s ]
INFO: [ app_end ] --START--
INFO: Run Behavior\ShowPageTraceBehavior [ RunTime:0.000972s ]
INFO: [ app_end ] --END-- [ RunTime:0.001055s ]

[ 2018-08-06T15:24:24+08:00 ] 127.0.0.1 /Admin/User/loginin
INFO: [ app_init ] --START--
INFO: Run Behavior\BuildLiteBehavior [ RunTime:0.000014s ]
INFO: [ app_init ] --END-- [ RunTime:0.000454s ]
INFO: [ app_begin ] --START--
INFO: Run Behavior\ReadHtmlCacheBehavior [ RunTime:0.000820s ]
INFO: [ app_begin ] --END-- [ RunTime:0.000872s ]
SQL: SHOW COLUMNS FROM `users` [ RunTime:0.0159s ]
SQL: SELECT `UserID` FROM `users` WHERE (  `UserName` = 'xiaocai' OR `LinkMail` = 'xiaocai' ) AND ( UserPsw ='39538ed9af2f892dcc904ee38926f867' ) LIMIT 1   [ RunTime:0.0013s ]
SQL: SELECT * FROM `users` WHERE (  `UserName` = 'xiaocai' OR `LinkMail` = 'xiaocai' ) AND ( UserPsw ='39538ed9af2f892dcc904ee38926f867' ) LIMIT 1   [ RunTime:0.0015s ]
SQL: SHOW COLUMNS FROM `users` [ RunTime:0.0155s ]
NOTIC: [8] Undefined index: validate D:\myenv\apache\htdocs\pgyidc\ThinkPHP\Library\Think\Model.class.php 第 1185 行.
NOTIC: [8] Undefined index: auto D:\myenv\apache\htdocs\pgyidc\ThinkPHP\Library\Think\Model.class.php 第 1128 行.
SQL: UPDATE `users` SET `LastTime`='1533540264',`WebGuid`='19450B2D7-CF9A-820B-7320-DA9C56343415',`EffectiveTime`='2018-08-07 15:24:24' WHERE ( UserID= 1 ) [ RunTime:0.0727s ]

[ 2018-08-06T15:24:26+08:00 ] 127.0.0.1 /Admin/index/index
INFO: [ app_init ] --START--
INFO: Run Behavior\BuildLiteBehavior [ RunTime:0.000025s ]
INFO: [ app_init ] --END-- [ RunTime:0.000906s ]
INFO: [ app_begin ] --START--
INFO: Run Behavior\ReadHtmlCacheBehavior [ RunTime:0.000969s ]
INFO: [ app_begin ] --END-- [ RunTime:0.001039s ]
NOTIC: [8] A session had already been started - ignoring session_start() D:\myenv\apache\htdocs\pgyidc\Application\Admin\Controller\BaseController.class.php 第 7 行.
SQL: SHOW COLUMNS FROM `paylog` [ RunTime:0.0168s ]
SQL: SELECT SUM(money) as my FROM `paylog` WHERE ( userid=1 and datatype=0 )  [ RunTime:0.0028s ]
SQL: SELECT SUM(money) as my FROM `paylog` WHERE ( userid=1 and datatype=1 )  [ RunTime:0.0017s ]
SQL: SHOW COLUMNS FROM `users` [ RunTime:0.0154s ]
SQL: SELECT * FROM `users` WHERE ( UserID=1 ) LIMIT 1   [ RunTime:0.0026s ]
INFO: [ view_parse ] --START--
INFO: [ template_filter ] --START--
INFO: Run Behavior\ContentReplaceBehavior [ RunTime:0.000331s ]
INFO: [ template_filter ] --END-- [ RunTime:0.000445s ]
NOTIC: [8] Undefined variable: cloud D:\myenv\apache\htdocs\pgyidc\Application\Runtime\Cache\Admin\b595b808c2ebeeeb0478ffc30bb4e87a.php 第 208 行.
NOTIC: [8] Undefined variable: physical D:\myenv\apache\htdocs\pgyidc\Application\Runtime\Cache\Admin\b595b808c2ebeeeb0478ffc30bb4e87a.php 第 220 行.
NOTIC: [8] Undefined variable: firewall D:\myenv\apache\htdocs\pgyidc\Application\Runtime\Cache\Admin\b595b808c2ebeeeb0478ffc30bb4e87a.php 第 240 行.
NOTIC: [8] Undefined variable: blockabroadip D:\myenv\apache\htdocs\pgyidc\Application\Runtime\Cache\Admin\b595b808c2ebeeeb0478ffc30bb4e87a.php 第 257 行.
NOTIC: [8] Undefined variable: guanwang D:\myenv\apache\htdocs\pgyidc\Application\Runtime\Cache\Admin\b595b808c2ebeeeb0478ffc30bb4e87a.php 第 269 行.
NOTIC: [8] Undefined variable: product D:\myenv\apache\htdocs\pgyidc\Application\Runtime\Cache\Admin\b595b808c2ebeeeb0478ffc30bb4e87a.php 第 284 行.
NOTIC: [8] Undefined variable: usercenter D:\myenv\apache\htdocs\pgyidc\Application\Runtime\Cache\Admin\b595b808c2ebeeeb0478ffc30bb4e87a.php 第 302 行.
INFO: Run Behavior\ParseTemplateBehavior [ RunTime:0.074141s ]
INFO: [ view_parse ] --END-- [ RunTime:0.074237s ]
INFO: [ view_filter ] --START--
INFO: Run Behavior\WriteHtmlCacheBehavior [ RunTime:0.000621s ]
INFO: [ view_filter ] --END-- [ RunTime:0.000665s ]
INFO: [ app_end ] --START--
INFO: Run Behavior\ShowPageTraceBehavior [ RunTime:0.000976s ]
INFO: [ app_end ] --END-- [ RunTime:0.001037s ]

[ 2018-08-06T15:24:30+08:00 ] 127.0.0.1 /Admin/Jdcloud/jdcloudmanage.html
INFO: [ app_init ] --START--
INFO: Run Behavior\BuildLiteBehavior [ RunTime:0.000013s ]
INFO: [ app_init ] --END-- [ RunTime:0.000461s ]
INFO: [ app_begin ] --START--
INFO: Run Behavior\ReadHtmlCacheBehavior [ RunTime:0.000756s ]
INFO: [ app_begin ] --END-- [ RunTime:0.000812s ]
NOTIC: [2048] Declaration of Admin\Controller\jdcloudController::get() should be compatible with that of Think\Controller::get() D:\myenv\apache\htdocs\pgyidc\Application\Admin\Controller\JdcloudController.class.php 第 4 行.
NOTIC: [8] A session had already been started - ignoring session_start() D:\myenv\apache\htdocs\pgyidc\Application\Admin\Controller\BaseController.class.php 第 7 行.
SQL: SHOW COLUMNS FROM `users` [ RunTime:0.0163s ]
SQL: SELECT `UserID`,`EffectiveTime` FROM `users` WHERE ( UserName ='xiaocai' AND WebGuid  ='197C9CA1E-3676-95F3-1034-7F9FF1AE0CD8' ) LIMIT 1   [ RunTime:0.0029s ]

[ 2018-08-06T15:24:30+08:00 ] 127.0.0.1 /Admin/Jdcloud/jdcloudmanage.html
INFO: [ app_init ] --START--
INFO: Run Behavior\BuildLiteBehavior [ RunTime:0.000017s ]
INFO: [ app_init ] --END-- [ RunTime:0.000611s ]
INFO: [ app_begin ] --START--
INFO: Run Behavior\ReadHtmlCacheBehavior [ RunTime:0.000905s ]
INFO: [ app_begin ] --END-- [ RunTime:0.000979s ]
NOTIC: [2048] Declaration of Admin\Controller\jdcloudController::get() should be compatible with that of Think\Controller::get() D:\myenv\apache\htdocs\pgyidc\Application\Admin\Controller\JdcloudController.class.php 第 4 行.
NOTIC: [8] A session had already been started - ignoring session_start() D:\myenv\apache\htdocs\pgyidc\Application\Admin\Controller\BaseController.class.php 第 7 行.

[ 2018-08-06T15:24:30+08:00 ] 127.0.0.1 /admin/login.html
INFO: [ app_init ] --START--
INFO: Run Behavior\BuildLiteBehavior [ RunTime:0.000012s ]
INFO: [ app_init ] --END-- [ RunTime:0.000455s ]
INFO: [ app_begin ] --START--
INFO: Run Behavior\ReadHtmlCacheBehavior [ RunTime:0.000644s ]
INFO: [ app_begin ] --END-- [ RunTime:0.000695s ]
INFO: [ view_parse ] --START--
INFO: [ template_filter ] --START--
INFO: Run Behavior\ContentReplaceBehavior [ RunTime:0.000049s ]
INFO: [ template_filter ] --END-- [ RunTime:0.000101s ]
INFO: Run Behavior\ParseTemplateBehavior [ RunTime:0.006821s ]
INFO: [ view_parse ] --END-- [ RunTime:0.006872s ]
INFO: [ view_filter ] --START--
INFO: Run Behavior\WriteHtmlCacheBehavior [ RunTime:0.000538s ]
INFO: [ view_filter ] --END-- [ RunTime:0.000579s ]
INFO: [ app_end ] --START--
INFO: Run Behavior\ShowPageTraceBehavior [ RunTime:0.000768s ]
INFO: [ app_end ] --END-- [ RunTime:0.000810s ]

[ 2018-08-06T15:24:30+08:00 ] 127.0.0.1 /Admin/User/verify.html
INFO: [ app_init ] --START--
INFO: Run Behavior\BuildLiteBehavior [ RunTime:0.000032s ]
INFO: [ app_init ] --END-- [ RunTime:0.000671s ]
INFO: [ app_begin ] --START--
INFO: Run Behavior\ReadHtmlCacheBehavior [ RunTime:0.000927s ]
INFO: [ app_begin ] --END-- [ RunTime:0.001021s ]
INFO: [ app_end ] --START--
INFO: Run Behavior\ShowPageTraceBehavior [ RunTime:0.000876s ]
INFO: [ app_end ] --END-- [ RunTime:0.000944s ]

[ 2018-08-06T15:24:34+08:00 ] 127.0.0.1 /admin/User/loginin
INFO: [ app_init ] --START--
INFO: Run Behavior\BuildLiteBehavior [ RunTime:0.000014s ]
INFO: [ app_init ] --END-- [ RunTime:0.000503s ]
INFO: [ app_begin ] --START--
INFO: Run Behavior\ReadHtmlCacheBehavior [ RunTime:0.000668s ]
INFO: [ app_begin ] --END-- [ RunTime:0.000728s ]
SQL: SHOW COLUMNS FROM `users` [ RunTime:0.0154s ]
SQL: SELECT `UserID` FROM `users` WHERE (  `UserName` = 'xiaocai' OR `LinkMail` = 'xiaocai' ) AND ( UserPsw ='39538ed9af2f892dcc904ee38926f867' ) LIMIT 1   [ RunTime:0.0012s ]
SQL: SELECT * FROM `users` WHERE (  `UserName` = 'xiaocai' OR `LinkMail` = 'xiaocai' ) AND ( UserPsw ='39538ed9af2f892dcc904ee38926f867' ) LIMIT 1   [ RunTime:0.0016s ]

[ 2018-08-06T15:24:36+08:00 ] 127.0.0.1 /admin/index/index
INFO: [ app_init ] --START--
INFO: Run Behavior\BuildLiteBehavior [ RunTime:0.000017s ]
INFO: [ app_init ] --END-- [ RunTime:0.000633s ]
INFO: [ app_begin ] --START--
INFO: Run Behavior\ReadHtmlCacheBehavior [ RunTime:0.000892s ]
INFO: [ app_begin ] --END-- [ RunTime:0.000965s ]
NOTIC: [8] A session had already been started - ignoring session_start() D:\myenv\apache\htdocs\pgyidc\Application\Admin\Controller\BaseController.class.php 第 7 行.
SQL: SHOW COLUMNS FROM `paylog` [ RunTime:0.0160s ]
SQL: SELECT SUM(money) as my FROM `paylog` WHERE ( userid=1 and datatype=0 )  [ RunTime:0.0028s ]
SQL: SELECT SUM(money) as my FROM `paylog` WHERE ( userid=1 and datatype=1 )  [ RunTime:0.0008s ]
SQL: SHOW COLUMNS FROM `users` [ RunTime:0.0092s ]
SQL: SELECT * FROM `users` WHERE ( UserID=1 ) LIMIT 1   [ RunTime:0.0021s ]
INFO: [ view_parse ] --START--
INFO: [ template_filter ] --START--
INFO: Run Behavior\ContentReplaceBehavior [ RunTime:0.000152s ]
INFO: [ template_filter ] --END-- [ RunTime:0.000206s ]
NOTIC: [8] Undefined variable: cloud D:\myenv\apache\htdocs\pgyidc\Application\Runtime\Cache\Admin\b595b808c2ebeeeb0478ffc30bb4e87a.php 第 208 行.
NOTIC: [8] Undefined variable: physical D:\myenv\apache\htdocs\pgyidc\Application\Runtime\Cache\Admin\b595b808c2ebeeeb0478ffc30bb4e87a.php 第 220 行.
NOTIC: [8] Undefined variable: firewall D:\myenv\apache\htdocs\pgyidc\Application\Runtime\Cache\Admin\b595b808c2ebeeeb0478ffc30bb4e87a.php 第 240 行.
NOTIC: [8] Undefined variable: blockabroadip D:\myenv\apache\htdocs\pgyidc\Application\Runtime\Cache\Admin\b595b808c2ebeeeb0478ffc30bb4e87a.php 第 257 行.
NOTIC: [8] Undefined variable: guanwang D:\myenv\apache\htdocs\pgyidc\Application\Runtime\Cache\Admin\b595b808c2ebeeeb0478ffc30bb4e87a.php 第 269 行.
NOTIC: [8] Undefined variable: product D:\myenv\apache\htdocs\pgyidc\Application\Runtime\Cache\Admin\b595b808c2ebeeeb0478ffc30bb4e87a.php 第 284 行.
NOTIC: [8] Undefined variable: usercenter D:\myenv\apache\htdocs\pgyidc\Application\Runtime\Cache\Admin\b595b808c2ebeeeb0478ffc30bb4e87a.php 第 302 行.
INFO: Run Behavior\ParseTemplateBehavior [ RunTime:0.020881s ]
INFO: [ view_parse ] --END-- [ RunTime:0.020938s ]
INFO: [ view_filter ] --START--
INFO: Run Behavior\WriteHtmlCacheBehavior [ RunTime:0.000823s ]
INFO: [ view_filter ] --END-- [ RunTime:0.000866s ]
INFO: [ app_end ] --START--
INFO: Run Behavior\ShowPageTraceBehavior [ RunTime:0.001170s ]
INFO: [ app_end ] --END-- [ RunTime:0.001259s ]

[ 2018-08-06T15:25:00+08:00 ] 127.0.0.1 /Admin/Jdcloud/jdcloudmanage.html
INFO: [ app_init ] --START--
INFO: Run Behavior\BuildLiteBehavior [ RunTime:0.000014s ]
INFO: [ app_init ] --END-- [ RunTime:0.000446s ]
INFO: [ app_begin ] --START--
INFO: Run Behavior\ReadHtmlCacheBehavior [ RunTime:0.000691s ]
INFO: [ app_begin ] --END-- [ RunTime:0.000754s ]
NOTIC: [2048] Declaration of Admin\Controller\jdcloudController::get() should be compatible with that of Think\Controller::get() D:\myenv\apache\htdocs\pgyidc\Application\Admin\Controller\JdcloudController.class.php 第 4 行.
NOTIC: [8] A session had already been started - ignoring session_start() D:\myenv\apache\htdocs\pgyidc\Application\Admin\Controller\BaseController.class.php 第 7 行.
SQL: SHOW COLUMNS FROM `users` [ RunTime:0.0080s ]
SQL: SELECT `UserID`,`EffectiveTime` FROM `users` WHERE ( UserName ='xiaocai' AND WebGuid  ='19450B2D7-CF9A-820B-7320-DA9C56343415' ) LIMIT 1   [ RunTime:0.0014s ]
SQL: SHOW COLUMNS FROM `jdcloudlog` [ RunTime:0.0073s ]
SQL: SELECT COUNT(*) AS tp_count FROM `jdcloudlog` WHERE ( UserID=1 and regionid='cn-north-1' ) LIMIT 1   [ RunTime:0.0013s ]
SQL: SELECT `CloudNo` FROM `jdcloudlog` WHERE ( UserID=1 and regionid='cn-north-1' ) LIMIT 0,15   [ RunTime:0.0009s ]
INFO: [ view_parse ] --START--
INFO: [ template_filter ] --START--
INFO: Run Behavior\ContentReplaceBehavior [ RunTime:0.000198s ]
INFO: [ template_filter ] --END-- [ RunTime:0.000252s ]
NOTIC: [8] Undefined variable: physical D:\myenv\apache\htdocs\pgyidc\Application\Runtime\Cache\Admin\e9ed93fffdaf904087e680c43fa9e77f.php 第 220 行.
NOTIC: [8] Undefined variable: firewall D:\myenv\apache\htdocs\pgyidc\Application\Runtime\Cache\Admin\e9ed93fffdaf904087e680c43fa9e77f.php 第 240 行.
NOTIC: [8] Undefined variable: blockabroadip D:\myenv\apache\htdocs\pgyidc\Application\Runtime\Cache\Admin\e9ed93fffdaf904087e680c43fa9e77f.php 第 257 行.
NOTIC: [8] Undefined variable: guanwang D:\myenv\apache\htdocs\pgyidc\Application\Runtime\Cache\Admin\e9ed93fffdaf904087e680c43fa9e77f.php 第 269 行.
NOTIC: [8] Undefined variable: product D:\myenv\apache\htdocs\pgyidc\Application\Runtime\Cache\Admin\e9ed93fffdaf904087e680c43fa9e77f.php 第 284 行.
NOTIC: [8] Undefined variable: usercenter D:\myenv\apache\htdocs\pgyidc\Application\Runtime\Cache\Admin\e9ed93fffdaf904087e680c43fa9e77f.php 第 302 行.
NOTIC: [8] Undefined variable: keyword D:\myenv\apache\htdocs\pgyidc\Application\Runtime\Cache\Admin\e9ed93fffdaf904087e680c43fa9e77f.php 第 482 行.
INFO: Run Behavior\ParseTemplateBehavior [ RunTime:0.036834s ]
INFO: [ view_parse ] --END-- [ RunTime:0.036925s ]
INFO: [ view_filter ] --START--
INFO: Run Behavior\WriteHtmlCacheBehavior [ RunTime:0.000656s ]
INFO: [ view_filter ] --END-- [ RunTime:0.000700s ]
INFO: [ app_end ] --START--
INFO: Run Behavior\ShowPageTraceBehavior [ RunTime:0.000920s ]
INFO: [ app_end ] --END-- [ RunTime:0.000977s ]

[ 2018-08-06T15:26:36+08:00 ] 127.0.0.1 /Admin/Jdcloud/jdcloudmanage.html
INFO: [ app_init ] --START--
INFO: Run Behavior\BuildLiteBehavior [ RunTime:0.000013s ]
INFO: [ app_init ] --END-- [ RunTime:0.000492s ]
INFO: [ app_begin ] --START--
INFO: Run Behavior\ReadHtmlCacheBehavior [ RunTime:0.000638s ]
INFO: [ app_begin ] --END-- [ RunTime:0.000690s ]
NOTIC: [2048] Declaration of Admin\Controller\jdcloudController::get() should be compatible with that of Think\Controller::get() D:\myenv\apache\htdocs\pgyidc\Application\Admin\Controller\JdcloudController.class.php 第 4 行.
NOTIC: [8] A session had already been started - ignoring session_start() D:\myenv\apache\htdocs\pgyidc\Application\Admin\Controller\BaseController.class.php 第 7 行.
SQL: SHOW COLUMNS FROM `users` [ RunTime:0.0161s ]
SQL: SELECT `UserID`,`EffectiveTime` FROM `users` WHERE ( UserName ='xiaocai' AND WebGuid  ='19450B2D7-CF9A-820B-7320-DA9C56343415' ) LIMIT 1   [ RunTime:0.0026s ]
SQL: SHOW COLUMNS FROM `jdcloudlog` [ RunTime:0.0150s ]
SQL: SELECT COUNT(*) AS tp_count FROM `jdcloudlog` WHERE ( UserID=1 and regionid='cn-north-1' ) LIMIT 1   [ RunTime:0.0016s ]
SQL: SELECT `CloudNo` FROM `jdcloudlog` WHERE ( UserID=1 and regionid='cn-north-1' ) LIMIT 0,15   [ RunTime:0.0012s ]
INFO: [ view_parse ] --START--
INFO: [ template_filter ] --START--
INFO: Run Behavior\ContentReplaceBehavior [ RunTime:0.000379s ]
INFO: [ template_filter ] --END-- [ RunTime:0.000489s ]
NOTIC: [8] Undefined variable: physical D:\myenv\apache\htdocs\pgyidc\Application\Runtime\Cache\Admin\e9ed93fffdaf904087e680c43fa9e77f.php 第 220 行.
NOTIC: [8] Undefined variable: firewall D:\myenv\apache\htdocs\pgyidc\Application\Runtime\Cache\Admin\e9ed93fffdaf904087e680c43fa9e77f.php 第 240 行.
NOTIC: [8] Undefined variable: blockabroadip D:\myenv\apache\htdocs\pgyidc\Application\Runtime\Cache\Admin\e9ed93fffdaf904087e680c43fa9e77f.php 第 257 行.
NOTIC: [8] Undefined variable: guanwang D:\myenv\apache\htdocs\pgyidc\Application\Runtime\Cache\Admin\e9ed93fffdaf904087e680c43fa9e77f.php 第 269 行.
NOTIC: [8] Undefined variable: product D:\myenv\apache\htdocs\pgyidc\Application\Runtime\Cache\Admin\e9ed93fffdaf904087e680c43fa9e77f.php 第 284 行.
NOTIC: [8] Undefined variable: usercenter D:\myenv\apache\htdocs\pgyidc\Application\Runtime\Cache\Admin\e9ed93fffdaf904087e680c43fa9e77f.php 第 302 行.
NOTIC: [8] Undefined variable: keyword D:\myenv\apache\htdocs\pgyidc\Application\Runtime\Cache\Admin\e9ed93fffdaf904087e680c43fa9e77f.php 第 482 行.
INFO: Run Behavior\ParseTemplateBehavior [ RunTime:0.042937s ]
INFO: [ view_parse ] --END-- [ RunTime:0.043026s ]
INFO: [ view_filter ] --START--
INFO: Run Behavior\WriteHtmlCacheBehavior [ RunTime:0.000658s ]
INFO: [ view_filter ] --END-- [ RunTime:0.000702s ]
INFO: [ app_end ] --START--
INFO: Run Behavior\ShowPageTraceBehavior [ RunTime:0.000909s ]
INFO: [ app_end ] --END-- [ RunTime:0.000983s ]

[ 2018-08-06T15:27:06+08:00 ] 127.0.0.1 /Admin/Jdcloud/jdcloudmanage.html
INFO: [ app_init ] --START--
INFO: Run Behavior\BuildLiteBehavior [ RunTime:0.000013s ]
INFO: [ app_init ] --END-- [ RunTime:0.000484s ]
INFO: [ app_begin ] --START--
INFO: Run Behavior\ReadHtmlCacheBehavior [ RunTime:0.000689s ]
INFO: [ app_begin ] --END-- [ RunTime:0.000747s ]
NOTIC: [2048] Declaration of Admin\Controller\jdcloudController::get() should be compatible with that of Think\Controller::get() D:\myenv\apache\htdocs\pgyidc\Application\Admin\Controller\JdcloudController.class.php 第 4 行.
NOTIC: [8] A session had already been started - ignoring session_start() D:\myenv\apache\htdocs\pgyidc\Application\Admin\Controller\BaseController.class.php 第 7 行.
SQL: SHOW COLUMNS FROM `users` [ RunTime:0.0158s ]
SQL: SELECT `UserID`,`EffectiveTime` FROM `users` WHERE ( UserName ='xiaocai' AND WebGuid  ='19450B2D7-CF9A-820B-7320-DA9C56343415' ) LIMIT 1   [ RunTime:0.0030s ]
SQL: SHOW COLUMNS FROM `jdcloudlog` [ RunTime:0.0134s ]
SQL: SELECT COUNT(*) AS tp_count FROM `jdcloudlog` WHERE ( UserID=1 and regionid='cn-north-1' ) LIMIT 1   [ RunTime:0.0015s ]
SQL: SELECT `CloudNo` FROM `jdcloudlog` WHERE ( UserID=1 and regionid='cn-north-1' ) LIMIT 0,15   [ RunTime:0.0010s ]
INFO: [ view_parse ] --START--
INFO: [ template_filter ] --START--
INFO: Run Behavior\ContentReplaceBehavior [ RunTime:0.000161s ]
INFO: [ template_filter ] --END-- [ RunTime:0.000214s ]
NOTIC: [8] Undefined variable: physical D:\myenv\apache\htdocs\pgyidc\Application\Runtime\Cache\Admin\e9ed93fffdaf904087e680c43fa9e77f.php 第 220 行.
NOTIC: [8] Undefined variable: firewall D:\myenv\apache\htdocs\pgyidc\Application\Runtime\Cache\Admin\e9ed93fffdaf904087e680c43fa9e77f.php 第 240 行.
NOTIC: [8] Undefined variable: blockabroadip D:\myenv\apache\htdocs\pgyidc\Application\Runtime\Cache\Admin\e9ed93fffdaf904087e680c43fa9e77f.php 第 257 行.
NOTIC: [8] Undefined variable: guanwang D:\myenv\apache\htdocs\pgyidc\Application\Runtime\Cache\Admin\e9ed93fffdaf904087e680c43fa9e77f.php 第 269 行.
NOTIC: [8] Undefined variable: product D:\myenv\apache\htdocs\pgyidc\Application\Runtime\Cache\Admin\e9ed93fffdaf904087e680c43fa9e77f.php 第 284 行.
NOTIC: [8] Undefined variable: usercenter D:\myenv\apache\htdocs\pgyidc\Application\Runtime\Cache\Admin\e9ed93fffdaf904087e680c43fa9e77f.php 第 302 行.
NOTIC: [8] Undefined variable: keyword D:\myenv\apache\htdocs\pgyidc\Application\Runtime\Cache\Admin\e9ed93fffdaf904087e680c43fa9e77f.php 第 482 行.
INFO: Run Behavior\ParseTemplateBehavior [ RunTime:0.021406s ]
INFO: [ view_parse ] --END-- [ RunTime:0.021468s ]
INFO: [ view_filter ] --START--
INFO: Run Behavior\WriteHtmlCacheBehavior [ RunTime:0.000651s ]
INFO: [ view_filter ] --END-- [ RunTime:0.000697s ]
INFO: [ app_end ] --START--
INFO: Run Behavior\ShowPageTraceBehavior [ RunTime:0.000917s ]
INFO: [ app_end ] --END-- [ RunTime:0.000980s ]

[ 2018-08-06T15:27:29+08:00 ] 127.0.0.1 /Admin/Jdcloud/jdcloudmanage.html
INFO: [ app_init ] --START--
INFO: Run Behavior\BuildLiteBehavior [ RunTime:0.000013s ]
INFO: [ app_init ] --END-- [ RunTime:0.000493s ]
INFO: [ app_begin ] --START--
INFO: Run Behavior\ReadHtmlCacheBehavior [ RunTime:0.000676s ]
INFO: [ app_begin ] --END-- [ RunTime:0.000736s ]
NOTIC: [2048] Declaration of Admin\Controller\jdcloudController::get() should be compatible with that of Think\Controller::get() D:\myenv\apache\htdocs\pgyidc\Application\Admin\Controller\JdcloudController.class.php 第 4 行.
NOTIC: [8] A session had already been started - ignoring session_start() D:\myenv\apache\htdocs\pgyidc\Application\Admin\Controller\BaseController.class.php 第 7 行.
SQL: SHOW COLUMNS FROM `users` [ RunTime:0.0269s ]
SQL: SELECT `UserID`,`EffectiveTime` FROM `users` WHERE ( UserName ='xiaocai' AND WebGuid  ='19450B2D7-CF9A-820B-7320-DA9C56343415' ) LIMIT 1   [ RunTime:0.0014s ]
SQL: SHOW COLUMNS FROM `jdcloudlog` [ RunTime:0.0078s ]
SQL: SELECT COUNT(*) AS tp_count FROM `jdcloudlog` WHERE ( UserID=1 and regionid='cn-north-1' ) LIMIT 1   [ RunTime:0.0011s ]
SQL: SELECT `CloudNo` FROM `jdcloudlog` WHERE ( UserID=1 and regionid='cn-north-1' ) LIMIT 0,15   [ RunTime:0.0007s ]
INFO: [ view_parse ] --START--
INFO: [ template_filter ] --START--
INFO: Run Behavior\ContentReplaceBehavior [ RunTime:0.000356s ]
INFO: [ template_filter ] --END-- [ RunTime:0.000469s ]
NOTIC: [8] Undefined variable: physical D:\myenv\apache\htdocs\pgyidc\Application\Runtime\Cache\Admin\e9ed93fffdaf904087e680c43fa9e77f.php 第 220 行.
NOTIC: [8] Undefined variable: firewall D:\myenv\apache\htdocs\pgyidc\Application\Runtime\Cache\Admin\e9ed93fffdaf904087e680c43fa9e77f.php 第 240 行.
NOTIC: [8] Undefined variable: blockabroadip D:\myenv\apache\htdocs\pgyidc\Application\Runtime\Cache\Admin\e9ed93fffdaf904087e680c43fa9e77f.php 第 257 行.
NOTIC: [8] Undefined variable: guanwang D:\myenv\apache\htdocs\pgyidc\Application\Runtime\Cache\Admin\e9ed93fffdaf904087e680c43fa9e77f.php 第 269 行.
NOTIC: [8] Undefined variable: product D:\myenv\apache\htdocs\pgyidc\Application\Runtime\Cache\Admin\e9ed93fffdaf904087e680c43fa9e77f.php 第 284 行.
NOTIC: [8] Undefined variable: usercenter D:\myenv\apache\htdocs\pgyidc\Application\Runtime\Cache\Admin\e9ed93fffdaf904087e680c43fa9e77f.php 第 302 行.
NOTIC: [8] Undefined variable: keyword D:\myenv\apache\htdocs\pgyidc\Application\Runtime\Cache\Admin\e9ed93fffdaf904087e680c43fa9e77f.php 第 482 行.
INFO: Run Behavior\ParseTemplateBehavior [ RunTime:0.046537s ]
INFO: [ view_parse ] --END-- [ RunTime:0.046660s ]
INFO: [ view_filter ] --START--
INFO: Run Behavior\WriteHtmlCacheBehavior [ RunTime:0.001312s ]
INFO: [ view_filter ] --END-- [ RunTime:0.001412s ]
INFO: [ app_end ] --START--
INFO: Run Behavior\ShowPageTraceBehavior [ RunTime:0.001745s ]
INFO: [ app_end ] --END-- [ RunTime:0.001855s ]

[ 2018-08-06T15:27:49+08:00 ] 127.0.0.1 /Admin/Jdcloud/jdcloudmanage/regionid/cn-south-1.html
INFO: [ app_init ] --START--
INFO: Run Behavior\BuildLiteBehavior [ RunTime:0.000012s ]
INFO: [ app_init ] --END-- [ RunTime:0.000467s ]
INFO: [ app_begin ] --START--
INFO: Run Behavior\ReadHtmlCacheBehavior [ RunTime:0.000738s ]
INFO: [ app_begin ] --END-- [ RunTime:0.000800s ]
NOTIC: [2048] Declaration of Admin\Controller\jdcloudController::get() should be compatible with that of Think\Controller::get() D:\myenv\apache\htdocs\pgyidc\Application\Admin\Controller\JdcloudController.class.php 第 4 行.
NOTIC: [8] A session had already been started - ignoring session_start() D:\myenv\apache\htdocs\pgyidc\Application\Admin\Controller\BaseController.class.php 第 7 行.
SQL: SHOW COLUMNS FROM `users` [ RunTime:0.0163s ]
SQL: SELECT `UserID`,`EffectiveTime` FROM `users` WHERE ( UserName ='xiaocai' AND WebGuid  ='19450B2D7-CF9A-820B-7320-DA9C56343415' ) LIMIT 1   [ RunTime:0.0026s ]
SQL: SHOW COLUMNS FROM `jdcloudlog` [ RunTime:0.0161s ]
SQL: SELECT COUNT(*) AS tp_count FROM `jdcloudlog` WHERE ( UserID=1 and regionid='cn-south-1' ) LIMIT 1   [ RunTime:0.0030s ]
SQL: SELECT `CloudNo` FROM `jdcloudlog` WHERE ( UserID=1 and regionid='cn-south-1' ) LIMIT 0,15   [ RunTime:0.0015s ]

[ 2018-08-06T15:27:49+08:00 ] 127.0.0.1 /Admin/Jdcloud/jdcloudmanage/regionid/cn-east-1.html
INFO: [ app_init ] --START--
INFO: Run Behavior\BuildLiteBehavior [ RunTime:0.000024s ]
INFO: [ app_init ] --END-- [ RunTime:0.000466s ]
INFO: [ app_begin ] --START--
INFO: Run Behavior\ReadHtmlCacheBehavior [ RunTime:0.000851s ]
INFO: [ app_begin ] --END-- [ RunTime:0.000912s ]

