[ 2018-07-25T09:15:52+08:00 ] 127.0.0.1 /Admin/login.html
INFO: [ app_init ] --START--
INFO: Run Behavior\BuildLiteBehavior [ RunTime:0.000012s ]
INFO: [ app_init ] --END-- [ RunTime:0.000469s ]
INFO: [ app_begin ] --START--
INFO: Run Behavior\ReadHtmlCacheBehavior [ RunTime:0.000828s ]
INFO: [ app_begin ] --END-- [ RunTime:0.000905s ]
INFO: [ view_parse ] --START--
INFO: [ template_filter ] --START--
INFO: Run Behavior\ContentReplaceBehavior [ RunTime:0.000051s ]
INFO: [ template_filter ] --END-- [ RunTime:0.000107s ]
INFO: Run Behavior\ParseTemplateBehavior [ RunTime:0.032259s ]
INFO: [ view_parse ] --END-- [ RunTime:0.032338s ]
INFO: [ view_filter ] --START--
INFO: Run Behavior\WriteHtmlCacheBehavior [ RunTime:0.000575s ]
INFO: [ view_filter ] --END-- [ RunTime:0.000620s ]
INFO: [ app_end ] --START--
INFO: Run Behavior\ShowPageTraceBehavior [ RunTime:0.000767s ]
INFO: [ app_end ] --END-- [ RunTime:0.000810s ]

[ 2018-07-25T09:15:53+08:00 ] 127.0.0.1 /Admin/User/verify.html
INFO: [ app_init ] --START--
INFO: Run Behavior\BuildLiteBehavior [ RunTime:0.000014s ]
INFO: [ app_init ] --END-- [ RunTime:0.000567s ]
INFO: [ app_begin ] --START--
INFO: Run Behavior\ReadHtmlCacheBehavior [ RunTime:0.000715s ]
INFO: [ app_begin ] --END-- [ RunTime:0.000767s ]
INFO: [ app_end ] --START--
INFO: Run Behavior\ShowPageTraceBehavior [ RunTime:0.001017s ]
INFO: [ app_end ] --END-- [ RunTime:0.001106s ]

[ 2018-07-25T09:15:58+08:00 ] 127.0.0.1 /Admin/User/loginin
INFO: [ app_init ] --START--
INFO: Run Behavior\BuildLiteBehavior [ RunTime:0.000013s ]
INFO: [ app_init ] --END-- [ RunTime:0.000448s ]
INFO: [ app_begin ] --START--
INFO: Run Behavior\ReadHtmlCacheBehavior [ RunTime:0.000628s ]
INFO: [ app_begin ] --END-- [ RunTime:0.000679s ]
SQL: SHOW COLUMNS FROM `users` [ RunTime:0.0563s ]
SQL: SELECT `UserID` FROM `users` WHERE (  `UserName` = 'xiaocai' OR `LinkMail` = 'xiaocai' ) AND ( UserPsw ='39538ed9af2f892dcc904ee38926f867' ) LIMIT 1   [ RunTime:0.0016s ]
SQL: SELECT * FROM `users` WHERE (  `UserName` = 'xiaocai' OR `LinkMail` = 'xiaocai' ) AND ( UserPsw ='39538ed9af2f892dcc904ee38926f867' ) LIMIT 1   [ RunTime:0.0018s ]
SQL: SHOW COLUMNS FROM `users` [ RunTime:0.0126s ]
NOTIC: [8] Undefined index: validate D:\myenv\apache\htdocs\pgyidc\ThinkPHP\Library\Think\Model.class.php 第 1185 行.
NOTIC: [8] Undefined index: auto D:\myenv\apache\htdocs\pgyidc\ThinkPHP\Library\Think\Model.class.php 第 1128 行.
SQL: UPDATE `users` SET `LastTime`='1532481358',`WebGuid`='13BA3E931-7462-F4AB-1908-52D11C0FA01B',`EffectiveTime`='2018-07-26 09:15:58' WHERE ( UserID= 1 ) [ RunTime:0.0254s ]

[ 2018-07-25T09:15:59+08:00 ] 127.0.0.1 /Admin/index/index
INFO: [ app_init ] --START--
INFO: Run Behavior\BuildLiteBehavior [ RunTime:0.000023s ]
INFO: [ app_init ] --END-- [ RunTime:0.000879s ]
INFO: [ app_begin ] --START--
INFO: Run Behavior\ReadHtmlCacheBehavior [ RunTime:0.001297s ]
INFO: [ app_begin ] --END-- [ RunTime:0.001416s ]
NOTIC: [8] A session had already been started - ignoring session_start() D:\myenv\apache\htdocs\pgyidc\Application\Admin\Controller\BaseController.class.php 第 7 行.
SQL: SHOW COLUMNS FROM `paylog` [ RunTime:0.0243s ]
SQL: SELECT SUM(money) as my FROM `paylog` WHERE ( userid=1 and datatype=0 )  [ RunTime:0.0024s ]
SQL: SELECT SUM(money) as my FROM `paylog` WHERE ( userid=1 and datatype=1 )  [ RunTime:0.0011s ]
SQL: SHOW COLUMNS FROM `users` [ RunTime:0.0120s ]
SQL: SELECT * FROM `users` WHERE ( UserID=1 ) LIMIT 1   [ RunTime:0.0017s ]
INFO: [ view_parse ] --START--
INFO: [ template_filter ] --START--
INFO: Run Behavior\ContentReplaceBehavior [ RunTime:0.000327s ]
INFO: [ template_filter ] --END-- [ RunTime:0.000437s ]
NOTIC: [8] Undefined variable: cloud D:\myenv\apache\htdocs\pgyidc\Application\Runtime\Cache\Admin\b595b808c2ebeeeb0478ffc30bb4e87a.php 第 207 行.
NOTIC: [8] Undefined variable: physical D:\myenv\apache\htdocs\pgyidc\Application\Runtime\Cache\Admin\b595b808c2ebeeeb0478ffc30bb4e87a.php 第 219 行.
NOTIC: [8] Undefined variable: firewall D:\myenv\apache\htdocs\pgyidc\Application\Runtime\Cache\Admin\b595b808c2ebeeeb0478ffc30bb4e87a.php 第 239 行.
NOTIC: [8] Undefined variable: blockabroadip D:\myenv\apache\htdocs\pgyidc\Application\Runtime\Cache\Admin\b595b808c2ebeeeb0478ffc30bb4e87a.php 第 256 行.
NOTIC: [8] Undefined variable: guanwang D:\myenv\apache\htdocs\pgyidc\Application\Runtime\Cache\Admin\b595b808c2ebeeeb0478ffc30bb4e87a.php 第 268 行.
NOTIC: [8] Undefined variable: product D:\myenv\apache\htdocs\pgyidc\Application\Runtime\Cache\Admin\b595b808c2ebeeeb0478ffc30bb4e87a.php 第 283 行.
NOTIC: [8] Undefined variable: usercenter D:\myenv\apache\htdocs\pgyidc\Application\Runtime\Cache\Admin\b595b808c2ebeeeb0478ffc30bb4e87a.php 第 301 行.
INFO: Run Behavior\ParseTemplateBehavior [ RunTime:0.080728s ]
INFO: [ view_parse ] --END-- [ RunTime:0.080847s ]
INFO: [ view_filter ] --START--
INFO: Run Behavior\WriteHtmlCacheBehavior [ RunTime:0.001200s ]
INFO: [ view_filter ] --END-- [ RunTime:0.001294s ]
INFO: [ app_end ] --START--
INFO: Run Behavior\ShowPageTraceBehavior [ RunTime:0.001443s ]
INFO: [ app_end ] --END-- [ RunTime:0.001551s ]

[ 2018-07-25T09:16:09+08:00 ] 127.0.0.1 /Admin/Jdcloud/jdcloudmanage.html
INFO: [ app_init ] --START--
INFO: Run Behavior\BuildLiteBehavior [ RunTime:0.000012s ]
INFO: [ app_init ] --END-- [ RunTime:0.000437s ]
INFO: [ app_begin ] --START--
INFO: Run Behavior\ReadHtmlCacheBehavior [ RunTime:0.000608s ]
INFO: [ app_begin ] --END-- [ RunTime:0.000663s ]
NOTIC: [2048] Declaration of Admin\Controller\jdcloudController::get() should be compatible with that of Think\Controller::get() D:\myenv\apache\htdocs\pgyidc\Application\Admin\Controller\JdcloudController.class.php 第 4 行.
NOTIC: [8] A session had already been started - ignoring session_start() D:\myenv\apache\htdocs\pgyidc\Application\Admin\Controller\BaseController.class.php 第 7 行.
SQL: SHOW COLUMNS FROM `users` [ RunTime:0.0122s ]
SQL: SELECT `UserID`,`EffectiveTime` FROM `users` WHERE ( UserName ='xiaocai' AND WebGuid  ='172045B38-2D16-D1EA-669B-4AC2B19A395B' ) LIMIT 1   [ RunTime:0.0018s ]

[ 2018-07-25T09:16:10+08:00 ] 127.0.0.1 /Admin/Jdcloud/jdcloudmanage.html
INFO: [ app_init ] --START--
INFO: Run Behavior\BuildLiteBehavior [ RunTime:0.000013s ]
INFO: [ app_init ] --END-- [ RunTime:0.000478s ]
INFO: [ app_begin ] --START--
INFO: Run Behavior\ReadHtmlCacheBehavior [ RunTime:0.000819s ]
INFO: [ app_begin ] --END-- [ RunTime:0.000893s ]
NOTIC: [2048] Declaration of Admin\Controller\jdcloudController::get() should be compatible with that of Think\Controller::get() D:\myenv\apache\htdocs\pgyidc\Application\Admin\Controller\JdcloudController.class.php 第 4 行.
NOTIC: [8] A session had already been started - ignoring session_start() D:\myenv\apache\htdocs\pgyidc\Application\Admin\Controller\BaseController.class.php 第 7 行.

[ 2018-07-25T09:16:10+08:00 ] 127.0.0.1 /admin/login.html
INFO: [ app_init ] --START--
INFO: Run Behavior\BuildLiteBehavior [ RunTime:0.000024s ]
INFO: [ app_init ] --END-- [ RunTime:0.000862s ]
INFO: [ app_begin ] --START--
INFO: Run Behavior\ReadHtmlCacheBehavior [ RunTime:0.001481s ]
INFO: [ app_begin ] --END-- [ RunTime:0.001603s ]
INFO: [ view_parse ] --START--
INFO: [ template_filter ] --START--
INFO: Run Behavior\ContentReplaceBehavior [ RunTime:0.000112s ]
INFO: [ template_filter ] --END-- [ RunTime:0.000252s ]
INFO: Run Behavior\ParseTemplateBehavior [ RunTime:0.014217s ]
INFO: [ view_parse ] --END-- [ RunTime:0.014335s ]
INFO: [ view_filter ] --START--
INFO: Run Behavior\WriteHtmlCacheBehavior [ RunTime:0.001172s ]
INFO: [ view_filter ] --END-- [ RunTime:0.001261s ]
INFO: [ app_end ] --START--
INFO: Run Behavior\ShowPageTraceBehavior [ RunTime:0.001431s ]
INFO: [ app_end ] --END-- [ RunTime:0.001531s ]

[ 2018-07-25T09:16:10+08:00 ] 127.0.0.1 /Admin/User/verify.html
INFO: [ app_init ] --START--
INFO: Run Behavior\BuildLiteBehavior [ RunTime:0.000016s ]
INFO: [ app_init ] --END-- [ RunTime:0.000562s ]
INFO: [ app_begin ] --START--
INFO: Run Behavior\ReadHtmlCacheBehavior [ RunTime:0.001198s ]
INFO: [ app_begin ] --END-- [ RunTime:0.001314s ]
INFO: [ app_end ] --START--
INFO: Run Behavior\ShowPageTraceBehavior [ RunTime:0.000813s ]
INFO: [ app_end ] --END-- [ RunTime:0.000892s ]

[ 2018-07-25T09:16:13+08:00 ] 127.0.0.1 /Admin/Jdcloud/jdcloudmanage.html
INFO: [ app_init ] --START--
INFO: Run Behavior\BuildLiteBehavior [ RunTime:0.000011s ]
INFO: [ app_init ] --END-- [ RunTime:0.000451s ]
INFO: [ app_begin ] --START--
INFO: Run Behavior\ReadHtmlCacheBehavior [ RunTime:0.000623s ]
INFO: [ app_begin ] --END-- [ RunTime:0.000677s ]
NOTIC: [2048] Declaration of Admin\Controller\jdcloudController::get() should be compatible with that of Think\Controller::get() D:\myenv\apache\htdocs\pgyidc\Application\Admin\Controller\JdcloudController.class.php 第 4 行.
NOTIC: [8] A session had already been started - ignoring session_start() D:\myenv\apache\htdocs\pgyidc\Application\Admin\Controller\BaseController.class.php 第 7 行.

[ 2018-07-25T09:16:13+08:00 ] 127.0.0.1 /admin/login.html
INFO: [ app_init ] --START--
INFO: Run Behavior\BuildLiteBehavior [ RunTime:0.000011s ]
INFO: [ app_init ] --END-- [ RunTime:0.000412s ]
INFO: [ app_begin ] --START--
INFO: Run Behavior\ReadHtmlCacheBehavior [ RunTime:0.000601s ]
INFO: [ app_begin ] --END-- [ RunTime:0.000655s ]
INFO: [ view_parse ] --START--
INFO: [ template_filter ] --START--
INFO: Run Behavior\ContentReplaceBehavior [ RunTime:0.000044s ]
INFO: [ template_filter ] --END-- [ RunTime:0.000089s ]
INFO: Run Behavior\ParseTemplateBehavior [ RunTime:0.006152s ]
INFO: [ view_parse ] --END-- [ RunTime:0.006201s ]
INFO: [ view_filter ] --START--
INFO: Run Behavior\WriteHtmlCacheBehavior [ RunTime:0.000510s ]
INFO: [ view_filter ] --END-- [ RunTime:0.000554s ]
INFO: [ app_end ] --START--
INFO: Run Behavior\ShowPageTraceBehavior [ RunTime:0.000653s ]
INFO: [ app_end ] --END-- [ RunTime:0.000695s ]

[ 2018-07-25T09:16:14+08:00 ] 127.0.0.1 /Admin/User/verify.html
INFO: [ app_init ] --START--
INFO: Run Behavior\BuildLiteBehavior [ RunTime:0.000014s ]
INFO: [ app_init ] --END-- [ RunTime:0.000457s ]
INFO: [ app_begin ] --START--
INFO: Run Behavior\ReadHtmlCacheBehavior [ RunTime:0.000740s ]
INFO: [ app_begin ] --END-- [ RunTime:0.000813s ]
INFO: [ app_end ] --START--
INFO: Run Behavior\ShowPageTraceBehavior [ RunTime:0.001033s ]
INFO: [ app_end ] --END-- [ RunTime:0.001099s ]

[ 2018-07-25T09:16:21+08:00 ] 127.0.0.1 /Admin/Jdcloud/jdcloudmanage.html
INFO: [ app_init ] --START--
INFO: Run Behavior\BuildLiteBehavior [ RunTime:0.000012s ]
INFO: [ app_init ] --END-- [ RunTime:0.000462s ]
INFO: [ app_begin ] --START--
INFO: Run Behavior\ReadHtmlCacheBehavior [ RunTime:0.000646s ]
INFO: [ app_begin ] --END-- [ RunTime:0.000700s ]
NOTIC: [2048] Declaration of Admin\Controller\jdcloudController::get() should be compatible with that of Think\Controller::get() D:\myenv\apache\htdocs\pgyidc\Application\Admin\Controller\JdcloudController.class.php 第 4 行.
NOTIC: [8] A session had already been started - ignoring session_start() D:\myenv\apache\htdocs\pgyidc\Application\Admin\Controller\BaseController.class.php 第 7 行.

[ 2018-07-25T09:16:21+08:00 ] 127.0.0.1 /admin/login.html
INFO: [ app_init ] --START--
INFO: Run Behavior\BuildLiteBehavior [ RunTime:0.000012s ]
INFO: [ app_init ] --END-- [ RunTime:0.000492s ]
INFO: [ app_begin ] --START--
INFO: Run Behavior\ReadHtmlCacheBehavior [ RunTime:0.000578s ]
INFO: [ app_begin ] --END-- [ RunTime:0.000630s ]
INFO: [ view_parse ] --START--
INFO: [ template_filter ] --START--
INFO: Run Behavior\ContentReplaceBehavior [ RunTime:0.000045s ]
INFO: [ template_filter ] --END-- [ RunTime:0.000089s ]
INFO: Run Behavior\ParseTemplateBehavior [ RunTime:0.005367s ]
INFO: [ view_parse ] --END-- [ RunTime:0.005417s ]
INFO: [ view_filter ] --START--
INFO: Run Behavior\WriteHtmlCacheBehavior [ RunTime:0.000420s ]
INFO: [ view_filter ] --END-- [ RunTime:0.000460s ]
INFO: [ app_end ] --START--
INFO: Run Behavior\ShowPageTraceBehavior [ RunTime:0.000648s ]
INFO: [ app_end ] --END-- [ RunTime:0.000687s ]

[ 2018-07-25T09:16:21+08:00 ] 127.0.0.1 /Admin/User/verify.html
INFO: [ app_init ] --START--
INFO: Run Behavior\BuildLiteBehavior [ RunTime:0.000013s ]
INFO: [ app_init ] --END-- [ RunTime:0.000419s ]
INFO: [ app_begin ] --START--
INFO: Run Behavior\ReadHtmlCacheBehavior [ RunTime:0.000599s ]
INFO: [ app_begin ] --END-- [ RunTime:0.000651s ]
INFO: [ app_end ] --START--
INFO: Run Behavior\ShowPageTraceBehavior [ RunTime:0.000929s ]
INFO: [ app_end ] --END-- [ RunTime:0.001001s ]

[ 2018-07-25T09:16:30+08:00 ] 127.0.0.1 /Admin/User/verify.html?time=
INFO: [ app_init ] --START--
INFO: Run Behavior\BuildLiteBehavior [ RunTime:0.000015s ]
INFO: [ app_init ] --END-- [ RunTime:0.000535s ]
INFO: [ app_begin ] --START--
INFO: Run Behavior\ReadHtmlCacheBehavior [ RunTime:0.000759s ]
INFO: [ app_begin ] --END-- [ RunTime:0.000813s ]
INFO: [ app_end ] --START--
INFO: Run Behavior\ShowPageTraceBehavior [ RunTime:0.000781s ]
INFO: [ app_end ] --END-- [ RunTime:0.000838s ]

[ 2018-07-25T09:16:36+08:00 ] 127.0.0.1 /admin/User/loginin
INFO: [ app_init ] --START--
INFO: Run Behavior\BuildLiteBehavior [ RunTime:0.000013s ]
INFO: [ app_init ] --END-- [ RunTime:0.000437s ]
INFO: [ app_begin ] --START--
INFO: Run Behavior\ReadHtmlCacheBehavior [ RunTime:0.000628s ]
INFO: [ app_begin ] --END-- [ RunTime:0.000680s ]
SQL: SHOW COLUMNS FROM `users` [ RunTime:0.0124s ]
SQL: SELECT `UserID` FROM `users` WHERE (  `UserName` = 'xiaocai' OR `LinkMail` = 'xiaocai' ) AND ( UserPsw ='39538ed9af2f892dcc904ee38926f867' ) LIMIT 1   [ RunTime:0.0011s ]
SQL: SELECT * FROM `users` WHERE (  `UserName` = 'xiaocai' OR `LinkMail` = 'xiaocai' ) AND ( UserPsw ='39538ed9af2f892dcc904ee38926f867' ) LIMIT 1   [ RunTime:0.0014s ]

[ 2018-07-25T09:16:37+08:00 ] 127.0.0.1 /admin/index/index
INFO: [ app_init ] --START--
INFO: Run Behavior\BuildLiteBehavior [ RunTime:0.000025s ]
INFO: [ app_init ] --END-- [ RunTime:0.000871s ]
INFO: [ app_begin ] --START--
INFO: Run Behavior\ReadHtmlCacheBehavior [ RunTime:0.001304s ]
INFO: [ app_begin ] --END-- [ RunTime:0.001422s ]
NOTIC: [8] A session had already been started - ignoring session_start() D:\myenv\apache\htdocs\pgyidc\Application\Admin\Controller\BaseController.class.php 第 7 行.
SQL: SHOW COLUMNS FROM `paylog` [ RunTime:0.0125s ]
SQL: SELECT SUM(money) as my FROM `paylog` WHERE ( userid=1 and datatype=0 )  [ RunTime:0.0020s ]
SQL: SELECT SUM(money) as my FROM `paylog` WHERE ( userid=1 and datatype=1 )  [ RunTime:0.0012s ]
SQL: SHOW COLUMNS FROM `users` [ RunTime:0.0121s ]
SQL: SELECT * FROM `users` WHERE ( UserID=1 ) LIMIT 1   [ RunTime:0.0025s ]
INFO: [ view_parse ] --START--
INFO: [ template_filter ] --START--
INFO: Run Behavior\ContentReplaceBehavior [ RunTime:0.000196s ]
INFO: [ template_filter ] --END-- [ RunTime:0.000267s ]
NOTIC: [8] Undefined variable: cloud D:\myenv\apache\htdocs\pgyidc\Application\Runtime\Cache\Admin\b595b808c2ebeeeb0478ffc30bb4e87a.php 第 207 行.
NOTIC: [8] Undefined variable: physical D:\myenv\apache\htdocs\pgyidc\Application\Runtime\Cache\Admin\b595b808c2ebeeeb0478ffc30bb4e87a.php 第 219 行.
NOTIC: [8] Undefined variable: firewall D:\myenv\apache\htdocs\pgyidc\Application\Runtime\Cache\Admin\b595b808c2ebeeeb0478ffc30bb4e87a.php 第 239 行.
NOTIC: [8] Undefined variable: blockabroadip D:\myenv\apache\htdocs\pgyidc\Application\Runtime\Cache\Admin\b595b808c2ebeeeb0478ffc30bb4e87a.php 第 256 行.
NOTIC: [8] Undefined variable: guanwang D:\myenv\apache\htdocs\pgyidc\Application\Runtime\Cache\Admin\b595b808c2ebeeeb0478ffc30bb4e87a.php 第 268 行.
NOTIC: [8] Undefined variable: product D:\myenv\apache\htdocs\pgyidc\Application\Runtime\Cache\Admin\b595b808c2ebeeeb0478ffc30bb4e87a.php 第 283 行.
NOTIC: [8] Undefined variable: usercenter D:\myenv\apache\htdocs\pgyidc\Application\Runtime\Cache\Admin\b595b808c2ebeeeb0478ffc30bb4e87a.php 第 301 行.
INFO: Run Behavior\ParseTemplateBehavior [ RunTime:0.030796s ]
INFO: [ view_parse ] --END-- [ RunTime:0.030907s ]
INFO: [ view_filter ] --START--
INFO: Run Behavior\WriteHtmlCacheBehavior [ RunTime:0.000743s ]
INFO: [ view_filter ] --END-- [ RunTime:0.000797s ]
INFO: [ app_end ] --START--
INFO: Run Behavior\ShowPageTraceBehavior [ RunTime:0.000799s ]
INFO: [ app_end ] --END-- [ RunTime:0.000863s ]

[ 2018-07-25T09:16:41+08:00 ] 127.0.0.1 /Admin/Jdcloud/jdcloudmanage.html
INFO: [ app_init ] --START--
INFO: Run Behavior\BuildLiteBehavior [ RunTime:0.000013s ]
INFO: [ app_init ] --END-- [ RunTime:0.000470s ]
INFO: [ app_begin ] --START--
INFO: Run Behavior\ReadHtmlCacheBehavior [ RunTime:0.000697s ]
INFO: [ app_begin ] --END-- [ RunTime:0.000759s ]
NOTIC: [2048] Declaration of Admin\Controller\jdcloudController::get() should be compatible with that of Think\Controller::get() D:\myenv\apache\htdocs\pgyidc\Application\Admin\Controller\JdcloudController.class.php 第 4 行.
NOTIC: [8] A session had already been started - ignoring session_start() D:\myenv\apache\htdocs\pgyidc\Application\Admin\Controller\BaseController.class.php 第 7 行.
SQL: SHOW COLUMNS FROM `users` [ RunTime:0.0123s ]
SQL: SELECT `UserID`,`EffectiveTime` FROM `users` WHERE ( UserName ='xiaocai' AND WebGuid  ='13BA3E931-7462-F4AB-1908-52D11C0FA01B' ) LIMIT 1   [ RunTime:0.0020s ]
SQL: SHOW COLUMNS FROM `jdcloudlog` [ RunTime:0.0378s ]
SQL: SELECT COUNT(*) AS tp_count FROM `jdcloudlog` WHERE ( UserID=1 and regionid='cn-north-1' ) LIMIT 1   [ RunTime:0.0011s ]
SQL: SELECT `CloudNo` FROM `jdcloudlog` WHERE ( UserID=1 and regionid='cn-north-1' ) LIMIT 0,15   [ RunTime:0.0008s ]
SQL: SELECT `DueTime` FROM `jdcloudlog` WHERE ( CloudNo='i-nkgy89bhzp' ) LIMIT 1   [ RunTime:0.0016s ]
INFO: [ view_parse ] --START--
INFO: [ template_filter ] --START--
INFO: Run Behavior\ContentReplaceBehavior [ RunTime:0.000363s ]
INFO: [ template_filter ] --END-- [ RunTime:0.000473s ]
NOTIC: [8] Undefined variable: physical D:\myenv\apache\htdocs\pgyidc\Application\Runtime\Cache\Admin\e9ed93fffdaf904087e680c43fa9e77f.php 第 219 行.
NOTIC: [8] Undefined variable: firewall D:\myenv\apache\htdocs\pgyidc\Application\Runtime\Cache\Admin\e9ed93fffdaf904087e680c43fa9e77f.php 第 239 行.
NOTIC: [8] Undefined variable: blockabroadip D:\myenv\apache\htdocs\pgyidc\Application\Runtime\Cache\Admin\e9ed93fffdaf904087e680c43fa9e77f.php 第 256 行.
NOTIC: [8] Undefined variable: guanwang D:\myenv\apache\htdocs\pgyidc\Application\Runtime\Cache\Admin\e9ed93fffdaf904087e680c43fa9e77f.php 第 268 行.
NOTIC: [8] Undefined variable: product D:\myenv\apache\htdocs\pgyidc\Application\Runtime\Cache\Admin\e9ed93fffdaf904087e680c43fa9e77f.php 第 283 行.
NOTIC: [8] Undefined variable: usercenter D:\myenv\apache\htdocs\pgyidc\Application\Runtime\Cache\Admin\e9ed93fffdaf904087e680c43fa9e77f.php 第 301 行.
NOTIC: [8] Undefined variable: keyword D:\myenv\apache\htdocs\pgyidc\Application\Runtime\Cache\Admin\e9ed93fffdaf904087e680c43fa9e77f.php 第 481 行.
INFO: Run Behavior\ParseTemplateBehavior [ RunTime:0.053406s ]
INFO: [ view_parse ] --END-- [ RunTime:0.053558s ]
INFO: [ view_filter ] --START--
INFO: Run Behavior\WriteHtmlCacheBehavior [ RunTime:0.001052s ]
INFO: [ view_filter ] --END-- [ RunTime:0.001117s ]
INFO: [ app_end ] --START--
INFO: Run Behavior\ShowPageTraceBehavior [ RunTime:0.000716s ]
INFO: [ app_end ] --END-- [ RunTime:0.000775s ]

[ 2018-07-25T09:16:44+08:00 ] 127.0.0.1 /Admin/Jdcloud/jdcloudmanage/regionid/cn-east-1.html
INFO: [ app_init ] --START--
INFO: Run Behavior\BuildLiteBehavior [ RunTime:0.000013s ]
INFO: [ app_init ] --END-- [ RunTime:0.000464s ]
INFO: [ app_begin ] --START--
INFO: Run Behavior\ReadHtmlCacheBehavior [ RunTime:0.000664s ]
INFO: [ app_begin ] --END-- [ RunTime:0.000719s ]
NOTIC: [2048] Declaration of Admin\Controller\jdcloudController::get() should be compatible with that of Think\Controller::get() D:\myenv\apache\htdocs\pgyidc\Application\Admin\Controller\JdcloudController.class.php 第 4 行.
NOTIC: [8] A session had already been started - ignoring session_start() D:\myenv\apache\htdocs\pgyidc\Application\Admin\Controller\BaseController.class.php 第 7 行.
SQL: SHOW COLUMNS FROM `users` [ RunTime:0.0122s ]
SQL: SELECT `UserID`,`EffectiveTime` FROM `users` WHERE ( UserName ='xiaocai' AND WebGuid  ='13BA3E931-7462-F4AB-1908-52D11C0FA01B' ) LIMIT 1   [ RunTime:0.0022s ]
SQL: SHOW COLUMNS FROM `jdcloudlog` [ RunTime:0.0110s ]
SQL: SELECT COUNT(*) AS tp_count FROM `jdcloudlog` WHERE ( UserID=1 and regionid='cn-east-1' ) LIMIT 1   [ RunTime:0.0012s ]
SQL: SELECT `CloudNo` FROM `jdcloudlog` WHERE ( UserID=1 and regionid='cn-east-1' ) LIMIT 0,15   [ RunTime:0.0006s ]
SQL: SELECT `DueTime` FROM `jdcloudlog` WHERE ( CloudNo='i-6gb31t9zfx' ) LIMIT 1   [ RunTime:0.0011s ]
INFO: [ view_parse ] --START--
INFO: [ template_filter ] --START--
INFO: Run Behavior\ContentReplaceBehavior [ RunTime:0.000353s ]
INFO: [ template_filter ] --END-- [ RunTime:0.000464s ]
NOTIC: [8] Undefined variable: physical D:\myenv\apache\htdocs\pgyidc\Application\Runtime\Cache\Admin\e9ed93fffdaf904087e680c43fa9e77f.php 第 219 行.
NOTIC: [8] Undefined variable: firewall D:\myenv\apache\htdocs\pgyidc\Application\Runtime\Cache\Admin\e9ed93fffdaf904087e680c43fa9e77f.php 第 239 行.
NOTIC: [8] Undefined variable: blockabroadip D:\myenv\apache\htdocs\pgyidc\Application\Runtime\Cache\Admin\e9ed93fffdaf904087e680c43fa9e77f.php 第 256 行.
NOTIC: [8] Undefined variable: guanwang D:\myenv\apache\htdocs\pgyidc\Application\Runtime\Cache\Admin\e9ed93fffdaf904087e680c43fa9e77f.php 第 268 行.
NOTIC: [8] Undefined variable: product D:\myenv\apache\htdocs\pgyidc\Application\Runtime\Cache\Admin\e9ed93fffdaf904087e680c43fa9e77f.php 第 283 行.
NOTIC: [8] Undefined variable: usercenter D:\myenv\apache\htdocs\pgyidc\Application\Runtime\Cache\Admin\e9ed93fffdaf904087e680c43fa9e77f.php 第 301 行.
NOTIC: [8] Undefined variable: keyword D:\myenv\apache\htdocs\pgyidc\Application\Runtime\Cache\Admin\e9ed93fffdaf904087e680c43fa9e77f.php 第 481 行.
INFO: Run Behavior\ParseTemplateBehavior [ RunTime:0.039884s ]
INFO: [ view_parse ] --END-- [ RunTime:0.039963s ]
INFO: [ view_filter ] --START--
INFO: Run Behavior\WriteHtmlCacheBehavior [ RunTime:0.000600s ]
INFO: [ view_filter ] --END-- [ RunTime:0.000644s ]
INFO: [ app_end ] --START--
INFO: Run Behavior\ShowPageTraceBehavior [ RunTime:0.000770s ]
INFO: [ app_end ] --END-- [ RunTime:0.000841s ]

[ 2018-07-25T09:16:49+08:00 ] 127.0.0.1 /Admin/Jdcloud/jdadmincdmg/regionid/cn-east-1.html
INFO: [ app_init ] --START--
INFO: Run Behavior\BuildLiteBehavior [ RunTime:0.000012s ]
INFO: [ app_init ] --END-- [ RunTime:0.000443s ]
INFO: [ app_begin ] --START--
INFO: Run Behavior\ReadHtmlCacheBehavior [ RunTime:0.000658s ]
INFO: [ app_begin ] --END-- [ RunTime:0.000716s ]
NOTIC: [2048] Declaration of Admin\Controller\jdcloudController::get() should be compatible with that of Think\Controller::get() D:\myenv\apache\htdocs\pgyidc\Application\Admin\Controller\JdcloudController.class.php 第 4 行.
NOTIC: [8] A session had already been started - ignoring session_start() D:\myenv\apache\htdocs\pgyidc\Application\Admin\Controller\BaseController.class.php 第 7 行.
SQL: SHOW COLUMNS FROM `users` [ RunTime:0.0123s ]
SQL: SELECT `UserID`,`EffectiveTime` FROM `users` WHERE ( UserName ='xiaocai' AND WebGuid  ='13BA3E931-7462-F4AB-1908-52D11C0FA01B' ) LIMIT 1   [ RunTime:0.0017s ]
SQL: SHOW COLUMNS FROM `jdcloudlog` [ RunTime:0.0096s ]
SQL: SELECT COUNT(*) AS tp_count FROM `jdcloudlog` WHERE ( regionid='cn-east-1' ) LIMIT 1   [ RunTime:0.0011s ]
SQL: SELECT `CloudNo` FROM `jdcloudlog` WHERE ( regionid='cn-east-1' ) LIMIT 0,15   [ RunTime:0.0006s ]
SQL: SELECT `UserID` FROM `jdcloudlog` WHERE ( CloudNo='i-6gb31t9zfx' ) LIMIT 1   [ RunTime:0.0010s ]
INFO: [ view_parse ] --START--
INFO: [ template_filter ] --START--
INFO: Run Behavior\ContentReplaceBehavior [ RunTime:0.000231s ]
INFO: [ template_filter ] --END-- [ RunTime:0.000304s ]
NOTIC: [8] Undefined variable: physical D:\myenv\apache\htdocs\pgyidc\Application\Runtime\Cache\Admin\5802e1fee28ce6235a9eac6f67163571.php 第 219 行.
NOTIC: [8] Undefined variable: firewall D:\myenv\apache\htdocs\pgyidc\Application\Runtime\Cache\Admin\5802e1fee28ce6235a9eac6f67163571.php 第 239 行.
NOTIC: [8] Undefined variable: blockabroadip D:\myenv\apache\htdocs\pgyidc\Application\Runtime\Cache\Admin\5802e1fee28ce6235a9eac6f67163571.php 第 256 行.
NOTIC: [8] Undefined variable: guanwang D:\myenv\apache\htdocs\pgyidc\Application\Runtime\Cache\Admin\5802e1fee28ce6235a9eac6f67163571.php 第 268 行.
NOTIC: [8] Undefined variable: product D:\myenv\apache\htdocs\pgyidc\Application\Runtime\Cache\Admin\5802e1fee28ce6235a9eac6f67163571.php 第 283 行.
NOTIC: [8] Undefined variable: usercenter D:\myenv\apache\htdocs\pgyidc\Application\Runtime\Cache\Admin\5802e1fee28ce6235a9eac6f67163571.php 第 301 行.
NOTIC: [8] Undefined variable: keyword D:\myenv\apache\htdocs\pgyidc\Application\Runtime\Cache\Admin\5802e1fee28ce6235a9eac6f67163571.php 第 491 行.
INFO: Run Behavior\ParseTemplateBehavior [ RunTime:0.051278s ]
INFO: [ view_parse ] --END-- [ RunTime:0.051392s ]
INFO: [ view_filter ] --START--
INFO: Run Behavior\WriteHtmlCacheBehavior [ RunTime:0.000688s ]
INFO: [ view_filter ] --END-- [ RunTime:0.000742s ]
INFO: [ app_end ] --START--
INFO: Run Behavior\ShowPageTraceBehavior [ RunTime:0.000825s ]
INFO: [ app_end ] --END-- [ RunTime:0.000891s ]

[ 2018-07-25T09:17:13+08:00 ] 127.0.0.1 /Admin/Jdcloud/renew?regionid=cn-east-1&instanceid=i-6gb31t9zfx
INFO: [ app_init ] --START--
INFO: Run Behavior\BuildLiteBehavior [ RunTime:0.000014s ]
INFO: [ app_init ] --END-- [ RunTime:0.000471s ]
INFO: [ app_begin ] --START--
INFO: Run Behavior\ReadHtmlCacheBehavior [ RunTime:0.000655s ]
INFO: [ app_begin ] --END-- [ RunTime:0.000716s ]
NOTIC: [2048] Declaration of Admin\Controller\jdcloudController::get() should be compatible with that of Think\Controller::get() D:\myenv\apache\htdocs\pgyidc\Application\Admin\Controller\JdcloudController.class.php 第 4 行.
NOTIC: [8] A session had already been started - ignoring session_start() D:\myenv\apache\htdocs\pgyidc\Application\Admin\Controller\BaseController.class.php 第 7 行.
SQL: SHOW COLUMNS FROM `users` [ RunTime:0.0128s ]
SQL: SELECT `UserID`,`EffectiveTime` FROM `users` WHERE ( UserName ='xiaocai' AND WebGuid  ='13BA3E931-7462-F4AB-1908-52D11C0FA01B' ) LIMIT 1   [ RunTime:0.0021s ]
SQL: SHOW COLUMNS FROM `jdcloudlog` [ RunTime:0.0097s ]
SQL: SELECT `Price`,`DueTime`,`CloudNo` FROM `jdcloudlog` WHERE ( CloudNo='i-6gb31t9zfx' ) LIMIT 1   [ RunTime:0.0012s ]
NOTIC: [8] Undefined offset: 1 D:\myenv\apache\htdocs\pgyidc\Application\Admin\Controller\JdcloudController.class.php 第 128 行.
NOTIC: [2] Division by zero D:\myenv\apache\htdocs\pgyidc\Application\Admin\Controller\JdcloudController.class.php 第 129 行.
INFO: [ view_parse ] --START--
INFO: [ template_filter ] --START--
INFO: Run Behavior\ContentReplaceBehavior [ RunTime:0.000177s ]
INFO: [ template_filter ] --END-- [ RunTime:0.000289s ]
INFO: Run Behavior\ParseTemplateBehavior [ RunTime:0.060905s ]
INFO: [ view_parse ] --END-- [ RunTime:0.061045s ]
INFO: [ view_filter ] --START--
INFO: Run Behavior\WriteHtmlCacheBehavior [ RunTime:0.001160s ]
INFO: [ view_filter ] --END-- [ RunTime:0.001251s ]
INFO: [ app_end ] --START--
INFO: Run Behavior\ShowPageTraceBehavior [ RunTime:0.001381s ]
INFO: [ app_end ] --END-- [ RunTime:0.001494s ]

[ 2018-07-25T09:17:30+08:00 ] 127.0.0.1 /Admin/Jdcloud/jdadmincdmg/regionid/cn-north-1.html
INFO: [ app_init ] --START--
INFO: Run Behavior\BuildLiteBehavior [ RunTime:0.000012s ]
INFO: [ app_init ] --END-- [ RunTime:0.000411s ]
INFO: [ app_begin ] --START--
INFO: Run Behavior\ReadHtmlCacheBehavior [ RunTime:0.000572s ]
INFO: [ app_begin ] --END-- [ RunTime:0.000622s ]
NOTIC: [2048] Declaration of Admin\Controller\jdcloudController::get() should be compatible with that of Think\Controller::get() D:\myenv\apache\htdocs\pgyidc\Application\Admin\Controller\JdcloudController.class.php 第 4 行.
NOTIC: [8] A session had already been started - ignoring session_start() D:\myenv\apache\htdocs\pgyidc\Application\Admin\Controller\BaseController.class.php 第 7 行.
SQL: SHOW COLUMNS FROM `users` [ RunTime:0.0131s ]
SQL: SELECT `UserID`,`EffectiveTime` FROM `users` WHERE ( UserName ='xiaocai' AND WebGuid  ='13BA3E931-7462-F4AB-1908-52D11C0FA01B' ) LIMIT 1   [ RunTime:0.0023s ]
SQL: SHOW COLUMNS FROM `jdcloudlog` [ RunTime:0.0096s ]
SQL: SELECT COUNT(*) AS tp_count FROM `jdcloudlog` WHERE ( regionid='cn-north-1' ) LIMIT 1   [ RunTime:0.0011s ]
SQL: SELECT `CloudNo` FROM `jdcloudlog` WHERE ( regionid='cn-north-1' ) LIMIT 0,15   [ RunTime:0.0008s ]
SQL: SELECT `UserID` FROM `jdcloudlog` WHERE ( CloudNo='i-nkgy89bhzp' ) LIMIT 1   [ RunTime:0.0017s ]
INFO: [ view_parse ] --START--
INFO: [ template_filter ] --START--
INFO: Run Behavior\ContentReplaceBehavior [ RunTime:0.000232s ]
INFO: [ template_filter ] --END-- [ RunTime:0.000304s ]
NOTIC: [8] Undefined variable: physical D:\myenv\apache\htdocs\pgyidc\Application\Runtime\Cache\Admin\5802e1fee28ce6235a9eac6f67163571.php 第 219 行.
NOTIC: [8] Undefined variable: firewall D:\myenv\apache\htdocs\pgyidc\Application\Runtime\Cache\Admin\5802e1fee28ce6235a9eac6f67163571.php 第 239 行.
NOTIC: [8] Undefined variable: blockabroadip D:\myenv\apache\htdocs\pgyidc\Application\Runtime\Cache\Admin\5802e1fee28ce6235a9eac6f67163571.php 第 256 行.
NOTIC: [8] Undefined variable: guanwang D:\myenv\apache\htdocs\pgyidc\Application\Runtime\Cache\Admin\5802e1fee28ce6235a9eac6f67163571.php 第 268 行.
NOTIC: [8] Undefined variable: product D:\myenv\apache\htdocs\pgyidc\Application\Runtime\Cache\Admin\5802e1fee28ce6235a9eac6f67163571.php 第 283 行.
NOTIC: [8] Undefined variable: usercenter D:\myenv\apache\htdocs\pgyidc\Application\Runtime\Cache\Admin\5802e1fee28ce6235a9eac6f67163571.php 第 301 行.
NOTIC: [8] Undefined variable: keyword D:\myenv\apache\htdocs\pgyidc\Application\Runtime\Cache\Admin\5802e1fee28ce6235a9eac6f67163571.php 第 491 行.
INFO: Run Behavior\ParseTemplateBehavior [ RunTime:0.040147s ]
INFO: [ view_parse ] --END-- [ RunTime:0.040242s ]
INFO: [ view_filter ] --START--
INFO: Run Behavior\WriteHtmlCacheBehavior [ RunTime:0.000760s ]
INFO: [ view_filter ] --END-- [ RunTime:0.000818s ]
INFO: [ app_end ] --START--
INFO: Run Behavior\ShowPageTraceBehavior [ RunTime:0.000809s ]
INFO: [ app_end ] --END-- [ RunTime:0.000874s ]

[ 2018-07-25T09:17:45+08:00 ] 127.0.0.1 /Admin/Jdcloud/stop
INFO: [ app_init ] --START--
INFO: Run Behavior\BuildLiteBehavior [ RunTime:0.000013s ]
INFO: [ app_init ] --END-- [ RunTime:0.000406s ]
INFO: [ app_begin ] --START--
INFO: Run Behavior\ReadHtmlCacheBehavior [ RunTime:0.000593s ]
INFO: [ app_begin ] --END-- [ RunTime:0.000642s ]
NOTIC: [2048] Declaration of Admin\Controller\jdcloudController::get() should be compatible with that of Think\Controller::get() D:\myenv\apache\htdocs\pgyidc\Application\Admin\Controller\JdcloudController.class.php 第 4 行.
NOTIC: [8] A session had already been started - ignoring session_start() D:\myenv\apache\htdocs\pgyidc\Application\Admin\Controller\BaseController.class.php 第 7 行.
SQL: SHOW COLUMNS FROM `users` [ RunTime:0.0126s ]
SQL: SELECT `UserID`,`EffectiveTime` FROM `users` WHERE ( UserName ='xiaocai' AND WebGuid  ='13BA3E931-7462-F4AB-1908-52D11C0FA01B' ) LIMIT 1   [ RunTime:0.0021s ]
SQL: SHOW COLUMNS FROM `jdcloudlog` [ RunTime:0.0124s ]
SQL: SELECT `regionid` FROM `jdcloudlog` WHERE ( CloudNo ='i-nkgy89bhzp' ) LIMIT 1   [ RunTime:0.0022s ]

[ 2018-07-25T09:17:46+08:00 ] 127.0.0.1 /Admin/Jdcloud/jdadmincdmg/regionid/cn-north-1.html
INFO: [ app_init ] --START--
INFO: Run Behavior\BuildLiteBehavior [ RunTime:0.000016s ]
INFO: [ app_init ] --END-- [ RunTime:0.000549s ]
INFO: [ app_begin ] --START--
INFO: Run Behavior\ReadHtmlCacheBehavior [ RunTime:0.000803s ]
INFO: [ app_begin ] --END-- [ RunTime:0.000872s ]
NOTIC: [2048] Declaration of Admin\Controller\jdcloudController::get() should be compatible with that of Think\Controller::get() D:\myenv\apache\htdocs\pgyidc\Application\Admin\Controller\JdcloudController.class.php 第 4 行.
NOTIC: [8] A session had already been started - ignoring session_start() D:\myenv\apache\htdocs\pgyidc\Application\Admin\Controller\BaseController.class.php 第 7 行.
SQL: SHOW COLUMNS FROM `users` [ RunTime:0.0122s ]
SQL: SELECT `UserID`,`EffectiveTime` FROM `users` WHERE ( UserName ='xiaocai' AND WebGuid  ='13BA3E931-7462-F4AB-1908-52D11C0FA01B' ) LIMIT 1   [ RunTime:0.0015s ]
SQL: SHOW COLUMNS FROM `jdcloudlog` [ RunTime:0.0118s ]
SQL: SELECT COUNT(*) AS tp_count FROM `jdcloudlog` WHERE ( regionid='cn-north-1' ) LIMIT 1   [ RunTime:0.0020s ]
SQL: SELECT `CloudNo` FROM `jdcloudlog` WHERE ( regionid='cn-north-1' ) LIMIT 0,15   [ RunTime:0.0012s ]
SQL: SELECT `UserID` FROM `jdcloudlog` WHERE ( CloudNo='i-nkgy89bhzp' ) LIMIT 1   [ RunTime:0.0012s ]
INFO: [ view_parse ] --START--
INFO: [ template_filter ] --START--
INFO: Run Behavior\ContentReplaceBehavior [ RunTime:0.000170s ]
INFO: [ template_filter ] --END-- [ RunTime:0.000223s ]
NOTIC: [8] Undefined variable: physical D:\myenv\apache\htdocs\pgyidc\Application\Runtime\Cache\Admin\5802e1fee28ce6235a9eac6f67163571.php 第 219 行.
NOTIC: [8] Undefined variable: firewall D:\myenv\apache\htdocs\pgyidc\Application\Runtime\Cache\Admin\5802e1fee28ce6235a9eac6f67163571.php 第 239 行.
NOTIC: [8] Undefined variable: blockabroadip D:\myenv\apache\htdocs\pgyidc\Application\Runtime\Cache\Admin\5802e1fee28ce6235a9eac6f67163571.php 第 256 行.
NOTIC: [8] Undefined variable: guanwang D:\myenv\apache\htdocs\pgyidc\Application\Runtime\Cache\Admin\5802e1fee28ce6235a9eac6f67163571.php 第 268 行.
NOTIC: [8] Undefined variable: product D:\myenv\apache\htdocs\pgyidc\Application\Runtime\Cache\Admin\5802e1fee28ce6235a9eac6f67163571.php 第 283 行.
NOTIC: [8] Undefined variable: usercenter D:\myenv\apache\htdocs\pgyidc\Application\Runtime\Cache\Admin\5802e1fee28ce6235a9eac6f67163571.php 第 301 行.
NOTIC: [8] Undefined variable: keyword D:\myenv\apache\htdocs\pgyidc\Application\Runtime\Cache\Admin\5802e1fee28ce6235a9eac6f67163571.php 第 491 行.
INFO: Run Behavior\ParseTemplateBehavior [ RunTime:0.039599s ]
INFO: [ view_parse ] --END-- [ RunTime:0.039676s ]
INFO: [ view_filter ] --START--
INFO: Run Behavior\WriteHtmlCacheBehavior [ RunTime:0.000562s ]
INFO: [ view_filter ] --END-- [ RunTime:0.000604s ]
INFO: [ app_end ] --START--
INFO: Run Behavior\ShowPageTraceBehavior [ RunTime:0.000617s ]
INFO: [ app_end ] --END-- [ RunTime:0.000665s ]

[ 2018-07-25T09:17:58+08:00 ] 127.0.0.1 /Admin/Jdcloud/start
INFO: [ app_init ] --START--
INFO: Run Behavior\BuildLiteBehavior [ RunTime:0.000012s ]
INFO: [ app_init ] --END-- [ RunTime:0.000442s ]
INFO: [ app_begin ] --START--
INFO: Run Behavior\ReadHtmlCacheBehavior [ RunTime:0.000806s ]
INFO: [ app_begin ] --END-- [ RunTime:0.000860s ]
NOTIC: [2048] Declaration of Admin\Controller\jdcloudController::get() should be compatible with that of Think\Controller::get() D:\myenv\apache\htdocs\pgyidc\Application\Admin\Controller\JdcloudController.class.php 第 4 行.
NOTIC: [8] A session had already been started - ignoring session_start() D:\myenv\apache\htdocs\pgyidc\Application\Admin\Controller\BaseController.class.php 第 7 行.
SQL: SHOW COLUMNS FROM `users` [ RunTime:0.0125s ]
SQL: SELECT `UserID`,`EffectiveTime` FROM `users` WHERE ( UserName ='xiaocai' AND WebGuid  ='13BA3E931-7462-F4AB-1908-52D11C0FA01B' ) LIMIT 1   [ RunTime:0.0022s ]
SQL: SHOW COLUMNS FROM `jdcloudlog` [ RunTime:0.0105s ]
SQL: SELECT `regionid` FROM `jdcloudlog` WHERE ( CloudNo ='i-nkgy89bhzp' ) LIMIT 1   [ RunTime:0.0013s ]

[ 2018-07-25T09:18:30+08:00 ] 127.0.0.1 /Admin/Jdcloud/jdadmincdmg/regionid/cn-north-1.html
INFO: [ app_init ] --START--
INFO: Run Behavior\BuildLiteBehavior [ RunTime:0.000015s ]
INFO: [ app_init ] --END-- [ RunTime:0.000573s ]
INFO: [ app_begin ] --START--
INFO: Run Behavior\ReadHtmlCacheBehavior [ RunTime:0.000801s ]
INFO: [ app_begin ] --END-- [ RunTime:0.000873s ]
NOTIC: [2048] Declaration of Admin\Controller\jdcloudController::get() should be compatible with that of Think\Controller::get() D:\myenv\apache\htdocs\pgyidc\Application\Admin\Controller\JdcloudController.class.php 第 4 行.
NOTIC: [8] A session had already been started - ignoring session_start() D:\myenv\apache\htdocs\pgyidc\Application\Admin\Controller\BaseController.class.php 第 7 行.
SQL: SHOW COLUMNS FROM `users` [ RunTime:0.0082s ]
SQL: SELECT `UserID`,`EffectiveTime` FROM `users` WHERE ( UserName ='xiaocai' AND WebGuid  ='13BA3E931-7462-F4AB-1908-52D11C0FA01B' ) LIMIT 1   [ RunTime:0.0012s ]
SQL: SHOW COLUMNS FROM `jdcloudlog` [ RunTime:0.0080s ]
SQL: SELECT COUNT(*) AS tp_count FROM `jdcloudlog` WHERE ( regionid='cn-north-1' ) LIMIT 1   [ RunTime:0.0013s ]
SQL: SELECT `CloudNo` FROM `jdcloudlog` WHERE ( regionid='cn-north-1' ) LIMIT 0,15   [ RunTime:0.0006s ]
SQL: SELECT `UserID` FROM `jdcloudlog` WHERE ( CloudNo='i-nkgy89bhzp' ) LIMIT 1   [ RunTime:0.0015s ]
INFO: [ view_parse ] --START--
INFO: [ template_filter ] --START--
INFO: Run Behavior\ContentReplaceBehavior [ RunTime:0.000238s ]
INFO: [ template_filter ] --END-- [ RunTime:0.000309s ]
NOTIC: [8] Undefined variable: physical D:\myenv\apache\htdocs\pgyidc\Application\Runtime\Cache\Admin\5802e1fee28ce6235a9eac6f67163571.php 第 219 行.
NOTIC: [8] Undefined variable: firewall D:\myenv\apache\htdocs\pgyidc\Application\Runtime\Cache\Admin\5802e1fee28ce6235a9eac6f67163571.php 第 239 行.
NOTIC: [8] Undefined variable: blockabroadip D:\myenv\apache\htdocs\pgyidc\Application\Runtime\Cache\Admin\5802e1fee28ce6235a9eac6f67163571.php 第 256 行.
NOTIC: [8] Undefined variable: guanwang D:\myenv\apache\htdocs\pgyidc\Application\Runtime\Cache\Admin\5802e1fee28ce6235a9eac6f67163571.php 第 268 行.
NOTIC: [8] Undefined variable: product D:\myenv\apache\htdocs\pgyidc\Application\Runtime\Cache\Admin\5802e1fee28ce6235a9eac6f67163571.php 第 283 行.
NOTIC: [8] Undefined variable: usercenter D:\myenv\apache\htdocs\pgyidc\Application\Runtime\Cache\Admin\5802e1fee28ce6235a9eac6f67163571.php 第 301 行.
NOTIC: [8] Undefined variable: keyword D:\myenv\apache\htdocs\pgyidc\Application\Runtime\Cache\Admin\5802e1fee28ce6235a9eac6f67163571.php 第 491 行.
INFO: Run Behavior\ParseTemplateBehavior [ RunTime:0.036513s ]
INFO: [ view_parse ] --END-- [ RunTime:0.036601s ]
INFO: [ view_filter ] --START--
INFO: Run Behavior\WriteHtmlCacheBehavior [ RunTime:0.000707s ]
INFO: [ view_filter ] --END-- [ RunTime:0.000766s ]
INFO: [ app_end ] --START--
INFO: Run Behavior\ShowPageTraceBehavior [ RunTime:0.001093s ]
INFO: [ app_end ] --END-- [ RunTime:0.001167s ]

[ 2018-07-25T09:18:42+08:00 ] 127.0.0.1 /Admin/Jdcloud/stop
INFO: [ app_init ] --START--
INFO: Run Behavior\BuildLiteBehavior [ RunTime:0.000012s ]
INFO: [ app_init ] --END-- [ RunTime:0.000478s ]
INFO: [ app_begin ] --START--
INFO: Run Behavior\ReadHtmlCacheBehavior [ RunTime:0.000616s ]
INFO: [ app_begin ] --END-- [ RunTime:0.000665s ]
NOTIC: [2048] Declaration of Admin\Controller\jdcloudController::get() should be compatible with that of Think\Controller::get() D:\myenv\apache\htdocs\pgyidc\Application\Admin\Controller\JdcloudController.class.php 第 4 行.
NOTIC: [8] A session had already been started - ignoring session_start() D:\myenv\apache\htdocs\pgyidc\Application\Admin\Controller\BaseController.class.php 第 7 行.
SQL: SHOW COLUMNS FROM `users` [ RunTime:0.0120s ]
SQL: SELECT `UserID`,`EffectiveTime` FROM `users` WHERE ( UserName ='xiaocai' AND WebGuid  ='13BA3E931-7462-F4AB-1908-52D11C0FA01B' ) LIMIT 1   [ RunTime:0.0020s ]
SQL: SHOW COLUMNS FROM `jdcloudlog` [ RunTime:0.0104s ]
SQL: SELECT `regionid` FROM `jdcloudlog` WHERE ( CloudNo ='i-nkgy89bhzp' ) LIMIT 1   [ RunTime:0.0010s ]

[ 2018-07-25T09:18:45+08:00 ] 127.0.0.1 /Admin/Jdcloud/jdadmincdmg/regionid/cn-north-1.html
INFO: [ app_init ] --START--
INFO: Run Behavior\BuildLiteBehavior [ RunTime:0.000013s ]
INFO: [ app_init ] --END-- [ RunTime:0.000409s ]
INFO: [ app_begin ] --START--
INFO: Run Behavior\ReadHtmlCacheBehavior [ RunTime:0.000597s ]
INFO: [ app_begin ] --END-- [ RunTime:0.000649s ]
NOTIC: [2048] Declaration of Admin\Controller\jdcloudController::get() should be compatible with that of Think\Controller::get() D:\myenv\apache\htdocs\pgyidc\Application\Admin\Controller\JdcloudController.class.php 第 4 行.
NOTIC: [8] A session had already been started - ignoring session_start() D:\myenv\apache\htdocs\pgyidc\Application\Admin\Controller\BaseController.class.php 第 7 行.
SQL: SHOW COLUMNS FROM `users` [ RunTime:0.0062s ]
SQL: SELECT `UserID`,`EffectiveTime` FROM `users` WHERE ( UserName ='xiaocai' AND WebGuid  ='13BA3E931-7462-F4AB-1908-52D11C0FA01B' ) LIMIT 1   [ RunTime:0.0010s ]
SQL: SHOW COLUMNS FROM `jdcloudlog` [ RunTime:0.0057s ]
SQL: SELECT COUNT(*) AS tp_count FROM `jdcloudlog` WHERE ( regionid='cn-north-1' ) LIMIT 1   [ RunTime:0.0009s ]
SQL: SELECT `CloudNo` FROM `jdcloudlog` WHERE ( regionid='cn-north-1' ) LIMIT 0,15   [ RunTime:0.0004s ]
SQL: SELECT `UserID` FROM `jdcloudlog` WHERE ( CloudNo='i-nkgy89bhzp' ) LIMIT 1   [ RunTime:0.0012s ]
INFO: [ view_parse ] --START--
INFO: [ template_filter ] --START--
INFO: Run Behavior\ContentReplaceBehavior [ RunTime:0.000173s ]
INFO: [ template_filter ] --END-- [ RunTime:0.000230s ]
NOTIC: [8] Undefined variable: physical D:\myenv\apache\htdocs\pgyidc\Application\Runtime\Cache\Admin\5802e1fee28ce6235a9eac6f67163571.php 第 219 行.
NOTIC: [8] Undefined variable: firewall D:\myenv\apache\htdocs\pgyidc\Application\Runtime\Cache\Admin\5802e1fee28ce6235a9eac6f67163571.php 第 239 行.
NOTIC: [8] Undefined variable: blockabroadip D:\myenv\apache\htdocs\pgyidc\Application\Runtime\Cache\Admin\5802e1fee28ce6235a9eac6f67163571.php 第 256 行.
NOTIC: [8] Undefined variable: guanwang D:\myenv\apache\htdocs\pgyidc\Application\Runtime\Cache\Admin\5802e1fee28ce6235a9eac6f67163571.php 第 268 行.
NOTIC: [8] Undefined variable: product D:\myenv\apache\htdocs\pgyidc\Application\Runtime\Cache\Admin\5802e1fee28ce6235a9eac6f67163571.php 第 283 行.
NOTIC: [8] Undefined variable: usercenter D:\myenv\apache\htdocs\pgyidc\Application\Runtime\Cache\Admin\5802e1fee28ce6235a9eac6f67163571.php 第 301 行.
NOTIC: [8] Undefined variable: keyword D:\myenv\apache\htdocs\pgyidc\Application\Runtime\Cache\Admin\5802e1fee28ce6235a9eac6f67163571.php 第 491 行.
INFO: Run Behavior\ParseTemplateBehavior [ RunTime:0.035794s ]
INFO: [ view_parse ] --END-- [ RunTime:0.035870s ]
INFO: [ view_filter ] --START--
INFO: Run Behavior\WriteHtmlCacheBehavior [ RunTime:0.000407s ]
INFO: [ view_filter ] --END-- [ RunTime:0.000448s ]
INFO: [ app_end ] --START--
INFO: Run Behavior\ShowPageTraceBehavior [ RunTime:0.000765s ]
INFO: [ app_end ] --END-- [ RunTime:0.000842s ]

[ 2018-07-25T09:19:06+08:00 ] 127.0.0.1 /Admin/Jdcloud/jdcloudmanage/regionid/cn-north-1.html
INFO: [ app_init ] --START--
INFO: Run Behavior\BuildLiteBehavior [ RunTime:0.000012s ]
INFO: [ app_init ] --END-- [ RunTime:0.000439s ]
INFO: [ app_begin ] --START--
INFO: Run Behavior\ReadHtmlCacheBehavior [ RunTime:0.000669s ]
INFO: [ app_begin ] --END-- [ RunTime:0.000727s ]
NOTIC: [2048] Declaration of Admin\Controller\jdcloudController::get() should be compatible with that of Think\Controller::get() D:\myenv\apache\htdocs\pgyidc\Application\Admin\Controller\JdcloudController.class.php 第 4 行.
NOTIC: [8] A session had already been started - ignoring session_start() D:\myenv\apache\htdocs\pgyidc\Application\Admin\Controller\BaseController.class.php 第 7 行.
SQL: SHOW COLUMNS FROM `users` [ RunTime:0.0119s ]
SQL: SELECT `UserID`,`EffectiveTime` FROM `users` WHERE ( UserName ='xiaocai' AND WebGuid  ='13BA3E931-7462-F4AB-1908-52D11C0FA01B' ) LIMIT 1   [ RunTime:0.0020s ]
SQL: SHOW COLUMNS FROM `jdcloudlog` [ RunTime:0.0115s ]
SQL: SELECT COUNT(*) AS tp_count FROM `jdcloudlog` WHERE ( UserID=1 and regionid='cn-north-1' ) LIMIT 1   [ RunTime:0.0019s ]
SQL: SELECT `CloudNo` FROM `jdcloudlog` WHERE ( UserID=1 and regionid='cn-north-1' ) LIMIT 0,15   [ RunTime:0.0010s ]
SQL: SELECT `DueTime` FROM `jdcloudlog` WHERE ( CloudNo='i-nkgy89bhzp' ) LIMIT 1   [ RunTime:0.0011s ]
INFO: [ view_parse ] --START--
INFO: [ template_filter ] --START--
INFO: Run Behavior\ContentReplaceBehavior [ RunTime:0.000351s ]
INFO: [ template_filter ] --END-- [ RunTime:0.000460s ]
NOTIC: [8] Undefined variable: physical D:\myenv\apache\htdocs\pgyidc\Application\Runtime\Cache\Admin\e9ed93fffdaf904087e680c43fa9e77f.php 第 219 行.
NOTIC: [8] Undefined variable: firewall D:\myenv\apache\htdocs\pgyidc\Application\Runtime\Cache\Admin\e9ed93fffdaf904087e680c43fa9e77f.php 第 239 行.
NOTIC: [8] Undefined variable: blockabroadip D:\myenv\apache\htdocs\pgyidc\Application\Runtime\Cache\Admin\e9ed93fffdaf904087e680c43fa9e77f.php 第 256 行.
NOTIC: [8] Undefined variable: guanwang D:\myenv\apache\htdocs\pgyidc\Application\Runtime\Cache\Admin\e9ed93fffdaf904087e680c43fa9e77f.php 第 268 行.
NOTIC: [8] Undefined variable: product D:\myenv\apache\htdocs\pgyidc\Application\Runtime\Cache\Admin\e9ed93fffdaf904087e680c43fa9e77f.php 第 283 行.
NOTIC: [8] Undefined variable: usercenter D:\myenv\apache\htdocs\pgyidc\Application\Runtime\Cache\Admin\e9ed93fffdaf904087e680c43fa9e77f.php 第 301 行.
NOTIC: [8] Undefined variable: keyword D:\myenv\apache\htdocs\pgyidc\Application\Runtime\Cache\Admin\e9ed93fffdaf904087e680c43fa9e77f.php 第 481 行.
INFO: Run Behavior\ParseTemplateBehavior [ RunTime:0.044179s ]
INFO: [ view_parse ] --END-- [ RunTime:0.044289s ]
INFO: [ view_filter ] --START--
INFO: Run Behavior\WriteHtmlCacheBehavior [ RunTime:0.000701s ]
INFO: [ view_filter ] --END-- [ RunTime:0.000761s ]
INFO: [ app_end ] --START--
INFO: Run Behavior\ShowPageTraceBehavior [ RunTime:0.000727s ]
INFO: [ app_end ] --END-- [ RunTime:0.000785s ]

[ 2018-07-25T09:19:20+08:00 ] 127.0.0.1 /Admin/Jdcloud/start
INFO: [ app_init ] --START--
INFO: Run Behavior\BuildLiteBehavior [ RunTime:0.000015s ]
INFO: [ app_init ] --END-- [ RunTime:0.000459s ]
INFO: [ app_begin ] --START--
INFO: Run Behavior\ReadHtmlCacheBehavior [ RunTime:0.000643s ]
INFO: [ app_begin ] --END-- [ RunTime:0.000695s ]
NOTIC: [2048] Declaration of Admin\Controller\jdcloudController::get() should be compatible with that of Think\Controller::get() D:\myenv\apache\htdocs\pgyidc\Application\Admin\Controller\JdcloudController.class.php 第 4 行.
NOTIC: [8] A session had already been started - ignoring session_start() D:\myenv\apache\htdocs\pgyidc\Application\Admin\Controller\BaseController.class.php 第 7 行.
SQL: SHOW COLUMNS FROM `users` [ RunTime:0.0127s ]
SQL: SELECT `UserID`,`EffectiveTime` FROM `users` WHERE ( UserName ='xiaocai' AND WebGuid  ='13BA3E931-7462-F4AB-1908-52D11C0FA01B' ) LIMIT 1   [ RunTime:0.0020s ]
SQL: SHOW COLUMNS FROM `jdcloudlog` [ RunTime:0.0128s ]
SQL: SELECT `regionid` FROM `jdcloudlog` WHERE ( CloudNo ='i-nkgy89bhzp' ) LIMIT 1   [ RunTime:0.0020s ]

[ 2018-07-25T09:19:22+08:00 ] 127.0.0.1 /Admin/Jdcloud/jdcloudmanage/regionid/cn-north-1.html
INFO: [ app_init ] --START--
INFO: Run Behavior\BuildLiteBehavior [ RunTime:0.000026s ]
INFO: [ app_init ] --END-- [ RunTime:0.000548s ]
INFO: [ app_begin ] --START--
INFO: Run Behavior\ReadHtmlCacheBehavior [ RunTime:0.000697s ]
INFO: [ app_begin ] --END-- [ RunTime:0.000756s ]
NOTIC: [2048] Declaration of Admin\Controller\jdcloudController::get() should be compatible with that of Think\Controller::get() D:\myenv\apache\htdocs\pgyidc\Application\Admin\Controller\JdcloudController.class.php 第 4 行.
NOTIC: [8] A session had already been started - ignoring session_start() D:\myenv\apache\htdocs\pgyidc\Application\Admin\Controller\BaseController.class.php 第 7 行.
SQL: SHOW COLUMNS FROM `users` [ RunTime:0.0123s ]
SQL: SELECT `UserID`,`EffectiveTime` FROM `users` WHERE ( UserName ='xiaocai' AND WebGuid  ='13BA3E931-7462-F4AB-1908-52D11C0FA01B' ) LIMIT 1   [ RunTime:0.0022s ]
SQL: SHOW COLUMNS FROM `jdcloudlog` [ RunTime:0.0103s ]
SQL: SELECT COUNT(*) AS tp_count FROM `jdcloudlog` WHERE ( UserID=1 and regionid='cn-north-1' ) LIMIT 1   [ RunTime:0.0012s ]
SQL: SELECT `CloudNo` FROM `jdcloudlog` WHERE ( UserID=1 and regionid='cn-north-1' ) LIMIT 0,15   [ RunTime:0.0006s ]
SQL: SELECT `DueTime` FROM `jdcloudlog` WHERE ( CloudNo='i-nkgy89bhzp' ) LIMIT 1   [ RunTime:0.0010s ]
INFO: [ view_parse ] --START--
INFO: [ template_filter ] --START--
INFO: Run Behavior\ContentReplaceBehavior [ RunTime:0.000352s ]
INFO: [ template_filter ] --END-- [ RunTime:0.000463s ]
NOTIC: [8] Undefined variable: physical D:\myenv\apache\htdocs\pgyidc\Application\Runtime\Cache\Admin\e9ed93fffdaf904087e680c43fa9e77f.php 第 219 行.
NOTIC: [8] Undefined variable: firewall D:\myenv\apache\htdocs\pgyidc\Application\Runtime\Cache\Admin\e9ed93fffdaf904087e680c43fa9e77f.php 第 239 行.
NOTIC: [8] Undefined variable: blockabroadip D:\myenv\apache\htdocs\pgyidc\Application\Runtime\Cache\Admin\e9ed93fffdaf904087e680c43fa9e77f.php 第 256 行.
NOTIC: [8] Undefined variable: guanwang D:\myenv\apache\htdocs\pgyidc\Application\Runtime\Cache\Admin\e9ed93fffdaf904087e680c43fa9e77f.php 第 268 行.
NOTIC: [8] Undefined variable: product D:\myenv\apache\htdocs\pgyidc\Application\Runtime\Cache\Admin\e9ed93fffdaf904087e680c43fa9e77f.php 第 283 行.
NOTIC: [8] Undefined variable: usercenter D:\myenv\apache\htdocs\pgyidc\Application\Runtime\Cache\Admin\e9ed93fffdaf904087e680c43fa9e77f.php 第 301 行.
NOTIC: [8] Undefined variable: keyword D:\myenv\apache\htdocs\pgyidc\Application\Runtime\Cache\Admin\e9ed93fffdaf904087e680c43fa9e77f.php 第 481 行.
INFO: Run Behavior\ParseTemplateBehavior [ RunTime:0.043831s ]
INFO: [ view_parse ] --END-- [ RunTime:0.043969s ]
INFO: [ view_filter ] --START--
INFO: Run Behavior\WriteHtmlCacheBehavior [ RunTime:0.000440s ]
INFO: [ view_filter ] --END-- [ RunTime:0.000505s ]
INFO: [ app_end ] --START--
INFO: Run Behavior\ShowPageTraceBehavior [ RunTime:0.000700s ]
INFO: [ app_end ] --END-- [ RunTime:0.000760s ]

[ 2018-07-25T09:22:25+08:00 ] 127.0.0.1 /Admin/Jdcloud/jdcloudmanage/regionid/cn-east-1.html
INFO: [ app_init ] --START--
INFO: Run Behavior\BuildLiteBehavior [ RunTime:0.000013s ]
INFO: [ app_init ] --END-- [ RunTime:0.000466s ]
INFO: [ app_begin ] --START--
INFO: Run Behavior\ReadHtmlCacheBehavior [ RunTime:0.000696s ]
INFO: [ app_begin ] --END-- [ RunTime:0.000750s ]
NOTIC: [2048] Declaration of Admin\Controller\jdcloudController::get() should be compatible with that of Think\Controller::get() D:\myenv\apache\htdocs\pgyidc\Application\Admin\Controller\JdcloudController.class.php 第 4 行.
NOTIC: [8] A session had already been started - ignoring session_start() D:\myenv\apache\htdocs\pgyidc\Application\Admin\Controller\BaseController.class.php 第 7 行.
SQL: SHOW COLUMNS FROM `users` [ RunTime:0.0123s ]
SQL: SELECT `UserID`,`EffectiveTime` FROM `users` WHERE ( UserName ='xiaocai' AND WebGuid  ='13BA3E931-7462-F4AB-1908-52D11C0FA01B' ) LIMIT 1   [ RunTime:0.0021s ]
SQL: SHOW COLUMNS FROM `jdcloudlog` [ RunTime:0.0549s ]
SQL: SELECT COUNT(*) AS tp_count FROM `jdcloudlog` WHERE ( UserID=1 and regionid='cn-east-1' ) LIMIT 1   [ RunTime:0.0018s ]
SQL: SELECT `CloudNo` FROM `jdcloudlog` WHERE ( UserID=1 and regionid='cn-east-1' ) LIMIT 0,15   [ RunTime:0.0011s ]
SQL: SELECT `DueTime` FROM `jdcloudlog` WHERE ( CloudNo='i-6gb31t9zfx' ) LIMIT 1   [ RunTime:0.0015s ]
INFO: [ view_parse ] --START--
INFO: [ template_filter ] --START--
INFO: Run Behavior\ContentReplaceBehavior [ RunTime:0.000355s ]
INFO: [ template_filter ] --END-- [ RunTime:0.000467s ]
NOTIC: [8] Undefined variable: physical D:\myenv\apache\htdocs\pgyidc\Application\Runtime\Cache\Admin\e9ed93fffdaf904087e680c43fa9e77f.php 第 219 行.
NOTIC: [8] Undefined variable: firewall D:\myenv\apache\htdocs\pgyidc\Application\Runtime\Cache\Admin\e9ed93fffdaf904087e680c43fa9e77f.php 第 239 行.
NOTIC: [8] Undefined variable: blockabroadip D:\myenv\apache\htdocs\pgyidc\Application\Runtime\Cache\Admin\e9ed93fffdaf904087e680c43fa9e77f.php 第 256 行.
NOTIC: [8] Undefined variable: guanwang D:\myenv\apache\htdocs\pgyidc\Application\Runtime\Cache\Admin\e9ed93fffdaf904087e680c43fa9e77f.php 第 268 行.
NOTIC: [8] Undefined variable: product D:\myenv\apache\htdocs\pgyidc\Application\Runtime\Cache\Admin\e9ed93fffdaf904087e680c43fa9e77f.php 第 283 行.
NOTIC: [8] Undefined variable: usercenter D:\myenv\apache\htdocs\pgyidc\Application\Runtime\Cache\Admin\e9ed93fffdaf904087e680c43fa9e77f.php 第 301 行.
NOTIC: [8] Undefined variable: keyword D:\myenv\apache\htdocs\pgyidc\Application\Runtime\Cache\Admin\e9ed93fffdaf904087e680c43fa9e77f.php 第 481 行.
INFO: Run Behavior\ParseTemplateBehavior [ RunTime:0.045481s ]
INFO: [ view_parse ] --END-- [ RunTime:0.045563s ]
INFO: [ view_filter ] --START--
INFO: Run Behavior\WriteHtmlCacheBehavior [ RunTime:0.000528s ]
INFO: [ view_filter ] --END-- [ RunTime:0.000568s ]
INFO: [ app_end ] --START--
INFO: Run Behavior\ShowPageTraceBehavior [ RunTime:0.000927s ]
INFO: [ app_end ] --END-- [ RunTime:0.001079s ]

[ 2018-07-25T09:22:30+08:00 ] 127.0.0.1 /Admin/Jdcloud/jdcloudmanage/regionid/cn-north-1.html
INFO: [ app_init ] --START--
INFO: Run Behavior\BuildLiteBehavior [ RunTime:0.000013s ]
INFO: [ app_init ] --END-- [ RunTime:0.000461s ]
INFO: [ app_begin ] --START--
INFO: Run Behavior\ReadHtmlCacheBehavior [ RunTime:0.000694s ]
INFO: [ app_begin ] --END-- [ RunTime:0.000747s ]
NOTIC: [2048] Declaration of Admin\Controller\jdcloudController::get() should be compatible with that of Think\Controller::get() D:\myenv\apache\htdocs\pgyidc\Application\Admin\Controller\JdcloudController.class.php 第 4 行.
NOTIC: [8] A session had already been started - ignoring session_start() D:\myenv\apache\htdocs\pgyidc\Application\Admin\Controller\BaseController.class.php 第 7 行.
SQL: SHOW COLUMNS FROM `users` [ RunTime:0.0123s ]
SQL: SELECT `UserID`,`EffectiveTime` FROM `users` WHERE ( UserName ='xiaocai' AND WebGuid  ='13BA3E931-7462-F4AB-1908-52D11C0FA01B' ) LIMIT 1   [ RunTime:0.0019s ]
SQL: SHOW COLUMNS FROM `jdcloudlog` [ RunTime:0.0120s ]
SQL: SELECT COUNT(*) AS tp_count FROM `jdcloudlog` WHERE ( UserID=1 and regionid='cn-north-1' ) LIMIT 1   [ RunTime:0.0017s ]
SQL: SELECT `CloudNo` FROM `jdcloudlog` WHERE ( UserID=1 and regionid='cn-north-1' ) LIMIT 0,15   [ RunTime:0.0009s ]
SQL: SELECT `DueTime` FROM `jdcloudlog` WHERE ( CloudNo='i-nkgy89bhzp' ) LIMIT 1   [ RunTime:0.0012s ]
INFO: [ view_parse ] --START--
INFO: [ template_filter ] --START--
INFO: Run Behavior\ContentReplaceBehavior [ RunTime:0.000357s ]
INFO: [ template_filter ] --END-- [ RunTime:0.000472s ]
NOTIC: [8] Undefined variable: physical D:\myenv\apache\htdocs\pgyidc\Application\Runtime\Cache\Admin\e9ed93fffdaf904087e680c43fa9e77f.php 第 219 行.
NOTIC: [8] Undefined variable: firewall D:\myenv\apache\htdocs\pgyidc\Application\Runtime\Cache\Admin\e9ed93fffdaf904087e680c43fa9e77f.php 第 239 行.
NOTIC: [8] Undefined variable: blockabroadip D:\myenv\apache\htdocs\pgyidc\Application\Runtime\Cache\Admin\e9ed93fffdaf904087e680c43fa9e77f.php 第 256 行.
NOTIC: [8] Undefined variable: guanwang D:\myenv\apache\htdocs\pgyidc\Application\Runtime\Cache\Admin\e9ed93fffdaf904087e680c43fa9e77f.php 第 268 行.
NOTIC: [8] Undefined variable: product D:\myenv\apache\htdocs\pgyidc\Application\Runtime\Cache\Admin\e9ed93fffdaf904087e680c43fa9e77f.php 第 283 行.
NOTIC: [8] Undefined variable: usercenter D:\myenv\apache\htdocs\pgyidc\Application\Runtime\Cache\Admin\e9ed93fffdaf904087e680c43fa9e77f.php 第 301 行.
NOTIC: [8] Undefined variable: keyword D:\myenv\apache\htdocs\pgyidc\Application\Runtime\Cache\Admin\e9ed93fffdaf904087e680c43fa9e77f.php 第 481 行.
INFO: Run Behavior\ParseTemplateBehavior [ RunTime:0.044054s ]
INFO: [ view_parse ] --END-- [ RunTime:0.044161s ]
INFO: [ view_filter ] --START--
INFO: Run Behavior\WriteHtmlCacheBehavior [ RunTime:0.000917s ]
INFO: [ view_filter ] --END-- [ RunTime:0.001006s ]
INFO: [ app_end ] --START--
INFO: Run Behavior\ShowPageTraceBehavior [ RunTime:0.001354s ]
INFO: [ app_end ] --END-- [ RunTime:0.001478s ]

[ 2018-07-25T09:22:32+08:00 ] 127.0.0.1 /Admin/Jdcloud/jdadmincdmg/regionid/cn-north-1.html
INFO: [ app_init ] --START--
INFO: Run Behavior\BuildLiteBehavior [ RunTime:0.000011s ]
INFO: [ app_init ] --END-- [ RunTime:0.000436s ]
INFO: [ app_begin ] --START--
INFO: Run Behavior\ReadHtmlCacheBehavior [ RunTime:0.000630s ]
INFO: [ app_begin ] --END-- [ RunTime:0.000684s ]
NOTIC: [2048] Declaration of Admin\Controller\jdcloudController::get() should be compatible with that of Think\Controller::get() D:\myenv\apache\htdocs\pgyidc\Application\Admin\Controller\JdcloudController.class.php 第 4 行.
NOTIC: [8] A session had already been started - ignoring session_start() D:\myenv\apache\htdocs\pgyidc\Application\Admin\Controller\BaseController.class.php 第 7 行.
SQL: SHOW COLUMNS FROM `users` [ RunTime:0.0123s ]
SQL: SELECT `UserID`,`EffectiveTime` FROM `users` WHERE ( UserName ='xiaocai' AND WebGuid  ='13BA3E931-7462-F4AB-1908-52D11C0FA01B' ) LIMIT 1   [ RunTime:0.0020s ]
SQL: SHOW COLUMNS FROM `jdcloudlog` [ RunTime:0.0125s ]
SQL: SELECT COUNT(*) AS tp_count FROM `jdcloudlog` WHERE ( regionid='cn-north-1' ) LIMIT 1   [ RunTime:0.0023s ]
SQL: SELECT `CloudNo` FROM `jdcloudlog` WHERE ( regionid='cn-north-1' ) LIMIT 0,15   [ RunTime:0.0012s ]
SQL: SELECT `UserID` FROM `jdcloudlog` WHERE ( CloudNo='i-nkgy89bhzp' ) LIMIT 1   [ RunTime:0.0010s ]
INFO: [ view_parse ] --START--
INFO: [ template_filter ] --START--
INFO: Run Behavior\ContentReplaceBehavior [ RunTime:0.000252s ]
INFO: [ template_filter ] --END-- [ RunTime:0.000324s ]
NOTIC: [8] Undefined variable: physical D:\myenv\apache\htdocs\pgyidc\Application\Runtime\Cache\Admin\5802e1fee28ce6235a9eac6f67163571.php 第 219 行.
NOTIC: [8] Undefined variable: firewall D:\myenv\apache\htdocs\pgyidc\Application\Runtime\Cache\Admin\5802e1fee28ce6235a9eac6f67163571.php 第 239 行.
NOTIC: [8] Undefined variable: blockabroadip D:\myenv\apache\htdocs\pgyidc\Application\Runtime\Cache\Admin\5802e1fee28ce6235a9eac6f67163571.php 第 256 行.
NOTIC: [8] Undefined variable: guanwang D:\myenv\apache\htdocs\pgyidc\Application\Runtime\Cache\Admin\5802e1fee28ce6235a9eac6f67163571.php 第 268 行.
NOTIC: [8] Undefined variable: product D:\myenv\apache\htdocs\pgyidc\Application\Runtime\Cache\Admin\5802e1fee28ce6235a9eac6f67163571.php 第 283 行.
NOTIC: [8] Undefined variable: usercenter D:\myenv\apache\htdocs\pgyidc\Application\Runtime\Cache\Admin\5802e1fee28ce6235a9eac6f67163571.php 第 301 行.
NOTIC: [8] Undefined variable: keyword D:\myenv\apache\htdocs\pgyidc\Application\Runtime\Cache\Admin\5802e1fee28ce6235a9eac6f67163571.php 第 491 行.
INFO: Run Behavior\ParseTemplateBehavior [ RunTime:0.034223s ]
INFO: [ view_parse ] --END-- [ RunTime:0.034308s ]
INFO: [ view_filter ] --START--
INFO: Run Behavior\WriteHtmlCacheBehavior [ RunTime:0.000590s ]
INFO: [ view_filter ] --END-- [ RunTime:0.000645s ]
INFO: [ app_end ] --START--
INFO: Run Behavior\ShowPageTraceBehavior [ RunTime:0.001060s ]
INFO: [ app_end ] --END-- [ RunTime:0.001151s ]

[ 2018-07-25T09:23:38+08:00 ] 127.0.0.1 /Admin/Jdcloud/jdadmincdmg/regionid/cn-north-1.html
INFO: [ app_init ] --START--
INFO: Run Behavior\BuildLiteBehavior [ RunTime:0.000012s ]
INFO: [ app_init ] --END-- [ RunTime:0.000426s ]
INFO: [ app_begin ] --START--
INFO: Run Behavior\ReadHtmlCacheBehavior [ RunTime:0.000597s ]
INFO: [ app_begin ] --END-- [ RunTime:0.000646s ]
NOTIC: [2048] Declaration of Admin\Controller\jdcloudController::get() should be compatible with that of Think\Controller::get() D:\myenv\apache\htdocs\pgyidc\Application\Admin\Controller\JdcloudController.class.php 第 4 行.
NOTIC: [8] A session had already been started - ignoring session_start() D:\myenv\apache\htdocs\pgyidc\Application\Admin\Controller\BaseController.class.php 第 7 行.
SQL: SHOW COLUMNS FROM `users` [ RunTime:0.0120s ]
SQL: SELECT `UserID`,`EffectiveTime` FROM `users` WHERE ( UserName ='xiaocai' AND WebGuid  ='13BA3E931-7462-F4AB-1908-52D11C0FA01B' ) LIMIT 1   [ RunTime:0.0019s ]
SQL: SHOW COLUMNS FROM `jdcloudlog` [ RunTime:0.0117s ]
SQL: SELECT COUNT(*) AS tp_count FROM `jdcloudlog` WHERE ( regionid='cn-north-1' ) LIMIT 1   [ RunTime:0.0016s ]
SQL: SELECT `CloudNo` FROM `jdcloudlog` WHERE ( regionid='cn-north-1' ) LIMIT 0,15   [ RunTime:0.0013s ]
SQL: SELECT `UserID` FROM `jdcloudlog` WHERE ( CloudNo='i-nkgy89bhzp' ) LIMIT 1   [ RunTime:0.0014s ]
INFO: [ view_parse ] --START--
INFO: [ template_filter ] --START--
INFO: Run Behavior\ContentReplaceBehavior [ RunTime:0.000369s ]
INFO: [ template_filter ] --END-- [ RunTime:0.000480s ]
NOTIC: [8] Undefined variable: physical D:\myenv\apache\htdocs\pgyidc\Application\Runtime\Cache\Admin\5802e1fee28ce6235a9eac6f67163571.php 第 219 行.
NOTIC: [8] Undefined variable: firewall D:\myenv\apache\htdocs\pgyidc\Application\Runtime\Cache\Admin\5802e1fee28ce6235a9eac6f67163571.php 第 239 行.
NOTIC: [8] Undefined variable: blockabroadip D:\myenv\apache\htdocs\pgyidc\Application\Runtime\Cache\Admin\5802e1fee28ce6235a9eac6f67163571.php 第 256 行.
NOTIC: [8] Undefined variable: guanwang D:\myenv\apache\htdocs\pgyidc\Application\Runtime\Cache\Admin\5802e1fee28ce6235a9eac6f67163571.php 第 268 行.
NOTIC: [8] Undefined variable: product D:\myenv\apache\htdocs\pgyidc\Application\Runtime\Cache\Admin\5802e1fee28ce6235a9eac6f67163571.php 第 283 行.
NOTIC: [8] Undefined variable: usercenter D:\myenv\apache\htdocs\pgyidc\Application\Runtime\Cache\Admin\5802e1fee28ce6235a9eac6f67163571.php 第 301 行.
NOTIC: [8] Undefined variable: keyword D:\myenv\apache\htdocs\pgyidc\Application\Runtime\Cache\Admin\5802e1fee28ce6235a9eac6f67163571.php 第 503 行.
INFO: Run Behavior\ParseTemplateBehavior [ RunTime:0.044633s ]
INFO: [ view_parse ] --END-- [ RunTime:0.044745s ]
INFO: [ view_filter ] --START--
INFO: Run Behavior\WriteHtmlCacheBehavior [ RunTime:0.000976s ]
INFO: [ view_filter ] --END-- [ RunTime:0.001072s ]
INFO: [ app_end ] --START--
INFO: Run Behavior\ShowPageTraceBehavior [ RunTime:0.001260s ]
INFO: [ app_end ] --END-- [ RunTime:0.001380s ]

[ 2018-07-25T09:23:52+08:00 ] 127.0.0.1 /Admin/Jdcloud/stop
INFO: [ app_init ] --START--
INFO: Run Behavior\BuildLiteBehavior [ RunTime:0.000015s ]
INFO: [ app_init ] --END-- [ RunTime:0.000437s ]
INFO: [ app_begin ] --START--
INFO: Run Behavior\ReadHtmlCacheBehavior [ RunTime:0.000725s ]
INFO: [ app_begin ] --END-- [ RunTime:0.000782s ]
NOTIC: [2048] Declaration of Admin\Controller\jdcloudController::get() should be compatible with that of Think\Controller::get() D:\myenv\apache\htdocs\pgyidc\Application\Admin\Controller\JdcloudController.class.php 第 4 行.
NOTIC: [8] A session had already been started - ignoring session_start() D:\myenv\apache\htdocs\pgyidc\Application\Admin\Controller\BaseController.class.php 第 7 行.
SQL: SHOW COLUMNS FROM `users` [ RunTime:0.0069s ]
SQL: SELECT `UserID`,`EffectiveTime` FROM `users` WHERE ( UserName ='xiaocai' AND WebGuid  ='13BA3E931-7462-F4AB-1908-52D11C0FA01B' ) LIMIT 1   [ RunTime:0.0010s ]
SQL: SHOW COLUMNS FROM `jdcloudlog` [ RunTime:0.0065s ]
SQL: SELECT `regionid` FROM `jdcloudlog` WHERE ( CloudNo ='i-nkgy89bhzp' ) LIMIT 1   [ RunTime:0.0011s ]

[ 2018-07-25T09:23:53+08:00 ] 127.0.0.1 /Admin/Jdcloud/jdadmincdmg/regionid/cn-north-1.html
INFO: [ app_init ] --START--
INFO: Run Behavior\BuildLiteBehavior [ RunTime:0.000015s ]
INFO: [ app_init ] --END-- [ RunTime:0.000459s ]
INFO: [ app_begin ] --START--
INFO: Run Behavior\ReadHtmlCacheBehavior [ RunTime:0.000692s ]
INFO: [ app_begin ] --END-- [ RunTime:0.000753s ]
NOTIC: [2048] Declaration of Admin\Controller\jdcloudController::get() should be compatible with that of Think\Controller::get() D:\myenv\apache\htdocs\pgyidc\Application\Admin\Controller\JdcloudController.class.php 第 4 行.
NOTIC: [8] A session had already been started - ignoring session_start() D:\myenv\apache\htdocs\pgyidc\Application\Admin\Controller\BaseController.class.php 第 7 行.
SQL: SHOW COLUMNS FROM `users` [ RunTime:0.0068s ]
SQL: SELECT `UserID`,`EffectiveTime` FROM `users` WHERE ( UserName ='xiaocai' AND WebGuid  ='13BA3E931-7462-F4AB-1908-52D11C0FA01B' ) LIMIT 1   [ RunTime:0.0009s ]
SQL: SHOW COLUMNS FROM `jdcloudlog` [ RunTime:0.0060s ]
SQL: SELECT COUNT(*) AS tp_count FROM `jdcloudlog` WHERE ( regionid='cn-north-1' ) LIMIT 1   [ RunTime:0.0009s ]
SQL: SELECT `CloudNo` FROM `jdcloudlog` WHERE ( regionid='cn-north-1' ) LIMIT 0,15   [ RunTime:0.0004s ]
SQL: SELECT `UserID` FROM `jdcloudlog` WHERE ( CloudNo='i-nkgy89bhzp' ) LIMIT 1   [ RunTime:0.0007s ]
INFO: [ view_parse ] --START--
INFO: [ template_filter ] --START--
INFO: Run Behavior\ContentReplaceBehavior [ RunTime:0.000186s ]
INFO: [ template_filter ] --END-- [ RunTime:0.000278s ]
NOTIC: [8] Undefined variable: physical D:\myenv\apache\htdocs\pgyidc\Application\Runtime\Cache\Admin\5802e1fee28ce6235a9eac6f67163571.php 第 219 行.
NOTIC: [8] Undefined variable: firewall D:\myenv\apache\htdocs\pgyidc\Application\Runtime\Cache\Admin\5802e1fee28ce6235a9eac6f67163571.php 第 239 行.
NOTIC: [8] Undefined variable: blockabroadip D:\myenv\apache\htdocs\pgyidc\Application\Runtime\Cache\Admin\5802e1fee28ce6235a9eac6f67163571.php 第 256 行.
NOTIC: [8] Undefined variable: guanwang D:\myenv\apache\htdocs\pgyidc\Application\Runtime\Cache\Admin\5802e1fee28ce6235a9eac6f67163571.php 第 268 行.
NOTIC: [8] Undefined variable: product D:\myenv\apache\htdocs\pgyidc\Application\Runtime\Cache\Admin\5802e1fee28ce6235a9eac6f67163571.php 第 283 行.
NOTIC: [8] Undefined variable: usercenter D:\myenv\apache\htdocs\pgyidc\Application\Runtime\Cache\Admin\5802e1fee28ce6235a9eac6f67163571.php 第 301 行.
NOTIC: [8] Undefined variable: keyword D:\myenv\apache\htdocs\pgyidc\Application\Runtime\Cache\Admin\5802e1fee28ce6235a9eac6f67163571.php 第 503 行.
INFO: Run Behavior\ParseTemplateBehavior [ RunTime:0.021801s ]
INFO: [ view_parse ] --END-- [ RunTime:0.021852s ]
INFO: [ view_filter ] --START--
INFO: Run Behavior\WriteHtmlCacheBehavior [ RunTime:0.000471s ]
INFO: [ view_filter ] --END-- [ RunTime:0.000513s ]
INFO: [ app_end ] --START--
INFO: Run Behavior\ShowPageTraceBehavior [ RunTime:0.000808s ]
INFO: [ app_end ] --END-- [ RunTime:0.000871s ]

[ 2018-07-25T09:24:11+08:00 ] 127.0.0.1 /Admin/Jdcloud/restart
INFO: [ app_init ] --START--
INFO: Run Behavior\BuildLiteBehavior [ RunTime:0.000014s ]
INFO: [ app_init ] --END-- [ RunTime:0.000471s ]
INFO: [ app_begin ] --START--
INFO: Run Behavior\ReadHtmlCacheBehavior [ RunTime:0.000629s ]
INFO: [ app_begin ] --END-- [ RunTime:0.000687s ]
NOTIC: [2048] Declaration of Admin\Controller\jdcloudController::get() should be compatible with that of Think\Controller::get() D:\myenv\apache\htdocs\pgyidc\Application\Admin\Controller\JdcloudController.class.php 第 4 行.
NOTIC: [8] A session had already been started - ignoring session_start() D:\myenv\apache\htdocs\pgyidc\Application\Admin\Controller\BaseController.class.php 第 7 行.
SQL: SHOW COLUMNS FROM `users` [ RunTime:0.0123s ]
SQL: SELECT `UserID`,`EffectiveTime` FROM `users` WHERE ( UserName ='xiaocai' AND WebGuid  ='13BA3E931-7462-F4AB-1908-52D11C0FA01B' ) LIMIT 1   [ RunTime:0.0019s ]
SQL: SHOW COLUMNS FROM `jdcloudlog` [ RunTime:0.0125s ]
SQL: SELECT `regionid` FROM `jdcloudlog` WHERE ( CloudNo ='i-nkgy89bhzp' ) LIMIT 1   [ RunTime:0.0020s ]

[ 2018-07-25T09:24:13+08:00 ] 127.0.0.1 /Admin/Jdcloud/jdadmincdmg/regionid/cn-north-1.html
INFO: [ app_init ] --START--
INFO: Run Behavior\BuildLiteBehavior [ RunTime:0.000014s ]
INFO: [ app_init ] --END-- [ RunTime:0.000511s ]
INFO: [ app_begin ] --START--
INFO: Run Behavior\ReadHtmlCacheBehavior [ RunTime:0.000700s ]
INFO: [ app_begin ] --END-- [ RunTime:0.000764s ]
NOTIC: [2048] Declaration of Admin\Controller\jdcloudController::get() should be compatible with that of Think\Controller::get() D:\myenv\apache\htdocs\pgyidc\Application\Admin\Controller\JdcloudController.class.php 第 4 行.
NOTIC: [8] A session had already been started - ignoring session_start() D:\myenv\apache\htdocs\pgyidc\Application\Admin\Controller\BaseController.class.php 第 7 行.
SQL: SHOW COLUMNS FROM `users` [ RunTime:0.0128s ]
SQL: SELECT `UserID`,`EffectiveTime` FROM `users` WHERE ( UserName ='xiaocai' AND WebGuid  ='13BA3E931-7462-F4AB-1908-52D11C0FA01B' ) LIMIT 1   [ RunTime:0.0020s ]
SQL: SHOW COLUMNS FROM `jdcloudlog` [ RunTime:0.0129s ]
SQL: SELECT COUNT(*) AS tp_count FROM `jdcloudlog` WHERE ( regionid='cn-north-1' ) LIMIT 1   [ RunTime:0.0023s ]
SQL: SELECT `CloudNo` FROM `jdcloudlog` WHERE ( regionid='cn-north-1' ) LIMIT 0,15   [ RunTime:0.0009s ]
SQL: SELECT `UserID` FROM `jdcloudlog` WHERE ( CloudNo='i-nkgy89bhzp' ) LIMIT 1   [ RunTime:0.0014s ]
INFO: [ view_parse ] --START--
INFO: [ template_filter ] --START--
INFO: Run Behavior\ContentReplaceBehavior [ RunTime:0.000370s ]
INFO: [ template_filter ] --END-- [ RunTime:0.000481s ]
NOTIC: [8] Undefined variable: physical D:\myenv\apache\htdocs\pgyidc\Application\Runtime\Cache\Admin\5802e1fee28ce6235a9eac6f67163571.php 第 219 行.
NOTIC: [8] Undefined variable: firewall D:\myenv\apache\htdocs\pgyidc\Application\Runtime\Cache\Admin\5802e1fee28ce6235a9eac6f67163571.php 第 239 行.
NOTIC: [8] Undefined variable: blockabroadip D:\myenv\apache\htdocs\pgyidc\Application\Runtime\Cache\Admin\5802e1fee28ce6235a9eac6f67163571.php 第 256 行.
NOTIC: [8] Undefined variable: guanwang D:\myenv\apache\htdocs\pgyidc\Application\Runtime\Cache\Admin\5802e1fee28ce6235a9eac6f67163571.php 第 268 行.
NOTIC: [8] Undefined variable: product D:\myenv\apache\htdocs\pgyidc\Application\Runtime\Cache\Admin\5802e1fee28ce6235a9eac6f67163571.php 第 283 行.
NOTIC: [8] Undefined variable: usercenter D:\myenv\apache\htdocs\pgyidc\Application\Runtime\Cache\Admin\5802e1fee28ce6235a9eac6f67163571.php 第 301 行.
NOTIC: [8] Undefined variable: keyword D:\myenv\apache\htdocs\pgyidc\Application\Runtime\Cache\Admin\5802e1fee28ce6235a9eac6f67163571.php 第 503 行.
INFO: Run Behavior\ParseTemplateBehavior [ RunTime:0.040359s ]
INFO: [ view_parse ] --END-- [ RunTime:0.040443s ]
INFO: [ view_filter ] --START--
INFO: Run Behavior\WriteHtmlCacheBehavior [ RunTime:0.000541s ]
INFO: [ view_filter ] --END-- [ RunTime:0.000594s ]
INFO: [ app_end ] --START--
INFO: Run Behavior\ShowPageTraceBehavior [ RunTime:0.000782s ]
INFO: [ app_end ] --END-- [ RunTime:0.000842s ]

[ 2018-07-25T09:24:50+08:00 ] 127.0.0.1 /Admin/Jdcloud/jdadmincdmg/regionid/cn-east-1.html
INFO: [ app_init ] --START--
INFO: Run Behavior\BuildLiteBehavior [ RunTime:0.000014s ]
INFO: [ app_init ] --END-- [ RunTime:0.000527s ]
INFO: [ app_begin ] --START--
INFO: Run Behavior\ReadHtmlCacheBehavior [ RunTime:0.000785s ]
INFO: [ app_begin ] --END-- [ RunTime:0.000842s ]
NOTIC: [2048] Declaration of Admin\Controller\jdcloudController::get() should be compatible with that of Think\Controller::get() D:\myenv\apache\htdocs\pgyidc\Application\Admin\Controller\JdcloudController.class.php 第 4 行.
NOTIC: [8] A session had already been started - ignoring session_start() D:\myenv\apache\htdocs\pgyidc\Application\Admin\Controller\BaseController.class.php 第 7 行.
SQL: SHOW COLUMNS FROM `users` [ RunTime:0.0132s ]
SQL: SELECT `UserID`,`EffectiveTime` FROM `users` WHERE ( UserName ='xiaocai' AND WebGuid  ='13BA3E931-7462-F4AB-1908-52D11C0FA01B' ) LIMIT 1   [ RunTime:0.0020s ]
SQL: SHOW COLUMNS FROM `jdcloudlog` [ RunTime:0.0114s ]
SQL: SELECT COUNT(*) AS tp_count FROM `jdcloudlog` WHERE ( regionid='cn-east-1' ) LIMIT 1   [ RunTime:0.0012s ]
SQL: SELECT `CloudNo` FROM `jdcloudlog` WHERE ( regionid='cn-east-1' ) LIMIT 0,15   [ RunTime:0.0007s ]
SQL: SELECT `UserID` FROM `jdcloudlog` WHERE ( CloudNo='i-6gb31t9zfx' ) LIMIT 1   [ RunTime:0.0015s ]
INFO: [ view_parse ] --START--
INFO: [ template_filter ] --START--
INFO: Run Behavior\ContentReplaceBehavior [ RunTime:0.000183s ]
INFO: [ template_filter ] --END-- [ RunTime:0.000245s ]
NOTIC: [8] Undefined variable: physical D:\myenv\apache\htdocs\pgyidc\Application\Runtime\Cache\Admin\5802e1fee28ce6235a9eac6f67163571.php 第 219 行.
NOTIC: [8] Undefined variable: firewall D:\myenv\apache\htdocs\pgyidc\Application\Runtime\Cache\Admin\5802e1fee28ce6235a9eac6f67163571.php 第 239 行.
NOTIC: [8] Undefined variable: blockabroadip D:\myenv\apache\htdocs\pgyidc\Application\Runtime\Cache\Admin\5802e1fee28ce6235a9eac6f67163571.php 第 256 行.
NOTIC: [8] Undefined variable: guanwang D:\myenv\apache\htdocs\pgyidc\Application\Runtime\Cache\Admin\5802e1fee28ce6235a9eac6f67163571.php 第 268 行.
NOTIC: [8] Undefined variable: product D:\myenv\apache\htdocs\pgyidc\Application\Runtime\Cache\Admin\5802e1fee28ce6235a9eac6f67163571.php 第 283 行.
NOTIC: [8] Undefined variable: usercenter D:\myenv\apache\htdocs\pgyidc\Application\Runtime\Cache\Admin\5802e1fee28ce6235a9eac6f67163571.php 第 301 行.
NOTIC: [8] Undefined variable: keyword D:\myenv\apache\htdocs\pgyidc\Application\Runtime\Cache\Admin\5802e1fee28ce6235a9eac6f67163571.php 第 503 行.
INFO: Run Behavior\ParseTemplateBehavior [ RunTime:0.038554s ]
INFO: [ view_parse ] --END-- [ RunTime:0.038639s ]
INFO: [ view_filter ] --START--
INFO: Run Behavior\WriteHtmlCacheBehavior [ RunTime:0.000567s ]
INFO: [ view_filter ] --END-- [ RunTime:0.000614s ]
INFO: [ app_end ] --START--
INFO: Run Behavior\ShowPageTraceBehavior [ RunTime:0.000740s ]
INFO: [ app_end ] --END-- [ RunTime:0.000794s ]

[ 2018-07-25T09:25:10+08:00 ] 127.0.0.1 /Admin/Jdcloud/jdadmincdmg/regionid/cn-north-1.html
INFO: [ app_init ] --START--
INFO: Run Behavior\BuildLiteBehavior [ RunTime:0.000013s ]
INFO: [ app_init ] --END-- [ RunTime:0.000480s ]
INFO: [ app_begin ] --START--
INFO: Run Behavior\ReadHtmlCacheBehavior [ RunTime:0.000661s ]
INFO: [ app_begin ] --END-- [ RunTime:0.000718s ]
NOTIC: [2048] Declaration of Admin\Controller\jdcloudController::get() should be compatible with that of Think\Controller::get() D:\myenv\apache\htdocs\pgyidc\Application\Admin\Controller\JdcloudController.class.php 第 4 行.
NOTIC: [8] A session had already been started - ignoring session_start() D:\myenv\apache\htdocs\pgyidc\Application\Admin\Controller\BaseController.class.php 第 7 行.
SQL: SHOW COLUMNS FROM `users` [ RunTime:0.0122s ]
SQL: SELECT `UserID`,`EffectiveTime` FROM `users` WHERE ( UserName ='xiaocai' AND WebGuid  ='13BA3E931-7462-F4AB-1908-52D11C0FA01B' ) LIMIT 1   [ RunTime:0.0020s ]
SQL: SHOW COLUMNS FROM `jdcloudlog` [ RunTime:0.0108s ]
SQL: SELECT COUNT(*) AS tp_count FROM `jdcloudlog` WHERE ( regionid='cn-north-1' ) LIMIT 1   [ RunTime:0.0009s ]
SQL: SELECT `CloudNo` FROM `jdcloudlog` WHERE ( regionid='cn-north-1' ) LIMIT 0,15   [ RunTime:0.0005s ]
SQL: SELECT `UserID` FROM `jdcloudlog` WHERE ( CloudNo='i-nkgy89bhzp' ) LIMIT 1   [ RunTime:0.0010s ]
INFO: [ view_parse ] --START--
INFO: [ template_filter ] --START--
INFO: Run Behavior\ContentReplaceBehavior [ RunTime:0.000179s ]
INFO: [ template_filter ] --END-- [ RunTime:0.000238s ]
NOTIC: [8] Undefined variable: physical D:\myenv\apache\htdocs\pgyidc\Application\Runtime\Cache\Admin\5802e1fee28ce6235a9eac6f67163571.php 第 219 行.
NOTIC: [8] Undefined variable: firewall D:\myenv\apache\htdocs\pgyidc\Application\Runtime\Cache\Admin\5802e1fee28ce6235a9eac6f67163571.php 第 239 行.
NOTIC: [8] Undefined variable: blockabroadip D:\myenv\apache\htdocs\pgyidc\Application\Runtime\Cache\Admin\5802e1fee28ce6235a9eac6f67163571.php 第 256 行.
NOTIC: [8] Undefined variable: guanwang D:\myenv\apache\htdocs\pgyidc\Application\Runtime\Cache\Admin\5802e1fee28ce6235a9eac6f67163571.php 第 268 行.
NOTIC: [8] Undefined variable: product D:\myenv\apache\htdocs\pgyidc\Application\Runtime\Cache\Admin\5802e1fee28ce6235a9eac6f67163571.php 第 283 行.
NOTIC: [8] Undefined variable: usercenter D:\myenv\apache\htdocs\pgyidc\Application\Runtime\Cache\Admin\5802e1fee28ce6235a9eac6f67163571.php 第 301 行.
NOTIC: [8] Undefined variable: keyword D:\myenv\apache\htdocs\pgyidc\Application\Runtime\Cache\Admin\5802e1fee28ce6235a9eac6f67163571.php 第 503 行.
INFO: Run Behavior\ParseTemplateBehavior [ RunTime:0.034468s ]
INFO: [ view_parse ] --END-- [ RunTime:0.034548s ]
INFO: [ view_filter ] --START--
INFO: Run Behavior\WriteHtmlCacheBehavior [ RunTime:0.000499s ]
INFO: [ view_filter ] --END-- [ RunTime:0.000543s ]
INFO: [ app_end ] --START--
INFO: Run Behavior\ShowPageTraceBehavior [ RunTime:0.000658s ]
INFO: [ app_end ] --END-- [ RunTime:0.000712s ]

[ 2018-07-25T09:25:24+08:00 ] 127.0.0.1 /Admin/Jdcloud/jdadmincdmg/regionid/cn-east-1.html
INFO: [ app_init ] --START--
INFO: Run Behavior\BuildLiteBehavior [ RunTime:0.000013s ]
INFO: [ app_init ] --END-- [ RunTime:0.000451s ]
INFO: [ app_begin ] --START--
INFO: Run Behavior\ReadHtmlCacheBehavior [ RunTime:0.000663s ]
INFO: [ app_begin ] --END-- [ RunTime:0.000717s ]
NOTIC: [2048] Declaration of Admin\Controller\jdcloudController::get() should be compatible with that of Think\Controller::get() D:\myenv\apache\htdocs\pgyidc\Application\Admin\Controller\JdcloudController.class.php 第 4 行.
NOTIC: [8] A session had already been started - ignoring session_start() D:\myenv\apache\htdocs\pgyidc\Application\Admin\Controller\BaseController.class.php 第 7 行.
SQL: SHOW COLUMNS FROM `users` [ RunTime:0.0126s ]
SQL: SELECT `UserID`,`EffectiveTime` FROM `users` WHERE ( UserName ='xiaocai' AND WebGuid  ='13BA3E931-7462-F4AB-1908-52D11C0FA01B' ) LIMIT 1   [ RunTime:0.0020s ]
SQL: SHOW COLUMNS FROM `jdcloudlog` [ RunTime:0.0124s ]
SQL: SELECT COUNT(*) AS tp_count FROM `jdcloudlog` WHERE ( regionid='cn-east-1' ) LIMIT 1   [ RunTime:0.0020s ]
SQL: SELECT `CloudNo` FROM `jdcloudlog` WHERE ( regionid='cn-east-1' ) LIMIT 0,15   [ RunTime:0.0011s ]
SQL: SELECT `UserID` FROM `jdcloudlog` WHERE ( CloudNo='i-6gb31t9zfx' ) LIMIT 1   [ RunTime:0.0010s ]
INFO: [ view_parse ] --START--
INFO: [ template_filter ] --START--
INFO: Run Behavior\ContentReplaceBehavior [ RunTime:0.000174s ]
INFO: [ template_filter ] --END-- [ RunTime:0.000232s ]
NOTIC: [8] Undefined variable: physical D:\myenv\apache\htdocs\pgyidc\Application\Runtime\Cache\Admin\5802e1fee28ce6235a9eac6f67163571.php 第 219 行.
NOTIC: [8] Undefined variable: firewall D:\myenv\apache\htdocs\pgyidc\Application\Runtime\Cache\Admin\5802e1fee28ce6235a9eac6f67163571.php 第 239 行.
NOTIC: [8] Undefined variable: blockabroadip D:\myenv\apache\htdocs\pgyidc\Application\Runtime\Cache\Admin\5802e1fee28ce6235a9eac6f67163571.php 第 256 行.
NOTIC: [8] Undefined variable: guanwang D:\myenv\apache\htdocs\pgyidc\Application\Runtime\Cache\Admin\5802e1fee28ce6235a9eac6f67163571.php 第 268 行.
NOTIC: [8] Undefined variable: product D:\myenv\apache\htdocs\pgyidc\Application\Runtime\Cache\Admin\5802e1fee28ce6235a9eac6f67163571.php 第 283 行.
NOTIC: [8] Undefined variable: usercenter D:\myenv\apache\htdocs\pgyidc\Application\Runtime\Cache\Admin\5802e1fee28ce6235a9eac6f67163571.php 第 301 行.
NOTIC: [8] Undefined variable: keyword D:\myenv\apache\htdocs\pgyidc\Application\Runtime\Cache\Admin\5802e1fee28ce6235a9eac6f67163571.php 第 503 行.
INFO: Run Behavior\ParseTemplateBehavior [ RunTime:0.035668s ]
INFO: [ view_parse ] --END-- [ RunTime:0.035768s ]
INFO: [ view_filter ] --START--
INFO: Run Behavior\WriteHtmlCacheBehavior [ RunTime:0.000510s ]
INFO: [ view_filter ] --END-- [ RunTime:0.000553s ]
INFO: [ app_end ] --START--
INFO: Run Behavior\ShowPageTraceBehavior [ RunTime:0.000787s ]
INFO: [ app_end ] --END-- [ RunTime:0.000845s ]

[ 2018-07-25T09:25:26+08:00 ] 127.0.0.1 /Admin/Officweb/memberlist/userid/1.html
INFO: [ app_init ] --START--
INFO: Run Behavior\BuildLiteBehavior [ RunTime:0.000012s ]
INFO: [ app_init ] --END-- [ RunTime:0.000526s ]
INFO: [ app_begin ] --START--
INFO: Run Behavior\ReadHtmlCacheBehavior [ RunTime:0.000675s ]
INFO: [ app_begin ] --END-- [ RunTime:0.000736s ]
NOTIC: [8] A session had already been started - ignoring session_start() D:\myenv\apache\htdocs\pgyidc\Application\Admin\Controller\BaseController.class.php 第 7 行.
SQL: SHOW COLUMNS FROM `users` [ RunTime:0.0122s ]
SQL: SELECT `UserID`,`EffectiveTime` FROM `users` WHERE ( UserName ='xiaocai' AND WebGuid  ='13BA3E931-7462-F4AB-1908-52D11C0FA01B' ) LIMIT 1   [ RunTime:0.0019s ]
SQL: SHOW COLUMNS FROM `users` [ RunTime:0.0123s ]
SQL: SHOW COLUMNS FROM `paylog` [ RunTime:0.0132s ]
SQL: SELECT COUNT(*) AS tp_count FROM `users` WHERE `UserName` LIKE '%%' OR `LinkMail` LIKE '%%' LIMIT 1   [ RunTime:0.0014s ]
SQL: SELECT * FROM `users` WHERE ( UserID=1 ) ORDER BY UserID DESC LIMIT 0,15   [ RunTime:0.0012s ]
SQL: SELECT SUM(money) as my FROM `paylog` WHERE ( userid=1 and datatype=0 )  [ RunTime:0.0007s ]
SQL: SELECT SUM(money) as my FROM `paylog` WHERE ( userid=1 and datatype=1 )  [ RunTime:0.0007s ]
INFO: [ view_parse ] --START--
INFO: [ template_filter ] --START--
INFO: Run Behavior\ContentReplaceBehavior [ RunTime:0.000324s ]
INFO: [ template_filter ] --END-- [ RunTime:0.000444s ]
NOTIC: [8] Undefined variable: cloud D:\myenv\apache\htdocs\pgyidc\Application\Runtime\Cache\Admin\653b4dd43436a923df7668e367f26b52.php 第 207 行.
NOTIC: [8] Undefined variable: physical D:\myenv\apache\htdocs\pgyidc\Application\Runtime\Cache\Admin\653b4dd43436a923df7668e367f26b52.php 第 219 行.
NOTIC: [8] Undefined variable: firewall D:\myenv\apache\htdocs\pgyidc\Application\Runtime\Cache\Admin\653b4dd43436a923df7668e367f26b52.php 第 239 行.
NOTIC: [8] Undefined variable: blockabroadip D:\myenv\apache\htdocs\pgyidc\Application\Runtime\Cache\Admin\653b4dd43436a923df7668e367f26b52.php 第 256 行.
NOTIC: [8] Undefined variable: product D:\myenv\apache\htdocs\pgyidc\Application\Runtime\Cache\Admin\653b4dd43436a923df7668e367f26b52.php 第 283 行.
NOTIC: [8] Undefined variable: usercenter D:\myenv\apache\htdocs\pgyidc\Application\Runtime\Cache\Admin\653b4dd43436a923df7668e367f26b52.php 第 301 行.
INFO: Run Behavior\ParseTemplateBehavior [ RunTime:0.058664s ]
INFO: [ view_parse ] --END-- [ RunTime:0.058758s ]
INFO: [ view_filter ] --START--
INFO: Run Behavior\WriteHtmlCacheBehavior [ RunTime:0.000959s ]
INFO: [ view_filter ] --END-- [ RunTime:0.001054s ]
INFO: [ app_end ] --START--
INFO: Run Behavior\ShowPageTraceBehavior [ RunTime:0.001414s ]
INFO: [ app_end ] --END-- [ RunTime:0.001529s ]

[ 2018-07-25T09:28:36+08:00 ] 127.0.0.1 /Admin/Jdcloud/jdadmincdmg/regionid/cn-north-1.html
INFO: [ app_init ] --START--
INFO: Run Behavior\BuildLiteBehavior [ RunTime:0.000011s ]
INFO: [ app_init ] --END-- [ RunTime:0.000434s ]
INFO: [ app_begin ] --START--
INFO: Run Behavior\ReadHtmlCacheBehavior [ RunTime:0.000835s ]
INFO: [ app_begin ] --END-- [ RunTime:0.000902s ]
NOTIC: [2048] Declaration of Admin\Controller\jdcloudController::get() should be compatible with that of Think\Controller::get() D:\myenv\apache\htdocs\pgyidc\Application\Admin\Controller\JdcloudController.class.php 第 4 行.
NOTIC: [8] A session had already been started - ignoring session_start() D:\myenv\apache\htdocs\pgyidc\Application\Admin\Controller\BaseController.class.php 第 7 行.
SQL: SHOW COLUMNS FROM `users` [ RunTime:0.0069s ]
SQL: SELECT `UserID`,`EffectiveTime` FROM `users` WHERE ( UserName ='xiaocai' AND WebGuid  ='13BA3E931-7462-F4AB-1908-52D11C0FA01B' ) LIMIT 1   [ RunTime:0.0010s ]
SQL: SHOW COLUMNS FROM `jdcloudlog` [ RunTime:0.0060s ]
SQL: SELECT COUNT(*) AS tp_count FROM `jdcloudlog` WHERE ( regionid='cn-north-1' ) LIMIT 1   [ RunTime:0.0012s ]
SQL: SELECT `CloudNo` FROM `jdcloudlog` WHERE ( regionid='cn-north-1' ) LIMIT 0,15   [ RunTime:0.0004s ]
SQL: SELECT `UserID` FROM `jdcloudlog` WHERE ( CloudNo='i-nkgy89bhzp' ) LIMIT 1   [ RunTime:0.0006s ]
INFO: [ view_parse ] --START--
INFO: [ template_filter ] --START--
INFO: Run Behavior\ContentReplaceBehavior [ RunTime:0.000177s ]
INFO: [ template_filter ] --END-- [ RunTime:0.000233s ]
NOTIC: [8] Undefined variable: physical D:\myenv\apache\htdocs\pgyidc\Application\Runtime\Cache\Admin\5802e1fee28ce6235a9eac6f67163571.php 第 219 行.
NOTIC: [8] Undefined variable: firewall D:\myenv\apache\htdocs\pgyidc\Application\Runtime\Cache\Admin\5802e1fee28ce6235a9eac6f67163571.php 第 239 行.
NOTIC: [8] Undefined variable: blockabroadip D:\myenv\apache\htdocs\pgyidc\Application\Runtime\Cache\Admin\5802e1fee28ce6235a9eac6f67163571.php 第 256 行.
NOTIC: [8] Undefined variable: guanwang D:\myenv\apache\htdocs\pgyidc\Application\Runtime\Cache\Admin\5802e1fee28ce6235a9eac6f67163571.php 第 268 行.
NOTIC: [8] Undefined variable: product D:\myenv\apache\htdocs\pgyidc\Application\Runtime\Cache\Admin\5802e1fee28ce6235a9eac6f67163571.php 第 283 行.
NOTIC: [8] Undefined variable: usercenter D:\myenv\apache\htdocs\pgyidc\Application\Runtime\Cache\Admin\5802e1fee28ce6235a9eac6f67163571.php 第 301 行.
NOTIC: [8] Undefined variable: keyword D:\myenv\apache\htdocs\pgyidc\Application\Runtime\Cache\Admin\5802e1fee28ce6235a9eac6f67163571.php 第 503 行.
INFO: Run Behavior\ParseTemplateBehavior [ RunTime:0.022208s ]
INFO: [ view_parse ] --END-- [ RunTime:0.022261s ]
INFO: [ view_filter ] --START--
INFO: Run Behavior\WriteHtmlCacheBehavior [ RunTime:0.000605s ]
INFO: [ view_filter ] --END-- [ RunTime:0.000647s ]
INFO: [ app_end ] --START--
INFO: Run Behavior\ShowPageTraceBehavior [ RunTime:0.000867s ]
INFO: [ app_end ] --END-- [ RunTime:0.000952s ]

