[ 2018-07-18T09:00:51+08:00 ] 127.0.0.1 /Admin/login.html
INFO: [ app_init ] --START--
INFO: Run Behavior\BuildLiteBehavior [ RunTime:0.000014s ]
INFO: [ app_init ] --END-- [ RunTime:0.000535s ]
INFO: [ app_begin ] --START--
INFO: Run Behavior\ReadHtmlCacheBehavior [ RunTime:0.000786s ]
INFO: [ app_begin ] --END-- [ RunTime:0.000842s ]
INFO: [ view_parse ] --START--
INFO: [ template_filter ] --START--
INFO: Run Behavior\ContentReplaceBehavior [ RunTime:0.000049s ]
INFO: [ template_filter ] --END-- [ RunTime:0.000097s ]
INFO: Run Behavior\ParseTemplateBehavior [ RunTime:0.043141s ]
INFO: [ view_parse ] --END-- [ RunTime:0.043203s ]
INFO: [ view_filter ] --START--
INFO: Run Behavior\WriteHtmlCacheBehavior [ RunTime:0.000531s ]
INFO: [ view_filter ] --END-- [ RunTime:0.000574s ]
INFO: [ app_end ] --START--
INFO: Run Behavior\ShowPageTraceBehavior [ RunTime:0.000750s ]
INFO: [ app_end ] --END-- [ RunTime:0.000794s ]

[ 2018-07-18T09:00:53+08:00 ] 127.0.0.1 /Admin/User/loginin
INFO: [ app_init ] --START--
INFO: Run Behavior\BuildLiteBehavior [ RunTime:0.000013s ]
INFO: [ app_init ] --END-- [ RunTime:0.000484s ]
INFO: [ app_begin ] --START--
INFO: Run Behavior\ReadHtmlCacheBehavior [ RunTime:0.000667s ]
INFO: [ app_begin ] --END-- [ RunTime:0.000718s ]
SQL: SHOW COLUMNS FROM `users` [ RunTime:0.0524s ]
SQL: SELECT `UserID` FROM `users` WHERE (  `UserName` = 'xiaocai' OR `LinkMail` = 'xiaocai' ) AND ( UserPsw ='39538ed9af2f892dcc904ee38926f867' ) LIMIT 1   [ RunTime:0.0011s ]
SQL: SELECT * FROM `users` WHERE (  `UserName` = 'xiaocai' OR `LinkMail` = 'xiaocai' ) AND ( UserPsw ='39538ed9af2f892dcc904ee38926f867' ) LIMIT 1   [ RunTime:0.0010s ]

[ 2018-07-18T09:00:55+08:00 ] 127.0.0.1 /Admin/index/index
INFO: [ app_init ] --START--
INFO: Run Behavior\BuildLiteBehavior [ RunTime:0.000016s ]
INFO: [ app_init ] --END-- [ RunTime:0.000586s ]
INFO: [ app_begin ] --START--
INFO: Run Behavior\ReadHtmlCacheBehavior [ RunTime:0.000846s ]
INFO: [ app_begin ] --END-- [ RunTime:0.000921s ]
SQL: SHOW COLUMNS FROM `paylog` [ RunTime:0.0268s ]
SQL: SELECT SUM(money) as my FROM `paylog` WHERE ( userid=1 and datatype=0 )  [ RunTime:0.0023s ]
SQL: SELECT SUM(money) as my FROM `paylog` WHERE ( userid=1 and datatype=1 )  [ RunTime:0.0014s ]
SQL: SHOW COLUMNS FROM `users` [ RunTime:0.0128s ]
SQL: SELECT * FROM `users` WHERE ( UserID=1 ) LIMIT 1   [ RunTime:0.0027s ]
INFO: [ view_parse ] --START--
INFO: [ template_filter ] --START--
INFO: Run Behavior\ContentReplaceBehavior [ RunTime:0.000332s ]
INFO: [ template_filter ] --END-- [ RunTime:0.000446s ]
NOTIC: [8] Undefined variable: cloud D:\myenv\apache\htdocs\pgyidc\Application\Runtime\Cache\Admin\b595b808c2ebeeeb0478ffc30bb4e87a.php 第 207 行.
NOTIC: [8] Undefined variable: physical D:\myenv\apache\htdocs\pgyidc\Application\Runtime\Cache\Admin\b595b808c2ebeeeb0478ffc30bb4e87a.php 第 219 行.
NOTIC: [8] Undefined variable: firewall D:\myenv\apache\htdocs\pgyidc\Application\Runtime\Cache\Admin\b595b808c2ebeeeb0478ffc30bb4e87a.php 第 239 行.
NOTIC: [8] Undefined variable: blockabroadip D:\myenv\apache\htdocs\pgyidc\Application\Runtime\Cache\Admin\b595b808c2ebeeeb0478ffc30bb4e87a.php 第 256 行.
NOTIC: [8] Undefined variable: guanwang D:\myenv\apache\htdocs\pgyidc\Application\Runtime\Cache\Admin\b595b808c2ebeeeb0478ffc30bb4e87a.php 第 268 行.
NOTIC: [8] Undefined variable: product D:\myenv\apache\htdocs\pgyidc\Application\Runtime\Cache\Admin\b595b808c2ebeeeb0478ffc30bb4e87a.php 第 283 行.
NOTIC: [8] Undefined variable: usercenter D:\myenv\apache\htdocs\pgyidc\Application\Runtime\Cache\Admin\b595b808c2ebeeeb0478ffc30bb4e87a.php 第 301 行.
INFO: Run Behavior\ParseTemplateBehavior [ RunTime:0.122409s ]
INFO: [ view_parse ] --END-- [ RunTime:0.122533s ]
INFO: [ view_filter ] --START--
INFO: Run Behavior\WriteHtmlCacheBehavior [ RunTime:0.000907s ]
INFO: [ view_filter ] --END-- [ RunTime:0.001017s ]
INFO: [ app_end ] --START--
INFO: Run Behavior\ShowPageTraceBehavior [ RunTime:0.001470s ]
INFO: [ app_end ] --END-- [ RunTime:0.001613s ]

[ 2018-07-18T09:01:00+08:00 ] 127.0.0.1 /Admin/Jdcloud/jdcloudmanage.html
INFO: [ app_init ] --START--
INFO: Run Behavior\BuildLiteBehavior [ RunTime:0.000012s ]
INFO: [ app_init ] --END-- [ RunTime:0.000401s ]
INFO: [ app_begin ] --START--
INFO: Run Behavior\ReadHtmlCacheBehavior [ RunTime:0.000591s ]
INFO: [ app_begin ] --END-- [ RunTime:0.000642s ]
SQL: SHOW COLUMNS FROM `jdcloudlog` [ RunTime:0.0602s ]
SQL: SELECT `CloudNo` FROM `jdcloudlog` WHERE ( UserID=1 and regionid='cn-north-1' )  [ RunTime:0.0023s ]
INFO: [ view_parse ] --START--
INFO: [ template_filter ] --START--
INFO: Run Behavior\ContentReplaceBehavior [ RunTime:0.000206s ]
INFO: [ template_filter ] --END-- [ RunTime:0.000276s ]
NOTIC: [8] Undefined variable: physical D:\myenv\apache\htdocs\pgyidc\Application\Runtime\Cache\Admin\e9ed93fffdaf904087e680c43fa9e77f.php 第 219 行.
NOTIC: [8] Undefined variable: firewall D:\myenv\apache\htdocs\pgyidc\Application\Runtime\Cache\Admin\e9ed93fffdaf904087e680c43fa9e77f.php 第 239 行.
NOTIC: [8] Undefined variable: blockabroadip D:\myenv\apache\htdocs\pgyidc\Application\Runtime\Cache\Admin\e9ed93fffdaf904087e680c43fa9e77f.php 第 256 行.
NOTIC: [8] Undefined variable: guanwang D:\myenv\apache\htdocs\pgyidc\Application\Runtime\Cache\Admin\e9ed93fffdaf904087e680c43fa9e77f.php 第 268 行.
NOTIC: [8] Undefined variable: product D:\myenv\apache\htdocs\pgyidc\Application\Runtime\Cache\Admin\e9ed93fffdaf904087e680c43fa9e77f.php 第 283 行.
NOTIC: [8] Undefined variable: usercenter D:\myenv\apache\htdocs\pgyidc\Application\Runtime\Cache\Admin\e9ed93fffdaf904087e680c43fa9e77f.php 第 301 行.
NOTIC: [8] Undefined variable: loading D:\myenv\apache\htdocs\pgyidc\Application\Runtime\Cache\Admin\e9ed93fffdaf904087e680c43fa9e77f.php 第 446 行.
NOTIC: [8] Undefined variable: keyword D:\myenv\apache\htdocs\pgyidc\Application\Runtime\Cache\Admin\e9ed93fffdaf904087e680c43fa9e77f.php 第 461 行.
NOTIC: [8] Undefined variable: page D:\myenv\apache\htdocs\pgyidc\Application\Runtime\Cache\Admin\e9ed93fffdaf904087e680c43fa9e77f.php 第 527 行.
INFO: Run Behavior\ParseTemplateBehavior [ RunTime:0.044320s ]
INFO: [ view_parse ] --END-- [ RunTime:0.044416s ]
INFO: [ view_filter ] --START--
INFO: Run Behavior\WriteHtmlCacheBehavior [ RunTime:0.000554s ]
INFO: [ view_filter ] --END-- [ RunTime:0.000607s ]
INFO: [ app_end ] --START--
INFO: Run Behavior\ShowPageTraceBehavior [ RunTime:0.000808s ]
INFO: [ app_end ] --END-- [ RunTime:0.000875s ]

[ 2018-07-18T09:01:06+08:00 ] 127.0.0.1 /Admin/Jdcloud/jdcloudmanage/regionid/cn-east-1.html
INFO: [ app_init ] --START--
INFO: Run Behavior\BuildLiteBehavior [ RunTime:0.000012s ]
INFO: [ app_init ] --END-- [ RunTime:0.000455s ]
INFO: [ app_begin ] --START--
INFO: Run Behavior\ReadHtmlCacheBehavior [ RunTime:0.000682s ]
INFO: [ app_begin ] --END-- [ RunTime:0.000738s ]
SQL: SHOW COLUMNS FROM `jdcloudlog` [ RunTime:0.0126s ]
SQL: SELECT `CloudNo` FROM `jdcloudlog` WHERE ( UserID=1 and regionid='cn-east-1' )  [ RunTime:0.0020s ]
INFO: [ view_parse ] --START--
INFO: [ template_filter ] --START--
INFO: Run Behavior\ContentReplaceBehavior [ RunTime:0.000376s ]
INFO: [ template_filter ] --END-- [ RunTime:0.000490s ]
NOTIC: [8] Undefined variable: physical D:\myenv\apache\htdocs\pgyidc\Application\Runtime\Cache\Admin\e9ed93fffdaf904087e680c43fa9e77f.php 第 219 行.
NOTIC: [8] Undefined variable: firewall D:\myenv\apache\htdocs\pgyidc\Application\Runtime\Cache\Admin\e9ed93fffdaf904087e680c43fa9e77f.php 第 239 行.
NOTIC: [8] Undefined variable: blockabroadip D:\myenv\apache\htdocs\pgyidc\Application\Runtime\Cache\Admin\e9ed93fffdaf904087e680c43fa9e77f.php 第 256 行.
NOTIC: [8] Undefined variable: guanwang D:\myenv\apache\htdocs\pgyidc\Application\Runtime\Cache\Admin\e9ed93fffdaf904087e680c43fa9e77f.php 第 268 行.
NOTIC: [8] Undefined variable: product D:\myenv\apache\htdocs\pgyidc\Application\Runtime\Cache\Admin\e9ed93fffdaf904087e680c43fa9e77f.php 第 283 行.
NOTIC: [8] Undefined variable: usercenter D:\myenv\apache\htdocs\pgyidc\Application\Runtime\Cache\Admin\e9ed93fffdaf904087e680c43fa9e77f.php 第 301 行.
NOTIC: [8] Undefined variable: loading D:\myenv\apache\htdocs\pgyidc\Application\Runtime\Cache\Admin\e9ed93fffdaf904087e680c43fa9e77f.php 第 446 行.
NOTIC: [8] Undefined variable: keyword D:\myenv\apache\htdocs\pgyidc\Application\Runtime\Cache\Admin\e9ed93fffdaf904087e680c43fa9e77f.php 第 461 行.
NOTIC: [8] Undefined variable: page D:\myenv\apache\htdocs\pgyidc\Application\Runtime\Cache\Admin\e9ed93fffdaf904087e680c43fa9e77f.php 第 527 行.
INFO: Run Behavior\ParseTemplateBehavior [ RunTime:0.042562s ]
INFO: [ view_parse ] --END-- [ RunTime:0.042661s ]
INFO: [ view_filter ] --START--
INFO: Run Behavior\WriteHtmlCacheBehavior [ RunTime:0.000629s ]
INFO: [ view_filter ] --END-- [ RunTime:0.000690s ]
INFO: [ app_end ] --START--
INFO: Run Behavior\ShowPageTraceBehavior [ RunTime:0.001073s ]
INFO: [ app_end ] --END-- [ RunTime:0.001169s ]

[ 2018-07-18T09:01:10+08:00 ] 127.0.0.1 /Admin/Jdcloud/jdcloudmanage/regionid/cn-east-2.html
INFO: [ app_init ] --START--
INFO: Run Behavior\BuildLiteBehavior [ RunTime:0.000012s ]
INFO: [ app_init ] --END-- [ RunTime:0.000482s ]
INFO: [ app_begin ] --START--
INFO: Run Behavior\ReadHtmlCacheBehavior [ RunTime:0.000615s ]
INFO: [ app_begin ] --END-- [ RunTime:0.000672s ]
SQL: SHOW COLUMNS FROM `jdcloudlog` [ RunTime:0.0129s ]
SQL: SELECT `CloudNo` FROM `jdcloudlog` WHERE ( UserID=1 and regionid='cn-east-2' )  [ RunTime:0.0022s ]
INFO: [ view_parse ] --START--
INFO: [ template_filter ] --START--
INFO: Run Behavior\ContentReplaceBehavior [ RunTime:0.000197s ]
INFO: [ template_filter ] --END-- [ RunTime:0.000273s ]
NOTIC: [8] Undefined variable: physical D:\myenv\apache\htdocs\pgyidc\Application\Runtime\Cache\Admin\e9ed93fffdaf904087e680c43fa9e77f.php 第 219 行.
NOTIC: [8] Undefined variable: firewall D:\myenv\apache\htdocs\pgyidc\Application\Runtime\Cache\Admin\e9ed93fffdaf904087e680c43fa9e77f.php 第 239 行.
NOTIC: [8] Undefined variable: blockabroadip D:\myenv\apache\htdocs\pgyidc\Application\Runtime\Cache\Admin\e9ed93fffdaf904087e680c43fa9e77f.php 第 256 行.
NOTIC: [8] Undefined variable: guanwang D:\myenv\apache\htdocs\pgyidc\Application\Runtime\Cache\Admin\e9ed93fffdaf904087e680c43fa9e77f.php 第 268 行.
NOTIC: [8] Undefined variable: product D:\myenv\apache\htdocs\pgyidc\Application\Runtime\Cache\Admin\e9ed93fffdaf904087e680c43fa9e77f.php 第 283 行.
NOTIC: [8] Undefined variable: usercenter D:\myenv\apache\htdocs\pgyidc\Application\Runtime\Cache\Admin\e9ed93fffdaf904087e680c43fa9e77f.php 第 301 行.
NOTIC: [8] Undefined variable: loading D:\myenv\apache\htdocs\pgyidc\Application\Runtime\Cache\Admin\e9ed93fffdaf904087e680c43fa9e77f.php 第 446 行.
NOTIC: [8] Undefined variable: keyword D:\myenv\apache\htdocs\pgyidc\Application\Runtime\Cache\Admin\e9ed93fffdaf904087e680c43fa9e77f.php 第 461 行.
NOTIC: [8] Undefined variable: page D:\myenv\apache\htdocs\pgyidc\Application\Runtime\Cache\Admin\e9ed93fffdaf904087e680c43fa9e77f.php 第 527 行.
INFO: Run Behavior\ParseTemplateBehavior [ RunTime:0.038568s ]
INFO: [ view_parse ] --END-- [ RunTime:0.038689s ]
INFO: [ view_filter ] --START--
INFO: Run Behavior\WriteHtmlCacheBehavior [ RunTime:0.000490s ]
INFO: [ view_filter ] --END-- [ RunTime:0.000535s ]
INFO: [ app_end ] --START--
INFO: Run Behavior\ShowPageTraceBehavior [ RunTime:0.000797s ]
INFO: [ app_end ] --END-- [ RunTime:0.000877s ]

[ 2018-07-18T09:02:26+08:00 ] 127.0.0.1 /Admin/Jdcloud/resetpsw?vid=i-nulzzpe898
INFO: [ app_init ] --START--
INFO: Run Behavior\BuildLiteBehavior [ RunTime:0.000013s ]
INFO: [ app_init ] --END-- [ RunTime:0.000421s ]
INFO: [ app_begin ] --START--
INFO: Run Behavior\ReadHtmlCacheBehavior [ RunTime:0.000604s ]
INFO: [ app_begin ] --END-- [ RunTime:0.000666s ]
INFO: [ view_parse ] --START--
INFO: [ template_filter ] --START--
INFO: Run Behavior\ContentReplaceBehavior [ RunTime:0.000059s ]
INFO: [ template_filter ] --END-- [ RunTime:0.000105s ]
INFO: Run Behavior\ParseTemplateBehavior [ RunTime:0.038091s ]
INFO: [ view_parse ] --END-- [ RunTime:0.038178s ]
INFO: [ view_filter ] --START--
INFO: Run Behavior\WriteHtmlCacheBehavior [ RunTime:0.000695s ]
INFO: [ view_filter ] --END-- [ RunTime:0.000757s ]
INFO: [ app_end ] --START--
INFO: Run Behavior\ShowPageTraceBehavior [ RunTime:0.000883s ]
INFO: [ app_end ] --END-- [ RunTime:0.000969s ]

[ 2018-07-18T09:02:29+08:00 ] 127.0.0.1 /Admin/Jdcloud/restandard?regionid=cn-east-2&instanceid=i-nulzzpe898
INFO: [ app_init ] --START--
INFO: Run Behavior\BuildLiteBehavior [ RunTime:0.000013s ]
INFO: [ app_init ] --END-- [ RunTime:0.000448s ]
INFO: [ app_begin ] --START--
INFO: Run Behavior\ReadHtmlCacheBehavior [ RunTime:0.000700s ]
INFO: [ app_begin ] --END-- [ RunTime:0.000761s ]
INFO: [ view_parse ] --START--
INFO: [ template_filter ] --START--
INFO: Run Behavior\ContentReplaceBehavior [ RunTime:0.000087s ]
INFO: [ template_filter ] --END-- [ RunTime:0.000144s ]
INFO: Run Behavior\ParseTemplateBehavior [ RunTime:0.013239s ]
INFO: [ view_parse ] --END-- [ RunTime:0.013294s ]
INFO: [ view_filter ] --START--
INFO: Run Behavior\WriteHtmlCacheBehavior [ RunTime:0.000434s ]
INFO: [ view_filter ] --END-- [ RunTime:0.000478s ]
INFO: [ app_end ] --START--
INFO: Run Behavior\ShowPageTraceBehavior [ RunTime:0.000705s ]
INFO: [ app_end ] --END-- [ RunTime:0.000758s ]

[ 2018-07-18T09:24:36+08:00 ] 127.0.0.1 /Admin/Jdcloud/jdcloudmanage/regionid/cn-east-2.html
INFO: [ app_init ] --START--
INFO: Run Behavior\BuildLiteBehavior [ RunTime:0.000012s ]
INFO: [ app_init ] --END-- [ RunTime:0.000395s ]
INFO: [ app_begin ] --START--
INFO: Run Behavior\ReadHtmlCacheBehavior [ RunTime:0.000590s ]
INFO: [ app_begin ] --END-- [ RunTime:0.000642s ]
SQL: SHOW COLUMNS FROM `jdcloudlog` [ RunTime:0.0069s ]
SQL: SELECT `CloudNo` FROM `jdcloudlog` WHERE ( UserID=1 and regionid='cn-east-2' )  [ RunTime:0.0008s ]
INFO: [ view_parse ] --START--
INFO: [ template_filter ] --START--
INFO: Run Behavior\ContentReplaceBehavior [ RunTime:0.000163s ]
INFO: [ template_filter ] --END-- [ RunTime:0.000275s ]
NOTIC: [8] Undefined variable: physical D:\myenv\apache\htdocs\pgyidc\Application\Runtime\Cache\Admin\e9ed93fffdaf904087e680c43fa9e77f.php 第 219 行.
NOTIC: [8] Undefined variable: firewall D:\myenv\apache\htdocs\pgyidc\Application\Runtime\Cache\Admin\e9ed93fffdaf904087e680c43fa9e77f.php 第 239 行.
NOTIC: [8] Undefined variable: blockabroadip D:\myenv\apache\htdocs\pgyidc\Application\Runtime\Cache\Admin\e9ed93fffdaf904087e680c43fa9e77f.php 第 256 行.
NOTIC: [8] Undefined variable: guanwang D:\myenv\apache\htdocs\pgyidc\Application\Runtime\Cache\Admin\e9ed93fffdaf904087e680c43fa9e77f.php 第 268 行.
NOTIC: [8] Undefined variable: product D:\myenv\apache\htdocs\pgyidc\Application\Runtime\Cache\Admin\e9ed93fffdaf904087e680c43fa9e77f.php 第 283 行.
NOTIC: [8] Undefined variable: usercenter D:\myenv\apache\htdocs\pgyidc\Application\Runtime\Cache\Admin\e9ed93fffdaf904087e680c43fa9e77f.php 第 301 行.
NOTIC: [8] Undefined variable: loading D:\myenv\apache\htdocs\pgyidc\Application\Runtime\Cache\Admin\e9ed93fffdaf904087e680c43fa9e77f.php 第 446 行.
NOTIC: [8] Undefined variable: keyword D:\myenv\apache\htdocs\pgyidc\Application\Runtime\Cache\Admin\e9ed93fffdaf904087e680c43fa9e77f.php 第 461 行.
NOTIC: [8] Undefined variable: page D:\myenv\apache\htdocs\pgyidc\Application\Runtime\Cache\Admin\e9ed93fffdaf904087e680c43fa9e77f.php 第 527 行.
INFO: Run Behavior\ParseTemplateBehavior [ RunTime:0.027298s ]
INFO: [ view_parse ] --END-- [ RunTime:0.027395s ]
INFO: [ view_filter ] --START--
INFO: Run Behavior\WriteHtmlCacheBehavior [ RunTime:0.000971s ]
INFO: [ view_filter ] --END-- [ RunTime:0.001073s ]
INFO: [ app_end ] --START--
INFO: Run Behavior\ShowPageTraceBehavior [ RunTime:0.001425s ]
INFO: [ app_end ] --END-- [ RunTime:0.001540s ]

[ 2018-07-18T09:24:39+08:00 ] 127.0.0.1 /Admin/Jdcloud/jdcloudmanage/regionid/cn-east-2.html
INFO: [ app_init ] --START--
INFO: Run Behavior\BuildLiteBehavior [ RunTime:0.000013s ]
INFO: [ app_init ] --END-- [ RunTime:0.000508s ]
INFO: [ app_begin ] --START--
INFO: Run Behavior\ReadHtmlCacheBehavior [ RunTime:0.000712s ]
INFO: [ app_begin ] --END-- [ RunTime:0.000768s ]
SQL: SHOW COLUMNS FROM `jdcloudlog` [ RunTime:0.0066s ]
SQL: SELECT `CloudNo` FROM `jdcloudlog` WHERE ( UserID=1 and regionid='cn-east-2' )  [ RunTime:0.0009s ]
INFO: [ view_parse ] --START--
INFO: [ template_filter ] --START--
INFO: Run Behavior\ContentReplaceBehavior [ RunTime:0.000368s ]
INFO: [ template_filter ] --END-- [ RunTime:0.000481s ]
NOTIC: [8] Undefined variable: physical D:\myenv\apache\htdocs\pgyidc\Application\Runtime\Cache\Admin\e9ed93fffdaf904087e680c43fa9e77f.php 第 219 行.
NOTIC: [8] Undefined variable: firewall D:\myenv\apache\htdocs\pgyidc\Application\Runtime\Cache\Admin\e9ed93fffdaf904087e680c43fa9e77f.php 第 239 行.
NOTIC: [8] Undefined variable: blockabroadip D:\myenv\apache\htdocs\pgyidc\Application\Runtime\Cache\Admin\e9ed93fffdaf904087e680c43fa9e77f.php 第 256 行.
NOTIC: [8] Undefined variable: guanwang D:\myenv\apache\htdocs\pgyidc\Application\Runtime\Cache\Admin\e9ed93fffdaf904087e680c43fa9e77f.php 第 268 行.
NOTIC: [8] Undefined variable: product D:\myenv\apache\htdocs\pgyidc\Application\Runtime\Cache\Admin\e9ed93fffdaf904087e680c43fa9e77f.php 第 283 行.
NOTIC: [8] Undefined variable: usercenter D:\myenv\apache\htdocs\pgyidc\Application\Runtime\Cache\Admin\e9ed93fffdaf904087e680c43fa9e77f.php 第 301 行.
NOTIC: [8] Undefined variable: loading D:\myenv\apache\htdocs\pgyidc\Application\Runtime\Cache\Admin\e9ed93fffdaf904087e680c43fa9e77f.php 第 446 行.
NOTIC: [8] Undefined variable: keyword D:\myenv\apache\htdocs\pgyidc\Application\Runtime\Cache\Admin\e9ed93fffdaf904087e680c43fa9e77f.php 第 461 行.
NOTIC: [8] Undefined variable: page D:\myenv\apache\htdocs\pgyidc\Application\Runtime\Cache\Admin\e9ed93fffdaf904087e680c43fa9e77f.php 第 527 行.
INFO: Run Behavior\ParseTemplateBehavior [ RunTime:0.045524s ]
INFO: [ view_parse ] --END-- [ RunTime:0.045648s ]
INFO: [ view_filter ] --START--
INFO: Run Behavior\WriteHtmlCacheBehavior [ RunTime:0.000767s ]
INFO: [ view_filter ] --END-- [ RunTime:0.000832s ]
INFO: [ app_end ] --START--
INFO: Run Behavior\ShowPageTraceBehavior [ RunTime:0.000704s ]
INFO: [ app_end ] --END-- [ RunTime:0.000762s ]

[ 2018-07-18T09:40:19+08:00 ] 127.0.0.1 /Admin/Index/index.html
INFO: [ app_init ] --START--
INFO: Run Behavior\BuildLiteBehavior [ RunTime:0.000013s ]
INFO: [ app_init ] --END-- [ RunTime:0.000462s ]
INFO: [ app_begin ] --START--
INFO: Run Behavior\ReadHtmlCacheBehavior [ RunTime:0.000714s ]
INFO: [ app_begin ] --END-- [ RunTime:0.000769s ]
SQL: SHOW COLUMNS FROM `paylog` [ RunTime:0.0128s ]
SQL: SELECT SUM(money) as my FROM `paylog` WHERE ( userid=1 and datatype=0 )  [ RunTime:0.0023s ]
SQL: SELECT SUM(money) as my FROM `paylog` WHERE ( userid=1 and datatype=1 )  [ RunTime:0.0011s ]
SQL: SHOW COLUMNS FROM `users` [ RunTime:0.0134s ]
SQL: SELECT * FROM `users` WHERE ( UserID=1 ) LIMIT 1   [ RunTime:0.0027s ]
INFO: [ view_parse ] --START--
INFO: [ template_filter ] --START--
INFO: Run Behavior\ContentReplaceBehavior [ RunTime:0.000148s ]
INFO: [ template_filter ] --END-- [ RunTime:0.000202s ]
NOTIC: [8] Undefined variable: cloud D:\myenv\apache\htdocs\pgyidc\Application\Runtime\Cache\Admin\b595b808c2ebeeeb0478ffc30bb4e87a.php 第 207 行.
NOTIC: [8] Undefined variable: physical D:\myenv\apache\htdocs\pgyidc\Application\Runtime\Cache\Admin\b595b808c2ebeeeb0478ffc30bb4e87a.php 第 219 行.
NOTIC: [8] Undefined variable: firewall D:\myenv\apache\htdocs\pgyidc\Application\Runtime\Cache\Admin\b595b808c2ebeeeb0478ffc30bb4e87a.php 第 239 行.
NOTIC: [8] Undefined variable: blockabroadip D:\myenv\apache\htdocs\pgyidc\Application\Runtime\Cache\Admin\b595b808c2ebeeeb0478ffc30bb4e87a.php 第 256 行.
NOTIC: [8] Undefined variable: guanwang D:\myenv\apache\htdocs\pgyidc\Application\Runtime\Cache\Admin\b595b808c2ebeeeb0478ffc30bb4e87a.php 第 268 行.
NOTIC: [8] Undefined variable: product D:\myenv\apache\htdocs\pgyidc\Application\Runtime\Cache\Admin\b595b808c2ebeeeb0478ffc30bb4e87a.php 第 283 行.
NOTIC: [8] Undefined variable: usercenter D:\myenv\apache\htdocs\pgyidc\Application\Runtime\Cache\Admin\b595b808c2ebeeeb0478ffc30bb4e87a.php 第 301 行.
INFO: Run Behavior\ParseTemplateBehavior [ RunTime:0.017846s ]
INFO: [ view_parse ] --END-- [ RunTime:0.017905s ]
INFO: [ view_filter ] --START--
INFO: Run Behavior\WriteHtmlCacheBehavior [ RunTime:0.000543s ]
INFO: [ view_filter ] --END-- [ RunTime:0.000590s ]
INFO: [ app_end ] --START--
INFO: Run Behavior\ShowPageTraceBehavior [ RunTime:0.000766s ]
INFO: [ app_end ] --END-- [ RunTime:0.000818s ]

[ 2018-07-18T09:43:03+08:00 ] 127.0.0.1 /Admin/Jdcloud/jdcloudmanage/regionid/cn-east-2.html
INFO: [ app_init ] --START--
INFO: Run Behavior\BuildLiteBehavior [ RunTime:0.000013s ]
INFO: [ app_init ] --END-- [ RunTime:0.000459s ]
INFO: [ app_begin ] --START--
INFO: Run Behavior\ReadHtmlCacheBehavior [ RunTime:0.000663s ]
INFO: [ app_begin ] --END-- [ RunTime:0.000717s ]
SQL: SHOW COLUMNS FROM `jdcloudlog` [ RunTime:0.0132s ]
SQL: SELECT `CloudNo` FROM `jdcloudlog` WHERE ( UserID=1 and regionid='cn-east-2' )  [ RunTime:0.0020s ]
INFO: [ view_parse ] --START--
INFO: [ template_filter ] --START--
INFO: Run Behavior\ContentReplaceBehavior [ RunTime:0.000214s ]
INFO: [ template_filter ] --END-- [ RunTime:0.000285s ]
NOTIC: [8] Undefined variable: physical D:\myenv\apache\htdocs\pgyidc\Application\Runtime\Cache\Admin\e9ed93fffdaf904087e680c43fa9e77f.php 第 219 行.
NOTIC: [8] Undefined variable: firewall D:\myenv\apache\htdocs\pgyidc\Application\Runtime\Cache\Admin\e9ed93fffdaf904087e680c43fa9e77f.php 第 239 行.
NOTIC: [8] Undefined variable: blockabroadip D:\myenv\apache\htdocs\pgyidc\Application\Runtime\Cache\Admin\e9ed93fffdaf904087e680c43fa9e77f.php 第 256 行.
NOTIC: [8] Undefined variable: guanwang D:\myenv\apache\htdocs\pgyidc\Application\Runtime\Cache\Admin\e9ed93fffdaf904087e680c43fa9e77f.php 第 268 行.
NOTIC: [8] Undefined variable: product D:\myenv\apache\htdocs\pgyidc\Application\Runtime\Cache\Admin\e9ed93fffdaf904087e680c43fa9e77f.php 第 283 行.
NOTIC: [8] Undefined variable: usercenter D:\myenv\apache\htdocs\pgyidc\Application\Runtime\Cache\Admin\e9ed93fffdaf904087e680c43fa9e77f.php 第 301 行.
NOTIC: [8] Undefined variable: loading D:\myenv\apache\htdocs\pgyidc\Application\Runtime\Cache\Admin\e9ed93fffdaf904087e680c43fa9e77f.php 第 446 行.
NOTIC: [8] Undefined variable: keyword D:\myenv\apache\htdocs\pgyidc\Application\Runtime\Cache\Admin\e9ed93fffdaf904087e680c43fa9e77f.php 第 461 行.
NOTIC: [8] Undefined variable: page D:\myenv\apache\htdocs\pgyidc\Application\Runtime\Cache\Admin\e9ed93fffdaf904087e680c43fa9e77f.php 第 527 行.
INFO: Run Behavior\ParseTemplateBehavior [ RunTime:0.039226s ]
INFO: [ view_parse ] --END-- [ RunTime:0.039324s ]
INFO: [ view_filter ] --START--
INFO: Run Behavior\WriteHtmlCacheBehavior [ RunTime:0.000569s ]
INFO: [ view_filter ] --END-- [ RunTime:0.000625s ]
INFO: [ app_end ] --START--
INFO: Run Behavior\ShowPageTraceBehavior [ RunTime:0.000976s ]
INFO: [ app_end ] --END-- [ RunTime:0.001066s ]

[ 2018-07-18T09:43:55+08:00 ] 127.0.0.1 /Admin/Jdcloud/jdcloudmanage/regionid/cn-east-2.html
INFO: [ app_init ] --START--
INFO: Run Behavior\BuildLiteBehavior [ RunTime:0.000014s ]
INFO: [ app_init ] --END-- [ RunTime:0.000516s ]
INFO: [ app_begin ] --START--
INFO: Run Behavior\ReadHtmlCacheBehavior [ RunTime:0.000719s ]
INFO: [ app_begin ] --END-- [ RunTime:0.000777s ]
SQL: SHOW COLUMNS FROM `jdcloudlog` [ RunTime:0.0109s ]
SQL: SELECT `CloudNo` FROM `jdcloudlog` WHERE ( UserID=1 and regionid='cn-east-2' )  [ RunTime:0.0017s ]
INFO: [ view_parse ] --START--
INFO: [ template_filter ] --START--
INFO: Run Behavior\ContentReplaceBehavior [ RunTime:0.000229s ]
INFO: [ template_filter ] --END-- [ RunTime:0.000303s ]
NOTIC: [8] Undefined variable: physical D:\myenv\apache\htdocs\pgyidc\Application\Runtime\Cache\Admin\e9ed93fffdaf904087e680c43fa9e77f.php 第 219 行.
NOTIC: [8] Undefined variable: firewall D:\myenv\apache\htdocs\pgyidc\Application\Runtime\Cache\Admin\e9ed93fffdaf904087e680c43fa9e77f.php 第 239 行.
NOTIC: [8] Undefined variable: blockabroadip D:\myenv\apache\htdocs\pgyidc\Application\Runtime\Cache\Admin\e9ed93fffdaf904087e680c43fa9e77f.php 第 256 行.
NOTIC: [8] Undefined variable: guanwang D:\myenv\apache\htdocs\pgyidc\Application\Runtime\Cache\Admin\e9ed93fffdaf904087e680c43fa9e77f.php 第 268 行.
NOTIC: [8] Undefined variable: product D:\myenv\apache\htdocs\pgyidc\Application\Runtime\Cache\Admin\e9ed93fffdaf904087e680c43fa9e77f.php 第 283 行.
NOTIC: [8] Undefined variable: usercenter D:\myenv\apache\htdocs\pgyidc\Application\Runtime\Cache\Admin\e9ed93fffdaf904087e680c43fa9e77f.php 第 301 行.
NOTIC: [8] Undefined variable: loading D:\myenv\apache\htdocs\pgyidc\Application\Runtime\Cache\Admin\e9ed93fffdaf904087e680c43fa9e77f.php 第 446 行.
NOTIC: [8] Undefined variable: keyword D:\myenv\apache\htdocs\pgyidc\Application\Runtime\Cache\Admin\e9ed93fffdaf904087e680c43fa9e77f.php 第 461 行.
NOTIC: [8] Undefined variable: page D:\myenv\apache\htdocs\pgyidc\Application\Runtime\Cache\Admin\e9ed93fffdaf904087e680c43fa9e77f.php 第 527 行.
INFO: Run Behavior\ParseTemplateBehavior [ RunTime:0.028222s ]
INFO: [ view_parse ] --END-- [ RunTime:0.028303s ]
INFO: [ view_filter ] --START--
INFO: Run Behavior\WriteHtmlCacheBehavior [ RunTime:0.000725s ]
INFO: [ view_filter ] --END-- [ RunTime:0.000797s ]
INFO: [ app_end ] --START--
INFO: Run Behavior\ShowPageTraceBehavior [ RunTime:0.000799s ]
INFO: [ app_end ] --END-- [ RunTime:0.000879s ]

[ 2018-07-18T10:38:23+08:00 ] 127.0.0.1 /Admin/Jdcloud/restandard?regionid=cn-east-2&instanceid=i-nulzzpe898
INFO: [ app_init ] --START--
INFO: Run Behavior\BuildLiteBehavior [ RunTime:0.000023s ]
INFO: [ app_init ] --END-- [ RunTime:0.000510s ]
INFO: [ app_begin ] --START--
INFO: Run Behavior\ReadHtmlCacheBehavior [ RunTime:0.000703s ]
INFO: [ app_begin ] --END-- [ RunTime:0.000777s ]
INFO: [ view_parse ] --START--
INFO: [ template_filter ] --START--
INFO: Run Behavior\ContentReplaceBehavior [ RunTime:0.000093s ]
INFO: [ template_filter ] --END-- [ RunTime:0.000164s ]
INFO: Run Behavior\ParseTemplateBehavior [ RunTime:0.010279s ]
INFO: [ view_parse ] --END-- [ RunTime:0.010361s ]
INFO: [ view_filter ] --START--
INFO: Run Behavior\WriteHtmlCacheBehavior [ RunTime:0.000506s ]
INFO: [ view_filter ] --END-- [ RunTime:0.000552s ]
INFO: [ app_end ] --START--
INFO: Run Behavior\ShowPageTraceBehavior [ RunTime:0.000839s ]
INFO: [ app_end ] --END-- [ RunTime:0.000920s ]

[ 2018-07-18T10:38:42+08:00 ] 127.0.0.1 /Admin/Jdcloud/renew?regionid=cn-east-2&instanceid=i-nulzzpe898
INFO: [ app_init ] --START--
INFO: Run Behavior\BuildLiteBehavior [ RunTime:0.000015s ]
INFO: [ app_init ] --END-- [ RunTime:0.000518s ]
INFO: [ app_begin ] --START--
INFO: Run Behavior\ReadHtmlCacheBehavior [ RunTime:0.000689s ]
INFO: [ app_begin ] --END-- [ RunTime:0.000747s ]
INFO: [ view_parse ] --START--
INFO: [ template_filter ] --START--
INFO: Run Behavior\ContentReplaceBehavior [ RunTime:0.000109s ]
INFO: [ template_filter ] --END-- [ RunTime:0.000186s ]
INFO: Run Behavior\ParseTemplateBehavior [ RunTime:0.023401s ]
INFO: [ view_parse ] --END-- [ RunTime:0.023507s ]
INFO: [ view_filter ] --START--
INFO: Run Behavior\WriteHtmlCacheBehavior [ RunTime:0.000604s ]
INFO: [ view_filter ] --END-- [ RunTime:0.000664s ]
INFO: [ app_end ] --START--
INFO: Run Behavior\ShowPageTraceBehavior [ RunTime:0.000943s ]
INFO: [ app_end ] --END-- [ RunTime:0.001011s ]

[ 2018-07-18T11:35:24+08:00 ] 127.0.0.1 /Admin/Jdcloud/restandard?regionid=cn-east-2&instanceid=i-nulzzpe898
INFO: [ app_init ] --START--
INFO: Run Behavior\BuildLiteBehavior [ RunTime:0.000026s ]
INFO: [ app_init ] --END-- [ RunTime:0.000839s ]
INFO: [ app_begin ] --START--
INFO: Run Behavior\ReadHtmlCacheBehavior [ RunTime:0.000868s ]
INFO: [ app_begin ] --END-- [ RunTime:0.000931s ]
INFO: [ view_parse ] --START--
INFO: [ template_filter ] --START--
INFO: Run Behavior\ContentReplaceBehavior [ RunTime:0.000116s ]
INFO: [ template_filter ] --END-- [ RunTime:0.000229s ]
INFO: Run Behavior\ParseTemplateBehavior [ RunTime:0.009367s ]
INFO: [ view_parse ] --END-- [ RunTime:0.009457s ]
INFO: [ view_filter ] --START--
INFO: Run Behavior\WriteHtmlCacheBehavior [ RunTime:0.000703s ]
INFO: [ view_filter ] --END-- [ RunTime:0.000765s ]
INFO: [ app_end ] --START--
INFO: Run Behavior\ShowPageTraceBehavior [ RunTime:0.001380s ]
INFO: [ app_end ] --END-- [ RunTime:0.001563s ]

[ 2018-07-18T11:35:27+08:00 ] 127.0.0.1 /Admin/Jdcloud/renew?regionid=cn-east-2&instanceid=i-nulzzpe898
INFO: [ app_init ] --START--
INFO: Run Behavior\BuildLiteBehavior [ RunTime:0.000013s ]
INFO: [ app_init ] --END-- [ RunTime:0.000407s ]
INFO: [ app_begin ] --START--
INFO: Run Behavior\ReadHtmlCacheBehavior [ RunTime:0.000703s ]
INFO: [ app_begin ] --END-- [ RunTime:0.000759s ]
INFO: [ view_parse ] --START--
INFO: [ template_filter ] --START--
INFO: Run Behavior\ContentReplaceBehavior [ RunTime:0.000081s ]
INFO: [ template_filter ] --END-- [ RunTime:0.000145s ]
INFO: Run Behavior\ParseTemplateBehavior [ RunTime:0.008642s ]
INFO: [ view_parse ] --END-- [ RunTime:0.008718s ]
INFO: [ view_filter ] --START--
INFO: Run Behavior\WriteHtmlCacheBehavior [ RunTime:0.000573s ]
INFO: [ view_filter ] --END-- [ RunTime:0.000630s ]
INFO: [ app_end ] --START--
INFO: Run Behavior\ShowPageTraceBehavior [ RunTime:0.000925s ]
INFO: [ app_end ] --END-- [ RunTime:0.001006s ]

[ 2018-07-18T14:11:24+08:00 ] 127.0.0.1 /Admin/Jdcloud/jdcloudmanage/regionid/cn-east-1.html
INFO: [ app_init ] --START--
INFO: Run Behavior\BuildLiteBehavior [ RunTime:0.000027s ]
INFO: [ app_init ] --END-- [ RunTime:0.001396s ]
INFO: [ app_begin ] --START--
INFO: Run Behavior\ReadHtmlCacheBehavior [ RunTime:0.002277s ]
INFO: [ app_begin ] --END-- [ RunTime:0.002444s ]
SQL: SHOW COLUMNS FROM `jdcloudlog` [ RunTime:0.0571s ]
SQL: SELECT `CloudNo` FROM `jdcloudlog` WHERE ( UserID=1 and regionid='cn-east-1' )  [ RunTime:0.0036s ]
INFO: [ view_parse ] --START--
INFO: [ template_filter ] --START--
INFO: Run Behavior\ContentReplaceBehavior [ RunTime:0.000370s ]
INFO: [ template_filter ] --END-- [ RunTime:0.000489s ]
NOTIC: [8] Undefined variable: physical D:\myenv\apache\htdocs\pgyidc\Application\Runtime\Cache\Admin\e9ed93fffdaf904087e680c43fa9e77f.php 第 219 行.
NOTIC: [8] Undefined variable: firewall D:\myenv\apache\htdocs\pgyidc\Application\Runtime\Cache\Admin\e9ed93fffdaf904087e680c43fa9e77f.php 第 239 行.
NOTIC: [8] Undefined variable: blockabroadip D:\myenv\apache\htdocs\pgyidc\Application\Runtime\Cache\Admin\e9ed93fffdaf904087e680c43fa9e77f.php 第 256 行.
NOTIC: [8] Undefined variable: guanwang D:\myenv\apache\htdocs\pgyidc\Application\Runtime\Cache\Admin\e9ed93fffdaf904087e680c43fa9e77f.php 第 268 行.
NOTIC: [8] Undefined variable: product D:\myenv\apache\htdocs\pgyidc\Application\Runtime\Cache\Admin\e9ed93fffdaf904087e680c43fa9e77f.php 第 283 行.
NOTIC: [8] Undefined variable: usercenter D:\myenv\apache\htdocs\pgyidc\Application\Runtime\Cache\Admin\e9ed93fffdaf904087e680c43fa9e77f.php 第 301 行.
NOTIC: [8] Undefined variable: loading D:\myenv\apache\htdocs\pgyidc\Application\Runtime\Cache\Admin\e9ed93fffdaf904087e680c43fa9e77f.php 第 446 行.
NOTIC: [8] Undefined variable: keyword D:\myenv\apache\htdocs\pgyidc\Application\Runtime\Cache\Admin\e9ed93fffdaf904087e680c43fa9e77f.php 第 461 行.
NOTIC: [8] Undefined variable: page D:\myenv\apache\htdocs\pgyidc\Application\Runtime\Cache\Admin\e9ed93fffdaf904087e680c43fa9e77f.php 第 527 行.
INFO: Run Behavior\ParseTemplateBehavior [ RunTime:0.117331s ]
INFO: [ view_parse ] --END-- [ RunTime:0.117461s ]
INFO: [ view_filter ] --START--
INFO: Run Behavior\WriteHtmlCacheBehavior [ RunTime:0.024244s ]
INFO: [ view_filter ] --END-- [ RunTime:0.024326s ]
INFO: [ app_end ] --START--
INFO: Run Behavior\ShowPageTraceBehavior [ RunTime:0.007510s ]
INFO: [ app_end ] --END-- [ RunTime:0.007618s ]

[ 2018-07-18T14:11:31+08:00 ] 127.0.0.1 /Admin/Jdcloud/jdcloudmanage/regionid/cn-east-2.html
INFO: [ app_init ] --START--
INFO: Run Behavior\BuildLiteBehavior [ RunTime:0.000014s ]
INFO: [ app_init ] --END-- [ RunTime:0.000462s ]
INFO: [ app_begin ] --START--
INFO: Run Behavior\ReadHtmlCacheBehavior [ RunTime:0.000657s ]
INFO: [ app_begin ] --END-- [ RunTime:0.000716s ]
SQL: SHOW COLUMNS FROM `jdcloudlog` [ RunTime:0.0094s ]
SQL: SELECT `CloudNo` FROM `jdcloudlog` WHERE ( UserID=1 and regionid='cn-east-2' )  [ RunTime:0.0010s ]
INFO: [ view_parse ] --START--
INFO: [ template_filter ] --START--
INFO: Run Behavior\ContentReplaceBehavior [ RunTime:0.000206s ]
INFO: [ template_filter ] --END-- [ RunTime:0.000274s ]
NOTIC: [8] Undefined variable: physical D:\myenv\apache\htdocs\pgyidc\Application\Runtime\Cache\Admin\e9ed93fffdaf904087e680c43fa9e77f.php 第 219 行.
NOTIC: [8] Undefined variable: firewall D:\myenv\apache\htdocs\pgyidc\Application\Runtime\Cache\Admin\e9ed93fffdaf904087e680c43fa9e77f.php 第 239 行.
NOTIC: [8] Undefined variable: blockabroadip D:\myenv\apache\htdocs\pgyidc\Application\Runtime\Cache\Admin\e9ed93fffdaf904087e680c43fa9e77f.php 第 256 行.
NOTIC: [8] Undefined variable: guanwang D:\myenv\apache\htdocs\pgyidc\Application\Runtime\Cache\Admin\e9ed93fffdaf904087e680c43fa9e77f.php 第 268 行.
NOTIC: [8] Undefined variable: product D:\myenv\apache\htdocs\pgyidc\Application\Runtime\Cache\Admin\e9ed93fffdaf904087e680c43fa9e77f.php 第 283 行.
NOTIC: [8] Undefined variable: usercenter D:\myenv\apache\htdocs\pgyidc\Application\Runtime\Cache\Admin\e9ed93fffdaf904087e680c43fa9e77f.php 第 301 行.
NOTIC: [8] Undefined variable: loading D:\myenv\apache\htdocs\pgyidc\Application\Runtime\Cache\Admin\e9ed93fffdaf904087e680c43fa9e77f.php 第 446 行.
NOTIC: [8] Undefined variable: keyword D:\myenv\apache\htdocs\pgyidc\Application\Runtime\Cache\Admin\e9ed93fffdaf904087e680c43fa9e77f.php 第 461 行.
NOTIC: [8] Undefined variable: page D:\myenv\apache\htdocs\pgyidc\Application\Runtime\Cache\Admin\e9ed93fffdaf904087e680c43fa9e77f.php 第 527 行.
INFO: Run Behavior\ParseTemplateBehavior [ RunTime:0.021879s ]
INFO: [ view_parse ] --END-- [ RunTime:0.021946s ]
INFO: [ view_filter ] --START--
INFO: Run Behavior\WriteHtmlCacheBehavior [ RunTime:0.000474s ]
INFO: [ view_filter ] --END-- [ RunTime:0.000520s ]
INFO: [ app_end ] --START--
INFO: Run Behavior\ShowPageTraceBehavior [ RunTime:0.000902s ]
INFO: [ app_end ] --END-- [ RunTime:0.001005s ]

[ 2018-07-18T14:11:45+08:00 ] 127.0.0.1 /Admin/Jdcloud/jdcloudmanage/regionid/cn-east-1.html
INFO: [ app_init ] --START--
INFO: Run Behavior\BuildLiteBehavior [ RunTime:0.000013s ]
INFO: [ app_init ] --END-- [ RunTime:0.000437s ]
INFO: [ app_begin ] --START--
INFO: Run Behavior\ReadHtmlCacheBehavior [ RunTime:0.000642s ]
INFO: [ app_begin ] --END-- [ RunTime:0.000700s ]
SQL: SHOW COLUMNS FROM `jdcloudlog` [ RunTime:0.0174s ]
SQL: SELECT `CloudNo` FROM `jdcloudlog` WHERE ( UserID=1 and regionid='cn-east-1' )  [ RunTime:0.0026s ]
INFO: [ view_parse ] --START--
INFO: [ template_filter ] --START--
INFO: Run Behavior\ContentReplaceBehavior [ RunTime:0.000371s ]
INFO: [ template_filter ] --END-- [ RunTime:0.000488s ]
NOTIC: [8] Undefined variable: physical D:\myenv\apache\htdocs\pgyidc\Application\Runtime\Cache\Admin\e9ed93fffdaf904087e680c43fa9e77f.php 第 219 行.
NOTIC: [8] Undefined variable: firewall D:\myenv\apache\htdocs\pgyidc\Application\Runtime\Cache\Admin\e9ed93fffdaf904087e680c43fa9e77f.php 第 239 行.
NOTIC: [8] Undefined variable: blockabroadip D:\myenv\apache\htdocs\pgyidc\Application\Runtime\Cache\Admin\e9ed93fffdaf904087e680c43fa9e77f.php 第 256 行.
NOTIC: [8] Undefined variable: guanwang D:\myenv\apache\htdocs\pgyidc\Application\Runtime\Cache\Admin\e9ed93fffdaf904087e680c43fa9e77f.php 第 268 行.
NOTIC: [8] Undefined variable: product D:\myenv\apache\htdocs\pgyidc\Application\Runtime\Cache\Admin\e9ed93fffdaf904087e680c43fa9e77f.php 第 283 行.
NOTIC: [8] Undefined variable: usercenter D:\myenv\apache\htdocs\pgyidc\Application\Runtime\Cache\Admin\e9ed93fffdaf904087e680c43fa9e77f.php 第 301 行.
NOTIC: [8] Undefined variable: loading D:\myenv\apache\htdocs\pgyidc\Application\Runtime\Cache\Admin\e9ed93fffdaf904087e680c43fa9e77f.php 第 446 行.
NOTIC: [8] Undefined variable: keyword D:\myenv\apache\htdocs\pgyidc\Application\Runtime\Cache\Admin\e9ed93fffdaf904087e680c43fa9e77f.php 第 461 行.
NOTIC: [8] Undefined variable: page D:\myenv\apache\htdocs\pgyidc\Application\Runtime\Cache\Admin\e9ed93fffdaf904087e680c43fa9e77f.php 第 527 行.
INFO: Run Behavior\ParseTemplateBehavior [ RunTime:0.041534s ]
INFO: [ view_parse ] --END-- [ RunTime:0.041639s ]
INFO: [ view_filter ] --START--
INFO: Run Behavior\WriteHtmlCacheBehavior [ RunTime:0.000526s ]
INFO: [ view_filter ] --END-- [ RunTime:0.000572s ]
INFO: [ app_end ] --START--
INFO: Run Behavior\ShowPageTraceBehavior [ RunTime:0.000703s ]
INFO: [ app_end ] --END-- [ RunTime:0.000762s ]

[ 2018-07-18T15:17:49+08:00 ] 127.0.0.1 /Admin/Jdcloud/jdcloudmanage/regionid/cn-east-2.html
INFO: [ app_init ] --START--
INFO: Run Behavior\BuildLiteBehavior [ RunTime:0.000013s ]
INFO: [ app_init ] --END-- [ RunTime:0.000493s ]
INFO: [ app_begin ] --START--
INFO: Run Behavior\ReadHtmlCacheBehavior [ RunTime:0.000799s ]
INFO: [ app_begin ] --END-- [ RunTime:0.000857s ]
SQL: SHOW COLUMNS FROM `jdcloudlog` [ RunTime:0.0093s ]
SQL: SELECT `CloudNo` FROM `jdcloudlog` WHERE ( UserID=1 and regionid='cn-east-2' )  [ RunTime:0.0015s ]
INFO: [ view_parse ] --START--
INFO: [ template_filter ] --START--
INFO: Run Behavior\ContentReplaceBehavior [ RunTime:0.000380s ]
INFO: [ template_filter ] --END-- [ RunTime:0.000525s ]
NOTIC: [8] Undefined variable: physical D:\myenv\apache\htdocs\pgyidc\Application\Runtime\Cache\Admin\e9ed93fffdaf904087e680c43fa9e77f.php 第 219 行.
NOTIC: [8] Undefined variable: firewall D:\myenv\apache\htdocs\pgyidc\Application\Runtime\Cache\Admin\e9ed93fffdaf904087e680c43fa9e77f.php 第 239 行.
NOTIC: [8] Undefined variable: blockabroadip D:\myenv\apache\htdocs\pgyidc\Application\Runtime\Cache\Admin\e9ed93fffdaf904087e680c43fa9e77f.php 第 256 行.
NOTIC: [8] Undefined variable: guanwang D:\myenv\apache\htdocs\pgyidc\Application\Runtime\Cache\Admin\e9ed93fffdaf904087e680c43fa9e77f.php 第 268 行.
NOTIC: [8] Undefined variable: product D:\myenv\apache\htdocs\pgyidc\Application\Runtime\Cache\Admin\e9ed93fffdaf904087e680c43fa9e77f.php 第 283 行.
NOTIC: [8] Undefined variable: usercenter D:\myenv\apache\htdocs\pgyidc\Application\Runtime\Cache\Admin\e9ed93fffdaf904087e680c43fa9e77f.php 第 301 行.
NOTIC: [8] Undefined variable: loading D:\myenv\apache\htdocs\pgyidc\Application\Runtime\Cache\Admin\e9ed93fffdaf904087e680c43fa9e77f.php 第 446 行.
NOTIC: [8] Undefined variable: keyword D:\myenv\apache\htdocs\pgyidc\Application\Runtime\Cache\Admin\e9ed93fffdaf904087e680c43fa9e77f.php 第 461 行.
NOTIC: [8] Undefined variable: page D:\myenv\apache\htdocs\pgyidc\Application\Runtime\Cache\Admin\e9ed93fffdaf904087e680c43fa9e77f.php 第 527 行.
INFO: Run Behavior\ParseTemplateBehavior [ RunTime:0.047049s ]
INFO: [ view_parse ] --END-- [ RunTime:0.047174s ]
INFO: [ view_filter ] --START--
INFO: Run Behavior\WriteHtmlCacheBehavior [ RunTime:0.001163s ]
INFO: [ view_filter ] --END-- [ RunTime:0.001262s ]
INFO: [ app_end ] --START--
INFO: Run Behavior\ShowPageTraceBehavior [ RunTime:0.001702s ]
INFO: [ app_end ] --END-- [ RunTime:0.001789s ]

[ 2018-07-18T15:18:00+08:00 ] 127.0.0.1 /Admin/Jdcloud/jdcloudmanage/regionid/cn-east-1.html
INFO: [ app_init ] --START--
INFO: Run Behavior\BuildLiteBehavior [ RunTime:0.000013s ]
INFO: [ app_init ] --END-- [ RunTime:0.000503s ]
INFO: [ app_begin ] --START--
INFO: Run Behavior\ReadHtmlCacheBehavior [ RunTime:0.000593s ]
INFO: [ app_begin ] --END-- [ RunTime:0.000647s ]
SQL: SHOW COLUMNS FROM `jdcloudlog` [ RunTime:0.0081s ]
SQL: SELECT `CloudNo` FROM `jdcloudlog` WHERE ( UserID=1 and regionid='cn-east-1' )  [ RunTime:0.0010s ]
INFO: [ view_parse ] --START--
INFO: [ template_filter ] --START--
INFO: Run Behavior\ContentReplaceBehavior [ RunTime:0.000185s ]
INFO: [ template_filter ] --END-- [ RunTime:0.000257s ]
NOTIC: [8] Undefined variable: physical D:\myenv\apache\htdocs\pgyidc\Application\Runtime\Cache\Admin\e9ed93fffdaf904087e680c43fa9e77f.php 第 219 行.
NOTIC: [8] Undefined variable: firewall D:\myenv\apache\htdocs\pgyidc\Application\Runtime\Cache\Admin\e9ed93fffdaf904087e680c43fa9e77f.php 第 239 行.
NOTIC: [8] Undefined variable: blockabroadip D:\myenv\apache\htdocs\pgyidc\Application\Runtime\Cache\Admin\e9ed93fffdaf904087e680c43fa9e77f.php 第 256 行.
NOTIC: [8] Undefined variable: guanwang D:\myenv\apache\htdocs\pgyidc\Application\Runtime\Cache\Admin\e9ed93fffdaf904087e680c43fa9e77f.php 第 268 行.
NOTIC: [8] Undefined variable: product D:\myenv\apache\htdocs\pgyidc\Application\Runtime\Cache\Admin\e9ed93fffdaf904087e680c43fa9e77f.php 第 283 行.
NOTIC: [8] Undefined variable: usercenter D:\myenv\apache\htdocs\pgyidc\Application\Runtime\Cache\Admin\e9ed93fffdaf904087e680c43fa9e77f.php 第 301 行.
NOTIC: [8] Undefined variable: loading D:\myenv\apache\htdocs\pgyidc\Application\Runtime\Cache\Admin\e9ed93fffdaf904087e680c43fa9e77f.php 第 446 行.
NOTIC: [8] Undefined variable: keyword D:\myenv\apache\htdocs\pgyidc\Application\Runtime\Cache\Admin\e9ed93fffdaf904087e680c43fa9e77f.php 第 461 行.
NOTIC: [8] Undefined variable: page D:\myenv\apache\htdocs\pgyidc\Application\Runtime\Cache\Admin\e9ed93fffdaf904087e680c43fa9e77f.php 第 527 行.
INFO: Run Behavior\ParseTemplateBehavior [ RunTime:0.022017s ]
INFO: [ view_parse ] --END-- [ RunTime:0.022084s ]
INFO: [ view_filter ] --START--
INFO: Run Behavior\WriteHtmlCacheBehavior [ RunTime:0.000506s ]
INFO: [ view_filter ] --END-- [ RunTime:0.000561s ]
INFO: [ app_end ] --START--
INFO: Run Behavior\ShowPageTraceBehavior [ RunTime:0.000822s ]
INFO: [ app_end ] --END-- [ RunTime:0.000914s ]

[ 2018-07-18T15:35:50+08:00 ] 127.0.0.1 /Admin/Index/index.html
INFO: [ app_init ] --START--
INFO: Run Behavior\BuildLiteBehavior [ RunTime:0.000012s ]
INFO: [ app_init ] --END-- [ RunTime:0.000460s ]
INFO: [ app_begin ] --START--
INFO: Run Behavior\ReadHtmlCacheBehavior [ RunTime:0.000689s ]
INFO: [ app_begin ] --END-- [ RunTime:0.000747s ]
SQL: SHOW COLUMNS FROM `paylog` [ RunTime:0.0272s ]
SQL: SELECT SUM(money) as my FROM `paylog` WHERE ( userid=1 and datatype=0 )  [ RunTime:0.0020s ]
SQL: SELECT SUM(money) as my FROM `paylog` WHERE ( userid=1 and datatype=1 )  [ RunTime:0.0014s ]
SQL: SHOW COLUMNS FROM `users` [ RunTime:0.0315s ]
SQL: SELECT * FROM `users` WHERE ( UserID=1 ) LIMIT 1   [ RunTime:0.0018s ]
INFO: [ view_parse ] --START--
INFO: [ template_filter ] --START--
INFO: Run Behavior\ContentReplaceBehavior [ RunTime:0.000208s ]
INFO: [ template_filter ] --END-- [ RunTime:0.000281s ]
NOTIC: [8] Undefined variable: cloud D:\myenv\apache\htdocs\pgyidc\Application\Runtime\Cache\Admin\b595b808c2ebeeeb0478ffc30bb4e87a.php 第 207 行.
NOTIC: [8] Undefined variable: physical D:\myenv\apache\htdocs\pgyidc\Application\Runtime\Cache\Admin\b595b808c2ebeeeb0478ffc30bb4e87a.php 第 219 行.
NOTIC: [8] Undefined variable: firewall D:\myenv\apache\htdocs\pgyidc\Application\Runtime\Cache\Admin\b595b808c2ebeeeb0478ffc30bb4e87a.php 第 239 行.
NOTIC: [8] Undefined variable: blockabroadip D:\myenv\apache\htdocs\pgyidc\Application\Runtime\Cache\Admin\b595b808c2ebeeeb0478ffc30bb4e87a.php 第 256 行.
NOTIC: [8] Undefined variable: guanwang D:\myenv\apache\htdocs\pgyidc\Application\Runtime\Cache\Admin\b595b808c2ebeeeb0478ffc30bb4e87a.php 第 268 行.
NOTIC: [8] Undefined variable: product D:\myenv\apache\htdocs\pgyidc\Application\Runtime\Cache\Admin\b595b808c2ebeeeb0478ffc30bb4e87a.php 第 283 行.
NOTIC: [8] Undefined variable: usercenter D:\myenv\apache\htdocs\pgyidc\Application\Runtime\Cache\Admin\b595b808c2ebeeeb0478ffc30bb4e87a.php 第 301 行.
INFO: Run Behavior\ParseTemplateBehavior [ RunTime:0.042244s ]
INFO: [ view_parse ] --END-- [ RunTime:0.042353s ]
INFO: [ view_filter ] --START--
INFO: Run Behavior\WriteHtmlCacheBehavior [ RunTime:0.000987s ]
INFO: [ view_filter ] --END-- [ RunTime:0.001082s ]
INFO: [ app_end ] --START--
INFO: Run Behavior\ShowPageTraceBehavior [ RunTime:0.001490s ]
INFO: [ app_end ] --END-- [ RunTime:0.001602s ]

[ 2018-07-18T15:35:52+08:00 ] 127.0.0.1 /Admin/Index/exited.html
INFO: [ app_init ] --START--
INFO: Run Behavior\BuildLiteBehavior [ RunTime:0.000012s ]
INFO: [ app_init ] --END-- [ RunTime:0.000511s ]
INFO: [ app_begin ] --START--
INFO: Run Behavior\ReadHtmlCacheBehavior [ RunTime:0.000698s ]
INFO: [ app_begin ] --END-- [ RunTime:0.000756s ]

[ 2018-07-18T15:35:54+08:00 ] 127.0.0.1 /Admin/login.html
INFO: [ app_init ] --START--
INFO: Run Behavior\BuildLiteBehavior [ RunTime:0.000014s ]
INFO: [ app_init ] --END-- [ RunTime:0.000471s ]
INFO: [ app_begin ] --START--
INFO: Run Behavior\ReadHtmlCacheBehavior [ RunTime:0.000622s ]
INFO: [ app_begin ] --END-- [ RunTime:0.000680s ]
INFO: [ view_parse ] --START--
INFO: [ template_filter ] --START--
INFO: Run Behavior\ContentReplaceBehavior [ RunTime:0.000054s ]
INFO: [ template_filter ] --END-- [ RunTime:0.000111s ]
INFO: Run Behavior\ParseTemplateBehavior [ RunTime:0.022094s ]
INFO: [ view_parse ] --END-- [ RunTime:0.022146s ]
INFO: [ view_filter ] --START--
INFO: Run Behavior\WriteHtmlCacheBehavior [ RunTime:0.000466s ]
INFO: [ view_filter ] --END-- [ RunTime:0.000510s ]
INFO: [ app_end ] --START--
INFO: Run Behavior\ShowPageTraceBehavior [ RunTime:0.000734s ]
INFO: [ app_end ] --END-- [ RunTime:0.000781s ]

[ 2018-07-18T15:36:19+08:00 ] 127.0.0.1 /Admin/login.html
INFO: [ app_init ] --START--
INFO: Run Behavior\BuildLiteBehavior [ RunTime:0.000014s ]
INFO: [ app_init ] --END-- [ RunTime:0.000419s ]
INFO: [ app_begin ] --START--
INFO: Run Behavior\ReadHtmlCacheBehavior [ RunTime:0.000788s ]
INFO: [ app_begin ] --END-- [ RunTime:0.000863s ]
INFO: [ view_parse ] --START--
INFO: [ template_filter ] --START--
INFO: Run Behavior\ContentReplaceBehavior [ RunTime:0.000051s ]
INFO: [ template_filter ] --END-- [ RunTime:0.000115s ]
INFO: Run Behavior\ParseTemplateBehavior [ RunTime:0.006405s ]
INFO: [ view_parse ] --END-- [ RunTime:0.006463s ]
INFO: [ view_filter ] --START--
INFO: Run Behavior\WriteHtmlCacheBehavior [ RunTime:0.000444s ]
INFO: [ view_filter ] --END-- [ RunTime:0.000488s ]
INFO: [ app_end ] --START--
INFO: Run Behavior\ShowPageTraceBehavior [ RunTime:0.000670s ]
INFO: [ app_end ] --END-- [ RunTime:0.000714s ]

[ 2018-07-18T15:36:19+08:00 ] 127.0.0.1 /Admin/User/verify.html
INFO: [ app_init ] --START--
INFO: Run Behavior\BuildLiteBehavior [ RunTime:0.000017s ]
INFO: [ app_init ] --END-- [ RunTime:0.000523s ]
INFO: [ app_begin ] --START--
INFO: Run Behavior\ReadHtmlCacheBehavior [ RunTime:0.000656s ]
INFO: [ app_begin ] --END-- [ RunTime:0.000725s ]
INFO: [ app_end ] --START--
INFO: Run Behavior\ShowPageTraceBehavior [ RunTime:0.000907s ]
INFO: [ app_end ] --END-- [ RunTime:0.000986s ]

[ 2018-07-18T15:36:20+08:00 ] 127.0.0.1 /Admin/login.html
INFO: [ app_init ] --START--
INFO: Run Behavior\BuildLiteBehavior [ RunTime:0.000025s ]
INFO: [ app_init ] --END-- [ RunTime:0.000923s ]
INFO: [ app_begin ] --START--
INFO: Run Behavior\ReadHtmlCacheBehavior [ RunTime:0.001342s ]
INFO: [ app_begin ] --END-- [ RunTime:0.001461s ]
INFO: [ view_parse ] --START--
INFO: [ template_filter ] --START--
INFO: Run Behavior\ContentReplaceBehavior [ RunTime:0.000117s ]
INFO: [ template_filter ] --END-- [ RunTime:0.000254s ]
INFO: Run Behavior\ParseTemplateBehavior [ RunTime:0.013639s ]
INFO: [ view_parse ] --END-- [ RunTime:0.013772s ]
INFO: [ view_filter ] --START--
INFO: Run Behavior\WriteHtmlCacheBehavior [ RunTime:0.001025s ]
INFO: [ view_filter ] --END-- [ RunTime:0.001167s ]
INFO: [ app_end ] --START--
INFO: Run Behavior\ShowPageTraceBehavior [ RunTime:0.001917s ]
INFO: [ app_end ] --END-- [ RunTime:0.002046s ]

[ 2018-07-18T15:36:20+08:00 ] 127.0.0.1 /Admin/User/verify.html
INFO: [ app_init ] --START--
INFO: Run Behavior\BuildLiteBehavior [ RunTime:0.000012s ]
INFO: [ app_init ] --END-- [ RunTime:0.000446s ]
INFO: [ app_begin ] --START--
INFO: Run Behavior\ReadHtmlCacheBehavior [ RunTime:0.000727s ]
INFO: [ app_begin ] --END-- [ RunTime:0.000798s ]
INFO: [ app_end ] --START--
INFO: Run Behavior\ShowPageTraceBehavior [ RunTime:0.000772s ]
INFO: [ app_end ] --END-- [ RunTime:0.000848s ]

[ 2018-07-18T15:36:29+08:00 ] 127.0.0.1 /Admin/login.html
INFO: [ app_init ] --START--
INFO: Run Behavior\BuildLiteBehavior [ RunTime:0.000013s ]
INFO: [ app_init ] --END-- [ RunTime:0.000485s ]
INFO: [ app_begin ] --START--
INFO: Run Behavior\ReadHtmlCacheBehavior [ RunTime:0.000691s ]
INFO: [ app_begin ] --END-- [ RunTime:0.000751s ]
INFO: [ view_parse ] --START--
INFO: [ template_filter ] --START--
INFO: Run Behavior\ContentReplaceBehavior [ RunTime:0.000082s ]
INFO: [ template_filter ] --END-- [ RunTime:0.000179s ]
INFO: Run Behavior\ParseTemplateBehavior [ RunTime:0.007064s ]
INFO: [ view_parse ] --END-- [ RunTime:0.007155s ]
INFO: [ view_filter ] --START--
INFO: Run Behavior\WriteHtmlCacheBehavior [ RunTime:0.000508s ]
INFO: [ view_filter ] --END-- [ RunTime:0.000556s ]
INFO: [ app_end ] --START--
INFO: Run Behavior\ShowPageTraceBehavior [ RunTime:0.000756s ]
INFO: [ app_end ] --END-- [ RunTime:0.000805s ]

[ 2018-07-18T15:36:29+08:00 ] 127.0.0.1 /Admin/User/verify.html
INFO: [ app_init ] --START--
INFO: Run Behavior\BuildLiteBehavior [ RunTime:0.000014s ]
INFO: [ app_init ] --END-- [ RunTime:0.000431s ]
INFO: [ app_begin ] --START--
INFO: Run Behavior\ReadHtmlCacheBehavior [ RunTime:0.000907s ]
INFO: [ app_begin ] --END-- [ RunTime:0.000992s ]
INFO: [ app_end ] --START--
INFO: Run Behavior\ShowPageTraceBehavior [ RunTime:0.000821s ]
INFO: [ app_end ] --END-- [ RunTime:0.000912s ]

[ 2018-07-18T15:36:30+08:00 ] 127.0.0.1 /Admin/login.html
INFO: [ app_init ] --START--
INFO: Run Behavior\BuildLiteBehavior [ RunTime:0.000013s ]
INFO: [ app_init ] --END-- [ RunTime:0.000456s ]
INFO: [ app_begin ] --START--
INFO: Run Behavior\ReadHtmlCacheBehavior [ RunTime:0.000592s ]
INFO: [ app_begin ] --END-- [ RunTime:0.000645s ]
INFO: [ view_parse ] --START--
INFO: [ template_filter ] --START--
INFO: Run Behavior\ContentReplaceBehavior [ RunTime:0.000049s ]
INFO: [ template_filter ] --END-- [ RunTime:0.000100s ]
INFO: Run Behavior\ParseTemplateBehavior [ RunTime:0.005981s ]
INFO: [ view_parse ] --END-- [ RunTime:0.006035s ]
INFO: [ view_filter ] --START--
INFO: Run Behavior\WriteHtmlCacheBehavior [ RunTime:0.000431s ]
INFO: [ view_filter ] --END-- [ RunTime:0.000472s ]
INFO: [ app_end ] --START--
INFO: Run Behavior\ShowPageTraceBehavior [ RunTime:0.000668s ]
INFO: [ app_end ] --END-- [ RunTime:0.000720s ]

[ 2018-07-18T15:36:30+08:00 ] 127.0.0.1 /Admin/User/verify.html
INFO: [ app_init ] --START--
INFO: Run Behavior\BuildLiteBehavior [ RunTime:0.000013s ]
INFO: [ app_init ] --END-- [ RunTime:0.000422s ]
INFO: [ app_begin ] --START--
INFO: Run Behavior\ReadHtmlCacheBehavior [ RunTime:0.000670s ]
INFO: [ app_begin ] --END-- [ RunTime:0.000729s ]
INFO: [ app_end ] --START--
INFO: Run Behavior\ShowPageTraceBehavior [ RunTime:0.000785s ]
INFO: [ app_end ] --END-- [ RunTime:0.000866s ]

[ 2018-07-18T15:36:37+08:00 ] 127.0.0.1 /Admin/User/register.html
INFO: [ app_init ] --START--
INFO: Run Behavior\BuildLiteBehavior [ RunTime:0.000012s ]
INFO: [ app_init ] --END-- [ RunTime:0.000504s ]
INFO: [ app_begin ] --START--
INFO: Run Behavior\ReadHtmlCacheBehavior [ RunTime:0.000736s ]
INFO: [ app_begin ] --END-- [ RunTime:0.000796s ]
INFO: [ view_parse ] --START--
INFO: [ template_filter ] --START--
INFO: Run Behavior\ContentReplaceBehavior [ RunTime:0.000055s ]
INFO: [ template_filter ] --END-- [ RunTime:0.000103s ]
INFO: Run Behavior\ParseTemplateBehavior [ RunTime:0.006866s ]
INFO: [ view_parse ] --END-- [ RunTime:0.006919s ]
INFO: [ view_filter ] --START--
INFO: Run Behavior\WriteHtmlCacheBehavior [ RunTime:0.000425s ]
INFO: [ view_filter ] --END-- [ RunTime:0.000483s ]
INFO: [ app_end ] --START--
INFO: Run Behavior\ShowPageTraceBehavior [ RunTime:0.000675s ]
INFO: [ app_end ] --END-- [ RunTime:0.000718s ]

[ 2018-07-18T15:36:39+08:00 ] 127.0.0.1 /admin/login.html
INFO: [ app_init ] --START--
INFO: Run Behavior\BuildLiteBehavior [ RunTime:0.000014s ]
INFO: [ app_init ] --END-- [ RunTime:0.000478s ]
INFO: [ app_begin ] --START--
INFO: Run Behavior\ReadHtmlCacheBehavior [ RunTime:0.000783s ]
INFO: [ app_begin ] --END-- [ RunTime:0.000849s ]
INFO: [ view_parse ] --START--
INFO: [ template_filter ] --START--
INFO: Run Behavior\ContentReplaceBehavior [ RunTime:0.000052s ]
INFO: [ template_filter ] --END-- [ RunTime:0.000108s ]
INFO: Run Behavior\ParseTemplateBehavior [ RunTime:0.006333s ]
INFO: [ view_parse ] --END-- [ RunTime:0.006391s ]
INFO: [ view_filter ] --START--
INFO: Run Behavior\WriteHtmlCacheBehavior [ RunTime:0.000474s ]
INFO: [ view_filter ] --END-- [ RunTime:0.000517s ]
INFO: [ app_end ] --START--
INFO: Run Behavior\ShowPageTraceBehavior [ RunTime:0.000705s ]
INFO: [ app_end ] --END-- [ RunTime:0.000752s ]

[ 2018-07-18T15:36:39+08:00 ] 127.0.0.1 /Admin/User/verify.html
INFO: [ app_init ] --START--
INFO: Run Behavior\BuildLiteBehavior [ RunTime:0.000025s ]
INFO: [ app_init ] --END-- [ RunTime:0.000564s ]
INFO: [ app_begin ] --START--
INFO: Run Behavior\ReadHtmlCacheBehavior [ RunTime:0.001041s ]
INFO: [ app_begin ] --END-- [ RunTime:0.001168s ]
INFO: [ app_end ] --START--
INFO: Run Behavior\ShowPageTraceBehavior [ RunTime:0.000757s ]
INFO: [ app_end ] --END-- [ RunTime:0.000825s ]

[ 2018-07-18T15:37:08+08:00 ] 127.0.0.1 /admin/login.html
INFO: [ app_init ] --START--
INFO: Run Behavior\BuildLiteBehavior [ RunTime:0.000015s ]
INFO: [ app_init ] --END-- [ RunTime:0.000453s ]
INFO: [ app_begin ] --START--
INFO: Run Behavior\ReadHtmlCacheBehavior [ RunTime:0.000971s ]
INFO: [ app_begin ] --END-- [ RunTime:0.001082s ]
INFO: [ view_parse ] --START--
INFO: [ template_filter ] --START--
INFO: Run Behavior\ContentReplaceBehavior [ RunTime:0.000063s ]
INFO: [ template_filter ] --END-- [ RunTime:0.000133s ]
INFO: Run Behavior\ParseTemplateBehavior [ RunTime:0.006512s ]
INFO: [ view_parse ] --END-- [ RunTime:0.006592s ]
INFO: [ view_filter ] --START--
INFO: Run Behavior\WriteHtmlCacheBehavior [ RunTime:0.000572s ]
INFO: [ view_filter ] --END-- [ RunTime:0.000633s ]
INFO: [ app_end ] --START--
INFO: Run Behavior\ShowPageTraceBehavior [ RunTime:0.000834s ]
INFO: [ app_end ] --END-- [ RunTime:0.000885s ]

[ 2018-07-18T15:37:08+08:00 ] 127.0.0.1 /Admin/User/verify.html
INFO: [ app_init ] --START--
INFO: Run Behavior\BuildLiteBehavior [ RunTime:0.000014s ]
INFO: [ app_init ] --END-- [ RunTime:0.000505s ]
INFO: [ app_begin ] --START--
INFO: Run Behavior\ReadHtmlCacheBehavior [ RunTime:0.000719s ]
INFO: [ app_begin ] --END-- [ RunTime:0.000784s ]
INFO: [ app_end ] --START--
INFO: Run Behavior\ShowPageTraceBehavior [ RunTime:0.000793s ]
INFO: [ app_end ] --END-- [ RunTime:0.000901s ]

[ 2018-07-18T15:38:48+08:00 ] 127.0.0.1 /admin/login.html
INFO: [ app_init ] --START--
INFO: Run Behavior\BuildLiteBehavior [ RunTime:0.000014s ]
INFO: [ app_init ] --END-- [ RunTime:0.000530s ]
INFO: [ app_begin ] --START--
INFO: Run Behavior\ReadHtmlCacheBehavior [ RunTime:0.000795s ]
INFO: [ app_begin ] --END-- [ RunTime:0.000855s ]
INFO: [ view_parse ] --START--
INFO: [ template_filter ] --START--
INFO: Run Behavior\ContentReplaceBehavior [ RunTime:0.000055s ]
INFO: [ template_filter ] --END-- [ RunTime:0.000122s ]
INFO: Run Behavior\ParseTemplateBehavior [ RunTime:0.006732s ]
INFO: [ view_parse ] --END-- [ RunTime:0.006792s ]
INFO: [ view_filter ] --START--
INFO: Run Behavior\WriteHtmlCacheBehavior [ RunTime:0.000547s ]
INFO: [ view_filter ] --END-- [ RunTime:0.000597s ]
INFO: [ app_end ] --START--
INFO: Run Behavior\ShowPageTraceBehavior [ RunTime:0.000782s ]
INFO: [ app_end ] --END-- [ RunTime:0.000833s ]

[ 2018-07-18T15:38:48+08:00 ] 127.0.0.1 /Admin/User/verify.html
INFO: [ app_init ] --START--
INFO: Run Behavior\BuildLiteBehavior [ RunTime:0.000015s ]
INFO: [ app_init ] --END-- [ RunTime:0.000409s ]
INFO: [ app_begin ] --START--
INFO: Run Behavior\ReadHtmlCacheBehavior [ RunTime:0.000661s ]
INFO: [ app_begin ] --END-- [ RunTime:0.000735s ]
INFO: [ app_end ] --START--
INFO: Run Behavior\ShowPageTraceBehavior [ RunTime:0.000881s ]
INFO: [ app_end ] --END-- [ RunTime:0.000975s ]

[ 2018-07-18T15:39:28+08:00 ] 127.0.0.1 /admin/login.html
INFO: [ app_init ] --START--
INFO: Run Behavior\BuildLiteBehavior [ RunTime:0.000029s ]
INFO: [ app_init ] --END-- [ RunTime:0.000743s ]
INFO: [ app_begin ] --START--
INFO: Run Behavior\ReadHtmlCacheBehavior [ RunTime:0.000848s ]
INFO: [ app_begin ] --END-- [ RunTime:0.000923s ]
INFO: [ view_parse ] --START--
INFO: [ template_filter ] --START--
INFO: Run Behavior\ContentReplaceBehavior [ RunTime:0.000063s ]
INFO: [ template_filter ] --END-- [ RunTime:0.000136s ]
INFO: Run Behavior\ParseTemplateBehavior [ RunTime:0.007810s ]
INFO: [ view_parse ] --END-- [ RunTime:0.007885s ]
INFO: [ view_filter ] --START--
INFO: Run Behavior\WriteHtmlCacheBehavior [ RunTime:0.000504s ]
INFO: [ view_filter ] --END-- [ RunTime:0.000558s ]
INFO: [ app_end ] --START--
INFO: Run Behavior\ShowPageTraceBehavior [ RunTime:0.000796s ]
INFO: [ app_end ] --END-- [ RunTime:0.000850s ]

[ 2018-07-18T15:39:29+08:00 ] 127.0.0.1 /Admin/User/verify.html
INFO: [ app_init ] --START--
INFO: Run Behavior\BuildLiteBehavior [ RunTime:0.000016s ]
INFO: [ app_init ] --END-- [ RunTime:0.000431s ]
INFO: [ app_begin ] --START--
INFO: Run Behavior\ReadHtmlCacheBehavior [ RunTime:0.000839s ]
INFO: [ app_begin ] --END-- [ RunTime:0.000938s ]
INFO: [ app_end ] --START--
INFO: Run Behavior\ShowPageTraceBehavior [ RunTime:0.001074s ]
INFO: [ app_end ] --END-- [ RunTime:0.001383s ]

[ 2018-07-18T15:39:29+08:00 ] 127.0.0.1 /admin/login.html
INFO: [ app_init ] --START--
INFO: Run Behavior\BuildLiteBehavior [ RunTime:0.000016s ]
INFO: [ app_init ] --END-- [ RunTime:0.000475s ]
INFO: [ app_begin ] --START--
INFO: Run Behavior\ReadHtmlCacheBehavior [ RunTime:0.000599s ]
INFO: [ app_begin ] --END-- [ RunTime:0.000656s ]
INFO: [ view_parse ] --START--
INFO: [ template_filter ] --START--
INFO: Run Behavior\ContentReplaceBehavior [ RunTime:0.000048s ]
INFO: [ template_filter ] --END-- [ RunTime:0.000127s ]
INFO: Run Behavior\ParseTemplateBehavior [ RunTime:0.005829s ]
INFO: [ view_parse ] --END-- [ RunTime:0.005883s ]
INFO: [ view_filter ] --START--
INFO: Run Behavior\WriteHtmlCacheBehavior [ RunTime:0.000412s ]
INFO: [ view_filter ] --END-- [ RunTime:0.000454s ]
INFO: [ app_end ] --START--
INFO: Run Behavior\ShowPageTraceBehavior [ RunTime:0.000658s ]
INFO: [ app_end ] --END-- [ RunTime:0.000710s ]

[ 2018-07-18T15:39:29+08:00 ] 127.0.0.1 /Admin/User/verify.html
INFO: [ app_init ] --START--
INFO: Run Behavior\BuildLiteBehavior [ RunTime:0.000016s ]
INFO: [ app_init ] --END-- [ RunTime:0.000556s ]
INFO: [ app_begin ] --START--
INFO: Run Behavior\ReadHtmlCacheBehavior [ RunTime:0.000644s ]
INFO: [ app_begin ] --END-- [ RunTime:0.000706s ]
INFO: [ app_end ] --START--
INFO: Run Behavior\ShowPageTraceBehavior [ RunTime:0.000857s ]
INFO: [ app_end ] --END-- [ RunTime:0.000944s ]

[ 2018-07-18T15:39:39+08:00 ] 127.0.0.1 /admin/login.html
INFO: [ app_init ] --START--
INFO: Run Behavior\BuildLiteBehavior [ RunTime:0.000014s ]
INFO: [ app_init ] --END-- [ RunTime:0.000501s ]
INFO: [ app_begin ] --START--
INFO: Run Behavior\ReadHtmlCacheBehavior [ RunTime:0.000764s ]
INFO: [ app_begin ] --END-- [ RunTime:0.000846s ]
INFO: [ view_parse ] --START--
INFO: [ template_filter ] --START--
INFO: Run Behavior\ContentReplaceBehavior [ RunTime:0.000073s ]
INFO: [ template_filter ] --END-- [ RunTime:0.000130s ]
INFO: Run Behavior\ParseTemplateBehavior [ RunTime:0.005961s ]
INFO: [ view_parse ] --END-- [ RunTime:0.006025s ]
INFO: [ view_filter ] --START--
INFO: Run Behavior\WriteHtmlCacheBehavior [ RunTime:0.000410s ]
INFO: [ view_filter ] --END-- [ RunTime:0.000451s ]
INFO: [ app_end ] --START--
INFO: Run Behavior\ShowPageTraceBehavior [ RunTime:0.000665s ]
INFO: [ app_end ] --END-- [ RunTime:0.000708s ]

[ 2018-07-18T15:39:39+08:00 ] 127.0.0.1 /Admin/User/verify.html
INFO: [ app_init ] --START--
INFO: Run Behavior\BuildLiteBehavior [ RunTime:0.000015s ]
INFO: [ app_init ] --END-- [ RunTime:0.000664s ]
INFO: [ app_begin ] --START--
INFO: Run Behavior\ReadHtmlCacheBehavior [ RunTime:0.000807s ]
INFO: [ app_begin ] --END-- [ RunTime:0.000875s ]
INFO: [ app_end ] --START--
INFO: Run Behavior\ShowPageTraceBehavior [ RunTime:0.001274s ]
INFO: [ app_end ] --END-- [ RunTime:0.001401s ]

[ 2018-07-18T15:40:26+08:00 ] 127.0.0.1 /admin/login.html
INFO: [ app_init ] --START--
INFO: Run Behavior\BuildLiteBehavior [ RunTime:0.000040s ]
INFO: [ app_init ] --END-- [ RunTime:0.000472s ]
INFO: [ app_begin ] --START--
INFO: Run Behavior\ReadHtmlCacheBehavior [ RunTime:0.000709s ]
INFO: [ app_begin ] --END-- [ RunTime:0.000781s ]
INFO: [ view_parse ] --START--
INFO: [ template_filter ] --START--
INFO: Run Behavior\ContentReplaceBehavior [ RunTime:0.000053s ]
INFO: [ template_filter ] --END-- [ RunTime:0.000119s ]
INFO: Run Behavior\ParseTemplateBehavior [ RunTime:0.007014s ]
INFO: [ view_parse ] --END-- [ RunTime:0.007077s ]
INFO: [ view_filter ] --START--
INFO: Run Behavior\WriteHtmlCacheBehavior [ RunTime:0.000545s ]
INFO: [ view_filter ] --END-- [ RunTime:0.000589s ]
INFO: [ app_end ] --START--
INFO: Run Behavior\ShowPageTraceBehavior [ RunTime:0.000701s ]
INFO: [ app_end ] --END-- [ RunTime:0.000745s ]

[ 2018-07-18T15:40:27+08:00 ] 127.0.0.1 /Admin/User/verify.html
INFO: [ app_init ] --START--
INFO: Run Behavior\BuildLiteBehavior [ RunTime:0.000014s ]
INFO: [ app_init ] --END-- [ RunTime:0.000446s ]
INFO: [ app_begin ] --START--
INFO: Run Behavior\ReadHtmlCacheBehavior [ RunTime:0.000832s ]
INFO: [ app_begin ] --END-- [ RunTime:0.000922s ]
INFO: [ app_end ] --START--
INFO: Run Behavior\ShowPageTraceBehavior [ RunTime:0.000843s ]
INFO: [ app_end ] --END-- [ RunTime:0.000920s ]

[ 2018-07-18T15:40:28+08:00 ] 127.0.0.1 /admin/User/loginin
INFO: [ app_init ] --START--
INFO: Run Behavior\BuildLiteBehavior [ RunTime:0.000016s ]
INFO: [ app_init ] --END-- [ RunTime:0.000449s ]
INFO: [ app_begin ] --START--
INFO: Run Behavior\ReadHtmlCacheBehavior [ RunTime:0.000680s ]
INFO: [ app_begin ] --END-- [ RunTime:0.000742s ]
SQL: SHOW COLUMNS FROM `users` [ RunTime:0.0083s ]

[ 2018-07-18T15:40:36+08:00 ] 127.0.0.1 /admin/User/loginin
INFO: [ app_init ] --START--
INFO: Run Behavior\BuildLiteBehavior [ RunTime:0.000016s ]
INFO: [ app_init ] --END-- [ RunTime:0.000648s ]
INFO: [ app_begin ] --START--
INFO: Run Behavior\ReadHtmlCacheBehavior [ RunTime:0.000707s ]
INFO: [ app_begin ] --END-- [ RunTime:0.000779s ]
SQL: SHOW COLUMNS FROM `users` [ RunTime:0.0180s ]

[ 2018-07-18T15:40:38+08:00 ] 127.0.0.1 /Admin/User/verify.html?time=
INFO: [ app_init ] --START--
INFO: Run Behavior\BuildLiteBehavior [ RunTime:0.000015s ]
INFO: [ app_init ] --END-- [ RunTime:0.000481s ]
INFO: [ app_begin ] --START--
INFO: Run Behavior\ReadHtmlCacheBehavior [ RunTime:0.000841s ]
INFO: [ app_begin ] --END-- [ RunTime:0.000924s ]
INFO: [ app_end ] --START--
INFO: Run Behavior\ShowPageTraceBehavior [ RunTime:0.000817s ]
INFO: [ app_end ] --END-- [ RunTime:0.000894s ]

[ 2018-07-18T15:40:40+08:00 ] 127.0.0.1 /Admin/User/verify.html?time=?time=
INFO: [ app_init ] --START--
INFO: Run Behavior\BuildLiteBehavior [ RunTime:0.000015s ]
INFO: [ app_init ] --END-- [ RunTime:0.000477s ]
INFO: [ app_begin ] --START--
INFO: Run Behavior\ReadHtmlCacheBehavior [ RunTime:0.000708s ]
INFO: [ app_begin ] --END-- [ RunTime:0.000775s ]
INFO: [ app_end ] --START--
INFO: Run Behavior\ShowPageTraceBehavior [ RunTime:0.000842s ]
INFO: [ app_end ] --END-- [ RunTime:0.000917s ]

[ 2018-07-18T15:40:46+08:00 ] 127.0.0.1 /admin/User/loginin
INFO: [ app_init ] --START--
INFO: Run Behavior\BuildLiteBehavior [ RunTime:0.000015s ]
INFO: [ app_init ] --END-- [ RunTime:0.000523s ]
INFO: [ app_begin ] --START--
INFO: Run Behavior\ReadHtmlCacheBehavior [ RunTime:0.000831s ]
INFO: [ app_begin ] --END-- [ RunTime:0.000921s ]
SQL: SHOW COLUMNS FROM `users` [ RunTime:0.0079s ]

[ 2018-07-18T15:40:50+08:00 ] 127.0.0.1 /admin/User/loginin
INFO: [ app_init ] --START--
INFO: Run Behavior\BuildLiteBehavior [ RunTime:0.000016s ]
INFO: [ app_init ] --END-- [ RunTime:0.000488s ]
INFO: [ app_begin ] --START--
INFO: Run Behavior\ReadHtmlCacheBehavior [ RunTime:0.000699s ]
INFO: [ app_begin ] --END-- [ RunTime:0.000761s ]
SQL: SHOW COLUMNS FROM `users` [ RunTime:0.0074s ]
SQL: SELECT `UserID` FROM `users` WHERE (  `UserName` = 'xiaocai' OR `LinkMail` = 'xiaocai' ) AND ( UserPsw ='39538ed9af2f892dcc904ee38926f867' ) LIMIT 1   [ RunTime:0.0008s ]
SQL: SELECT * FROM `users` WHERE (  `UserName` = 'xiaocai' OR `LinkMail` = 'xiaocai' ) AND ( UserPsw ='39538ed9af2f892dcc904ee38926f867' ) LIMIT 1   [ RunTime:0.0008s ]
SQL: SHOW COLUMNS FROM `users` [ RunTime:0.0078s ]
NOTIC: [8] Undefined index: validate D:\myenv\apache\htdocs\pgyidc\ThinkPHP\Library\Think\Model.class.php 第 1185 行.
NOTIC: [8] Undefined index: auto D:\myenv\apache\htdocs\pgyidc\ThinkPHP\Library\Think\Model.class.php 第 1128 行.
SQL: UPDATE `users` SET `LastTime`='1531899650',`WebGuid`='1EC9512BB-E7A6-1C7A-A5C7-FA44FB5F4B23',`EffectiveTime`='2018-07-19 15:40:50' WHERE ( UserID= 1 ) [ RunTime:0.0556s ]

[ 2018-07-18T15:40:51+08:00 ] 127.0.0.1 /admin/index/index
INFO: [ app_init ] --START--
INFO: Run Behavior\BuildLiteBehavior [ RunTime:0.000013s ]
INFO: [ app_init ] --END-- [ RunTime:0.000431s ]
INFO: [ app_begin ] --START--
INFO: Run Behavior\ReadHtmlCacheBehavior [ RunTime:0.000641s ]
INFO: [ app_begin ] --END-- [ RunTime:0.000699s ]
SQL: SHOW COLUMNS FROM `paylog` [ RunTime:0.0085s ]
SQL: SELECT SUM(money) as my FROM `paylog` WHERE ( userid=1 and datatype=0 )  [ RunTime:0.0013s ]
SQL: SELECT SUM(money) as my FROM `paylog` WHERE ( userid=1 and datatype=1 )  [ RunTime:0.0009s ]
SQL: SHOW COLUMNS FROM `users` [ RunTime:0.0076s ]
SQL: SELECT * FROM `users` WHERE ( UserID=1 ) LIMIT 1   [ RunTime:0.0014s ]
INFO: [ view_parse ] --START--
INFO: [ template_filter ] --START--
INFO: Run Behavior\ContentReplaceBehavior [ RunTime:0.000155s ]
INFO: [ template_filter ] --END-- [ RunTime:0.000215s ]
NOTIC: [8] Undefined variable: cloud D:\myenv\apache\htdocs\pgyidc\Application\Runtime\Cache\Admin\b595b808c2ebeeeb0478ffc30bb4e87a.php 第 207 行.
NOTIC: [8] Undefined variable: physical D:\myenv\apache\htdocs\pgyidc\Application\Runtime\Cache\Admin\b595b808c2ebeeeb0478ffc30bb4e87a.php 第 219 行.
NOTIC: [8] Undefined variable: firewall D:\myenv\apache\htdocs\pgyidc\Application\Runtime\Cache\Admin\b595b808c2ebeeeb0478ffc30bb4e87a.php 第 239 行.
NOTIC: [8] Undefined variable: blockabroadip D:\myenv\apache\htdocs\pgyidc\Application\Runtime\Cache\Admin\b595b808c2ebeeeb0478ffc30bb4e87a.php 第 256 行.
NOTIC: [8] Undefined variable: guanwang D:\myenv\apache\htdocs\pgyidc\Application\Runtime\Cache\Admin\b595b808c2ebeeeb0478ffc30bb4e87a.php 第 268 行.
NOTIC: [8] Undefined variable: product D:\myenv\apache\htdocs\pgyidc\Application\Runtime\Cache\Admin\b595b808c2ebeeeb0478ffc30bb4e87a.php 第 283 行.
NOTIC: [8] Undefined variable: usercenter D:\myenv\apache\htdocs\pgyidc\Application\Runtime\Cache\Admin\b595b808c2ebeeeb0478ffc30bb4e87a.php 第 301 行.
INFO: Run Behavior\ParseTemplateBehavior [ RunTime:0.019152s ]
INFO: [ view_parse ] --END-- [ RunTime:0.019240s ]
INFO: [ view_filter ] --START--
INFO: Run Behavior\WriteHtmlCacheBehavior [ RunTime:0.000468s ]
INFO: [ view_filter ] --END-- [ RunTime:0.000510s ]
INFO: [ app_end ] --START--
INFO: Run Behavior\ShowPageTraceBehavior [ RunTime:0.000687s ]
INFO: [ app_end ] --END-- [ RunTime:0.000743s ]

[ 2018-07-18T15:41:00+08:00 ] 127.0.0.1 /Admin/Cloud/cloudmanage.html
INFO: [ app_init ] --START--
INFO: Run Behavior\BuildLiteBehavior [ RunTime:0.000019s ]
INFO: [ app_init ] --END-- [ RunTime:0.000652s ]
INFO: [ app_begin ] --START--
INFO: Run Behavior\ReadHtmlCacheBehavior [ RunTime:0.000764s ]
INFO: [ app_begin ] --END-- [ RunTime:0.000833s ]
SQL: SHOW COLUMNS FROM `cloudlog` [ RunTime:0.0462s ]
NOTIC: [2] Invalid argument supplied for foreach() D:\myenv\apache\htdocs\pgyidc\Application\Admin\Controller\CloudController.class.php 第 22 行.
NOTIC: [2] array_slice() expects parameter 1 to be array, null given D:\myenv\apache\htdocs\pgyidc\Application\Admin\Controller\CloudController.class.php 第 36 行.
INFO: [ view_parse ] --START--
INFO: [ template_filter ] --START--
INFO: Run Behavior\ContentReplaceBehavior [ RunTime:0.000156s ]
INFO: [ template_filter ] --END-- [ RunTime:0.000223s ]
NOTIC: [8] Undefined variable: physical D:\myenv\apache\htdocs\pgyidc\Application\Runtime\Cache\Admin\d85208f2c736e322ac27dcb5e87ca9bb.php 第 219 行.
NOTIC: [8] Undefined variable: firewall D:\myenv\apache\htdocs\pgyidc\Application\Runtime\Cache\Admin\d85208f2c736e322ac27dcb5e87ca9bb.php 第 239 行.
NOTIC: [8] Undefined variable: blockabroadip D:\myenv\apache\htdocs\pgyidc\Application\Runtime\Cache\Admin\d85208f2c736e322ac27dcb5e87ca9bb.php 第 256 行.
NOTIC: [8] Undefined variable: guanwang D:\myenv\apache\htdocs\pgyidc\Application\Runtime\Cache\Admin\d85208f2c736e322ac27dcb5e87ca9bb.php 第 268 行.
NOTIC: [8] Undefined variable: product D:\myenv\apache\htdocs\pgyidc\Application\Runtime\Cache\Admin\d85208f2c736e322ac27dcb5e87ca9bb.php 第 283 行.
NOTIC: [8] Undefined variable: usercenter D:\myenv\apache\htdocs\pgyidc\Application\Runtime\Cache\Admin\d85208f2c736e322ac27dcb5e87ca9bb.php 第 301 行.
NOTIC: [8] Undefined variable: keyword D:\myenv\apache\htdocs\pgyidc\Application\Runtime\Cache\Admin\d85208f2c736e322ac27dcb5e87ca9bb.php 第 348 行.
INFO: Run Behavior\ParseTemplateBehavior [ RunTime:0.019611s ]
INFO: [ view_parse ] --END-- [ RunTime:0.019670s ]
INFO: [ view_filter ] --START--
INFO: Run Behavior\WriteHtmlCacheBehavior [ RunTime:0.000603s ]
INFO: [ view_filter ] --END-- [ RunTime:0.000649s ]
INFO: [ app_end ] --START--
INFO: Run Behavior\ShowPageTraceBehavior [ RunTime:0.000842s ]
INFO: [ app_end ] --END-- [ RunTime:0.000898s ]

[ 2018-07-18T15:41:02+08:00 ] 127.0.0.1 /Admin/Jdcloud/jdcloudmanage.html
INFO: [ app_init ] --START--
INFO: Run Behavior\BuildLiteBehavior [ RunTime:0.000012s ]
INFO: [ app_init ] --END-- [ RunTime:0.000475s ]
INFO: [ app_begin ] --START--
INFO: Run Behavior\ReadHtmlCacheBehavior [ RunTime:0.000644s ]
INFO: [ app_begin ] --END-- [ RunTime:0.000708s ]
SQL: SHOW COLUMNS FROM `jdcloudlog` [ RunTime:0.0076s ]
SQL: SELECT `CloudNo` FROM `jdcloudlog` WHERE ( UserID=1 and regionid='cn-north-1' )  [ RunTime:0.0011s ]
INFO: [ view_parse ] --START--
INFO: [ template_filter ] --START--
INFO: Run Behavior\ContentReplaceBehavior [ RunTime:0.000168s ]
INFO: [ template_filter ] --END-- [ RunTime:0.000228s ]
NOTIC: [8] Undefined variable: physical D:\myenv\apache\htdocs\pgyidc\Application\Runtime\Cache\Admin\e9ed93fffdaf904087e680c43fa9e77f.php 第 219 行.
NOTIC: [8] Undefined variable: firewall D:\myenv\apache\htdocs\pgyidc\Application\Runtime\Cache\Admin\e9ed93fffdaf904087e680c43fa9e77f.php 第 239 行.
NOTIC: [8] Undefined variable: blockabroadip D:\myenv\apache\htdocs\pgyidc\Application\Runtime\Cache\Admin\e9ed93fffdaf904087e680c43fa9e77f.php 第 256 行.
NOTIC: [8] Undefined variable: guanwang D:\myenv\apache\htdocs\pgyidc\Application\Runtime\Cache\Admin\e9ed93fffdaf904087e680c43fa9e77f.php 第 268 行.
NOTIC: [8] Undefined variable: product D:\myenv\apache\htdocs\pgyidc\Application\Runtime\Cache\Admin\e9ed93fffdaf904087e680c43fa9e77f.php 第 283 行.
NOTIC: [8] Undefined variable: usercenter D:\myenv\apache\htdocs\pgyidc\Application\Runtime\Cache\Admin\e9ed93fffdaf904087e680c43fa9e77f.php 第 301 行.
NOTIC: [8] Undefined variable: loading D:\myenv\apache\htdocs\pgyidc\Application\Runtime\Cache\Admin\e9ed93fffdaf904087e680c43fa9e77f.php 第 446 行.
NOTIC: [8] Undefined variable: keyword D:\myenv\apache\htdocs\pgyidc\Application\Runtime\Cache\Admin\e9ed93fffdaf904087e680c43fa9e77f.php 第 461 行.
NOTIC: [8] Undefined variable: page D:\myenv\apache\htdocs\pgyidc\Application\Runtime\Cache\Admin\e9ed93fffdaf904087e680c43fa9e77f.php 第 527 行.
INFO: Run Behavior\ParseTemplateBehavior [ RunTime:0.036388s ]
INFO: [ view_parse ] --END-- [ RunTime:0.036498s ]
INFO: [ view_filter ] --START--
INFO: Run Behavior\WriteHtmlCacheBehavior [ RunTime:0.000455s ]
INFO: [ view_filter ] --END-- [ RunTime:0.000501s ]
INFO: [ app_end ] --START--
INFO: Run Behavior\ShowPageTraceBehavior [ RunTime:0.000731s ]
INFO: [ app_end ] --END-- [ RunTime:0.000801s ]

[ 2018-07-18T15:41:04+08:00 ] 127.0.0.1 /Admin/Cloud/cloudmanage.html
INFO: [ app_init ] --START--
INFO: Run Behavior\BuildLiteBehavior [ RunTime:0.000013s ]
INFO: [ app_init ] --END-- [ RunTime:0.000422s ]
INFO: [ app_begin ] --START--
INFO: Run Behavior\ReadHtmlCacheBehavior [ RunTime:0.000702s ]
INFO: [ app_begin ] --END-- [ RunTime:0.000760s ]
SQL: SHOW COLUMNS FROM `cloudlog` [ RunTime:0.0107s ]
NOTIC: [2] Invalid argument supplied for foreach() D:\myenv\apache\htdocs\pgyidc\Application\Admin\Controller\CloudController.class.php 第 22 行.
NOTIC: [2] array_slice() expects parameter 1 to be array, null given D:\myenv\apache\htdocs\pgyidc\Application\Admin\Controller\CloudController.class.php 第 36 行.
INFO: [ view_parse ] --START--
INFO: [ template_filter ] --START--
INFO: Run Behavior\ContentReplaceBehavior [ RunTime:0.000198s ]
INFO: [ template_filter ] --END-- [ RunTime:0.000283s ]
NOTIC: [8] Undefined variable: physical D:\myenv\apache\htdocs\pgyidc\Application\Runtime\Cache\Admin\d85208f2c736e322ac27dcb5e87ca9bb.php 第 219 行.
NOTIC: [8] Undefined variable: firewall D:\myenv\apache\htdocs\pgyidc\Application\Runtime\Cache\Admin\d85208f2c736e322ac27dcb5e87ca9bb.php 第 239 行.
NOTIC: [8] Undefined variable: blockabroadip D:\myenv\apache\htdocs\pgyidc\Application\Runtime\Cache\Admin\d85208f2c736e322ac27dcb5e87ca9bb.php 第 256 行.
NOTIC: [8] Undefined variable: guanwang D:\myenv\apache\htdocs\pgyidc\Application\Runtime\Cache\Admin\d85208f2c736e322ac27dcb5e87ca9bb.php 第 268 行.
NOTIC: [8] Undefined variable: product D:\myenv\apache\htdocs\pgyidc\Application\Runtime\Cache\Admin\d85208f2c736e322ac27dcb5e87ca9bb.php 第 283 行.
NOTIC: [8] Undefined variable: usercenter D:\myenv\apache\htdocs\pgyidc\Application\Runtime\Cache\Admin\d85208f2c736e322ac27dcb5e87ca9bb.php 第 301 行.
NOTIC: [8] Undefined variable: keyword D:\myenv\apache\htdocs\pgyidc\Application\Runtime\Cache\Admin\d85208f2c736e322ac27dcb5e87ca9bb.php 第 348 行.
INFO: Run Behavior\ParseTemplateBehavior [ RunTime:0.025544s ]
INFO: [ view_parse ] --END-- [ RunTime:0.025622s ]
INFO: [ view_filter ] --START--
INFO: Run Behavior\WriteHtmlCacheBehavior [ RunTime:0.000715s ]
INFO: [ view_filter ] --END-- [ RunTime:0.000778s ]
INFO: [ app_end ] --START--
INFO: Run Behavior\ShowPageTraceBehavior [ RunTime:0.001144s ]
INFO: [ app_end ] --END-- [ RunTime:0.001234s ]

[ 2018-07-18T15:41:06+08:00 ] 127.0.0.1 /Admin/Cloud/admincdmg.html
INFO: [ app_init ] --START--
INFO: Run Behavior\BuildLiteBehavior [ RunTime:0.000013s ]
INFO: [ app_init ] --END-- [ RunTime:0.000414s ]
INFO: [ app_begin ] --START--
INFO: Run Behavior\ReadHtmlCacheBehavior [ RunTime:0.000623s ]
INFO: [ app_begin ] --END-- [ RunTime:0.000678s ]
SQL: SHOW COLUMNS FROM `cloudlog` [ RunTime:0.0084s ]
SQL: SHOW COLUMNS FROM `users` [ RunTime:0.0083s ]
NOTIC: [8] Undefined variable: map D:\myenv\apache\htdocs\pgyidc\Application\Admin\Controller\CloudController.class.php 第 1118 行.
SQL: SELECT COUNT(*) AS tp_count FROM `cloudlog` LIMIT 1   [ RunTime:0.0014s ]
NOTIC: [8] Undefined variable: map D:\myenv\apache\htdocs\pgyidc\Application\Admin\Controller\CloudController.class.php 第 1122 行.
SQL: SELECT * FROM `cloudlog` ORDER BY id DESC LIMIT 0,15   [ RunTime:0.0010s ]
INFO: [ view_parse ] --START--
INFO: [ template_filter ] --START--
INFO: Run Behavior\ContentReplaceBehavior [ RunTime:0.000355s ]
INFO: [ template_filter ] --END-- [ RunTime:0.000488s ]
NOTIC: [8] Undefined variable: physical D:\myenv\apache\htdocs\pgyidc\Application\Runtime\Cache\Admin\b495618853e3ba560c819934e950ef0b.php 第 219 行.
NOTIC: [8] Undefined variable: firewall D:\myenv\apache\htdocs\pgyidc\Application\Runtime\Cache\Admin\b495618853e3ba560c819934e950ef0b.php 第 239 行.
NOTIC: [8] Undefined variable: blockabroadip D:\myenv\apache\htdocs\pgyidc\Application\Runtime\Cache\Admin\b495618853e3ba560c819934e950ef0b.php 第 256 行.
NOTIC: [8] Undefined variable: guanwang D:\myenv\apache\htdocs\pgyidc\Application\Runtime\Cache\Admin\b495618853e3ba560c819934e950ef0b.php 第 268 行.
NOTIC: [8] Undefined variable: product D:\myenv\apache\htdocs\pgyidc\Application\Runtime\Cache\Admin\b495618853e3ba560c819934e950ef0b.php 第 283 行.
NOTIC: [8] Undefined variable: usercenter D:\myenv\apache\htdocs\pgyidc\Application\Runtime\Cache\Admin\b495618853e3ba560c819934e950ef0b.php 第 301 行.
INFO: Run Behavior\ParseTemplateBehavior [ RunTime:0.059857s ]
INFO: [ view_parse ] --END-- [ RunTime:0.059964s ]
INFO: [ view_filter ] --START--
INFO: Run Behavior\WriteHtmlCacheBehavior [ RunTime:0.000990s ]
INFO: [ view_filter ] --END-- [ RunTime:0.001089s ]
INFO: [ app_end ] --START--
INFO: Run Behavior\ShowPageTraceBehavior [ RunTime:0.001632s ]
INFO: [ app_end ] --END-- [ RunTime:0.001753s ]

[ 2018-07-18T17:06:28+08:00 ] 127.0.0.1 /Admin/Jdcloud/jdcloudmanage/regionid/cn-east-1.html
INFO: [ app_init ] --START--
INFO: Run Behavior\BuildLiteBehavior [ RunTime:0.000014s ]
INFO: [ app_init ] --END-- [ RunTime:0.000479s ]
INFO: [ app_begin ] --START--
INFO: Run Behavior\ReadHtmlCacheBehavior [ RunTime:0.000778s ]
INFO: [ app_begin ] --END-- [ RunTime:0.000834s ]
SQL: SHOW COLUMNS FROM `jdcloudlog` [ RunTime:0.0087s ]
SQL: SELECT `CloudNo` FROM `jdcloudlog` WHERE ( UserID=1 and regionid='cn-east-1' )  [ RunTime:0.0012s ]
INFO: [ view_parse ] --START--
INFO: [ template_filter ] --START--
INFO: Run Behavior\ContentReplaceBehavior [ RunTime:0.000172s ]
INFO: [ template_filter ] --END-- [ RunTime:0.000232s ]
NOTIC: [8] Undefined variable: physical D:\myenv\apache\htdocs\pgyidc\Application\Runtime\Cache\Admin\e9ed93fffdaf904087e680c43fa9e77f.php 第 219 行.
NOTIC: [8] Undefined variable: firewall D:\myenv\apache\htdocs\pgyidc\Application\Runtime\Cache\Admin\e9ed93fffdaf904087e680c43fa9e77f.php 第 239 行.
NOTIC: [8] Undefined variable: blockabroadip D:\myenv\apache\htdocs\pgyidc\Application\Runtime\Cache\Admin\e9ed93fffdaf904087e680c43fa9e77f.php 第 256 行.
NOTIC: [8] Undefined variable: guanwang D:\myenv\apache\htdocs\pgyidc\Application\Runtime\Cache\Admin\e9ed93fffdaf904087e680c43fa9e77f.php 第 268 行.
NOTIC: [8] Undefined variable: product D:\myenv\apache\htdocs\pgyidc\Application\Runtime\Cache\Admin\e9ed93fffdaf904087e680c43fa9e77f.php 第 283 行.
NOTIC: [8] Undefined variable: usercenter D:\myenv\apache\htdocs\pgyidc\Application\Runtime\Cache\Admin\e9ed93fffdaf904087e680c43fa9e77f.php 第 301 行.
NOTIC: [8] Undefined variable: loading D:\myenv\apache\htdocs\pgyidc\Application\Runtime\Cache\Admin\e9ed93fffdaf904087e680c43fa9e77f.php 第 446 行.
NOTIC: [8] Undefined variable: keyword D:\myenv\apache\htdocs\pgyidc\Application\Runtime\Cache\Admin\e9ed93fffdaf904087e680c43fa9e77f.php 第 461 行.
NOTIC: [8] Undefined variable: page D:\myenv\apache\htdocs\pgyidc\Application\Runtime\Cache\Admin\e9ed93fffdaf904087e680c43fa9e77f.php 第 527 行.
INFO: Run Behavior\ParseTemplateBehavior [ RunTime:0.023306s ]
INFO: [ view_parse ] --END-- [ RunTime:0.023373s ]
INFO: [ view_filter ] --START--
INFO: Run Behavior\WriteHtmlCacheBehavior [ RunTime:0.000610s ]
INFO: [ view_filter ] --END-- [ RunTime:0.000656s ]
INFO: [ app_end ] --START--
INFO: Run Behavior\ShowPageTraceBehavior [ RunTime:0.000937s ]
INFO: [ app_end ] --END-- [ RunTime:0.001020s ]

[ 2018-07-18T17:14:37+08:00 ] 127.0.0.1 /Admin/Jdcloud/jdcloudmanage/regionid/cn-east-1.html
INFO: [ app_init ] --START--
INFO: Run Behavior\BuildLiteBehavior [ RunTime:0.000014s ]
INFO: [ app_init ] --END-- [ RunTime:0.000480s ]
INFO: [ app_begin ] --START--
INFO: Run Behavior\ReadHtmlCacheBehavior [ RunTime:0.000812s ]
INFO: [ app_begin ] --END-- [ RunTime:0.000896s ]
SQL: SHOW COLUMNS FROM `jdcloudlog` [ RunTime:0.0445s ]
SQL: SELECT `CloudNo` FROM `jdcloudlog` WHERE ( UserID=1 and regionid='cn-east-1' )  [ RunTime:0.0010s ]
INFO: [ view_parse ] --START--
INFO: [ template_filter ] --START--
INFO: Run Behavior\ContentReplaceBehavior [ RunTime:0.000183s ]
INFO: [ template_filter ] --END-- [ RunTime:0.000242s ]
NOTIC: [8] Undefined variable: physical D:\myenv\apache\htdocs\pgyidc\Application\Runtime\Cache\Admin\e9ed93fffdaf904087e680c43fa9e77f.php 第 219 行.
NOTIC: [8] Undefined variable: firewall D:\myenv\apache\htdocs\pgyidc\Application\Runtime\Cache\Admin\e9ed93fffdaf904087e680c43fa9e77f.php 第 239 行.
NOTIC: [8] Undefined variable: blockabroadip D:\myenv\apache\htdocs\pgyidc\Application\Runtime\Cache\Admin\e9ed93fffdaf904087e680c43fa9e77f.php 第 256 行.
NOTIC: [8] Undefined variable: guanwang D:\myenv\apache\htdocs\pgyidc\Application\Runtime\Cache\Admin\e9ed93fffdaf904087e680c43fa9e77f.php 第 268 行.
NOTIC: [8] Undefined variable: product D:\myenv\apache\htdocs\pgyidc\Application\Runtime\Cache\Admin\e9ed93fffdaf904087e680c43fa9e77f.php 第 283 行.
NOTIC: [8] Undefined variable: usercenter D:\myenv\apache\htdocs\pgyidc\Application\Runtime\Cache\Admin\e9ed93fffdaf904087e680c43fa9e77f.php 第 301 行.
NOTIC: [8] Undefined variable: loading D:\myenv\apache\htdocs\pgyidc\Application\Runtime\Cache\Admin\e9ed93fffdaf904087e680c43fa9e77f.php 第 446 行.
NOTIC: [8] Undefined variable: keyword D:\myenv\apache\htdocs\pgyidc\Application\Runtime\Cache\Admin\e9ed93fffdaf904087e680c43fa9e77f.php 第 461 行.
NOTIC: [8] Undefined variable: page D:\myenv\apache\htdocs\pgyidc\Application\Runtime\Cache\Admin\e9ed93fffdaf904087e680c43fa9e77f.php 第 527 行.
INFO: Run Behavior\ParseTemplateBehavior [ RunTime:0.021609s ]
INFO: [ view_parse ] --END-- [ RunTime:0.021687s ]
INFO: [ view_filter ] --START--
INFO: Run Behavior\WriteHtmlCacheBehavior [ RunTime:0.000613s ]
INFO: [ view_filter ] --END-- [ RunTime:0.000687s ]
INFO: [ app_end ] --START--
INFO: Run Behavior\ShowPageTraceBehavior [ RunTime:0.000841s ]
INFO: [ app_end ] --END-- [ RunTime:0.000935s ]

