[ 2018-06-29T09:32:44+08:00 ] 127.0.0.1 /Admin/login.html
INFO: [ app_init ] --START--
INFO: Run Behavior\BuildLiteBehavior [ RunTime:0.000011s ]
INFO: [ app_init ] --END-- [ RunTime:0.000427s ]
INFO: [ app_begin ] --START--
INFO: Run Behavior\ReadHtmlCacheBehavior [ RunTime:0.000652s ]
INFO: [ app_begin ] --END-- [ RunTime:0.000704s ]
INFO: [ view_parse ] --START--
INFO: [ template_filter ] --START--
INFO: Run Behavior\ContentReplaceBehavior [ RunTime:0.000053s ]
INFO: [ template_filter ] --END-- [ RunTime:0.000112s ]
INFO: Run Behavior\ParseTemplateBehavior [ RunTime:0.014278s ]
INFO: [ view_parse ] --END-- [ RunTime:0.014332s ]
INFO: [ view_filter ] --START--
INFO: Run Behavior\WriteHtmlCacheBehavior [ RunTime:0.000477s ]
INFO: [ view_filter ] --END-- [ RunTime:0.000518s ]
INFO: [ app_end ] --START--
INFO: Run Behavior\ShowPageTraceBehavior [ RunTime:0.000685s ]
INFO: [ app_end ] --END-- [ RunTime:0.000727s ]

[ 2018-06-29T09:32:47+08:00 ] 127.0.0.1 /Admin/User/loginin
INFO: [ app_init ] --START--
INFO: Run Behavior\BuildLiteBehavior [ RunTime:0.000016s ]
INFO: [ app_init ] --END-- [ RunTime:0.000479s ]
INFO: [ app_begin ] --START--
INFO: Run Behavior\ReadHtmlCacheBehavior [ RunTime:0.000675s ]
INFO: [ app_begin ] --END-- [ RunTime:0.000738s ]
SQL: SHOW COLUMNS FROM `users` [ RunTime:0.0140s ]
SQL: SELECT `UserID` FROM `users` WHERE (  `UserName` = 'xiaocai' OR `LinkMail` = 'xiaocai' ) AND ( UserPsw ='39538ed9af2f892dcc904ee38926f867' ) LIMIT 1   [ RunTime:0.0019s ]
SQL: SELECT * FROM `users` WHERE (  `UserName` = 'xiaocai' OR `LinkMail` = 'xiaocai' ) AND ( UserPsw ='39538ed9af2f892dcc904ee38926f867' ) LIMIT 1   [ RunTime:0.0017s ]
SQL: SHOW COLUMNS FROM `users` [ RunTime:0.0123s ]
NOTIC: [8] Undefined index: validate D:\myenv\apache\htdocs\pgyidc\ThinkPHP\Library\Think\Model.class.php 第 1185 行.
NOTIC: [8] Undefined index: auto D:\myenv\apache\htdocs\pgyidc\ThinkPHP\Library\Think\Model.class.php 第 1128 行.
SQL: UPDATE `users` SET `LastTime`='1530235967',`WebGuid`='16A41DA95-79BC-F28B-0912-2B5B4B74811C',`EffectiveTime`='2018-06-30 09:32:47' WHERE ( UserID= 1 ) [ RunTime:0.0425s ]

[ 2018-06-29T09:32:48+08:00 ] 127.0.0.1 /Admin/index/index
INFO: [ app_init ] --START--
INFO: Run Behavior\BuildLiteBehavior [ RunTime:0.000026s ]
INFO: [ app_init ] --END-- [ RunTime:0.000845s ]
INFO: [ app_begin ] --START--
INFO: Run Behavior\ReadHtmlCacheBehavior [ RunTime:0.001001s ]
INFO: [ app_begin ] --END-- [ RunTime:0.001088s ]
SQL: SHOW COLUMNS FROM `paylog` [ RunTime:0.0129s ]
SQL: SELECT SUM(money) as my FROM `paylog` WHERE ( userid=1 and datatype=0 )  [ RunTime:0.0020s ]
SQL: SELECT SUM(money) as my FROM `paylog` WHERE ( userid=1 and datatype=1 )  [ RunTime:0.0011s ]
SQL: SHOW COLUMNS FROM `users` [ RunTime:0.0123s ]
SQL: SELECT * FROM `users` WHERE ( UserID=1 ) LIMIT 1   [ RunTime:0.0024s ]
INFO: [ view_parse ] --START--
INFO: [ template_filter ] --START--
INFO: Run Behavior\ContentReplaceBehavior [ RunTime:0.000325s ]
INFO: [ template_filter ] --END-- [ RunTime:0.000438s ]
NOTIC: [8] Undefined variable: cloud D:\myenv\apache\htdocs\pgyidc\Application\Runtime\Cache\Admin\b595b808c2ebeeeb0478ffc30bb4e87a.php 第 207 行.
NOTIC: [8] Undefined variable: physical D:\myenv\apache\htdocs\pgyidc\Application\Runtime\Cache\Admin\b595b808c2ebeeeb0478ffc30bb4e87a.php 第 216 行.
NOTIC: [8] Undefined variable: firewall D:\myenv\apache\htdocs\pgyidc\Application\Runtime\Cache\Admin\b595b808c2ebeeeb0478ffc30bb4e87a.php 第 236 行.
NOTIC: [8] Undefined variable: blockabroadip D:\myenv\apache\htdocs\pgyidc\Application\Runtime\Cache\Admin\b595b808c2ebeeeb0478ffc30bb4e87a.php 第 253 行.
NOTIC: [8] Undefined variable: guanwang D:\myenv\apache\htdocs\pgyidc\Application\Runtime\Cache\Admin\b595b808c2ebeeeb0478ffc30bb4e87a.php 第 265 行.
NOTIC: [8] Undefined variable: product D:\myenv\apache\htdocs\pgyidc\Application\Runtime\Cache\Admin\b595b808c2ebeeeb0478ffc30bb4e87a.php 第 280 行.
NOTIC: [8] Undefined variable: usercenter D:\myenv\apache\htdocs\pgyidc\Application\Runtime\Cache\Admin\b595b808c2ebeeeb0478ffc30bb4e87a.php 第 298 行.
INFO: Run Behavior\ParseTemplateBehavior [ RunTime:0.065886s ]
INFO: [ view_parse ] --END-- [ RunTime:0.065970s ]
INFO: [ view_filter ] --START--
INFO: Run Behavior\WriteHtmlCacheBehavior [ RunTime:0.000469s ]
INFO: [ view_filter ] --END-- [ RunTime:0.000513s ]
INFO: [ app_end ] --START--
INFO: Run Behavior\ShowPageTraceBehavior [ RunTime:0.000697s ]
INFO: [ app_end ] --END-- [ RunTime:0.000766s ]

[ 2018-06-29T09:32:53+08:00 ] 127.0.0.1 /Admin/officweb/jdcloudlist.html
INFO: [ app_init ] --START--
INFO: Run Behavior\BuildLiteBehavior [ RunTime:0.000012s ]
INFO: [ app_init ] --END-- [ RunTime:0.000428s ]
INFO: [ app_begin ] --START--
INFO: Run Behavior\ReadHtmlCacheBehavior [ RunTime:0.000726s ]
INFO: [ app_begin ] --END-- [ RunTime:0.000781s ]
SQL: SHOW COLUMNS FROM `jdcstandard` [ RunTime:0.0127s ]
SQL: SELECT * FROM `jdcstandard`  [ RunTime:0.0028s ]
SQL: SELECT COUNT(*) AS tp_count FROM `jdcstandard` WHERE `standardtype` LIKE '%%' OR `standard` LIKE '%%' LIMIT 1   [ RunTime:0.0016s ]
SQL: SELECT * FROM `jdcstandard` WHERE `standardtype` LIKE '%%' OR `standard` LIKE '%%' ORDER BY id DESC LIMIT 0,15   [ RunTime:0.0018s ]
SQL: SHOW COLUMNS FROM `jdcprice` [ RunTime:0.0119s ]
SQL: SELECT * FROM `jdcprice`  [ RunTime:0.0022s ]
NOTIC: [8] Undefined variable: fid D:\myenv\apache\htdocs\pgyidc\Application\Admin\Controller\OfficwebController.class.php 第 311 行.
INFO: [ view_parse ] --START--
INFO: [ template_filter ] --START--
INFO: Run Behavior\ContentReplaceBehavior [ RunTime:0.000329s ]
INFO: [ template_filter ] --END-- [ RunTime:0.000449s ]
NOTIC: [8] Undefined variable: cloud D:\myenv\apache\htdocs\pgyidc\Application\Runtime\Cache\Admin\24688f774a7f6f9f9509b6bef05c55c8.php 第 207 行.
NOTIC: [8] Undefined variable: physical D:\myenv\apache\htdocs\pgyidc\Application\Runtime\Cache\Admin\24688f774a7f6f9f9509b6bef05c55c8.php 第 216 行.
NOTIC: [8] Undefined variable: firewall D:\myenv\apache\htdocs\pgyidc\Application\Runtime\Cache\Admin\24688f774a7f6f9f9509b6bef05c55c8.php 第 236 行.
NOTIC: [8] Undefined variable: blockabroadip D:\myenv\apache\htdocs\pgyidc\Application\Runtime\Cache\Admin\24688f774a7f6f9f9509b6bef05c55c8.php 第 253 行.
NOTIC: [8] Undefined variable: guanwang D:\myenv\apache\htdocs\pgyidc\Application\Runtime\Cache\Admin\24688f774a7f6f9f9509b6bef05c55c8.php 第 265 行.
NOTIC: [8] Undefined variable: usercenter D:\myenv\apache\htdocs\pgyidc\Application\Runtime\Cache\Admin\24688f774a7f6f9f9509b6bef05c55c8.php 第 298 行.
NOTIC: [8] Undefined variable: keyword D:\myenv\apache\htdocs\pgyidc\Application\Runtime\Cache\Admin\24688f774a7f6f9f9509b6bef05c55c8.php 第 384 行.
INFO: Run Behavior\ParseTemplateBehavior [ RunTime:0.052080s ]
INFO: [ view_parse ] --END-- [ RunTime:0.052191s ]
INFO: [ view_filter ] --START--
INFO: Run Behavior\WriteHtmlCacheBehavior [ RunTime:0.001044s ]
INFO: [ view_filter ] --END-- [ RunTime:0.001136s ]
INFO: [ app_end ] --START--
INFO: Run Behavior\ShowPageTraceBehavior [ RunTime:0.001518s ]
INFO: [ app_end ] --END-- [ RunTime:0.001636s ]

[ 2018-06-29T09:32:58+08:00 ] 127.0.0.1 /Admin/Officweb/jdcloudlist/p/2.html
INFO: [ app_init ] --START--
INFO: Run Behavior\BuildLiteBehavior [ RunTime:0.000013s ]
INFO: [ app_init ] --END-- [ RunTime:0.000448s ]
INFO: [ app_begin ] --START--
INFO: Run Behavior\ReadHtmlCacheBehavior [ RunTime:0.000628s ]
INFO: [ app_begin ] --END-- [ RunTime:0.000684s ]
SQL: SHOW COLUMNS FROM `jdcstandard` [ RunTime:0.0122s ]
SQL: SELECT * FROM `jdcstandard`  [ RunTime:0.0030s ]
SQL: SELECT COUNT(*) AS tp_count FROM `jdcstandard` WHERE `standardtype` LIKE '%%' OR `standard` LIKE '%%' LIMIT 1   [ RunTime:0.0014s ]
SQL: SELECT * FROM `jdcstandard` WHERE `standardtype` LIKE '%%' OR `standard` LIKE '%%' ORDER BY id DESC LIMIT 15,15   [ RunTime:0.0016s ]
SQL: SHOW COLUMNS FROM `jdcprice` [ RunTime:0.0117s ]
SQL: SELECT * FROM `jdcprice`  [ RunTime:0.0025s ]
NOTIC: [8] Undefined variable: fid D:\myenv\apache\htdocs\pgyidc\Application\Admin\Controller\OfficwebController.class.php 第 311 行.
INFO: [ view_parse ] --START--
INFO: [ template_filter ] --START--
INFO: Run Behavior\ContentReplaceBehavior [ RunTime:0.000328s ]
INFO: [ template_filter ] --END-- [ RunTime:0.000438s ]
NOTIC: [8] Undefined variable: cloud D:\myenv\apache\htdocs\pgyidc\Application\Runtime\Cache\Admin\24688f774a7f6f9f9509b6bef05c55c8.php 第 207 行.
NOTIC: [8] Undefined variable: physical D:\myenv\apache\htdocs\pgyidc\Application\Runtime\Cache\Admin\24688f774a7f6f9f9509b6bef05c55c8.php 第 216 行.
NOTIC: [8] Undefined variable: firewall D:\myenv\apache\htdocs\pgyidc\Application\Runtime\Cache\Admin\24688f774a7f6f9f9509b6bef05c55c8.php 第 236 行.
NOTIC: [8] Undefined variable: blockabroadip D:\myenv\apache\htdocs\pgyidc\Application\Runtime\Cache\Admin\24688f774a7f6f9f9509b6bef05c55c8.php 第 253 行.
NOTIC: [8] Undefined variable: guanwang D:\myenv\apache\htdocs\pgyidc\Application\Runtime\Cache\Admin\24688f774a7f6f9f9509b6bef05c55c8.php 第 265 行.
NOTIC: [8] Undefined variable: usercenter D:\myenv\apache\htdocs\pgyidc\Application\Runtime\Cache\Admin\24688f774a7f6f9f9509b6bef05c55c8.php 第 298 行.
NOTIC: [8] Undefined variable: keyword D:\myenv\apache\htdocs\pgyidc\Application\Runtime\Cache\Admin\24688f774a7f6f9f9509b6bef05c55c8.php 第 384 行.
INFO: Run Behavior\ParseTemplateBehavior [ RunTime:0.038408s ]
INFO: [ view_parse ] --END-- [ RunTime:0.038518s ]
INFO: [ view_filter ] --START--
INFO: Run Behavior\WriteHtmlCacheBehavior [ RunTime:0.000828s ]
INFO: [ view_filter ] --END-- [ RunTime:0.000920s ]
INFO: [ app_end ] --START--
INFO: Run Behavior\ShowPageTraceBehavior [ RunTime:0.000749s ]
INFO: [ app_end ] --END-- [ RunTime:0.000828s ]

[ 2018-06-29T09:33:00+08:00 ] 127.0.0.1 /Admin/Officweb/jdcloudlist/p/3.html
INFO: [ app_init ] --START--
INFO: Run Behavior\BuildLiteBehavior [ RunTime:0.000012s ]
INFO: [ app_init ] --END-- [ RunTime:0.000446s ]
INFO: [ app_begin ] --START--
INFO: Run Behavior\ReadHtmlCacheBehavior [ RunTime:0.000615s ]
INFO: [ app_begin ] --END-- [ RunTime:0.000672s ]
SQL: SHOW COLUMNS FROM `jdcstandard` [ RunTime:0.0120s ]
SQL: SELECT * FROM `jdcstandard`  [ RunTime:0.0029s ]
SQL: SELECT COUNT(*) AS tp_count FROM `jdcstandard` WHERE `standardtype` LIKE '%%' OR `standard` LIKE '%%' LIMIT 1   [ RunTime:0.0010s ]
SQL: SELECT * FROM `jdcstandard` WHERE `standardtype` LIKE '%%' OR `standard` LIKE '%%' ORDER BY id DESC LIMIT 30,15   [ RunTime:0.0013s ]
SQL: SHOW COLUMNS FROM `jdcprice` [ RunTime:0.0113s ]
SQL: SELECT * FROM `jdcprice`  [ RunTime:0.0015s ]
NOTIC: [8] Undefined variable: fid D:\myenv\apache\htdocs\pgyidc\Application\Admin\Controller\OfficwebController.class.php 第 311 行.
INFO: [ view_parse ] --START--
INFO: [ template_filter ] --START--
INFO: Run Behavior\ContentReplaceBehavior [ RunTime:0.000198s ]
INFO: [ template_filter ] --END-- [ RunTime:0.000264s ]
NOTIC: [8] Undefined variable: cloud D:\myenv\apache\htdocs\pgyidc\Application\Runtime\Cache\Admin\24688f774a7f6f9f9509b6bef05c55c8.php 第 207 行.
NOTIC: [8] Undefined variable: physical D:\myenv\apache\htdocs\pgyidc\Application\Runtime\Cache\Admin\24688f774a7f6f9f9509b6bef05c55c8.php 第 216 行.
NOTIC: [8] Undefined variable: firewall D:\myenv\apache\htdocs\pgyidc\Application\Runtime\Cache\Admin\24688f774a7f6f9f9509b6bef05c55c8.php 第 236 行.
NOTIC: [8] Undefined variable: blockabroadip D:\myenv\apache\htdocs\pgyidc\Application\Runtime\Cache\Admin\24688f774a7f6f9f9509b6bef05c55c8.php 第 253 行.
NOTIC: [8] Undefined variable: guanwang D:\myenv\apache\htdocs\pgyidc\Application\Runtime\Cache\Admin\24688f774a7f6f9f9509b6bef05c55c8.php 第 265 行.
NOTIC: [8] Undefined variable: usercenter D:\myenv\apache\htdocs\pgyidc\Application\Runtime\Cache\Admin\24688f774a7f6f9f9509b6bef05c55c8.php 第 298 行.
NOTIC: [8] Undefined variable: keyword D:\myenv\apache\htdocs\pgyidc\Application\Runtime\Cache\Admin\24688f774a7f6f9f9509b6bef05c55c8.php 第 384 行.
INFO: Run Behavior\ParseTemplateBehavior [ RunTime:0.022697s ]
INFO: [ view_parse ] --END-- [ RunTime:0.022766s ]
INFO: [ view_filter ] --START--
INFO: Run Behavior\WriteHtmlCacheBehavior [ RunTime:0.000561s ]
INFO: [ view_filter ] --END-- [ RunTime:0.000620s ]
INFO: [ app_end ] --START--
INFO: Run Behavior\ShowPageTraceBehavior [ RunTime:0.000877s ]
INFO: [ app_end ] --END-- [ RunTime:0.000947s ]

[ 2018-06-29T09:33:03+08:00 ] 127.0.0.1 /Admin/Officweb/jdcloudlist/p/2.html
INFO: [ app_init ] --START--
INFO: Run Behavior\BuildLiteBehavior [ RunTime:0.000013s ]
INFO: [ app_init ] --END-- [ RunTime:0.000398s ]
INFO: [ app_begin ] --START--
INFO: Run Behavior\ReadHtmlCacheBehavior [ RunTime:0.000658s ]
INFO: [ app_begin ] --END-- [ RunTime:0.000717s ]
SQL: SHOW COLUMNS FROM `jdcstandard` [ RunTime:0.0122s ]
SQL: SELECT * FROM `jdcstandard`  [ RunTime:0.0023s ]
SQL: SELECT COUNT(*) AS tp_count FROM `jdcstandard` WHERE `standardtype` LIKE '%%' OR `standard` LIKE '%%' LIMIT 1   [ RunTime:0.0009s ]
SQL: SELECT * FROM `jdcstandard` WHERE `standardtype` LIKE '%%' OR `standard` LIKE '%%' ORDER BY id DESC LIMIT 15,15   [ RunTime:0.0010s ]
SQL: SHOW COLUMNS FROM `jdcprice` [ RunTime:0.0113s ]
SQL: SELECT * FROM `jdcprice`  [ RunTime:0.0021s ]
NOTIC: [8] Undefined variable: fid D:\myenv\apache\htdocs\pgyidc\Application\Admin\Controller\OfficwebController.class.php 第 311 行.
INFO: [ view_parse ] --START--
INFO: [ template_filter ] --START--
INFO: Run Behavior\ContentReplaceBehavior [ RunTime:0.000328s ]
INFO: [ template_filter ] --END-- [ RunTime:0.000438s ]
NOTIC: [8] Undefined variable: cloud D:\myenv\apache\htdocs\pgyidc\Application\Runtime\Cache\Admin\24688f774a7f6f9f9509b6bef05c55c8.php 第 207 行.
NOTIC: [8] Undefined variable: physical D:\myenv\apache\htdocs\pgyidc\Application\Runtime\Cache\Admin\24688f774a7f6f9f9509b6bef05c55c8.php 第 216 行.
NOTIC: [8] Undefined variable: firewall D:\myenv\apache\htdocs\pgyidc\Application\Runtime\Cache\Admin\24688f774a7f6f9f9509b6bef05c55c8.php 第 236 行.
NOTIC: [8] Undefined variable: blockabroadip D:\myenv\apache\htdocs\pgyidc\Application\Runtime\Cache\Admin\24688f774a7f6f9f9509b6bef05c55c8.php 第 253 行.
NOTIC: [8] Undefined variable: guanwang D:\myenv\apache\htdocs\pgyidc\Application\Runtime\Cache\Admin\24688f774a7f6f9f9509b6bef05c55c8.php 第 265 行.
NOTIC: [8] Undefined variable: usercenter D:\myenv\apache\htdocs\pgyidc\Application\Runtime\Cache\Admin\24688f774a7f6f9f9509b6bef05c55c8.php 第 298 行.
NOTIC: [8] Undefined variable: keyword D:\myenv\apache\htdocs\pgyidc\Application\Runtime\Cache\Admin\24688f774a7f6f9f9509b6bef05c55c8.php 第 384 行.
INFO: Run Behavior\ParseTemplateBehavior [ RunTime:0.038358s ]
INFO: [ view_parse ] --END-- [ RunTime:0.038471s ]
INFO: [ view_filter ] --START--
INFO: Run Behavior\WriteHtmlCacheBehavior [ RunTime:0.000864s ]
INFO: [ view_filter ] --END-- [ RunTime:0.000959s ]
INFO: [ app_end ] --START--
INFO: Run Behavior\ShowPageTraceBehavior [ RunTime:0.001322s ]
INFO: [ app_end ] --END-- [ RunTime:0.001432s ]

[ 2018-06-29T09:33:06+08:00 ] 127.0.0.1 /Admin/Officweb/jdcloudlist/p/1.html
INFO: [ app_init ] --START--
INFO: Run Behavior\BuildLiteBehavior [ RunTime:0.000012s ]
INFO: [ app_init ] --END-- [ RunTime:0.000420s ]
INFO: [ app_begin ] --START--
INFO: Run Behavior\ReadHtmlCacheBehavior [ RunTime:0.000594s ]
INFO: [ app_begin ] --END-- [ RunTime:0.000651s ]
SQL: SHOW COLUMNS FROM `jdcstandard` [ RunTime:0.0122s ]
SQL: SELECT * FROM `jdcstandard`  [ RunTime:0.0030s ]
SQL: SELECT COUNT(*) AS tp_count FROM `jdcstandard` WHERE `standardtype` LIKE '%%' OR `standard` LIKE '%%' LIMIT 1   [ RunTime:0.0013s ]
SQL: SELECT * FROM `jdcstandard` WHERE `standardtype` LIKE '%%' OR `standard` LIKE '%%' ORDER BY id DESC LIMIT 0,15   [ RunTime:0.0014s ]
SQL: SHOW COLUMNS FROM `jdcprice` [ RunTime:0.0094s ]
SQL: SELECT * FROM `jdcprice`  [ RunTime:0.0015s ]
NOTIC: [8] Undefined variable: fid D:\myenv\apache\htdocs\pgyidc\Application\Admin\Controller\OfficwebController.class.php 第 311 行.
INFO: [ view_parse ] --START--
INFO: [ template_filter ] --START--
INFO: Run Behavior\ContentReplaceBehavior [ RunTime:0.000212s ]
INFO: [ template_filter ] --END-- [ RunTime:0.000283s ]
NOTIC: [8] Undefined variable: cloud D:\myenv\apache\htdocs\pgyidc\Application\Runtime\Cache\Admin\24688f774a7f6f9f9509b6bef05c55c8.php 第 207 行.
NOTIC: [8] Undefined variable: physical D:\myenv\apache\htdocs\pgyidc\Application\Runtime\Cache\Admin\24688f774a7f6f9f9509b6bef05c55c8.php 第 216 行.
NOTIC: [8] Undefined variable: firewall D:\myenv\apache\htdocs\pgyidc\Application\Runtime\Cache\Admin\24688f774a7f6f9f9509b6bef05c55c8.php 第 236 行.
NOTIC: [8] Undefined variable: blockabroadip D:\myenv\apache\htdocs\pgyidc\Application\Runtime\Cache\Admin\24688f774a7f6f9f9509b6bef05c55c8.php 第 253 行.
NOTIC: [8] Undefined variable: guanwang D:\myenv\apache\htdocs\pgyidc\Application\Runtime\Cache\Admin\24688f774a7f6f9f9509b6bef05c55c8.php 第 265 行.
NOTIC: [8] Undefined variable: usercenter D:\myenv\apache\htdocs\pgyidc\Application\Runtime\Cache\Admin\24688f774a7f6f9f9509b6bef05c55c8.php 第 298 行.
NOTIC: [8] Undefined variable: keyword D:\myenv\apache\htdocs\pgyidc\Application\Runtime\Cache\Admin\24688f774a7f6f9f9509b6bef05c55c8.php 第 384 行.
INFO: Run Behavior\ParseTemplateBehavior [ RunTime:0.023917s ]
INFO: [ view_parse ] --END-- [ RunTime:0.023989s ]
INFO: [ view_filter ] --START--
INFO: Run Behavior\WriteHtmlCacheBehavior [ RunTime:0.000465s ]
INFO: [ view_filter ] --END-- [ RunTime:0.000509s ]
INFO: [ app_end ] --START--
INFO: Run Behavior\ShowPageTraceBehavior [ RunTime:0.000789s ]
INFO: [ app_end ] --END-- [ RunTime:0.000868s ]

[ 2018-06-29T09:42:32+08:00 ] 127.0.0.1 /Admin/Officweb/jdcloudlist/p/1.html
INFO: [ app_init ] --START--
INFO: Run Behavior\BuildLiteBehavior [ RunTime:0.000016s ]
INFO: [ app_init ] --END-- [ RunTime:0.000435s ]
INFO: [ app_begin ] --START--
INFO: Run Behavior\ReadHtmlCacheBehavior [ RunTime:0.000636s ]
INFO: [ app_begin ] --END-- [ RunTime:0.000712s ]
SQL: SHOW COLUMNS FROM `jdcstandard` [ RunTime:0.0125s ]
SQL: SELECT * FROM `jdcstandard`  [ RunTime:0.0032s ]
SQL: SELECT COUNT(*) AS tp_count FROM `jdcstandard` WHERE `standardtype` LIKE '%%' OR `standard` LIKE '%%' LIMIT 1   [ RunTime:0.0013s ]
SQL: SELECT * FROM `jdcstandard` WHERE `standardtype` LIKE '%%' OR `standard` LIKE '%%' ORDER BY id DESC LIMIT 0,15   [ RunTime:0.0017s ]
SQL: SHOW COLUMNS FROM `jdcprice` [ RunTime:0.0090s ]
SQL: SELECT * FROM `jdcprice`  [ RunTime:0.0013s ]
NOTIC: [8] Undefined variable: fid D:\myenv\apache\htdocs\pgyidc\Application\Admin\Controller\OfficwebController.class.php 第 311 行.
INFO: [ view_parse ] --START--
INFO: [ template_filter ] --START--
INFO: Run Behavior\ContentReplaceBehavior [ RunTime:0.000167s ]
INFO: [ template_filter ] --END-- [ RunTime:0.000230s ]
NOTIC: [8] Undefined variable: cloud D:\myenv\apache\htdocs\pgyidc\Application\Runtime\Cache\Admin\24688f774a7f6f9f9509b6bef05c55c8.php 第 207 行.
NOTIC: [8] Undefined variable: physical D:\myenv\apache\htdocs\pgyidc\Application\Runtime\Cache\Admin\24688f774a7f6f9f9509b6bef05c55c8.php 第 216 行.
NOTIC: [8] Undefined variable: firewall D:\myenv\apache\htdocs\pgyidc\Application\Runtime\Cache\Admin\24688f774a7f6f9f9509b6bef05c55c8.php 第 236 行.
NOTIC: [8] Undefined variable: blockabroadip D:\myenv\apache\htdocs\pgyidc\Application\Runtime\Cache\Admin\24688f774a7f6f9f9509b6bef05c55c8.php 第 253 行.
NOTIC: [8] Undefined variable: guanwang D:\myenv\apache\htdocs\pgyidc\Application\Runtime\Cache\Admin\24688f774a7f6f9f9509b6bef05c55c8.php 第 265 行.
NOTIC: [8] Undefined variable: usercenter D:\myenv\apache\htdocs\pgyidc\Application\Runtime\Cache\Admin\24688f774a7f6f9f9509b6bef05c55c8.php 第 298 行.
NOTIC: [8] Undefined variable: keyword D:\myenv\apache\htdocs\pgyidc\Application\Runtime\Cache\Admin\24688f774a7f6f9f9509b6bef05c55c8.php 第 384 行.
INFO: Run Behavior\ParseTemplateBehavior [ RunTime:0.020148s ]
INFO: [ view_parse ] --END-- [ RunTime:0.020210s ]
INFO: [ view_filter ] --START--
INFO: Run Behavior\WriteHtmlCacheBehavior [ RunTime:0.000583s ]
INFO: [ view_filter ] --END-- [ RunTime:0.000635s ]
INFO: [ app_end ] --START--
INFO: Run Behavior\ShowPageTraceBehavior [ RunTime:0.000831s ]
INFO: [ app_end ] --END-- [ RunTime:0.000894s ]

[ 2018-06-29T10:28:46+08:00 ] 127.0.0.1 /Admin/login.html
INFO: [ app_init ] --START--
INFO: Run Behavior\BuildLiteBehavior [ RunTime:0.000016s ]
INFO: [ app_init ] --END-- [ RunTime:0.000404s ]
INFO: [ app_begin ] --START--
INFO: Run Behavior\ReadHtmlCacheBehavior [ RunTime:0.000767s ]
INFO: [ app_begin ] --END-- [ RunTime:0.000848s ]
INFO: [ view_parse ] --START--
INFO: [ template_filter ] --START--
INFO: Run Behavior\ContentReplaceBehavior [ RunTime:0.000060s ]
INFO: [ template_filter ] --END-- [ RunTime:0.000144s ]
INFO: Run Behavior\ParseTemplateBehavior [ RunTime:0.007793s ]
INFO: [ view_parse ] --END-- [ RunTime:0.007884s ]
INFO: [ view_filter ] --START--
INFO: Run Behavior\WriteHtmlCacheBehavior [ RunTime:0.000512s ]
INFO: [ view_filter ] --END-- [ RunTime:0.000567s ]
INFO: [ app_end ] --START--
INFO: Run Behavior\ShowPageTraceBehavior [ RunTime:0.000735s ]
INFO: [ app_end ] --END-- [ RunTime:0.000784s ]

[ 2018-06-29T10:28:49+08:00 ] 127.0.0.1 /Admin/User/loginin
INFO: [ app_init ] --START--
INFO: Run Behavior\BuildLiteBehavior [ RunTime:0.000024s ]
INFO: [ app_init ] --END-- [ RunTime:0.000657s ]
INFO: [ app_begin ] --START--
INFO: Run Behavior\ReadHtmlCacheBehavior [ RunTime:0.000616s ]
INFO: [ app_begin ] --END-- [ RunTime:0.000669s ]
SQL: SHOW COLUMNS FROM `users` [ RunTime:0.0132s ]
SQL: SELECT `UserID` FROM `users` WHERE (  `UserName` = 'xiaocai' OR `LinkMail` = 'xiaocai' ) AND ( UserPsw ='39538ed9af2f892dcc904ee38926f867' ) LIMIT 1   [ RunTime:0.0020s ]
SQL: SELECT * FROM `users` WHERE (  `UserName` = 'xiaocai' OR `LinkMail` = 'xiaocai' ) AND ( UserPsw ='39538ed9af2f892dcc904ee38926f867' ) LIMIT 1   [ RunTime:0.0017s ]

[ 2018-06-29T10:28:50+08:00 ] 127.0.0.1 /Admin/index/index
INFO: [ app_init ] --START--
INFO: Run Behavior\BuildLiteBehavior [ RunTime:0.000024s ]
INFO: [ app_init ] --END-- [ RunTime:0.000862s ]
INFO: [ app_begin ] --START--
INFO: Run Behavior\ReadHtmlCacheBehavior [ RunTime:0.000664s ]
INFO: [ app_begin ] --END-- [ RunTime:0.000726s ]
SQL: SHOW COLUMNS FROM `paylog` [ RunTime:0.0200s ]
SQL: SELECT SUM(money) as my FROM `paylog` WHERE ( userid=1 and datatype=0 )  [ RunTime:0.0020s ]
SQL: SELECT SUM(money) as my FROM `paylog` WHERE ( userid=1 and datatype=1 )  [ RunTime:0.0011s ]
SQL: SHOW COLUMNS FROM `users` [ RunTime:0.0124s ]
SQL: SELECT * FROM `users` WHERE ( UserID=1 ) LIMIT 1   [ RunTime:0.0023s ]
INFO: [ view_parse ] --START--
INFO: [ template_filter ] --START--
INFO: Run Behavior\ContentReplaceBehavior [ RunTime:0.000185s ]
INFO: [ template_filter ] --END-- [ RunTime:0.000254s ]
NOTIC: [8] Undefined variable: cloud D:\myenv\apache\htdocs\pgyidc\Application\Runtime\Cache\Admin\b595b808c2ebeeeb0478ffc30bb4e87a.php 第 207 行.
NOTIC: [8] Undefined variable: physical D:\myenv\apache\htdocs\pgyidc\Application\Runtime\Cache\Admin\b595b808c2ebeeeb0478ffc30bb4e87a.php 第 216 行.
NOTIC: [8] Undefined variable: firewall D:\myenv\apache\htdocs\pgyidc\Application\Runtime\Cache\Admin\b595b808c2ebeeeb0478ffc30bb4e87a.php 第 236 行.
NOTIC: [8] Undefined variable: blockabroadip D:\myenv\apache\htdocs\pgyidc\Application\Runtime\Cache\Admin\b595b808c2ebeeeb0478ffc30bb4e87a.php 第 253 行.
NOTIC: [8] Undefined variable: guanwang D:\myenv\apache\htdocs\pgyidc\Application\Runtime\Cache\Admin\b595b808c2ebeeeb0478ffc30bb4e87a.php 第 265 行.
NOTIC: [8] Undefined variable: product D:\myenv\apache\htdocs\pgyidc\Application\Runtime\Cache\Admin\b595b808c2ebeeeb0478ffc30bb4e87a.php 第 280 行.
NOTIC: [8] Undefined variable: usercenter D:\myenv\apache\htdocs\pgyidc\Application\Runtime\Cache\Admin\b595b808c2ebeeeb0478ffc30bb4e87a.php 第 298 行.
INFO: Run Behavior\ParseTemplateBehavior [ RunTime:0.029211s ]
INFO: [ view_parse ] --END-- [ RunTime:0.029298s ]
INFO: [ view_filter ] --START--
INFO: Run Behavior\WriteHtmlCacheBehavior [ RunTime:0.000514s ]
INFO: [ view_filter ] --END-- [ RunTime:0.000565s ]
INFO: [ app_end ] --START--
INFO: Run Behavior\ShowPageTraceBehavior [ RunTime:0.000740s ]
INFO: [ app_end ] --END-- [ RunTime:0.000804s ]

[ 2018-06-29T10:28:55+08:00 ] 127.0.0.1 /Admin/officweb/jdcloudlist.html
INFO: [ app_init ] --START--
INFO: Run Behavior\BuildLiteBehavior [ RunTime:0.000014s ]
INFO: [ app_init ] --END-- [ RunTime:0.000426s ]
INFO: [ app_begin ] --START--
INFO: Run Behavior\ReadHtmlCacheBehavior [ RunTime:0.000615s ]
INFO: [ app_begin ] --END-- [ RunTime:0.000672s ]
SQL: SHOW COLUMNS FROM `jdcstandard` [ RunTime:0.0119s ]
SQL: SELECT * FROM `jdcstandard`  [ RunTime:0.0025s ]
SQL: SELECT COUNT(*) AS tp_count FROM `jdcstandard` WHERE `standardtype` LIKE '%%' OR `standard` LIKE '%%' LIMIT 1   [ RunTime:0.0009s ]
SQL: SELECT * FROM `jdcstandard` WHERE `standardtype` LIKE '%%' OR `standard` LIKE '%%' ORDER BY id DESC LIMIT 0,15   [ RunTime:0.0011s ]
SQL: SHOW COLUMNS FROM `jdcprice` [ RunTime:0.0111s ]
SQL: SELECT * FROM `jdcprice`  [ RunTime:0.0021s ]
NOTIC: [8] Undefined variable: fid D:\myenv\apache\htdocs\pgyidc\Application\Admin\Controller\OfficwebController.class.php 第 311 行.
INFO: [ view_parse ] --START--
INFO: [ template_filter ] --START--
INFO: Run Behavior\ContentReplaceBehavior [ RunTime:0.000327s ]
INFO: [ template_filter ] --END-- [ RunTime:0.000443s ]
NOTIC: [8] Undefined variable: cloud D:\myenv\apache\htdocs\pgyidc\Application\Runtime\Cache\Admin\24688f774a7f6f9f9509b6bef05c55c8.php 第 207 行.
NOTIC: [8] Undefined variable: physical D:\myenv\apache\htdocs\pgyidc\Application\Runtime\Cache\Admin\24688f774a7f6f9f9509b6bef05c55c8.php 第 216 行.
NOTIC: [8] Undefined variable: firewall D:\myenv\apache\htdocs\pgyidc\Application\Runtime\Cache\Admin\24688f774a7f6f9f9509b6bef05c55c8.php 第 236 行.
NOTIC: [8] Undefined variable: blockabroadip D:\myenv\apache\htdocs\pgyidc\Application\Runtime\Cache\Admin\24688f774a7f6f9f9509b6bef05c55c8.php 第 253 行.
NOTIC: [8] Undefined variable: guanwang D:\myenv\apache\htdocs\pgyidc\Application\Runtime\Cache\Admin\24688f774a7f6f9f9509b6bef05c55c8.php 第 265 行.
NOTIC: [8] Undefined variable: usercenter D:\myenv\apache\htdocs\pgyidc\Application\Runtime\Cache\Admin\24688f774a7f6f9f9509b6bef05c55c8.php 第 298 行.
NOTIC: [8] Undefined variable: keyword D:\myenv\apache\htdocs\pgyidc\Application\Runtime\Cache\Admin\24688f774a7f6f9f9509b6bef05c55c8.php 第 384 行.
INFO: Run Behavior\ParseTemplateBehavior [ RunTime:0.038289s ]
INFO: [ view_parse ] --END-- [ RunTime:0.038400s ]
INFO: [ view_filter ] --START--
INFO: Run Behavior\WriteHtmlCacheBehavior [ RunTime:0.000885s ]
INFO: [ view_filter ] --END-- [ RunTime:0.000994s ]
INFO: [ app_end ] --START--
INFO: Run Behavior\ShowPageTraceBehavior [ RunTime:0.001394s ]
INFO: [ app_end ] --END-- [ RunTime:0.001509s ]

[ 2018-06-29T10:29:06+08:00 ] 127.0.0.1 /Admin/Officweb/jdcloudlist/p/2.html
INFO: [ app_init ] --START--
INFO: Run Behavior\BuildLiteBehavior [ RunTime:0.000013s ]
INFO: [ app_init ] --END-- [ RunTime:0.000472s ]
INFO: [ app_begin ] --START--
INFO: Run Behavior\ReadHtmlCacheBehavior [ RunTime:0.000723s ]
INFO: [ app_begin ] --END-- [ RunTime:0.000780s ]
SQL: SHOW COLUMNS FROM `jdcstandard` [ RunTime:0.0117s ]
SQL: SELECT * FROM `jdcstandard`  [ RunTime:0.0022s ]
SQL: SELECT COUNT(*) AS tp_count FROM `jdcstandard` WHERE `standardtype` LIKE '%%' OR `standard` LIKE '%%' LIMIT 1   [ RunTime:0.0011s ]
SQL: SELECT * FROM `jdcstandard` WHERE `standardtype` LIKE '%%' OR `standard` LIKE '%%' ORDER BY id DESC LIMIT 15,15   [ RunTime:0.0013s ]
SQL: SHOW COLUMNS FROM `jdcprice` [ RunTime:0.0101s ]
SQL: SELECT * FROM `jdcprice`  [ RunTime:0.0012s ]
NOTIC: [8] Undefined variable: fid D:\myenv\apache\htdocs\pgyidc\Application\Admin\Controller\OfficwebController.class.php 第 311 行.
INFO: [ view_parse ] --START--
INFO: [ template_filter ] --START--
INFO: Run Behavior\ContentReplaceBehavior [ RunTime:0.000196s ]
INFO: [ template_filter ] --END-- [ RunTime:0.000264s ]
NOTIC: [8] Undefined variable: cloud D:\myenv\apache\htdocs\pgyidc\Application\Runtime\Cache\Admin\24688f774a7f6f9f9509b6bef05c55c8.php 第 207 行.
NOTIC: [8] Undefined variable: physical D:\myenv\apache\htdocs\pgyidc\Application\Runtime\Cache\Admin\24688f774a7f6f9f9509b6bef05c55c8.php 第 216 行.
NOTIC: [8] Undefined variable: firewall D:\myenv\apache\htdocs\pgyidc\Application\Runtime\Cache\Admin\24688f774a7f6f9f9509b6bef05c55c8.php 第 236 行.
NOTIC: [8] Undefined variable: blockabroadip D:\myenv\apache\htdocs\pgyidc\Application\Runtime\Cache\Admin\24688f774a7f6f9f9509b6bef05c55c8.php 第 253 行.
NOTIC: [8] Undefined variable: guanwang D:\myenv\apache\htdocs\pgyidc\Application\Runtime\Cache\Admin\24688f774a7f6f9f9509b6bef05c55c8.php 第 265 行.
NOTIC: [8] Undefined variable: usercenter D:\myenv\apache\htdocs\pgyidc\Application\Runtime\Cache\Admin\24688f774a7f6f9f9509b6bef05c55c8.php 第 298 行.
NOTIC: [8] Undefined variable: keyword D:\myenv\apache\htdocs\pgyidc\Application\Runtime\Cache\Admin\24688f774a7f6f9f9509b6bef05c55c8.php 第 384 行.
INFO: Run Behavior\ParseTemplateBehavior [ RunTime:0.023464s ]
INFO: [ view_parse ] --END-- [ RunTime:0.023533s ]
INFO: [ view_filter ] --START--
INFO: Run Behavior\WriteHtmlCacheBehavior [ RunTime:0.000651s ]
INFO: [ view_filter ] --END-- [ RunTime:0.000711s ]
INFO: [ app_end ] --START--
INFO: Run Behavior\ShowPageTraceBehavior [ RunTime:0.000917s ]
INFO: [ app_end ] --END-- [ RunTime:0.001015s ]

[ 2018-06-29T10:29:08+08:00 ] 127.0.0.1 /Admin/Officweb/jdcloudlist/p/3.html
INFO: [ app_init ] --START--
INFO: Run Behavior\BuildLiteBehavior [ RunTime:0.000014s ]
INFO: [ app_init ] --END-- [ RunTime:0.000409s ]
INFO: [ app_begin ] --START--
INFO: Run Behavior\ReadHtmlCacheBehavior [ RunTime:0.000591s ]
INFO: [ app_begin ] --END-- [ RunTime:0.000647s ]
SQL: SHOW COLUMNS FROM `jdcstandard` [ RunTime:0.0081s ]
SQL: SELECT * FROM `jdcstandard`  [ RunTime:0.0028s ]
SQL: SELECT COUNT(*) AS tp_count FROM `jdcstandard` WHERE `standardtype` LIKE '%%' OR `standard` LIKE '%%' LIMIT 1   [ RunTime:0.0019s ]
SQL: SELECT * FROM `jdcstandard` WHERE `standardtype` LIKE '%%' OR `standard` LIKE '%%' ORDER BY id DESC LIMIT 30,15   [ RunTime:0.0023s ]
SQL: SHOW COLUMNS FROM `jdcprice` [ RunTime:0.0082s ]
SQL: SELECT * FROM `jdcprice`  [ RunTime:0.0011s ]
NOTIC: [8] Undefined variable: fid D:\myenv\apache\htdocs\pgyidc\Application\Admin\Controller\OfficwebController.class.php 第 311 行.
INFO: [ view_parse ] --START--
INFO: [ template_filter ] --START--
INFO: Run Behavior\ContentReplaceBehavior [ RunTime:0.000156s ]
INFO: [ template_filter ] --END-- [ RunTime:0.000212s ]
NOTIC: [8] Undefined variable: cloud D:\myenv\apache\htdocs\pgyidc\Application\Runtime\Cache\Admin\24688f774a7f6f9f9509b6bef05c55c8.php 第 207 行.
NOTIC: [8] Undefined variable: physical D:\myenv\apache\htdocs\pgyidc\Application\Runtime\Cache\Admin\24688f774a7f6f9f9509b6bef05c55c8.php 第 216 行.
NOTIC: [8] Undefined variable: firewall D:\myenv\apache\htdocs\pgyidc\Application\Runtime\Cache\Admin\24688f774a7f6f9f9509b6bef05c55c8.php 第 236 行.
NOTIC: [8] Undefined variable: blockabroadip D:\myenv\apache\htdocs\pgyidc\Application\Runtime\Cache\Admin\24688f774a7f6f9f9509b6bef05c55c8.php 第 253 行.
NOTIC: [8] Undefined variable: guanwang D:\myenv\apache\htdocs\pgyidc\Application\Runtime\Cache\Admin\24688f774a7f6f9f9509b6bef05c55c8.php 第 265 行.
NOTIC: [8] Undefined variable: usercenter D:\myenv\apache\htdocs\pgyidc\Application\Runtime\Cache\Admin\24688f774a7f6f9f9509b6bef05c55c8.php 第 298 行.
NOTIC: [8] Undefined variable: keyword D:\myenv\apache\htdocs\pgyidc\Application\Runtime\Cache\Admin\24688f774a7f6f9f9509b6bef05c55c8.php 第 384 行.
INFO: Run Behavior\ParseTemplateBehavior [ RunTime:0.018010s ]
INFO: [ view_parse ] --END-- [ RunTime:0.018062s ]
INFO: [ view_filter ] --START--
INFO: Run Behavior\WriteHtmlCacheBehavior [ RunTime:0.000402s ]
INFO: [ view_filter ] --END-- [ RunTime:0.000444s ]
INFO: [ app_end ] --START--
INFO: Run Behavior\ShowPageTraceBehavior [ RunTime:0.000674s ]
INFO: [ app_end ] --END-- [ RunTime:0.000726s ]

[ 2018-06-29T10:29:11+08:00 ] 127.0.0.1 /Admin/Officweb/jdcloudlist/p/2.html
INFO: [ app_init ] --START--
INFO: Run Behavior\BuildLiteBehavior [ RunTime:0.000013s ]
INFO: [ app_init ] --END-- [ RunTime:0.000400s ]
INFO: [ app_begin ] --START--
INFO: Run Behavior\ReadHtmlCacheBehavior [ RunTime:0.000573s ]
INFO: [ app_begin ] --END-- [ RunTime:0.000626s ]
SQL: SHOW COLUMNS FROM `jdcstandard` [ RunTime:0.0121s ]
SQL: SELECT * FROM `jdcstandard`  [ RunTime:0.0025s ]
SQL: SELECT COUNT(*) AS tp_count FROM `jdcstandard` WHERE `standardtype` LIKE '%%' OR `standard` LIKE '%%' LIMIT 1   [ RunTime:0.0012s ]
SQL: SELECT * FROM `jdcstandard` WHERE `standardtype` LIKE '%%' OR `standard` LIKE '%%' ORDER BY id DESC LIMIT 15,15   [ RunTime:0.0015s ]
SQL: SHOW COLUMNS FROM `jdcprice` [ RunTime:0.0122s ]
SQL: SELECT * FROM `jdcprice`  [ RunTime:0.0012s ]
NOTIC: [8] Undefined variable: fid D:\myenv\apache\htdocs\pgyidc\Application\Admin\Controller\OfficwebController.class.php 第 311 行.
INFO: [ view_parse ] --START--
INFO: [ template_filter ] --START--
INFO: Run Behavior\ContentReplaceBehavior [ RunTime:0.000189s ]
INFO: [ template_filter ] --END-- [ RunTime:0.000256s ]
NOTIC: [8] Undefined variable: cloud D:\myenv\apache\htdocs\pgyidc\Application\Runtime\Cache\Admin\24688f774a7f6f9f9509b6bef05c55c8.php 第 207 行.
NOTIC: [8] Undefined variable: physical D:\myenv\apache\htdocs\pgyidc\Application\Runtime\Cache\Admin\24688f774a7f6f9f9509b6bef05c55c8.php 第 216 行.
NOTIC: [8] Undefined variable: firewall D:\myenv\apache\htdocs\pgyidc\Application\Runtime\Cache\Admin\24688f774a7f6f9f9509b6bef05c55c8.php 第 236 行.
NOTIC: [8] Undefined variable: blockabroadip D:\myenv\apache\htdocs\pgyidc\Application\Runtime\Cache\Admin\24688f774a7f6f9f9509b6bef05c55c8.php 第 253 行.
NOTIC: [8] Undefined variable: guanwang D:\myenv\apache\htdocs\pgyidc\Application\Runtime\Cache\Admin\24688f774a7f6f9f9509b6bef05c55c8.php 第 265 行.
NOTIC: [8] Undefined variable: usercenter D:\myenv\apache\htdocs\pgyidc\Application\Runtime\Cache\Admin\24688f774a7f6f9f9509b6bef05c55c8.php 第 298 行.
NOTIC: [8] Undefined variable: keyword D:\myenv\apache\htdocs\pgyidc\Application\Runtime\Cache\Admin\24688f774a7f6f9f9509b6bef05c55c8.php 第 384 行.
INFO: Run Behavior\ParseTemplateBehavior [ RunTime:0.022039s ]
INFO: [ view_parse ] --END-- [ RunTime:0.022106s ]
INFO: [ view_filter ] --START--
INFO: Run Behavior\WriteHtmlCacheBehavior [ RunTime:0.000549s ]
INFO: [ view_filter ] --END-- [ RunTime:0.000608s ]
INFO: [ app_end ] --START--
INFO: Run Behavior\ShowPageTraceBehavior [ RunTime:0.000851s ]
INFO: [ app_end ] --END-- [ RunTime:0.000929s ]

[ 2018-06-29T10:29:13+08:00 ] 127.0.0.1 /Admin/Officweb/jdcloudlist/p/1.html
INFO: [ app_init ] --START--
INFO: Run Behavior\BuildLiteBehavior [ RunTime:0.000013s ]
INFO: [ app_init ] --END-- [ RunTime:0.000443s ]
INFO: [ app_begin ] --START--
INFO: Run Behavior\ReadHtmlCacheBehavior [ RunTime:0.000633s ]
INFO: [ app_begin ] --END-- [ RunTime:0.000689s ]
SQL: SHOW COLUMNS FROM `jdcstandard` [ RunTime:0.0128s ]
SQL: SELECT * FROM `jdcstandard`  [ RunTime:0.0032s ]
SQL: SELECT COUNT(*) AS tp_count FROM `jdcstandard` WHERE `standardtype` LIKE '%%' OR `standard` LIKE '%%' LIMIT 1   [ RunTime:0.0016s ]
SQL: SELECT * FROM `jdcstandard` WHERE `standardtype` LIKE '%%' OR `standard` LIKE '%%' ORDER BY id DESC LIMIT 0,15   [ RunTime:0.0017s ]
SQL: SHOW COLUMNS FROM `jdcprice` [ RunTime:0.0119s ]
SQL: SELECT * FROM `jdcprice`  [ RunTime:0.0026s ]
NOTIC: [8] Undefined variable: fid D:\myenv\apache\htdocs\pgyidc\Application\Admin\Controller\OfficwebController.class.php 第 311 行.
INFO: [ view_parse ] --START--
INFO: [ template_filter ] --START--
INFO: Run Behavior\ContentReplaceBehavior [ RunTime:0.000329s ]
INFO: [ template_filter ] --END-- [ RunTime:0.000435s ]
NOTIC: [8] Undefined variable: cloud D:\myenv\apache\htdocs\pgyidc\Application\Runtime\Cache\Admin\24688f774a7f6f9f9509b6bef05c55c8.php 第 207 行.
NOTIC: [8] Undefined variable: physical D:\myenv\apache\htdocs\pgyidc\Application\Runtime\Cache\Admin\24688f774a7f6f9f9509b6bef05c55c8.php 第 216 行.
NOTIC: [8] Undefined variable: firewall D:\myenv\apache\htdocs\pgyidc\Application\Runtime\Cache\Admin\24688f774a7f6f9f9509b6bef05c55c8.php 第 236 行.
NOTIC: [8] Undefined variable: blockabroadip D:\myenv\apache\htdocs\pgyidc\Application\Runtime\Cache\Admin\24688f774a7f6f9f9509b6bef05c55c8.php 第 253 行.
NOTIC: [8] Undefined variable: guanwang D:\myenv\apache\htdocs\pgyidc\Application\Runtime\Cache\Admin\24688f774a7f6f9f9509b6bef05c55c8.php 第 265 行.
NOTIC: [8] Undefined variable: usercenter D:\myenv\apache\htdocs\pgyidc\Application\Runtime\Cache\Admin\24688f774a7f6f9f9509b6bef05c55c8.php 第 298 行.
NOTIC: [8] Undefined variable: keyword D:\myenv\apache\htdocs\pgyidc\Application\Runtime\Cache\Admin\24688f774a7f6f9f9509b6bef05c55c8.php 第 384 行.
INFO: Run Behavior\ParseTemplateBehavior [ RunTime:0.033952s ]
INFO: [ view_parse ] --END-- [ RunTime:0.034034s ]
INFO: [ view_filter ] --START--
INFO: Run Behavior\WriteHtmlCacheBehavior [ RunTime:0.000359s ]
INFO: [ view_filter ] --END-- [ RunTime:0.000402s ]
INFO: [ app_end ] --START--
INFO: Run Behavior\ShowPageTraceBehavior [ RunTime:0.000735s ]
INFO: [ app_end ] --END-- [ RunTime:0.000787s ]

[ 2018-06-29T10:29:44+08:00 ] 127.0.0.1 /Admin/Officweb/jdcloudlist/p/2.html
INFO: [ app_init ] --START--
INFO: Run Behavior\BuildLiteBehavior [ RunTime:0.000013s ]
INFO: [ app_init ] --END-- [ RunTime:0.000448s ]
INFO: [ app_begin ] --START--
INFO: Run Behavior\ReadHtmlCacheBehavior [ RunTime:0.000589s ]
INFO: [ app_begin ] --END-- [ RunTime:0.000641s ]
SQL: SHOW COLUMNS FROM `jdcstandard` [ RunTime:0.0118s ]
SQL: SELECT * FROM `jdcstandard`  [ RunTime:0.0030s ]
SQL: SELECT COUNT(*) AS tp_count FROM `jdcstandard` WHERE `standardtype` LIKE '%%' OR `standard` LIKE '%%' LIMIT 1   [ RunTime:0.0011s ]
SQL: SELECT * FROM `jdcstandard` WHERE `standardtype` LIKE '%%' OR `standard` LIKE '%%' ORDER BY id DESC LIMIT 15,15   [ RunTime:0.0013s ]
SQL: SHOW COLUMNS FROM `jdcprice` [ RunTime:0.0090s ]
SQL: SELECT * FROM `jdcprice`  [ RunTime:0.0012s ]
NOTIC: [8] Undefined variable: fid D:\myenv\apache\htdocs\pgyidc\Application\Admin\Controller\OfficwebController.class.php 第 311 行.
INFO: [ view_parse ] --START--
INFO: [ template_filter ] --START--
INFO: Run Behavior\ContentReplaceBehavior [ RunTime:0.000164s ]
INFO: [ template_filter ] --END-- [ RunTime:0.000226s ]
NOTIC: [8] Undefined variable: cloud D:\myenv\apache\htdocs\pgyidc\Application\Runtime\Cache\Admin\24688f774a7f6f9f9509b6bef05c55c8.php 第 207 行.
NOTIC: [8] Undefined variable: physical D:\myenv\apache\htdocs\pgyidc\Application\Runtime\Cache\Admin\24688f774a7f6f9f9509b6bef05c55c8.php 第 216 行.
NOTIC: [8] Undefined variable: firewall D:\myenv\apache\htdocs\pgyidc\Application\Runtime\Cache\Admin\24688f774a7f6f9f9509b6bef05c55c8.php 第 236 行.
NOTIC: [8] Undefined variable: blockabroadip D:\myenv\apache\htdocs\pgyidc\Application\Runtime\Cache\Admin\24688f774a7f6f9f9509b6bef05c55c8.php 第 253 行.
NOTIC: [8] Undefined variable: guanwang D:\myenv\apache\htdocs\pgyidc\Application\Runtime\Cache\Admin\24688f774a7f6f9f9509b6bef05c55c8.php 第 265 行.
NOTIC: [8] Undefined variable: usercenter D:\myenv\apache\htdocs\pgyidc\Application\Runtime\Cache\Admin\24688f774a7f6f9f9509b6bef05c55c8.php 第 298 行.
NOTIC: [8] Undefined variable: keyword D:\myenv\apache\htdocs\pgyidc\Application\Runtime\Cache\Admin\24688f774a7f6f9f9509b6bef05c55c8.php 第 384 行.
INFO: Run Behavior\ParseTemplateBehavior [ RunTime:0.018914s ]
INFO: [ view_parse ] --END-- [ RunTime:0.018971s ]
INFO: [ view_filter ] --START--
INFO: Run Behavior\WriteHtmlCacheBehavior [ RunTime:0.000471s ]
INFO: [ view_filter ] --END-- [ RunTime:0.000520s ]
INFO: [ app_end ] --START--
INFO: Run Behavior\ShowPageTraceBehavior [ RunTime:0.000745s ]
INFO: [ app_end ] --END-- [ RunTime:0.000824s ]

[ 2018-06-29T10:29:47+08:00 ] 127.0.0.1 /Admin/Officweb/jdcloudlist/p/3.html
INFO: [ app_init ] --START--
INFO: Run Behavior\BuildLiteBehavior [ RunTime:0.000012s ]
INFO: [ app_init ] --END-- [ RunTime:0.000426s ]
INFO: [ app_begin ] --START--
INFO: Run Behavior\ReadHtmlCacheBehavior [ RunTime:0.000627s ]
INFO: [ app_begin ] --END-- [ RunTime:0.000685s ]
SQL: SHOW COLUMNS FROM `jdcstandard` [ RunTime:0.0122s ]
SQL: SELECT * FROM `jdcstandard`  [ RunTime:0.0028s ]
SQL: SELECT COUNT(*) AS tp_count FROM `jdcstandard` WHERE `standardtype` LIKE '%%' OR `standard` LIKE '%%' LIMIT 1   [ RunTime:0.0010s ]
SQL: SELECT * FROM `jdcstandard` WHERE `standardtype` LIKE '%%' OR `standard` LIKE '%%' ORDER BY id DESC LIMIT 30,15   [ RunTime:0.0010s ]
SQL: SHOW COLUMNS FROM `jdcprice` [ RunTime:0.0119s ]
SQL: SELECT * FROM `jdcprice`  [ RunTime:0.0023s ]
NOTIC: [8] Undefined variable: fid D:\myenv\apache\htdocs\pgyidc\Application\Admin\Controller\OfficwebController.class.php 第 311 行.
INFO: [ view_parse ] --START--
INFO: [ template_filter ] --START--
INFO: Run Behavior\ContentReplaceBehavior [ RunTime:0.000205s ]
INFO: [ template_filter ] --END-- [ RunTime:0.000272s ]
NOTIC: [8] Undefined variable: cloud D:\myenv\apache\htdocs\pgyidc\Application\Runtime\Cache\Admin\24688f774a7f6f9f9509b6bef05c55c8.php 第 207 行.
NOTIC: [8] Undefined variable: physical D:\myenv\apache\htdocs\pgyidc\Application\Runtime\Cache\Admin\24688f774a7f6f9f9509b6bef05c55c8.php 第 216 行.
NOTIC: [8] Undefined variable: firewall D:\myenv\apache\htdocs\pgyidc\Application\Runtime\Cache\Admin\24688f774a7f6f9f9509b6bef05c55c8.php 第 236 行.
NOTIC: [8] Undefined variable: blockabroadip D:\myenv\apache\htdocs\pgyidc\Application\Runtime\Cache\Admin\24688f774a7f6f9f9509b6bef05c55c8.php 第 253 行.
NOTIC: [8] Undefined variable: guanwang D:\myenv\apache\htdocs\pgyidc\Application\Runtime\Cache\Admin\24688f774a7f6f9f9509b6bef05c55c8.php 第 265 行.
NOTIC: [8] Undefined variable: usercenter D:\myenv\apache\htdocs\pgyidc\Application\Runtime\Cache\Admin\24688f774a7f6f9f9509b6bef05c55c8.php 第 298 行.
NOTIC: [8] Undefined variable: keyword D:\myenv\apache\htdocs\pgyidc\Application\Runtime\Cache\Admin\24688f774a7f6f9f9509b6bef05c55c8.php 第 384 行.
INFO: Run Behavior\ParseTemplateBehavior [ RunTime:0.025286s ]
INFO: [ view_parse ] --END-- [ RunTime:0.025371s ]
INFO: [ view_filter ] --START--
INFO: Run Behavior\WriteHtmlCacheBehavior [ RunTime:0.000612s ]
INFO: [ view_filter ] --END-- [ RunTime:0.000672s ]
INFO: [ app_end ] --START--
INFO: Run Behavior\ShowPageTraceBehavior [ RunTime:0.000944s ]
INFO: [ app_end ] --END-- [ RunTime:0.001038s ]

[ 2018-06-29T10:29:58+08:00 ] 127.0.0.1 /Admin/Officweb/jdcloudlist/p/1.html
INFO: [ app_init ] --START--
INFO: Run Behavior\BuildLiteBehavior [ RunTime:0.000021s ]
INFO: [ app_init ] --END-- [ RunTime:0.000453s ]
INFO: [ app_begin ] --START--
INFO: Run Behavior\ReadHtmlCacheBehavior [ RunTime:0.000658s ]
INFO: [ app_begin ] --END-- [ RunTime:0.000714s ]
SQL: SHOW COLUMNS FROM `jdcstandard` [ RunTime:0.0122s ]
SQL: SELECT * FROM `jdcstandard`  [ RunTime:0.0027s ]
SQL: SELECT COUNT(*) AS tp_count FROM `jdcstandard` WHERE `standardtype` LIKE '%%' OR `standard` LIKE '%%' LIMIT 1   [ RunTime:0.0013s ]
SQL: SELECT * FROM `jdcstandard` WHERE `standardtype` LIKE '%%' OR `standard` LIKE '%%' ORDER BY id DESC LIMIT 0,15   [ RunTime:0.0015s ]
SQL: SHOW COLUMNS FROM `jdcprice` [ RunTime:0.0117s ]
SQL: SELECT * FROM `jdcprice`  [ RunTime:0.0022s ]
NOTIC: [8] Undefined variable: fid D:\myenv\apache\htdocs\pgyidc\Application\Admin\Controller\OfficwebController.class.php 第 311 行.
INFO: [ view_parse ] --START--
INFO: [ template_filter ] --START--
INFO: Run Behavior\ContentReplaceBehavior [ RunTime:0.000191s ]
INFO: [ template_filter ] --END-- [ RunTime:0.000252s ]
NOTIC: [8] Undefined variable: cloud D:\myenv\apache\htdocs\pgyidc\Application\Runtime\Cache\Admin\24688f774a7f6f9f9509b6bef05c55c8.php 第 207 行.
NOTIC: [8] Undefined variable: physical D:\myenv\apache\htdocs\pgyidc\Application\Runtime\Cache\Admin\24688f774a7f6f9f9509b6bef05c55c8.php 第 216 行.
NOTIC: [8] Undefined variable: firewall D:\myenv\apache\htdocs\pgyidc\Application\Runtime\Cache\Admin\24688f774a7f6f9f9509b6bef05c55c8.php 第 236 行.
NOTIC: [8] Undefined variable: blockabroadip D:\myenv\apache\htdocs\pgyidc\Application\Runtime\Cache\Admin\24688f774a7f6f9f9509b6bef05c55c8.php 第 253 行.
NOTIC: [8] Undefined variable: guanwang D:\myenv\apache\htdocs\pgyidc\Application\Runtime\Cache\Admin\24688f774a7f6f9f9509b6bef05c55c8.php 第 265 行.
NOTIC: [8] Undefined variable: usercenter D:\myenv\apache\htdocs\pgyidc\Application\Runtime\Cache\Admin\24688f774a7f6f9f9509b6bef05c55c8.php 第 298 行.
NOTIC: [8] Undefined variable: keyword D:\myenv\apache\htdocs\pgyidc\Application\Runtime\Cache\Admin\24688f774a7f6f9f9509b6bef05c55c8.php 第 384 行.
INFO: Run Behavior\ParseTemplateBehavior [ RunTime:0.023617s ]
INFO: [ view_parse ] --END-- [ RunTime:0.023703s ]
INFO: [ view_filter ] --START--
INFO: Run Behavior\WriteHtmlCacheBehavior [ RunTime:0.000469s ]
INFO: [ view_filter ] --END-- [ RunTime:0.000523s ]
INFO: [ app_end ] --START--
INFO: Run Behavior\ShowPageTraceBehavior [ RunTime:0.000781s ]
INFO: [ app_end ] --END-- [ RunTime:0.000848s ]

[ 2018-06-29T10:30:14+08:00 ] 127.0.0.1 /Admin/officweb/cloudlist.html
INFO: [ app_init ] --START--
INFO: Run Behavior\BuildLiteBehavior [ RunTime:0.000012s ]
INFO: [ app_init ] --END-- [ RunTime:0.000398s ]
INFO: [ app_begin ] --START--
INFO: Run Behavior\ReadHtmlCacheBehavior [ RunTime:0.000613s ]
INFO: [ app_begin ] --END-- [ RunTime:0.000669s ]
SQL: SHOW COLUMNS FROM `configinfo` [ RunTime:0.0246s ]
SQL: SHOW COLUMNS FROM `configlist` [ RunTime:0.0074s ]
SQL: SELECT `ID`,`Title` FROM `configlist` WHERE ( Property=0 ) ORDER BY Px ASC  [ RunTime:0.0010s ]
SQL: SELECT `CID`,`Title` FROM `configinfo` WHERE `DataType` = 0 AND `NavData` = 1 AND `DataName` = 0 ORDER BY CID ASC  [ RunTime:0.0004s ]
NOTIC: [8] Undefined variable: datatype D:\myenv\apache\htdocs\pgyidc\Application\Admin\Controller\OfficwebController.class.php 第 282 行.
INFO: [ view_parse ] --START--
INFO: [ template_filter ] --START--
INFO: Run Behavior\ContentReplaceBehavior [ RunTime:0.000140s ]
INFO: [ template_filter ] --END-- [ RunTime:0.000201s ]
NOTIC: [8] Undefined variable: cloud D:\myenv\apache\htdocs\pgyidc\Application\Runtime\Cache\Admin\d835a3852ff4fa9b0924afb033133a4c.php 第 207 行.
NOTIC: [8] Undefined variable: physical D:\myenv\apache\htdocs\pgyidc\Application\Runtime\Cache\Admin\d835a3852ff4fa9b0924afb033133a4c.php 第 216 行.
NOTIC: [8] Undefined variable: firewall D:\myenv\apache\htdocs\pgyidc\Application\Runtime\Cache\Admin\d835a3852ff4fa9b0924afb033133a4c.php 第 236 行.
NOTIC: [8] Undefined variable: blockabroadip D:\myenv\apache\htdocs\pgyidc\Application\Runtime\Cache\Admin\d835a3852ff4fa9b0924afb033133a4c.php 第 253 行.
NOTIC: [8] Undefined variable: guanwang D:\myenv\apache\htdocs\pgyidc\Application\Runtime\Cache\Admin\d835a3852ff4fa9b0924afb033133a4c.php 第 265 行.
NOTIC: [8] Undefined variable: usercenter D:\myenv\apache\htdocs\pgyidc\Application\Runtime\Cache\Admin\d835a3852ff4fa9b0924afb033133a4c.php 第 298 行.
NOTIC: [8] Undefined index: quotid D:\myenv\apache\htdocs\pgyidc\Application\Runtime\Cache\Admin\d835a3852ff4fa9b0924afb033133a4c.php 第 374 行.
NOTIC: [8] Undefined index: quotid D:\myenv\apache\htdocs\pgyidc\Application\Runtime\Cache\Admin\d835a3852ff4fa9b0924afb033133a4c.php 第 374 行.
INFO: Run Behavior\ParseTemplateBehavior [ RunTime:0.032333s ]
INFO: [ view_parse ] --END-- [ RunTime:0.032389s ]
INFO: [ view_filter ] --START--
INFO: Run Behavior\WriteHtmlCacheBehavior [ RunTime:0.000459s ]
INFO: [ view_filter ] --END-- [ RunTime:0.000505s ]
INFO: [ app_end ] --START--
INFO: Run Behavior\ShowPageTraceBehavior [ RunTime:0.000683s ]
INFO: [ app_end ] --END-- [ RunTime:0.000740s ]

[ 2018-06-29T10:30:16+08:00 ] 127.0.0.1 /Admin/officweb/jdcloudlist.html
INFO: [ app_init ] --START--
INFO: Run Behavior\BuildLiteBehavior [ RunTime:0.000013s ]
INFO: [ app_init ] --END-- [ RunTime:0.000406s ]
INFO: [ app_begin ] --START--
INFO: Run Behavior\ReadHtmlCacheBehavior [ RunTime:0.000624s ]
INFO: [ app_begin ] --END-- [ RunTime:0.000679s ]
SQL: SHOW COLUMNS FROM `jdcstandard` [ RunTime:0.0063s ]
SQL: SELECT * FROM `jdcstandard`  [ RunTime:0.0010s ]
SQL: SELECT COUNT(*) AS tp_count FROM `jdcstandard` WHERE `standardtype` LIKE '%%' OR `standard` LIKE '%%' LIMIT 1   [ RunTime:0.0006s ]
SQL: SELECT * FROM `jdcstandard` WHERE `standardtype` LIKE '%%' OR `standard` LIKE '%%' ORDER BY id DESC LIMIT 0,15   [ RunTime:0.0005s ]
SQL: SHOW COLUMNS FROM `jdcprice` [ RunTime:0.0057s ]
SQL: SELECT * FROM `jdcprice`  [ RunTime:0.0009s ]
NOTIC: [8] Undefined variable: fid D:\myenv\apache\htdocs\pgyidc\Application\Admin\Controller\OfficwebController.class.php 第 311 行.
INFO: [ view_parse ] --START--
INFO: [ template_filter ] --START--
INFO: Run Behavior\ContentReplaceBehavior [ RunTime:0.000161s ]
INFO: [ template_filter ] --END-- [ RunTime:0.000211s ]
NOTIC: [8] Undefined variable: cloud D:\myenv\apache\htdocs\pgyidc\Application\Runtime\Cache\Admin\24688f774a7f6f9f9509b6bef05c55c8.php 第 207 行.
NOTIC: [8] Undefined variable: physical D:\myenv\apache\htdocs\pgyidc\Application\Runtime\Cache\Admin\24688f774a7f6f9f9509b6bef05c55c8.php 第 216 行.
NOTIC: [8] Undefined variable: firewall D:\myenv\apache\htdocs\pgyidc\Application\Runtime\Cache\Admin\24688f774a7f6f9f9509b6bef05c55c8.php 第 236 行.
NOTIC: [8] Undefined variable: blockabroadip D:\myenv\apache\htdocs\pgyidc\Application\Runtime\Cache\Admin\24688f774a7f6f9f9509b6bef05c55c8.php 第 253 行.
NOTIC: [8] Undefined variable: guanwang D:\myenv\apache\htdocs\pgyidc\Application\Runtime\Cache\Admin\24688f774a7f6f9f9509b6bef05c55c8.php 第 265 行.
NOTIC: [8] Undefined variable: usercenter D:\myenv\apache\htdocs\pgyidc\Application\Runtime\Cache\Admin\24688f774a7f6f9f9509b6bef05c55c8.php 第 298 行.
NOTIC: [8] Undefined variable: keyword D:\myenv\apache\htdocs\pgyidc\Application\Runtime\Cache\Admin\24688f774a7f6f9f9509b6bef05c55c8.php 第 384 行.
INFO: Run Behavior\ParseTemplateBehavior [ RunTime:0.017486s ]
INFO: [ view_parse ] --END-- [ RunTime:0.017535s ]
INFO: [ view_filter ] --START--
INFO: Run Behavior\WriteHtmlCacheBehavior [ RunTime:0.000384s ]
INFO: [ view_filter ] --END-- [ RunTime:0.000425s ]
INFO: [ app_end ] --START--
INFO: Run Behavior\ShowPageTraceBehavior [ RunTime:0.000735s ]
INFO: [ app_end ] --END-- [ RunTime:0.000801s ]

[ 2018-06-29T15:08:35+08:00 ] 127.0.0.1 /Admin/Officweb/jdcloudlist.html
INFO: [ app_init ] --START--
INFO: Run Behavior\BuildLiteBehavior [ RunTime:0.000013s ]
INFO: [ app_init ] --END-- [ RunTime:0.000460s ]
INFO: [ app_begin ] --START--
INFO: Run Behavior\ReadHtmlCacheBehavior [ RunTime:0.000731s ]
INFO: [ app_begin ] --END-- [ RunTime:0.000789s ]
SQL: SHOW COLUMNS FROM `jdcstandard` [ RunTime:0.0127s ]
SQL: SELECT * FROM `jdcstandard`  [ RunTime:0.0030s ]
SQL: SELECT COUNT(*) AS tp_count FROM `jdcstandard` WHERE `standardtype` LIKE '%g.n1.medium%' OR `standard` LIKE '%g.n1.medium%' LIMIT 1   [ RunTime:0.0014s ]
SQL: SELECT * FROM `jdcstandard` WHERE `standardtype` LIKE '%g.n1.medium%' OR `standard` LIKE '%g.n1.medium%' ORDER BY id DESC LIMIT 0,15   [ RunTime:0.0014s ]
SQL: SHOW COLUMNS FROM `jdcprice` [ RunTime:0.0120s ]
SQL: SELECT * FROM `jdcprice`  [ RunTime:0.0025s ]
NOTIC: [8] Undefined variable: fid D:\myenv\apache\htdocs\pgyidc\Application\Admin\Controller\OfficwebController.class.php 第 311 行.
INFO: [ view_parse ] --START--
INFO: [ template_filter ] --START--
INFO: Run Behavior\ContentReplaceBehavior [ RunTime:0.000206s ]
INFO: [ template_filter ] --END-- [ RunTime:0.000280s ]
NOTIC: [8] Undefined variable: cloud D:\myenv\apache\htdocs\pgyidc\Application\Runtime\Cache\Admin\24688f774a7f6f9f9509b6bef05c55c8.php 第 207 行.
NOTIC: [8] Undefined variable: physical D:\myenv\apache\htdocs\pgyidc\Application\Runtime\Cache\Admin\24688f774a7f6f9f9509b6bef05c55c8.php 第 216 行.
NOTIC: [8] Undefined variable: firewall D:\myenv\apache\htdocs\pgyidc\Application\Runtime\Cache\Admin\24688f774a7f6f9f9509b6bef05c55c8.php 第 236 行.
NOTIC: [8] Undefined variable: blockabroadip D:\myenv\apache\htdocs\pgyidc\Application\Runtime\Cache\Admin\24688f774a7f6f9f9509b6bef05c55c8.php 第 253 行.
NOTIC: [8] Undefined variable: guanwang D:\myenv\apache\htdocs\pgyidc\Application\Runtime\Cache\Admin\24688f774a7f6f9f9509b6bef05c55c8.php 第 265 行.
NOTIC: [8] Undefined variable: usercenter D:\myenv\apache\htdocs\pgyidc\Application\Runtime\Cache\Admin\24688f774a7f6f9f9509b6bef05c55c8.php 第 298 行.
NOTIC: [8] Undefined variable: keyword D:\myenv\apache\htdocs\pgyidc\Application\Runtime\Cache\Admin\24688f774a7f6f9f9509b6bef05c55c8.php 第 384 行.
INFO: Run Behavior\ParseTemplateBehavior [ RunTime:0.030751s ]
INFO: [ view_parse ] --END-- [ RunTime:0.030839s ]
INFO: [ view_filter ] --START--
INFO: Run Behavior\WriteHtmlCacheBehavior [ RunTime:0.000722s ]
INFO: [ view_filter ] --END-- [ RunTime:0.000783s ]
INFO: [ app_end ] --START--
INFO: Run Behavior\ShowPageTraceBehavior [ RunTime:0.001358s ]
INFO: [ app_end ] --END-- [ RunTime:0.001452s ]

[ 2018-06-29T15:08:40+08:00 ] 127.0.0.1 /Admin/Officweb/savesd
INFO: [ app_init ] --START--
INFO: Run Behavior\BuildLiteBehavior [ RunTime:0.000013s ]
INFO: [ app_init ] --END-- [ RunTime:0.000451s ]
INFO: [ app_begin ] --START--
INFO: Run Behavior\ReadHtmlCacheBehavior [ RunTime:0.000634s ]
INFO: [ app_begin ] --END-- [ RunTime:0.000686s ]
SQL: SHOW COLUMNS FROM `jdcstandard` [ RunTime:0.0119s ]
SQL: UPDATE `jdcstandard` SET `price`='100' WHERE ( standard='g.n1.medium' ) [ RunTime:0.0281s ]

[ 2018-06-29T15:28:47+08:00 ] 127.0.0.1 /Admin/Officweb/jdcloudlist.html
INFO: [ app_init ] --START--
INFO: Run Behavior\BuildLiteBehavior [ RunTime:0.000013s ]
INFO: [ app_init ] --END-- [ RunTime:0.000435s ]
INFO: [ app_begin ] --START--
INFO: Run Behavior\ReadHtmlCacheBehavior [ RunTime:0.000611s ]
INFO: [ app_begin ] --END-- [ RunTime:0.000669s ]
SQL: SHOW COLUMNS FROM `jdcstandard` [ RunTime:0.0067s ]
SQL: SELECT * FROM `jdcstandard`  [ RunTime:0.0012s ]
SQL: SELECT COUNT(*) AS tp_count FROM `jdcstandard` WHERE `standardtype` LIKE '%%' OR `standard` LIKE '%%' LIMIT 1   [ RunTime:0.0008s ]
SQL: SELECT * FROM `jdcstandard` WHERE `standardtype` LIKE '%%' OR `standard` LIKE '%%' ORDER BY id DESC LIMIT 0,15   [ RunTime:0.0008s ]
SQL: SHOW COLUMNS FROM `jdcprice` [ RunTime:0.0060s ]
SQL: SELECT * FROM `jdcprice`  [ RunTime:0.0014s ]
NOTIC: [8] Undefined variable: fid D:\myenv\apache\htdocs\pgyidc\Application\Admin\Controller\OfficwebController.class.php 第 311 行.
INFO: [ view_parse ] --START--
INFO: [ template_filter ] --START--
INFO: Run Behavior\ContentReplaceBehavior [ RunTime:0.000158s ]
INFO: [ template_filter ] --END-- [ RunTime:0.000220s ]
NOTIC: [8] Undefined variable: cloud D:\myenv\apache\htdocs\pgyidc\Application\Runtime\Cache\Admin\24688f774a7f6f9f9509b6bef05c55c8.php 第 207 行.
NOTIC: [8] Undefined variable: physical D:\myenv\apache\htdocs\pgyidc\Application\Runtime\Cache\Admin\24688f774a7f6f9f9509b6bef05c55c8.php 第 216 行.
NOTIC: [8] Undefined variable: firewall D:\myenv\apache\htdocs\pgyidc\Application\Runtime\Cache\Admin\24688f774a7f6f9f9509b6bef05c55c8.php 第 236 行.
NOTIC: [8] Undefined variable: blockabroadip D:\myenv\apache\htdocs\pgyidc\Application\Runtime\Cache\Admin\24688f774a7f6f9f9509b6bef05c55c8.php 第 253 行.
NOTIC: [8] Undefined variable: guanwang D:\myenv\apache\htdocs\pgyidc\Application\Runtime\Cache\Admin\24688f774a7f6f9f9509b6bef05c55c8.php 第 265 行.
NOTIC: [8] Undefined variable: usercenter D:\myenv\apache\htdocs\pgyidc\Application\Runtime\Cache\Admin\24688f774a7f6f9f9509b6bef05c55c8.php 第 298 行.
NOTIC: [8] Undefined variable: keyword D:\myenv\apache\htdocs\pgyidc\Application\Runtime\Cache\Admin\24688f774a7f6f9f9509b6bef05c55c8.php 第 384 行.
INFO: Run Behavior\ParseTemplateBehavior [ RunTime:0.020626s ]
INFO: [ view_parse ] --END-- [ RunTime:0.020689s ]
INFO: [ view_filter ] --START--
INFO: Run Behavior\WriteHtmlCacheBehavior [ RunTime:0.000606s ]
INFO: [ view_filter ] --END-- [ RunTime:0.000653s ]
INFO: [ app_end ] --START--
INFO: Run Behavior\ShowPageTraceBehavior [ RunTime:0.000783s ]
INFO: [ app_end ] --END-- [ RunTime:0.000844s ]

