[ 2018-06-07T15:24:12+08:00 ] 127.0.0.1 /Admin/login.html
INFO: [ app_init ] --START--
INFO: Run Behavior\BuildLiteBehavior [ RunTime:0.000011s ]
INFO: [ app_init ] --END-- [ RunTime:0.000490s ]
INFO: [ app_begin ] --START--
INFO: Run Behavior\ReadHtmlCacheBehavior [ RunTime:0.001734s ]
INFO: [ app_begin ] --END-- [ RunTime:0.001784s ]
INFO: [ view_parse ] --START--
INFO: [ template_filter ] --START--
INFO: Run Behavior\ContentReplaceBehavior [ RunTime:0.000055s ]
INFO: [ template_filter ] --END-- [ RunTime:0.000109s ]
INFO: Run Behavior\ParseTemplateBehavior [ RunTime:0.021941s ]
INFO: [ view_parse ] --END-- [ RunTime:0.022010s ]
INFO: [ view_filter ] --START--
INFO: Run Behavior\WriteHtmlCacheBehavior [ RunTime:0.000654s ]
INFO: [ view_filter ] --END-- [ RunTime:0.000697s ]
INFO: [ app_end ] --START--
INFO: Run Behavior\ShowPageTraceBehavior [ RunTime:0.000830s ]
INFO: [ app_end ] --END-- [ RunTime:0.000874s ]

[ 2018-06-07T15:24:30+08:00 ] 127.0.0.1 /Admin/User/loginin
INFO: [ app_init ] --START--
INFO: Run Behavior\BuildLiteBehavior [ RunTime:0.000014s ]
INFO: [ app_init ] --END-- [ RunTime:0.000551s ]
INFO: [ app_begin ] --START--
INFO: Run Behavior\ReadHtmlCacheBehavior [ RunTime:0.000872s ]
INFO: [ app_begin ] --END-- [ RunTime:0.000924s ]
SQL: SHOW COLUMNS FROM `users` [ RunTime:0.0138s ]
SQL: SELECT `UserID` FROM `users` WHERE (  `UserName` = 'kefu8' OR `LinkMail` = 'kefu8' ) LIMIT 1   [ RunTime:0.0019s ]
SQL: SELECT * FROM `users` WHERE (  `UserName` = 'kefu8' OR `LinkMail` = 'kefu8' ) LIMIT 1   [ RunTime:0.0018s ]

[ 2018-06-07T15:24:32+08:00 ] 127.0.0.1 /Admin/index/index
INFO: [ app_init ] --START--
INFO: Run Behavior\BuildLiteBehavior [ RunTime:0.000025s ]
INFO: [ app_init ] --END-- [ RunTime:0.001034s ]
INFO: [ app_begin ] --START--
INFO: Run Behavior\ReadHtmlCacheBehavior [ RunTime:0.001042s ]
INFO: [ app_begin ] --END-- [ RunTime:0.001108s ]
SQL: SHOW COLUMNS FROM `paylog` [ RunTime:0.0137s ]
SQL: SELECT SUM(money) as my FROM `paylog` WHERE ( userid=4 and datatype=0 )  [ RunTime:0.0025s ]
SQL: SELECT SUM(money) as my FROM `paylog` WHERE ( userid=4 and datatype=1 )  [ RunTime:0.0016s ]
INFO: [ view_parse ] --START--
INFO: [ template_filter ] --START--
INFO: Run Behavior\ContentReplaceBehavior [ RunTime:0.000219s ]
INFO: [ template_filter ] --END-- [ RunTime:0.000286s ]
NOTIC: [8] Undefined variable: datatype D:\myenv\apache\htdocs\pgyidc\Application\Runtime\Cache\Admin\b595b808c2ebeeeb0478ffc30bb4e87a.php 第 876 行.
NOTIC: [8] Undefined variable: fid D:\myenv\apache\htdocs\pgyidc\Application\Runtime\Cache\Admin\b595b808c2ebeeeb0478ffc30bb4e87a.php 第 877 行.
INFO: Run Behavior\ParseTemplateBehavior [ RunTime:0.067470s ]
INFO: [ view_parse ] --END-- [ RunTime:0.067569s ]
INFO: [ view_filter ] --START--
INFO: Run Behavior\WriteHtmlCacheBehavior [ RunTime:0.000843s ]
INFO: [ view_filter ] --END-- [ RunTime:0.000896s ]
INFO: [ app_end ] --START--
INFO: Run Behavior\ShowPageTraceBehavior [ RunTime:0.001083s ]
INFO: [ app_end ] --END-- [ RunTime:0.001148s ]

[ 2018-06-07T15:24:56+08:00 ] 127.0.0.1 /Admin/Index/index.html
INFO: [ app_init ] --START--
INFO: Run Behavior\BuildLiteBehavior [ RunTime:0.000012s ]
INFO: [ app_init ] --END-- [ RunTime:0.000554s ]
INFO: [ app_begin ] --START--
INFO: Run Behavior\ReadHtmlCacheBehavior [ RunTime:0.000873s ]
INFO: [ app_begin ] --END-- [ RunTime:0.000931s ]
SQL: SHOW COLUMNS FROM `paylog` [ RunTime:0.0128s ]
SQL: SELECT SUM(money) as my FROM `paylog` WHERE ( userid=4 and datatype=0 )  [ RunTime:0.0020s ]
SQL: SELECT SUM(money) as my FROM `paylog` WHERE ( userid=4 and datatype=1 )  [ RunTime:0.0009s ]
INFO: [ view_parse ] --START--
INFO: [ template_filter ] --START--
INFO: Run Behavior\ContentReplaceBehavior [ RunTime:0.000180s ]
INFO: [ template_filter ] --END-- [ RunTime:0.000232s ]
NOTIC: [8] Undefined variable: datatype D:\myenv\apache\htdocs\pgyidc\Application\Runtime\Cache\Admin\b595b808c2ebeeeb0478ffc30bb4e87a.php 第 876 行.
NOTIC: [8] Undefined variable: fid D:\myenv\apache\htdocs\pgyidc\Application\Runtime\Cache\Admin\b595b808c2ebeeeb0478ffc30bb4e87a.php 第 877 行.
INFO: Run Behavior\ParseTemplateBehavior [ RunTime:0.034248s ]
INFO: [ view_parse ] --END-- [ RunTime:0.034323s ]
INFO: [ view_filter ] --START--
INFO: Run Behavior\WriteHtmlCacheBehavior [ RunTime:0.000738s ]
INFO: [ view_filter ] --END-- [ RunTime:0.000782s ]
INFO: [ app_end ] --START--
INFO: Run Behavior\ShowPageTraceBehavior [ RunTime:0.001396s ]
INFO: [ app_end ] --END-- [ RunTime:0.001461s ]

