[ 2018-11-30T14:29:51+08:00 ] 127.0.0.1 /Admin/login
INFO: [ app_init ] --START--
INFO: Run Behavior\BuildLiteBehavior [ RunTime:0.000015s ]
INFO: [ app_init ] --END-- [ RunTime:0.000511s ]
INFO: [ app_begin ] --START--
INFO: Run Behavior\ReadHtmlCacheBehavior [ RunTime:0.000673s ]
INFO: [ app_begin ] --END-- [ RunTime:0.000746s ]
INFO: [ view_parse ] --START--
INFO: [ template_filter ] --START--
INFO: Run Behavior\ContentReplaceBehavior [ RunTime:0.000051s ]
INFO: [ template_filter ] --END-- [ RunTime:0.000113s ]
INFO: Run Behavior\ParseTemplateBehavior [ RunTime:0.028065s ]
INFO: [ view_parse ] --END-- [ RunTime:0.028149s ]
INFO: [ view_filter ] --START--
INFO: Run Behavior\WriteHtmlCacheBehavior [ RunTime:0.000526s ]
INFO: [ view_filter ] --END-- [ RunTime:0.000569s ]
INFO: [ app_end ] --START--
INFO: Run Behavior\ShowPageTraceBehavior [ RunTime:0.000746s ]
INFO: [ app_end ] --END-- [ RunTime:0.000789s ]

[ 2018-11-30T14:29:51+08:00 ] 127.0.0.1 /Admin/User/verify.html
INFO: [ app_init ] --START--
INFO: Run Behavior\BuildLiteBehavior [ RunTime:0.000013s ]
INFO: [ app_init ] --END-- [ RunTime:0.000452s ]
INFO: [ app_begin ] --START--
INFO: Run Behavior\ReadHtmlCacheBehavior [ RunTime:0.000730s ]
INFO: [ app_begin ] --END-- [ RunTime:0.000818s ]
INFO: [ app_end ] --START--
INFO: Run Behavior\ShowPageTraceBehavior [ RunTime:0.000823s ]
INFO: [ app_end ] --END-- [ RunTime:0.000903s ]

[ 2018-11-30T14:29:59+08:00 ] 127.0.0.1 /Admin/User/loginin
INFO: [ app_init ] --START--
INFO: Run Behavior\BuildLiteBehavior [ RunTime:0.000014s ]
INFO: [ app_init ] --END-- [ RunTime:0.000470s ]
INFO: [ app_begin ] --START--
INFO: Run Behavior\ReadHtmlCacheBehavior [ RunTime:0.000947s ]
INFO: [ app_begin ] --END-- [ RunTime:0.001039s ]
SQL: SHOW COLUMNS FROM `users` [ RunTime:0.0350s ]
SQL: SELECT `UserID` FROM `users` WHERE (  `UserName` = 'wangfudong' OR `LinkMail` = 'wangfudong' ) AND ( UserPsw ='2b53b0e04fc744cf908b4c6f8e02cce9' ) LIMIT 1   [ RunTime:0.0126s ]
SQL: SELECT `userid`,`effectivetime` FROM `users` WHERE (  `UserName` = 'wangfudong' OR `LinkMail` = 'wangfudong' ) AND ( UserPsw ='2b53b0e04fc744cf908b4c6f8e02cce9' ) LIMIT 1   [ RunTime:0.0010s ]
SQL: SHOW COLUMNS FROM `users` [ RunTime:0.0081s ]
NOTIC: [8] Undefined index: validate D:\myenv\apache\htdocs\pgyidc\ThinkPHP\Library\Think\Model.class.php 第 1185 行.
NOTIC: [8] Undefined index: auto D:\myenv\apache\htdocs\pgyidc\ThinkPHP\Library\Think\Model.class.php 第 1128 行.
SQL: UPDATE `users` SET `LastTime`='1543559399',`WebGuid`='58C8D9741-1CAE-7786-188E-9FDEC9B5B59D',`EffectiveTime`='2018-12-01 14:29:59' WHERE ( UserID= 5 ) [ RunTime:0.0328s ]
NOTIC: [8] A session had already been started - ignoring session_start() D:\myenv\apache\htdocs\pgyidc\Application\Admin\Controller\UserController.class.php 第 110 行.
SQL: SELECT * FROM `users` WHERE (  `UserName` = 'wangfudong' OR `LinkMail` = 'wangfudong' ) AND ( UserPsw ='2b53b0e04fc744cf908b4c6f8e02cce9' ) LIMIT 1   [ RunTime:0.0010s ]

[ 2018-11-30T14:30:00+08:00 ] 127.0.0.1 /Admin/index/index
INFO: [ app_init ] --START--
INFO: Run Behavior\BuildLiteBehavior [ RunTime:0.000012s ]
INFO: [ app_init ] --END-- [ RunTime:0.000439s ]
INFO: [ app_begin ] --START--
INFO: Run Behavior\ReadHtmlCacheBehavior [ RunTime:0.000674s ]
INFO: [ app_begin ] --END-- [ RunTime:0.000732s ]
NOTIC: [8] A session had already been started - ignoring session_start() D:\myenv\apache\htdocs\pgyidc\Application\Admin\Controller\BaseController.class.php 第 7 行.
SQL: SHOW COLUMNS FROM `paylog` [ RunTime:0.0088s ]
SQL: SELECT SUM(money) as my FROM `paylog` WHERE ( userid=5 and datatype=0 )  [ RunTime:0.0015s ]
SQL: SELECT SUM(money) as my FROM `paylog` WHERE ( userid=5 and datatype=1 )  [ RunTime:0.0007s ]
SQL: SHOW COLUMNS FROM `users` [ RunTime:0.0086s ]
SQL: SELECT * FROM `users` WHERE ( UserID=5 ) LIMIT 1   [ RunTime:0.0017s ]
SQL: SHOW COLUMNS FROM `cloudlog` [ RunTime:0.0531s ]
SQL: SELECT COUNT(*) AS tp_count FROM `cloudlog` WHERE ( UserID=5 AND State='正常服务' ) LIMIT 1   [ RunTime:0.0208s ]
SQL: SHOW COLUMNS FROM `jdcloudlog` [ RunTime:0.0259s ]
SQL: SELECT COUNT(*) AS tp_count FROM `jdcloudlog` WHERE ( UserID=5 AND State='正常服务' ) LIMIT 1   [ RunTime:0.0189s ]
SQL: SELECT COUNT(*) AS tp_count FROM `cloudlog` WHERE `UserID` = 5 AND `State` = '正常服务' AND `DueTime` < 1583044200 LIMIT 1   [ RunTime:0.0008s ]
SQL: SELECT COUNT(*) AS tp_count FROM `jdcloudlog` WHERE `UserID` = 5 AND `State` = '正常服务' AND `DueTime` < 1583044200 LIMIT 1   [ RunTime:0.0007s ]
INFO: [ view_parse ] --START--
INFO: [ template_filter ] --START--
INFO: Run Behavior\ContentReplaceBehavior [ RunTime:0.000201s ]
INFO: [ template_filter ] --END-- [ RunTime:0.000283s ]
NOTIC: [8] Undefined variable: cloud D:\myenv\apache\htdocs\pgyidc\Application\Runtime\Cache\Admin\b595b808c2ebeeeb0478ffc30bb4e87a.php 第 241 行.
NOTIC: [8] Undefined variable: physical D:\myenv\apache\htdocs\pgyidc\Application\Runtime\Cache\Admin\b595b808c2ebeeeb0478ffc30bb4e87a.php 第 253 行.
NOTIC: [8] Undefined variable: firewall D:\myenv\apache\htdocs\pgyidc\Application\Runtime\Cache\Admin\b595b808c2ebeeeb0478ffc30bb4e87a.php 第 273 行.
NOTIC: [8] Undefined variable: blockabroadip D:\myenv\apache\htdocs\pgyidc\Application\Runtime\Cache\Admin\b595b808c2ebeeeb0478ffc30bb4e87a.php 第 290 行.
NOTIC: [8] Undefined variable: usercenter D:\myenv\apache\htdocs\pgyidc\Application\Runtime\Cache\Admin\b595b808c2ebeeeb0478ffc30bb4e87a.php 第 335 行.
INFO: Run Behavior\ParseTemplateBehavior [ RunTime:0.094189s ]
INFO: [ view_parse ] --END-- [ RunTime:0.094249s ]
INFO: [ view_filter ] --START--
INFO: Run Behavior\WriteHtmlCacheBehavior [ RunTime:0.000524s ]
INFO: [ view_filter ] --END-- [ RunTime:0.000570s ]
INFO: [ app_end ] --START--
INFO: Run Behavior\ShowPageTraceBehavior [ RunTime:0.000993s ]
INFO: [ app_end ] --END-- [ RunTime:0.001093s ]

[ 2018-11-30T14:30:08+08:00 ] 127.0.0.1 /Admin/login
INFO: [ app_init ] --START--
INFO: Run Behavior\BuildLiteBehavior [ RunTime:0.000013s ]
INFO: [ app_init ] --END-- [ RunTime:0.000467s ]
INFO: [ app_begin ] --START--
INFO: Run Behavior\ReadHtmlCacheBehavior [ RunTime:0.000638s ]
INFO: [ app_begin ] --END-- [ RunTime:0.000696s ]
INFO: [ view_parse ] --START--
INFO: [ template_filter ] --START--
INFO: Run Behavior\ContentReplaceBehavior [ RunTime:0.000049s ]
INFO: [ template_filter ] --END-- [ RunTime:0.000105s ]
INFO: Run Behavior\ParseTemplateBehavior [ RunTime:0.006518s ]
INFO: [ view_parse ] --END-- [ RunTime:0.006576s ]
INFO: [ view_filter ] --START--
INFO: Run Behavior\WriteHtmlCacheBehavior [ RunTime:0.000492s ]
INFO: [ view_filter ] --END-- [ RunTime:0.000540s ]
INFO: [ app_end ] --START--
INFO: Run Behavior\ShowPageTraceBehavior [ RunTime:0.000714s ]
INFO: [ app_end ] --END-- [ RunTime:0.000760s ]

[ 2018-11-30T14:30:08+08:00 ] 127.0.0.1 /Admin/User/verify.html
INFO: [ app_init ] --START--
INFO: Run Behavior\BuildLiteBehavior [ RunTime:0.000014s ]
INFO: [ app_init ] --END-- [ RunTime:0.000454s ]
INFO: [ app_begin ] --START--
INFO: Run Behavior\ReadHtmlCacheBehavior [ RunTime:0.000652s ]
INFO: [ app_begin ] --END-- [ RunTime:0.000707s ]
INFO: [ app_end ] --START--
INFO: Run Behavior\ShowPageTraceBehavior [ RunTime:0.001076s ]
INFO: [ app_end ] --END-- [ RunTime:0.001188s ]

[ 2018-11-30T14:30:20+08:00 ] 127.0.0.1 /Admin/login.html
INFO: [ app_init ] --START--
INFO: Run Behavior\BuildLiteBehavior [ RunTime:0.000013s ]
INFO: [ app_init ] --END-- [ RunTime:0.000646s ]
INFO: [ app_begin ] --START--
INFO: Run Behavior\ReadHtmlCacheBehavior [ RunTime:0.000995s ]
INFO: [ app_begin ] --END-- [ RunTime:0.001080s ]
INFO: [ view_parse ] --START--
INFO: [ template_filter ] --START--
INFO: Run Behavior\ContentReplaceBehavior [ RunTime:0.000048s ]
INFO: [ template_filter ] --END-- [ RunTime:0.000097s ]
INFO: Run Behavior\ParseTemplateBehavior [ RunTime:0.006331s ]
INFO: [ view_parse ] --END-- [ RunTime:0.006386s ]
INFO: [ view_filter ] --START--
INFO: Run Behavior\WriteHtmlCacheBehavior [ RunTime:0.000525s ]
INFO: [ view_filter ] --END-- [ RunTime:0.000566s ]
INFO: [ app_end ] --START--
INFO: Run Behavior\ShowPageTraceBehavior [ RunTime:0.000726s ]
INFO: [ app_end ] --END-- [ RunTime:0.000777s ]

[ 2018-11-30T14:30:20+08:00 ] 127.0.0.1 /Admin/User/verify.html
INFO: [ app_init ] --START--
INFO: Run Behavior\BuildLiteBehavior [ RunTime:0.000014s ]
INFO: [ app_init ] --END-- [ RunTime:0.000700s ]
INFO: [ app_begin ] --START--
INFO: Run Behavior\ReadHtmlCacheBehavior [ RunTime:0.000958s ]
INFO: [ app_begin ] --END-- [ RunTime:0.001059s ]
INFO: [ app_end ] --START--
INFO: Run Behavior\ShowPageTraceBehavior [ RunTime:0.000750s ]
INFO: [ app_end ] --END-- [ RunTime:0.000816s ]

[ 2018-11-30T14:30:26+08:00 ] 127.0.0.1 /Admin/User/loginin
INFO: [ app_init ] --START--
INFO: Run Behavior\BuildLiteBehavior [ RunTime:0.000014s ]
INFO: [ app_init ] --END-- [ RunTime:0.000402s ]
INFO: [ app_begin ] --START--
INFO: Run Behavior\ReadHtmlCacheBehavior [ RunTime:0.000662s ]
INFO: [ app_begin ] --END-- [ RunTime:0.000720s ]
SQL: SHOW COLUMNS FROM `users` [ RunTime:0.0164s ]
SQL: SELECT `UserID` FROM `users` WHERE (  `UserName` = 'wangfudong' OR `LinkMail` = 'wangfudong' ) AND ( UserPsw ='2b53b0e04fc744cf908b4c6f8e02cce9' ) LIMIT 1   [ RunTime:0.0022s ]
SQL: SELECT `userid`,`effectivetime` FROM `users` WHERE (  `UserName` = 'wangfudong' OR `LinkMail` = 'wangfudong' ) AND ( UserPsw ='2b53b0e04fc744cf908b4c6f8e02cce9' ) LIMIT 1   [ RunTime:0.0017s ]
NOTIC: [8] A session had already been started - ignoring session_start() D:\myenv\apache\htdocs\pgyidc\Application\Admin\Controller\UserController.class.php 第 110 行.
SQL: SELECT * FROM `users` WHERE (  `UserName` = 'wangfudong' OR `LinkMail` = 'wangfudong' ) AND ( UserPsw ='2b53b0e04fc744cf908b4c6f8e02cce9' ) LIMIT 1   [ RunTime:0.0020s ]

[ 2018-11-30T14:30:27+08:00 ] 127.0.0.1 /Admin/index/index
INFO: [ app_init ] --START--
INFO: Run Behavior\BuildLiteBehavior [ RunTime:0.000026s ]
INFO: [ app_init ] --END-- [ RunTime:0.000959s ]
INFO: [ app_begin ] --START--
INFO: Run Behavior\ReadHtmlCacheBehavior [ RunTime:0.001375s ]
INFO: [ app_begin ] --END-- [ RunTime:0.001493s ]
NOTIC: [8] A session had already been started - ignoring session_start() D:\myenv\apache\htdocs\pgyidc\Application\Admin\Controller\BaseController.class.php 第 7 行.
SQL: SHOW COLUMNS FROM `paylog` [ RunTime:0.0380s ]
SQL: SELECT SUM(money) as my FROM `paylog` WHERE ( userid=5 and datatype=0 )  [ RunTime:0.0028s ]
SQL: SELECT SUM(money) as my FROM `paylog` WHERE ( userid=5 and datatype=1 )  [ RunTime:0.0009s ]
SQL: SHOW COLUMNS FROM `users` [ RunTime:0.0158s ]
SQL: SELECT * FROM `users` WHERE ( UserID=5 ) LIMIT 1   [ RunTime:0.0030s ]
SQL: SHOW COLUMNS FROM `cloudlog` [ RunTime:0.0141s ]
SQL: SELECT COUNT(*) AS tp_count FROM `cloudlog` WHERE ( UserID=5 AND State='正常服务' ) LIMIT 1   [ RunTime:0.0015s ]
SQL: SHOW COLUMNS FROM `jdcloudlog` [ RunTime:0.0090s ]
SQL: SELECT COUNT(*) AS tp_count FROM `jdcloudlog` WHERE ( UserID=5 AND State='正常服务' ) LIMIT 1   [ RunTime:0.0016s ]
SQL: SELECT COUNT(*) AS tp_count FROM `cloudlog` WHERE `UserID` = 5 AND `State` = '正常服务' AND `DueTime` < 1583044227 LIMIT 1   [ RunTime:0.0006s ]
SQL: SELECT COUNT(*) AS tp_count FROM `jdcloudlog` WHERE `UserID` = 5 AND `State` = '正常服务' AND `DueTime` < 1583044227 LIMIT 1   [ RunTime:0.0006s ]
INFO: [ view_parse ] --START--
INFO: [ template_filter ] --START--
INFO: Run Behavior\ContentReplaceBehavior [ RunTime:0.000250s ]
INFO: [ template_filter ] --END-- [ RunTime:0.000328s ]
NOTIC: [8] Undefined variable: cloud D:\myenv\apache\htdocs\pgyidc\Application\Runtime\Cache\Admin\b595b808c2ebeeeb0478ffc30bb4e87a.php 第 241 行.
NOTIC: [8] Undefined variable: physical D:\myenv\apache\htdocs\pgyidc\Application\Runtime\Cache\Admin\b595b808c2ebeeeb0478ffc30bb4e87a.php 第 253 行.
NOTIC: [8] Undefined variable: firewall D:\myenv\apache\htdocs\pgyidc\Application\Runtime\Cache\Admin\b595b808c2ebeeeb0478ffc30bb4e87a.php 第 273 行.
NOTIC: [8] Undefined variable: blockabroadip D:\myenv\apache\htdocs\pgyidc\Application\Runtime\Cache\Admin\b595b808c2ebeeeb0478ffc30bb4e87a.php 第 290 行.
NOTIC: [8] Undefined variable: usercenter D:\myenv\apache\htdocs\pgyidc\Application\Runtime\Cache\Admin\b595b808c2ebeeeb0478ffc30bb4e87a.php 第 335 行.
INFO: Run Behavior\ParseTemplateBehavior [ RunTime:0.024270s ]
INFO: [ view_parse ] --END-- [ RunTime:0.024337s ]
INFO: [ view_filter ] --START--
INFO: Run Behavior\WriteHtmlCacheBehavior [ RunTime:0.000570s ]
INFO: [ view_filter ] --END-- [ RunTime:0.000623s ]
INFO: [ app_end ] --START--
INFO: Run Behavior\ShowPageTraceBehavior [ RunTime:0.001306s ]
INFO: [ app_end ] --END-- [ RunTime:0.001421s ]

